2024-04-11 07:33:08,600 [INFO] MainUpdater:2873 - connection check result : 10
2024-04-11 07:33:08,624 [INFO] MainUpdater:2873 - connection check result : 10
2024-04-11 07:33:08,667 [INFO] MicroXplorer:468 - Change Database Path : 
2024-04-11 07:33:08,668 [INFO] MicroXplorer:498 - Change Database Version : DB.6.0.110
2024-04-11 07:33:08,688 [ERROR] ProjectManagerView:394 - 
java.lang.NullPointerException: Cannot invoke "javax.swing.JTextField.getText()" because the return value of "java.util.List.get(int)" is null
	at com.st.microxplorer.plugins.projectmanager.gui.ProjectChoiceTab$10.caretUpdate(ProjectChoiceTab.java:2504) ~[filemanager.jar:?]
	at javax.swing.text.JTextComponent.fireCaretUpdate(JTextComponent.java:412) ~[?:?]
	at javax.swing.text.JTextComponent$MutableCaretEvent.fire(JTextComponent.java:4491) ~[?:?]
	at javax.swing.text.JTextComponent$MutableCaretEvent.stateChanged(JTextComponent.java:4513) ~[?:?]
	at javax.swing.text.DefaultCaret.fireStateChanged(DefaultCaret.java:842) ~[?:?]
	at javax.swing.text.DefaultCaret.changeCaretPosition(DefaultCaret.java:1313) ~[?:?]
	at javax.swing.text.DefaultCaret.handleSetDot(DefaultCaret.java:1212) ~[?:?]
	at javax.swing.text.DefaultCaret.setDot(DefaultCaret.java:1193) ~[?:?]
	at javax.swing.text.DefaultCaret$Handler.insertUpdate(DefaultCaret.java:1789) ~[?:?]
	at javax.swing.text.AbstractDocument.fireInsertUpdate(AbstractDocument.java:226) ~[?:?]
	at javax.swing.text.AbstractDocument.handleInsertString(AbstractDocument.java:780) ~[?:?]
	at javax.swing.text.AbstractDocument.insertString(AbstractDocument.java:739) ~[?:?]
	at javax.swing.text.PlainDocument.insertString(PlainDocument.java:131) ~[?:?]
	at javax.swing.text.AbstractDocument.replace(AbstractDocument.java:698) ~[?:?]
	at javax.swing.text.JTextComponent.setText(JTextComponent.java:1729) ~[?:?]
	at com.st.microxplorer.plugins.projectmanager.gui.ProjectChoiceTab.createHeapStackFields(ProjectChoiceTab.java:944) ~[filemanager.jar:?]
	at com.st.microxplorer.plugins.projectmanager.gui.ProjectChoiceTab.buildLinkSettingsPanel(ProjectChoiceTab.java:3475) ~[filemanager.jar:?]
	at com.st.microxplorer.plugins.projectmanager.gui.ProjectChoiceTab.defineWindowsFields(ProjectChoiceTab.java:1816) ~[filemanager.jar:?]
	at com.st.microxplorer.plugins.projectmanager.gui.ProjectChoiceTab.updateSettings(ProjectChoiceTab.java:544) ~[filemanager.jar:?]
	at com.st.microxplorer.plugins.projectmanager.gui.ProjectSettingsPanel.UpdateDialog(ProjectSettingsPanel.java:245) ~[filemanager.jar:?]
	at com.st.microxplorer.plugins.projectmanager.ProjectManagerView.propertyChange(ProjectManagerView.java:391) ~[filemanager.jar:?]
	at java.beans.PropertyChangeSupport.fire(PropertyChangeSupport.java:343) ~[?:?]
	at java.beans.PropertyChangeSupport.firePropertyChange(PropertyChangeSupport.java:335) ~[?:?]
	at java.beans.PropertyChangeSupport.firePropertyChange(PropertyChangeSupport.java:268) ~[?:?]
	at com.st.microxplorer.util.MXPropertyChangeSupport.firePropertyChange(MXPropertyChangeSupport.java:54) ~[STM32CubeMX.jar:?]
	at com.st.microxplorer.mxsystem.MxSystem.closeConfig(MxSystem.java:900) ~[STM32CubeMX.jar:?]
	at com.st.microxplorer.maingui.MainPanel.closeConfig(MainPanel.java:776) ~[STM32CubeMX.jar:?]
	at com.st.microxplorer.plugins.filemanager.engine.OpenFileManager.loadConfigurationFile(OpenFileManager.java:245) ~[filemanager.jar:?]
	at com.st.microxplorer.plugins.filemanager.engine.MainFileManager.userLoadConfig(MainFileManager.java:315) ~[filemanager.jar:?]
	at com.st.microxplorer.plugins.filemanager.engine.MainFileManager.userLoadConfig(MainFileManager.java:293) ~[filemanager.jar:?]
	at com.st.microxplorer.plugins.filemanager.FileManagerView.getSpecificTask(FileManagerView.java:247) ~[filemanager.jar:?]
	at com.st.stm32cube.common.mx.editor.CubeMxEditor.getMxTabbedPaneInstance(CubeMxEditor.java:1198) ~[com.st.stm32cube.common.mx_6.11.0.202403141607/:?]
	at com.st.stm32cube.common.mx.editor.CubeMxEditor$12$1.createSwingComponent(CubeMxEditor.java:1068) ~[com.st.stm32cube.common.mx_6.11.0.202403141607/:?]
	at com.st.stm32cube.common.mx.oss.core.awtswtbridge.EmbeddedSwingComposite.doComponentCreation(EmbeddedSwingComposite.java:492) ~[com.st.stm32cube.common.mx.oss_6.11.0.202403141607/:?]
	at com.st.stm32cube.common.mx.oss.core.awtswtbridge.EmbeddedSwingComposite$4.run(EmbeddedSwingComposite.java:291) ~[com.st.stm32cube.common.mx.oss_6.11.0.202403141607/:?]
	at com.st.stm32cube.common.mx.oss.core.awtswtbridge.AwtEnvironment$2.run(AwtEnvironment.java:166) ~[com.st.stm32cube.common.mx.oss_6.11.0.202403141607/:?]
	at java.awt.event.InvocationEvent.dispatch(InvocationEvent.java:318) ~[?:?]
	at java.awt.EventQueue.dispatchEventImpl(EventQueue.java:773) ~[?:?]
	at java.awt.EventQueue$4.run(EventQueue.java:720) ~[?:?]
	at java.awt.EventQueue$4.run(EventQueue.java:714) ~[?:?]
	at java.security.AccessController.doPrivileged(AccessController.java:399) ~[?:?]
	at java.security.ProtectionDomain$JavaSecurityAccessImpl.doIntersectionPrivilege(ProtectionDomain.java:86) ~[?:?]
	at java.awt.EventQueue.dispatchEvent(EventQueue.java:742) ~[?:?]
	at java.awt.EventDispatchThread.pumpOneEventForFilters(EventDispatchThread.java:203) ~[?:?]
	at java.awt.EventDispatchThread.pumpEventsForFilter(EventDispatchThread.java:124) ~[?:?]
	at java.awt.EventDispatchThread.pumpEventsForHierarchy(EventDispatchThread.java:113) ~[?:?]
	at java.awt.EventDispatchThread.pumpEvents(EventDispatchThread.java:109) ~[?:?]
	at java.awt.EventDispatchThread.pumpEvents(EventDispatchThread.java:101) ~[?:?]
	at java.awt.EventDispatchThread.run(EventDispatchThread.java:90) ~[?:?]
2024-04-11 07:33:08,690 [WARN] ThirdParty:871 - waiting for thirdparty lock release [close project]
2024-04-11 07:33:08,690 [INFO] ThirdParty:873 - entering critical section [close project]
2024-04-11 07:33:08,690 [INFO] ThirdParty:883 - exiting critical section [close project]
2024-04-11 07:33:08,693 [INFO] PinOutPanel:1561 - setPackage(No Configuration,No Configuration)
2024-04-11 07:33:08,703 [WARN] IpParametersView:151 - Warning: This peripheral hasn't parameters
2024-04-11 07:33:08,710 [WARN] MainPanel:272 - <html><b><center>Warning: This peripheral has no parameters to be configured<br></b></html>
2024-04-11 07:33:08,714 [INFO] UtilMem:75 - Begin LoadConfig() Used Memory: 421681504 Bytes (801112064)
2024-04-11 07:33:11,729 [INFO] MicroXplorer:468 - Change Database Path : 
2024-04-11 07:33:11,730 [INFO] MicroXplorer:498 - Change Database Version : DB.6.0.110
2024-04-11 07:33:11,730 [INFO] OpenFileManager:312 - Change cursor
2024-04-11 07:33:11,770 [INFO] Mcu:2021 - Initializing MCU STM32F439Z(G-I)Tx STM32F439ZITx STM32F439ZIT6
2024-04-11 07:33:14,288 [INFO] Context:663 - Trying to add GPIOservice into a context  which must be forbidden
2024-04-11 07:33:14,537 [INFO] RtosManager:555 - Registered RTOS mode: class=CMSIS, group=RTOS, mode=CMSIS_V1, owner=FREERTOS
2024-04-11 07:33:14,537 [INFO] RtosManager:555 - Registered RTOS mode: class=CMSIS, group=RTOS2, mode=CMSIS_V2, owner=FREERTOS
2024-04-11 07:33:14,537 [INFO] RtosManager:555 - Registered RTOS mode: class=RTOS, group=Core, mode=CMSIS_V1, owner=FREERTOS
2024-04-11 07:33:14,537 [INFO] RtosManager:555 - Registered RTOS mode: class=RTOS, group=Core, mode=CMSIS_V2, owner=FREERTOS
2024-04-11 07:33:14,537 [WARN] ModelIntegratedComponent:184 - Missing modes for component STMicroelectronics:FreeRTOS:0.0.1:STMicroelectronics:RTOS:FreeRTOS:Core:::10.2.0:
2024-04-11 07:33:14,541 [WARN] ModelIntegratedComponent:63 - No mode defined for component null
2024-04-11 07:33:14,541 [WARN] ModelIntegratedComponent:63 - No mode defined for component null
2024-04-11 07:33:14,541 [WARN] ModelIntegratedComponent:63 - No mode defined for component null
2024-04-11 07:33:14,541 [WARN] ModelIntegratedComponent:63 - No mode defined for component null
2024-04-11 07:33:14,542 [WARN] ModelIntegratedComponent:63 - No mode defined for component null
2024-04-11 07:33:14,542 [WARN] ModelIntegratedComponent:63 - No mode defined for component null
2024-04-11 07:33:14,542 [WARN] ModelIntegratedComponent:63 - No mode defined for component null
2024-04-11 07:33:14,542 [WARN] ModelIntegratedComponent:63 - No mode defined for component null
2024-04-11 07:33:14,542 [WARN] ModelIntegratedComponent:63 - No mode defined for component null
2024-04-11 07:33:14,542 [WARN] ModelIntegratedComponent:63 - No mode defined for component null
2024-04-11 07:33:14,542 [WARN] ModelIntegratedComponent:63 - No mode defined for component null
2024-04-11 07:33:14,542 [WARN] ModelIntegratedComponent:63 - No mode defined for component null
2024-04-11 07:33:14,542 [WARN] ModelIntegratedComponent:63 - No mode defined for component null
2024-04-11 07:33:14,542 [WARN] ModelIntegratedComponent:63 - No mode defined for component null
2024-04-11 07:33:14,542 [WARN] ModelIntegratedComponent:63 - No mode defined for component null
2024-04-11 07:33:14,542 [WARN] ModelIntegratedComponent:63 - No mode defined for component null
2024-04-11 07:33:14,542 [WARN] ModelIntegratedComponent:63 - No mode defined for component null
2024-04-11 07:33:14,542 [WARN] ModelIntegratedComponent:63 - No mode defined for component null
2024-04-11 07:33:14,542 [WARN] ModelIntegratedComponent:63 - No mode defined for component null
2024-04-11 07:33:14,542 [WARN] ModelIntegratedComponent:63 - No mode defined for component null
2024-04-11 07:33:14,542 [WARN] ModelIntegratedComponent:63 - No mode defined for component null
2024-04-11 07:33:14,542 [WARN] ModelIntegratedComponent:63 - No mode defined for component null
2024-04-11 07:33:14,542 [WARN] ModelIntegratedComponent:63 - No mode defined for component null
2024-04-11 07:33:14,542 [WARN] ModelIntegratedComponent:63 - No mode defined for component null
2024-04-11 07:33:14,542 [WARN] ModelIntegratedComponent:63 - No mode defined for component null
2024-04-11 07:33:14,542 [WARN] ModelIntegratedComponent:63 - No mode defined for component null
2024-04-11 07:33:14,542 [WARN] ModelIntegratedComponent:63 - No mode defined for component null
2024-04-11 07:33:14,542 [WARN] ModelIntegratedComponent:63 - No mode defined for component null
2024-04-11 07:33:14,542 [WARN] ModelIntegratedComponent:63 - No mode defined for component null
2024-04-11 07:33:14,542 [WARN] ModelIntegratedComponent:63 - No mode defined for component null
2024-04-11 07:33:14,542 [WARN] ModelIntegratedComponent:63 - No mode defined for component null
2024-04-11 07:33:14,542 [WARN] ModelIntegratedComponent:63 - No mode defined for component null
2024-04-11 07:33:14,542 [WARN] ModelIntegratedComponent:63 - No mode defined for component null
2024-04-11 07:33:14,542 [WARN] ModelIntegratedComponent:63 - No mode defined for component null
2024-04-11 07:33:14,618 [INFO] ThirdPartyModel:298 - Start build external matchings
2024-04-11 07:33:14,923 [INFO] ThirdPartyModel:316 - End build external matchings
2024-04-11 07:33:14,928 [INFO] ImportTextPane:194 - (OptionalMessage_ERROR) IP (ETH) : Invalid parameter (PHY_Name)
2024-04-11 07:33:14,928 [INFO] ImportTextPane:194 - (OptionalMessage_ERROR) IP (ETH) : Invalid parameter (PHY_Value)
2024-04-11 07:33:14,928 [INFO] ImportTextPane:194 - (OptionalMessage_ERROR) IP (ETH) : Invalid parameter (PhyAddress)
2024-04-11 07:33:14,928 [INFO] ImportTextPane:194 - (OptionalMessage_ERROR) IP (RCC) : Invalid parameter (ADC12outputFreq_Value)
2024-04-11 07:33:14,928 [INFO] ImportTextPane:194 - (OptionalMessage_ERROR) IP (RCC) : Invalid parameter (ADC34outputFreq_Value)
2024-04-11 07:33:14,928 [INFO] ImportTextPane:194 - (OptionalMessage_ERROR) IP (RCC) : Invalid parameter (FamilyName)
2024-04-11 07:33:14,928 [INFO] ImportTextPane:194 - (OptionalMessage_ERROR) IP (RCC) : Invalid parameter (I2C1Freq_Value)
2024-04-11 07:33:14,928 [INFO] ImportTextPane:194 - (OptionalMessage_ERROR) IP (RCC) : Invalid parameter (I2C2Freq_Value)
2024-04-11 07:33:14,928 [INFO] ImportTextPane:194 - (OptionalMessage_ERROR) IP (RCC) : Invalid parameter (I2C3Freq_Value)
2024-04-11 07:33:14,928 [INFO] ImportTextPane:194 - (OptionalMessage_ERROR) IP (RCC) : Parameter (MCO2PinFreq_Value) has invalid value (168000000)
2024-04-11 07:33:14,928 [INFO] ImportTextPane:194 - (OptionalMessage_ERROR) IP (RCC) : Invalid parameter (MCOFreq_Value)
2024-04-11 07:33:14,929 [INFO] ImportTextPane:194 - (OptionalMessage_ERROR) IP (RCC) : Invalid parameter (PLLMCOFreq_Value)
2024-04-11 07:33:14,929 [INFO] ImportTextPane:194 - (OptionalMessage_ERROR) IP (RCC) : Invalid parameter (PLLMUL)
2024-04-11 07:33:14,929 [INFO] ImportTextPane:194 - (OptionalMessage_ERROR) IP (RCC) : Invalid parameter (PRESCALERUSB)
2024-04-11 07:33:14,929 [INFO] ImportTextPane:194 - (OptionalMessage_ERROR) IP (RCC) : Parameter (RTCHSEDivFreq_Value) has invalid value (4000000)
2024-04-11 07:33:14,929 [INFO] ImportTextPane:194 - (OptionalMessage_ERROR) IP (RCC) : Invalid parameter (SYSCLKSourceVirtual)
2024-04-11 07:33:14,929 [INFO] ImportTextPane:194 - (OptionalMessage_ERROR) IP (RCC) : Invalid parameter (TIM15Freq_Value)
2024-04-11 07:33:14,929 [INFO] ImportTextPane:194 - (OptionalMessage_ERROR) IP (RCC) : Invalid parameter (TIM16Freq_Value)
2024-04-11 07:33:14,929 [INFO] ImportTextPane:194 - (OptionalMessage_ERROR) IP (RCC) : Invalid parameter (TIM17Freq_Value)
2024-04-11 07:33:14,929 [INFO] ImportTextPane:194 - (OptionalMessage_ERROR) IP (RCC) : Invalid parameter (TIM1Freq_Value)
2024-04-11 07:33:14,929 [INFO] ImportTextPane:194 - (OptionalMessage_ERROR) IP (RCC) : Invalid parameter (TIM20Freq_Value)
2024-04-11 07:33:14,929 [INFO] ImportTextPane:194 - (OptionalMessage_ERROR) IP (RCC) : Invalid parameter (TIM2Freq_Value)
2024-04-11 07:33:14,929 [INFO] ImportTextPane:194 - (OptionalMessage_ERROR) IP (RCC) : Invalid parameter (TIM3Freq_Value)
2024-04-11 07:33:14,929 [INFO] ImportTextPane:194 - (OptionalMessage_ERROR) IP (RCC) : Invalid parameter (TIM8Freq_Value)
2024-04-11 07:33:14,929 [INFO] ImportTextPane:194 - (OptionalMessage_ERROR) IP (RCC) : Invalid parameter (UART4Freq_Value)
2024-04-11 07:33:14,929 [INFO] ImportTextPane:194 - (OptionalMessage_ERROR) IP (RCC) : Invalid parameter (UART5Freq_Value)
2024-04-11 07:33:14,929 [INFO] ImportTextPane:194 - (OptionalMessage_ERROR) IP (RCC) : Invalid parameter (USART1Freq_Value)
2024-04-11 07:33:14,929 [INFO] ImportTextPane:194 - (OptionalMessage_ERROR) IP (RCC) : Invalid parameter (USART2Freq_Value)
2024-04-11 07:33:14,929 [INFO] ImportTextPane:194 - (OptionalMessage_ERROR) IP (RCC) : Invalid parameter (USART3Freq_Value)
2024-04-11 07:33:14,929 [INFO] ImportTextPane:194 - (OptionalMessage_ERROR) IP (RCC) : Invalid parameter (USBFreq_Value)
2024-04-11 07:33:14,929 [INFO] ImportTextPane:194 - (OptionalMessage_ERROR) IP (RCC) : Invalid parameter (VCOOutput2Freq_Value)
2024-04-11 07:33:15,565 [INFO] UtilMem:75 - End LoadConfig() Used Memory: 422696232 Bytes (801112064)
2024-04-11 07:33:15,622 [WARN] ThirdParty:833 - waiting for thirdparty lock release [change project]
2024-04-11 07:33:15,623 [INFO] ThirdParty:835 - entering critical section [change project]
2024-04-11 07:33:15,623 [INFO] ThirdParty:1030 - CMSIS Pack Vendor :STMicroelectronics USBPD 4.1
2024-04-11 07:33:15,623 [INFO] ThirdParty:1030 - CMSIS Pack Vendor :STMicroelectronics X-CUBE-GNSS1 6.0.0
2024-04-11 07:33:15,623 [INFO] ThirdParty:1030 - CMSIS Pack Vendor :STMicroelectronics USB_HOST 2.0.0
2024-04-11 07:33:15,623 [INFO] ThirdParty:1030 - CMSIS Pack Vendor :STMicroelectronics X-CUBE-AZRTOS-F4 1.1.0
2024-04-11 07:33:15,623 [INFO] ThirdParty:1030 - CMSIS Pack Vendor :STMicroelectronics LIBJPEG 8.0.0
2024-04-11 07:33:15,623 [INFO] ThirdParty:1030 - CMSIS Pack Vendor :STMicroelectronics X-CUBE-SMBUS 2.1.0
2024-04-11 07:33:15,623 [INFO] ThirdParty:1030 - CMSIS Pack Vendor :STMicroelectronics USB_DEVICE 3.0.0
2024-04-11 07:33:15,623 [INFO] ThirdParty:1030 - CMSIS Pack Vendor :STMicroelectronics X-CUBE-AZRTOS-WB 2.0.0
2024-04-11 07:33:15,623 [INFO] ThirdParty:1030 - CMSIS Pack Vendor :wolfSSL I-CUBE-wolfSSL 5.6.6
2024-04-11 07:33:15,623 [INFO] ThirdParty:1030 - CMSIS Pack Vendor :STMicroelectronics X-CUBE-TOUCHGFX 4.23.1
2024-04-11 07:33:15,623 [INFO] ThirdParty:1030 - CMSIS Pack Vendor :STMicroelectronics X-CUBE-TOUCHGFX 4.23.0
2024-04-11 07:33:15,623 [INFO] ThirdParty:1030 - CMSIS Pack Vendor :STMicroelectronics X-CUBE-TOUCHGFX 4.23.2
2024-04-11 07:33:15,623 [INFO] ThirdParty:1030 - CMSIS Pack Vendor :STMicroelectronics X-CUBE-AZRTOS-F7 1.1.0
2024-04-11 07:33:15,623 [INFO] ThirdParty:1030 - CMSIS Pack Vendor :STMicroelectronics X-CUBE-AZRTOS-L5 2.0.0
2024-04-11 07:33:15,623 [INFO] ThirdParty:1030 - CMSIS Pack Vendor :STMicroelectronics USB_DEVICE 2.0.0
2024-04-11 07:33:15,623 [INFO] ThirdParty:1030 - CMSIS Pack Vendor :STMicroelectronics X-CUBE-NFC6 3.1.0
2024-04-11 07:33:15,623 [INFO] ThirdParty:1030 - CMSIS Pack Vendor :ITTIA_DB I-CUBE-ITTIADB 8.8.0
2024-04-11 07:33:15,623 [INFO] ThirdParty:1030 - CMSIS Pack Vendor :STMicroelectronics FP-SNS-MOTENV1 4.3.2
2024-04-11 07:33:15,623 [INFO] ThirdParty:1030 - CMSIS Pack Vendor :STMicroelectronics X-CUBE-ALGOBUILD 1.3.0
2024-04-11 07:33:15,623 [INFO] ThirdParty:1030 - CMSIS Pack Vendor :STMicroelectronics FreeRTOS 0.0.1
2024-04-11 07:33:15,623 [INFO] ThirdParty:1030 - CMSIS Pack Vendor :STMicroelectronics X-CUBE-AZRTOS-G0 1.1.0
2024-04-11 07:33:15,623 [INFO] ThirdParty:1030 - CMSIS Pack Vendor :STMicroelectronics X-CUBE-SAFEA1 1.2.2
2024-04-11 07:33:15,623 [INFO] ThirdParty:1030 - CMSIS Pack Vendor :STMicroelectronics X-CUBE-NFC4 3.0.0
2024-04-11 07:33:15,623 [INFO] ThirdParty:1030 - CMSIS Pack Vendor :STMicroelectronics X-CUBE-SUBG2 5.0.0
2024-04-11 07:33:15,623 [INFO] ThirdParty:1030 - CMSIS Pack Vendor :STMicroelectronics STM32_WPAN 1.0.0
2024-04-11 07:33:15,623 [INFO] ThirdParty:1030 - CMSIS Pack Vendor :STMicroelectronics lwIP 2.0.3
2024-04-11 07:33:15,623 [INFO] ThirdParty:1030 - CMSIS Pack Vendor :STMicroelectronics FP-SNS-FLIGHT1 5.0.2
2024-04-11 07:33:15,623 [INFO] ThirdParty:1030 - CMSIS Pack Vendor :STMicroelectronics USB_HOST 1.0.0
2024-04-11 07:33:15,623 [INFO] ThirdParty:1030 - CMSIS Pack Vendor :STMicroelectronics X-CUBE-AZRTOS-G4 2.0.0
2024-04-11 07:33:15,623 [INFO] ThirdParty:1030 - CMSIS Pack Vendor :STMicroelectronics PDM2PCM 3.1.0
2024-04-11 07:33:15,623 [INFO] ThirdParty:1030 - CMSIS Pack Vendor :Infineon AIROC-Wi-Fi-Bluetooth-STM32 1.5.1
2024-04-11 07:33:15,623 [INFO] ThirdParty:1030 - CMSIS Pack Vendor :STMicroelectronics X-CUBE-BLEMGR 3.0.0
2024-04-11 07:33:15,623 [INFO] ThirdParty:1030 - CMSIS Pack Vendor :STMicroelectronics PDM2PCM 3.3.0
2024-04-11 07:33:15,623 [INFO] ThirdParty:1030 - CMSIS Pack Vendor :STMicroelectronics X-CUBE-DISPLAY 3.0.0
2024-04-11 07:33:15,623 [INFO] ThirdParty:1030 - CMSIS Pack Vendor :STMicroelectronics FP-SNS-MOTENVWB1 1.3.1
2024-04-11 07:33:15,623 [INFO] ThirdParty:1030 - CMSIS Pack Vendor :STMicroelectronics X-CUBE-BLE1 7.0.0
2024-04-11 07:33:15,623 [INFO] ThirdParty:1030 - CMSIS Pack Vendor :STMicroelectronics FP-ATR-SIGFOX1 3.2.0
2024-04-11 07:33:15,624 [INFO] ThirdParty:1030 - CMSIS Pack Vendor :STMicroelectronics X-CUBE-ISPU 2.0.0
2024-04-11 07:33:15,624 [INFO] ThirdParty:1030 - CMSIS Pack Vendor :STMicroelectronics X-CUBE-EEPRMA1 5.1.0
2024-04-11 07:33:15,624 [INFO] ThirdParty:1030 - CMSIS Pack Vendor :STMicroelectronics HAL Drivers 0.0.0
2024-04-11 07:33:15,624 [INFO] ThirdParty:1030 - CMSIS Pack Vendor :STMicroelectronics MBEDTLS 2.16.2
2024-04-11 07:33:15,624 [INFO] ThirdParty:1030 - CMSIS Pack Vendor :emotas I-CUBE-CANOPEN 1.3.0
2024-04-11 07:33:15,624 [INFO] ThirdParty:1030 - CMSIS Pack Vendor :STMicroelectronics X-CUBE-MEMS1 10.0.0
2024-04-11 07:33:15,624 [INFO] ThirdParty:1030 - CMSIS Pack Vendor :STMicroelectronics X-CUBE-FREERTOS 1.1.0
2024-04-11 07:33:15,624 [INFO] ThirdParty:1030 - CMSIS Pack Vendor :STMicroelectronics X-CUBE-NFC7 1.0.1
2024-04-11 07:33:15,624 [INFO] ThirdParty:1030 - CMSIS Pack Vendor :STMicroelectronics MBEDTLS 2.14.1
2024-04-11 07:33:15,624 [INFO] ThirdParty:1030 - CMSIS Pack Vendor :STMicroelectronics X-CUBE-NFC6 3.0.0
2024-04-11 07:33:15,624 [INFO] ThirdParty:1030 - CMSIS Pack Vendor :portGmbH I-Cube-SoM-uGOAL 1.1.0
2024-04-11 07:33:15,624 [INFO] ThirdParty:1030 - CMSIS Pack Vendor :STMicroelectronics X-CUBE-ALS 1.0.1
2024-04-11 07:33:15,624 [INFO] ThirdParty:1030 - CMSIS Pack Vendor :STMicroelectronics X-CUBE-BLEMGR 3.1.0
2024-04-11 07:33:15,624 [INFO] ThirdParty:1030 - CMSIS Pack Vendor :STMicroelectronics ThreadX 1.0.0
2024-04-11 07:33:15,624 [INFO] ThirdParty:1030 - CMSIS Pack Vendor :STMicroelectronics FP-SNS-SMARTAG2 1.2.0
2024-04-11 07:33:15,624 [INFO] ThirdParty:1030 - CMSIS Pack Vendor :STMicroelectronics X-CUBE-AZRTOS-WL 2.0.0
2024-04-11 07:33:15,624 [INFO] ThirdParty:1030 - CMSIS Pack Vendor :SEGGER I-CUBE-embOS 1.3.1
2024-04-11 07:33:15,624 [INFO] ThirdParty:1030 - CMSIS Pack Vendor :STMicroelectronics FP-SNS-MOTENV1 5.0.0
2024-04-11 07:33:15,624 [INFO] ThirdParty:1030 - CMSIS Pack Vendor :STMicroelectronics USB_DEVICE 1.0.0
2024-04-11 07:33:15,624 [INFO] ThirdParty:1030 - CMSIS Pack Vendor :STMicroelectronics X-CUBE-AI 8.1.0
2024-04-11 07:33:15,624 [INFO] ThirdParty:1030 - CMSIS Pack Vendor :STMicroelectronics X-CUBE-AZRTOS-L4 2.0.0
2024-04-11 07:33:15,624 [INFO] ThirdParty:1030 - CMSIS Pack Vendor :STMicroelectronics ThreadX 0.0.2
2024-04-11 07:33:15,624 [INFO] ThirdParty:1030 - CMSIS Pack Vendor :WES I-CUBE-Cesium 1.3.0
2024-04-11 07:33:15,624 [INFO] ThirdParty:1030 - CMSIS Pack Vendor :STMicroelectronics FP-ATR-ASTRA1 2.0.0
2024-04-11 07:33:15,624 [INFO] ThirdParty:1030 - CMSIS Pack Vendor :STMicroelectronics lwIP 2.1.2
2024-04-11 07:33:15,624 [INFO] ThirdParty:1030 - CMSIS Pack Vendor :STMicroelectronics X-CUBE-SFXS2LP1 4.0.0
2024-04-11 07:33:15,624 [INFO] ThirdParty:1030 - CMSIS Pack Vendor :STMicroelectronics X-CUBE-BLE2 3.3.0
2024-04-11 07:33:15,624 [INFO] ThirdParty:1030 - CMSIS Pack Vendor :STMicroelectronics X-CUBE-TOF1 3.4.0
2024-04-11 07:33:15,624 [INFO] ThirdParty:1030 - CMSIS Pack Vendor :STMicroelectronics X-CUBE-TOF1 3.4.1
2024-04-11 07:33:15,624 [INFO] ThirdParty:1030 - CMSIS Pack Vendor :STMicroelectronics X-CUBE-AZRTOS-H7 3.2.0
2024-04-11 07:33:15,624 [INFO] ThirdParty:1030 - CMSIS Pack Vendor :STMicroelectronics PDM2PCM 3.2.0
2024-04-11 07:33:15,624 [INFO] ThirdParty:841 - exiting critical section [change project]
2024-04-11 07:33:15,787 [INFO] PinOutPanel:1561 - setPackage(No Configuration,No Configuration)
2024-04-11 07:33:15,798 [INFO] PinOutPanel:1561 - setPackage(STM32F439ZITx,LQFP144)
2024-04-11 07:33:16,011 [INFO] UtilMem:75 - Before build in PCC Used Memory: 672783656 Bytes (801112064)
2024-04-11 07:33:16,222 [INFO] UtilMem:75 - After build in PCC Used Memory: 299512344 Bytes (801112064)
2024-04-11 07:33:16,249 [INFO] IPUIPlugin:80 - create IPUIPlugin
2024-04-11 07:33:16,249 [INFO] IPUIPlugin:80 - create IPUIPlugin
2024-04-11 07:33:16,249 [INFO] IPUIPlugin:80 - create IPUIPlugin
2024-04-11 07:33:16,249 [INFO] IPUIPlugin:80 - create IPUIPlugin
2024-04-11 07:33:16,249 [INFO] IPUIPlugin:80 - create IPUIPlugin
2024-04-11 07:33:16,249 [INFO] IPUIPlugin:80 - create IPUIPlugin
2024-04-11 07:33:16,249 [INFO] IPUIPlugin:80 - create IPUIPlugin
2024-04-11 07:33:16,249 [INFO] IPUIPlugin:80 - create IPUIPlugin
2024-04-11 07:33:16,250 [INFO] IPUIPlugin:80 - create IPUIPlugin
2024-04-11 07:33:16,250 [INFO] IPUIPlugin:80 - create IPUIPlugin
2024-04-11 07:33:16,250 [INFO] IPUIPlugin:80 - create IPUIPlugin
2024-04-11 07:33:16,250 [INFO] IPUIPlugin:80 - create IPUIPlugin
2024-04-11 07:33:16,251 [INFO] IPUIPlugin:80 - create IPUIPlugin
2024-04-11 07:33:16,251 [INFO] IPUIPlugin:80 - create IPUIPlugin
2024-04-11 07:33:16,251 [INFO] IPUIPlugin:80 - create IPUIPlugin
2024-04-11 07:33:16,251 [INFO] IPUIPlugin:80 - create IPUIPlugin
2024-04-11 07:33:16,251 [INFO] IPUIPlugin:80 - create IPUIPlugin
2024-04-11 07:33:16,251 [INFO] IPUIPlugin:80 - create IPUIPlugin
2024-04-11 07:33:16,251 [INFO] IPUIPlugin:80 - create IPUIPlugin
2024-04-11 07:33:16,252 [INFO] IPUIPlugin:80 - create IPUIPlugin
2024-04-11 07:33:16,252 [INFO] IPUIPlugin:80 - create IPUIPlugin
2024-04-11 07:33:16,252 [INFO] IPUIPlugin:80 - create IPUIPlugin
2024-04-11 07:33:16,252 [INFO] IPUIPlugin:80 - create IPUIPlugin
2024-04-11 07:33:16,252 [INFO] IPUIPlugin:80 - create IPUIPlugin
2024-04-11 07:33:16,252 [INFO] IPUIPlugin:80 - create IPUIPlugin
2024-04-11 07:33:16,253 [INFO] IPUIPlugin:80 - create IPUIPlugin
2024-04-11 07:33:16,253 [INFO] IPUIPlugin:80 - create IPUIPlugin
2024-04-11 07:33:16,253 [INFO] IPUIPlugin:80 - create IPUIPlugin
2024-04-11 07:33:16,253 [INFO] IPUIPlugin:80 - create IPUIPlugin
2024-04-11 07:33:16,253 [INFO] IPUIPlugin:80 - create IPUIPlugin
2024-04-11 07:33:16,253 [INFO] IPUIPlugin:80 - create IPUIPlugin
2024-04-11 07:33:16,254 [INFO] IPUIPlugin:80 - create IPUIPlugin
2024-04-11 07:33:16,254 [INFO] IPUIPlugin:80 - create IPUIPlugin
2024-04-11 07:33:16,254 [INFO] IPUIPlugin:80 - create IPUIPlugin
2024-04-11 07:33:16,254 [INFO] IPUIPlugin:80 - create IPUIPlugin
2024-04-11 07:33:16,254 [INFO] IPUIPlugin:80 - create IPUIPlugin
2024-04-11 07:33:16,254 [INFO] IPUIPlugin:80 - create IPUIPlugin
2024-04-11 07:33:16,254 [INFO] IPUIPlugin:80 - create IPUIPlugin
2024-04-11 07:33:16,255 [INFO] IPUIPlugin:80 - create IPUIPlugin
2024-04-11 07:33:16,255 [INFO] IPUIPlugin:80 - create IPUIPlugin
2024-04-11 07:33:16,255 [INFO] IPUIPlugin:80 - create IPUIPlugin
2024-04-11 07:33:16,255 [INFO] IPUIPlugin:80 - create IPUIPlugin
2024-04-11 07:33:16,255 [INFO] IPUIPlugin:80 - create IPUIPlugin
2024-04-11 07:33:16,255 [INFO] IPUIPlugin:80 - create IPUIPlugin
2024-04-11 07:33:16,256 [INFO] IPUIPlugin:80 - create IPUIPlugin
2024-04-11 07:33:16,256 [INFO] IPUIPlugin:80 - create IPUIPlugin
2024-04-11 07:33:16,256 [INFO] IPUIPlugin:80 - create IPUIPlugin
2024-04-11 07:33:16,256 [INFO] IPUIPlugin:80 - create IPUIPlugin
2024-04-11 07:33:16,256 [INFO] IPUIPlugin:80 - create IPUIPlugin
2024-04-11 07:33:16,257 [INFO] IPUIPlugin:80 - create IPUIPlugin
2024-04-11 07:33:16,257 [INFO] IPUIPlugin:80 - create IPUIPlugin
2024-04-11 07:33:16,257 [INFO] IPUIPlugin:80 - create IPUIPlugin
2024-04-11 07:33:16,257 [INFO] IPUIPlugin:80 - create IPUIPlugin
2024-04-11 07:33:16,257 [INFO] IPUIPlugin:80 - create IPUIPlugin
2024-04-11 07:33:16,258 [INFO] IPUIPlugin:80 - create IPUIPlugin
2024-04-11 07:33:16,258 [INFO] IPUIPlugin:80 - create IPUIPlugin
2024-04-11 07:33:16,258 [INFO] IPUIPlugin:80 - create IPUIPlugin
2024-04-11 07:33:16,258 [INFO] IPUIPlugin:80 - create IPUIPlugin
2024-04-11 07:33:16,259 [INFO] IPUIPlugin:80 - create IPUIPlugin
2024-04-11 07:33:16,259 [INFO] IPUIPlugin:80 - create IPUIPlugin
2024-04-11 07:33:16,259 [INFO] IPUIPlugin:80 - create IPUIPlugin
2024-04-11 07:33:16,260 [INFO] IPUIPlugin:80 - create IPUIPlugin
2024-04-11 07:33:16,260 [INFO] IPUIPlugin:80 - create IPUIPlugin
2024-04-11 07:33:16,260 [INFO] IPUIPlugin:80 - create IPUIPlugin
2024-04-11 07:33:16,261 [INFO] IPUIPlugin:80 - create IPUIPlugin
2024-04-11 07:33:16,261 [INFO] IPUIPlugin:80 - create IPUIPlugin
2024-04-11 07:33:16,261 [INFO] IPUIPlugin:80 - create IPUIPlugin
2024-04-11 07:33:16,262 [INFO] IPUIPlugin:80 - create IPUIPlugin
2024-04-11 07:33:16,292 [INFO] ApiDbMcu:508 - Load IP Config File for PDM2PCM
2024-04-11 07:33:16,359 [INFO] CADModel:165 - CPN selected for project levelSTM32F439ZIT6
2024-04-11 07:33:16,359 [INFO] CADModel:114 - Register for checkConnection events
2024-04-11 07:33:16,417 [INFO] OpenFileManager:343 - Restore cursor
2024-04-11 08:28:54,546 [INFO] UtilMem:75 - End SaveConfig() Used Memory: 639434496 Bytes (801112064)
2024-04-11 08:29:00,615 [INFO] MainUpdater:2873 - connection check result : 10
2024-04-11 08:29:00,615 [INFO] MainUpdater:2873 - connection check result : 10
2024-04-11 08:29:00,625 [INFO] MicroXplorer:468 - Change Database Path : 
2024-04-11 08:29:00,625 [INFO] MicroXplorer:498 - Change Database Version : DB.6.0.110
2024-04-11 08:29:00,629 [ERROR] ProjectManagerView:394 - 
java.lang.NullPointerException: Cannot invoke "javax.swing.JTextField.getText()" because the return value of "java.util.List.get(int)" is null
	at com.st.microxplorer.plugins.projectmanager.gui.ProjectChoiceTab$10.caretUpdate(ProjectChoiceTab.java:2504) ~[filemanager.jar:?]
	at javax.swing.text.JTextComponent.fireCaretUpdate(JTextComponent.java:412) ~[?:?]
	at javax.swing.text.JTextComponent$MutableCaretEvent.fire(JTextComponent.java:4491) ~[?:?]
	at javax.swing.text.JTextComponent$MutableCaretEvent.stateChanged(JTextComponent.java:4513) ~[?:?]
	at javax.swing.text.DefaultCaret.fireStateChanged(DefaultCaret.java:842) ~[?:?]
	at javax.swing.text.DefaultCaret.changeCaretPosition(DefaultCaret.java:1313) ~[?:?]
	at javax.swing.text.DefaultCaret.handleSetDot(DefaultCaret.java:1212) ~[?:?]
	at javax.swing.text.DefaultCaret.setDot(DefaultCaret.java:1193) ~[?:?]
	at javax.swing.text.DefaultCaret$Handler.insertUpdate(DefaultCaret.java:1789) ~[?:?]
	at javax.swing.text.AbstractDocument.fireInsertUpdate(AbstractDocument.java:226) ~[?:?]
	at javax.swing.text.AbstractDocument.handleInsertString(AbstractDocument.java:780) ~[?:?]
	at javax.swing.text.AbstractDocument.insertString(AbstractDocument.java:739) ~[?:?]
	at javax.swing.text.PlainDocument.insertString(PlainDocument.java:131) ~[?:?]
	at javax.swing.text.AbstractDocument.replace(AbstractDocument.java:698) ~[?:?]
	at javax.swing.text.JTextComponent.setText(JTextComponent.java:1729) ~[?:?]
	at com.st.microxplorer.plugins.projectmanager.gui.ProjectChoiceTab.createHeapStackFields(ProjectChoiceTab.java:944) ~[filemanager.jar:?]
	at com.st.microxplorer.plugins.projectmanager.gui.ProjectChoiceTab.buildLinkSettingsPanel(ProjectChoiceTab.java:3475) ~[filemanager.jar:?]
	at com.st.microxplorer.plugins.projectmanager.gui.ProjectChoiceTab.defineWindowsFields(ProjectChoiceTab.java:1816) ~[filemanager.jar:?]
	at com.st.microxplorer.plugins.projectmanager.gui.ProjectChoiceTab.updateSettings(ProjectChoiceTab.java:544) ~[filemanager.jar:?]
	at com.st.microxplorer.plugins.projectmanager.gui.ProjectSettingsPanel.UpdateDialog(ProjectSettingsPanel.java:245) ~[filemanager.jar:?]
	at com.st.microxplorer.plugins.projectmanager.ProjectManagerView.propertyChange(ProjectManagerView.java:391) ~[filemanager.jar:?]
	at java.beans.PropertyChangeSupport.fire(PropertyChangeSupport.java:343) ~[?:?]
	at java.beans.PropertyChangeSupport.firePropertyChange(PropertyChangeSupport.java:335) ~[?:?]
	at java.beans.PropertyChangeSupport.firePropertyChange(PropertyChangeSupport.java:268) ~[?:?]
	at com.st.microxplorer.util.MXPropertyChangeSupport.firePropertyChange(MXPropertyChangeSupport.java:54) ~[STM32CubeMX.jar:?]
	at com.st.microxplorer.mxsystem.MxSystem.closeConfig(MxSystem.java:900) ~[STM32CubeMX.jar:?]
	at com.st.microxplorer.maingui.MainPanel.closeConfig(MainPanel.java:776) ~[STM32CubeMX.jar:?]
	at com.st.microxplorer.plugins.filemanager.engine.OpenFileManager.loadConfigurationFile(OpenFileManager.java:245) ~[filemanager.jar:?]
	at com.st.microxplorer.plugins.filemanager.engine.MainFileManager.userLoadConfig(MainFileManager.java:315) ~[filemanager.jar:?]
	at com.st.microxplorer.plugins.filemanager.engine.MainFileManager.userLoadConfig(MainFileManager.java:293) ~[filemanager.jar:?]
	at com.st.microxplorer.plugins.filemanager.FileManagerView.getSpecificTask(FileManagerView.java:247) ~[filemanager.jar:?]
	at com.st.stm32cube.common.mx.editor.CubeMxEditor.getMxTabbedPaneInstance(CubeMxEditor.java:1198) ~[com.st.stm32cube.common.mx_6.11.0.202403141607/:?]
	at com.st.stm32cube.common.mx.editor.CubeMxEditor$12$1.createSwingComponent(CubeMxEditor.java:1068) ~[com.st.stm32cube.common.mx_6.11.0.202403141607/:?]
	at com.st.stm32cube.common.mx.oss.core.awtswtbridge.EmbeddedSwingComposite.doComponentCreation(EmbeddedSwingComposite.java:492) ~[com.st.stm32cube.common.mx.oss_6.11.0.202403141607/:?]
	at com.st.stm32cube.common.mx.oss.core.awtswtbridge.EmbeddedSwingComposite$4.run(EmbeddedSwingComposite.java:291) ~[com.st.stm32cube.common.mx.oss_6.11.0.202403141607/:?]
	at com.st.stm32cube.common.mx.oss.core.awtswtbridge.AwtEnvironment$2.run(AwtEnvironment.java:166) ~[com.st.stm32cube.common.mx.oss_6.11.0.202403141607/:?]
	at java.awt.event.InvocationEvent.dispatch(InvocationEvent.java:318) ~[?:?]
	at java.awt.EventQueue.dispatchEventImpl(EventQueue.java:773) ~[?:?]
	at java.awt.EventQueue$4.run(EventQueue.java:720) ~[?:?]
	at java.awt.EventQueue$4.run(EventQueue.java:714) ~[?:?]
	at java.security.AccessController.doPrivileged(AccessController.java:399) ~[?:?]
	at java.security.ProtectionDomain$JavaSecurityAccessImpl.doIntersectionPrivilege(ProtectionDomain.java:86) ~[?:?]
	at java.awt.EventQueue.dispatchEvent(EventQueue.java:742) ~[?:?]
	at java.awt.EventDispatchThread.pumpOneEventForFilters(EventDispatchThread.java:203) ~[?:?]
	at java.awt.EventDispatchThread.pumpEventsForFilter(EventDispatchThread.java:124) ~[?:?]
	at java.awt.EventDispatchThread.pumpEventsForHierarchy(EventDispatchThread.java:113) ~[?:?]
	at java.awt.EventDispatchThread.pumpEvents(EventDispatchThread.java:109) ~[?:?]
	at java.awt.EventDispatchThread.pumpEvents(EventDispatchThread.java:101) ~[?:?]
	at java.awt.EventDispatchThread.run(EventDispatchThread.java:90) ~[?:?]
2024-04-11 08:29:00,630 [WARN] ThirdParty:871 - waiting for thirdparty lock release [close project]
2024-04-11 08:29:00,630 [INFO] ThirdParty:873 - entering critical section [close project]
2024-04-11 08:29:00,630 [INFO] ThirdParty:883 - exiting critical section [close project]
2024-04-11 08:29:00,633 [INFO] PinOutPanel:1561 - setPackage(No Configuration,No Configuration)
2024-04-11 08:29:00,635 [WARN] IpParametersView:151 - Warning: This peripheral hasn't parameters
2024-04-11 08:29:00,637 [WARN] MainPanel:272 - <html><b><center>Warning: This peripheral has no parameters to be configured<br></b></html>
2024-04-11 08:29:00,639 [INFO] UtilMem:75 - Begin LoadConfig() Used Memory: 431972960 Bytes (801112064)
2024-04-11 08:29:00,640 [INFO] MicroXplorer:468 - Change Database Path : 
2024-04-11 08:29:00,640 [INFO] MicroXplorer:498 - Change Database Version : DB.6.0.110
2024-04-11 08:29:00,640 [INFO] OpenFileManager:312 - Change cursor
2024-04-11 08:29:00,661 [INFO] RulesReader:64 - Compatibility file has been processed (297 Rules)
2024-04-11 08:29:00,663 [INFO] Mcu:2021 - Initializing MCU STM32F439Z(G-I)Tx STM32F439ZITx STM32F439ZIT6
2024-04-11 08:29:01,654 [INFO] Context:663 - Trying to add GPIOservice into a context  which must be forbidden
2024-04-11 08:29:01,832 [INFO] RtosManager:555 - Registered RTOS mode: class=CMSIS, group=RTOS, mode=CMSIS_V1, owner=FREERTOS
2024-04-11 08:29:01,832 [INFO] RtosManager:555 - Registered RTOS mode: class=CMSIS, group=RTOS2, mode=CMSIS_V2, owner=FREERTOS
2024-04-11 08:29:01,832 [INFO] RtosManager:555 - Registered RTOS mode: class=RTOS, group=Core, mode=CMSIS_V1, owner=FREERTOS
2024-04-11 08:29:01,833 [INFO] RtosManager:555 - Registered RTOS mode: class=RTOS, group=Core, mode=CMSIS_V2, owner=FREERTOS
2024-04-11 08:29:01,833 [WARN] ModelIntegratedComponent:184 - Missing modes for component STMicroelectronics:FreeRTOS:0.0.1:STMicroelectronics:RTOS:FreeRTOS:Core:::10.2.0:
2024-04-11 08:29:01,836 [WARN] ModelIntegratedComponent:63 - No mode defined for component null
2024-04-11 08:29:01,836 [WARN] ModelIntegratedComponent:63 - No mode defined for component null
2024-04-11 08:29:01,836 [WARN] ModelIntegratedComponent:63 - No mode defined for component null
2024-04-11 08:29:01,836 [WARN] ModelIntegratedComponent:63 - No mode defined for component null
2024-04-11 08:29:01,836 [WARN] ModelIntegratedComponent:63 - No mode defined for component null
2024-04-11 08:29:01,836 [WARN] ModelIntegratedComponent:63 - No mode defined for component null
2024-04-11 08:29:01,836 [WARN] ModelIntegratedComponent:63 - No mode defined for component null
2024-04-11 08:29:01,836 [WARN] ModelIntegratedComponent:63 - No mode defined for component null
2024-04-11 08:29:01,836 [WARN] ModelIntegratedComponent:63 - No mode defined for component null
2024-04-11 08:29:01,836 [WARN] ModelIntegratedComponent:63 - No mode defined for component null
2024-04-11 08:29:01,836 [WARN] ModelIntegratedComponent:63 - No mode defined for component null
2024-04-11 08:29:01,836 [WARN] ModelIntegratedComponent:63 - No mode defined for component null
2024-04-11 08:29:01,836 [WARN] ModelIntegratedComponent:63 - No mode defined for component null
2024-04-11 08:29:01,836 [WARN] ModelIntegratedComponent:63 - No mode defined for component null
2024-04-11 08:29:01,836 [WARN] ModelIntegratedComponent:63 - No mode defined for component null
2024-04-11 08:29:01,836 [WARN] ModelIntegratedComponent:63 - No mode defined for component null
2024-04-11 08:29:01,836 [WARN] ModelIntegratedComponent:63 - No mode defined for component null
2024-04-11 08:29:01,836 [WARN] ModelIntegratedComponent:63 - No mode defined for component null
2024-04-11 08:29:01,836 [WARN] ModelIntegratedComponent:63 - No mode defined for component null
2024-04-11 08:29:01,836 [WARN] ModelIntegratedComponent:63 - No mode defined for component null
2024-04-11 08:29:01,836 [WARN] ModelIntegratedComponent:63 - No mode defined for component null
2024-04-11 08:29:01,836 [WARN] ModelIntegratedComponent:63 - No mode defined for component null
2024-04-11 08:29:01,836 [WARN] ModelIntegratedComponent:63 - No mode defined for component null
2024-04-11 08:29:01,836 [WARN] ModelIntegratedComponent:63 - No mode defined for component null
2024-04-11 08:29:01,836 [WARN] ModelIntegratedComponent:63 - No mode defined for component null
2024-04-11 08:29:01,836 [WARN] ModelIntegratedComponent:63 - No mode defined for component null
2024-04-11 08:29:01,836 [WARN] ModelIntegratedComponent:63 - No mode defined for component null
2024-04-11 08:29:01,836 [WARN] ModelIntegratedComponent:63 - No mode defined for component null
2024-04-11 08:29:01,836 [WARN] ModelIntegratedComponent:63 - No mode defined for component null
2024-04-11 08:29:01,836 [WARN] ModelIntegratedComponent:63 - No mode defined for component null
2024-04-11 08:29:01,836 [WARN] ModelIntegratedComponent:63 - No mode defined for component null
2024-04-11 08:29:01,836 [WARN] ModelIntegratedComponent:63 - No mode defined for component null
2024-04-11 08:29:01,836 [WARN] ModelIntegratedComponent:63 - No mode defined for component null
2024-04-11 08:29:01,836 [WARN] ModelIntegratedComponent:63 - No mode defined for component null
2024-04-11 08:29:01,901 [INFO] ThirdPartyModel:298 - Start build external matchings
2024-04-11 08:29:02,153 [INFO] ThirdPartyModel:316 - End build external matchings
2024-04-11 08:29:02,395 [INFO] UtilMem:75 - End LoadConfig() Used Memory: 330572824 Bytes (801112064)
2024-04-11 08:29:02,419 [WARN] ThirdParty:833 - waiting for thirdparty lock release [change project]
2024-04-11 08:29:02,419 [INFO] ThirdParty:835 - entering critical section [change project]
2024-04-11 08:29:02,419 [INFO] ThirdParty:1030 - CMSIS Pack Vendor :STMicroelectronics USBPD 4.1
2024-04-11 08:29:02,419 [INFO] ThirdParty:1030 - CMSIS Pack Vendor :STMicroelectronics X-CUBE-GNSS1 6.0.0
2024-04-11 08:29:02,419 [INFO] ThirdParty:1030 - CMSIS Pack Vendor :STMicroelectronics USB_HOST 2.0.0
2024-04-11 08:29:02,419 [INFO] ThirdParty:1030 - CMSIS Pack Vendor :STMicroelectronics X-CUBE-AZRTOS-F4 1.1.0
2024-04-11 08:29:02,419 [INFO] ThirdParty:1030 - CMSIS Pack Vendor :STMicroelectronics LIBJPEG 8.0.0
2024-04-11 08:29:02,419 [INFO] ThirdParty:1030 - CMSIS Pack Vendor :STMicroelectronics X-CUBE-SMBUS 2.1.0
2024-04-11 08:29:02,419 [INFO] ThirdParty:1030 - CMSIS Pack Vendor :STMicroelectronics USB_DEVICE 3.0.0
2024-04-11 08:29:02,419 [INFO] ThirdParty:1030 - CMSIS Pack Vendor :STMicroelectronics X-CUBE-AZRTOS-WB 2.0.0
2024-04-11 08:29:02,419 [INFO] ThirdParty:1030 - CMSIS Pack Vendor :wolfSSL I-CUBE-wolfSSL 5.6.6
2024-04-11 08:29:02,419 [INFO] ThirdParty:1030 - CMSIS Pack Vendor :STMicroelectronics X-CUBE-TOUCHGFX 4.23.1
2024-04-11 08:29:02,420 [INFO] ThirdParty:1030 - CMSIS Pack Vendor :STMicroelectronics X-CUBE-TOUCHGFX 4.23.0
2024-04-11 08:29:02,420 [INFO] ThirdParty:1030 - CMSIS Pack Vendor :STMicroelectronics X-CUBE-TOUCHGFX 4.23.2
2024-04-11 08:29:02,420 [INFO] ThirdParty:1030 - CMSIS Pack Vendor :STMicroelectronics X-CUBE-AZRTOS-F7 1.1.0
2024-04-11 08:29:02,420 [INFO] ThirdParty:1030 - CMSIS Pack Vendor :STMicroelectronics X-CUBE-AZRTOS-L5 2.0.0
2024-04-11 08:29:02,420 [INFO] ThirdParty:1030 - CMSIS Pack Vendor :STMicroelectronics USB_DEVICE 2.0.0
2024-04-11 08:29:02,420 [INFO] ThirdParty:1030 - CMSIS Pack Vendor :STMicroelectronics X-CUBE-NFC6 3.1.0
2024-04-11 08:29:02,420 [INFO] ThirdParty:1030 - CMSIS Pack Vendor :ITTIA_DB I-CUBE-ITTIADB 8.8.0
2024-04-11 08:29:02,420 [INFO] ThirdParty:1030 - CMSIS Pack Vendor :STMicroelectronics FP-SNS-MOTENV1 4.3.2
2024-04-11 08:29:02,420 [INFO] ThirdParty:1030 - CMSIS Pack Vendor :STMicroelectronics X-CUBE-ALGOBUILD 1.3.0
2024-04-11 08:29:02,420 [INFO] ThirdParty:1030 - CMSIS Pack Vendor :STMicroelectronics FreeRTOS 0.0.1
2024-04-11 08:29:02,420 [INFO] ThirdParty:1030 - CMSIS Pack Vendor :STMicroelectronics X-CUBE-AZRTOS-G0 1.1.0
2024-04-11 08:29:02,420 [INFO] ThirdParty:1030 - CMSIS Pack Vendor :STMicroelectronics X-CUBE-SAFEA1 1.2.2
2024-04-11 08:29:02,420 [INFO] ThirdParty:1030 - CMSIS Pack Vendor :STMicroelectronics X-CUBE-NFC4 3.0.0
2024-04-11 08:29:02,420 [INFO] ThirdParty:1030 - CMSIS Pack Vendor :STMicroelectronics X-CUBE-SUBG2 5.0.0
2024-04-11 08:29:02,420 [INFO] ThirdParty:1030 - CMSIS Pack Vendor :STMicroelectronics STM32_WPAN 1.0.0
2024-04-11 08:29:02,420 [INFO] ThirdParty:1030 - CMSIS Pack Vendor :STMicroelectronics lwIP 2.0.3
2024-04-11 08:29:02,420 [INFO] ThirdParty:1030 - CMSIS Pack Vendor :STMicroelectronics FP-SNS-FLIGHT1 5.0.2
2024-04-11 08:29:02,420 [INFO] ThirdParty:1030 - CMSIS Pack Vendor :STMicroelectronics USB_HOST 1.0.0
2024-04-11 08:29:02,420 [INFO] ThirdParty:1030 - CMSIS Pack Vendor :STMicroelectronics X-CUBE-AZRTOS-G4 2.0.0
2024-04-11 08:29:02,420 [INFO] ThirdParty:1030 - CMSIS Pack Vendor :STMicroelectronics PDM2PCM 3.1.0
2024-04-11 08:29:02,420 [INFO] ThirdParty:1030 - CMSIS Pack Vendor :Infineon AIROC-Wi-Fi-Bluetooth-STM32 1.5.1
2024-04-11 08:29:02,420 [INFO] ThirdParty:1030 - CMSIS Pack Vendor :STMicroelectronics X-CUBE-BLEMGR 3.0.0
2024-04-11 08:29:02,420 [INFO] ThirdParty:1030 - CMSIS Pack Vendor :STMicroelectronics PDM2PCM 3.3.0
2024-04-11 08:29:02,420 [INFO] ThirdParty:1030 - CMSIS Pack Vendor :STMicroelectronics X-CUBE-DISPLAY 3.0.0
2024-04-11 08:29:02,420 [INFO] ThirdParty:1030 - CMSIS Pack Vendor :STMicroelectronics FP-SNS-MOTENVWB1 1.3.1
2024-04-11 08:29:02,420 [INFO] ThirdParty:1030 - CMSIS Pack Vendor :STMicroelectronics X-CUBE-BLE1 7.0.0
2024-04-11 08:29:02,420 [INFO] ThirdParty:1030 - CMSIS Pack Vendor :STMicroelectronics FP-ATR-SIGFOX1 3.2.0
2024-04-11 08:29:02,420 [INFO] ThirdParty:1030 - CMSIS Pack Vendor :STMicroelectronics X-CUBE-ISPU 2.0.0
2024-04-11 08:29:02,420 [INFO] ThirdParty:1030 - CMSIS Pack Vendor :STMicroelectronics X-CUBE-EEPRMA1 5.1.0
2024-04-11 08:29:02,420 [INFO] ThirdParty:1030 - CMSIS Pack Vendor :STMicroelectronics HAL Drivers 0.0.0
2024-04-11 08:29:02,420 [INFO] ThirdParty:1030 - CMSIS Pack Vendor :STMicroelectronics MBEDTLS 2.16.2
2024-04-11 08:29:02,420 [INFO] ThirdParty:1030 - CMSIS Pack Vendor :emotas I-CUBE-CANOPEN 1.3.0
2024-04-11 08:29:02,420 [INFO] ThirdParty:1030 - CMSIS Pack Vendor :STMicroelectronics X-CUBE-MEMS1 10.0.0
2024-04-11 08:29:02,420 [INFO] ThirdParty:1030 - CMSIS Pack Vendor :STMicroelectronics X-CUBE-FREERTOS 1.1.0
2024-04-11 08:29:02,420 [INFO] ThirdParty:1030 - CMSIS Pack Vendor :STMicroelectronics X-CUBE-NFC7 1.0.1
2024-04-11 08:29:02,420 [INFO] ThirdParty:1030 - CMSIS Pack Vendor :STMicroelectronics MBEDTLS 2.14.1
2024-04-11 08:29:02,420 [INFO] ThirdParty:1030 - CMSIS Pack Vendor :STMicroelectronics X-CUBE-NFC6 3.0.0
2024-04-11 08:29:02,420 [INFO] ThirdParty:1030 - CMSIS Pack Vendor :portGmbH I-Cube-SoM-uGOAL 1.1.0
2024-04-11 08:29:02,420 [INFO] ThirdParty:1030 - CMSIS Pack Vendor :STMicroelectronics X-CUBE-ALS 1.0.1
2024-04-11 08:29:02,420 [INFO] ThirdParty:1030 - CMSIS Pack Vendor :STMicroelectronics X-CUBE-BLEMGR 3.1.0
2024-04-11 08:29:02,420 [INFO] ThirdParty:1030 - CMSIS Pack Vendor :STMicroelectronics ThreadX 1.0.0
2024-04-11 08:29:02,420 [INFO] ThirdParty:1030 - CMSIS Pack Vendor :STMicroelectronics FP-SNS-SMARTAG2 1.2.0
2024-04-11 08:29:02,420 [INFO] ThirdParty:1030 - CMSIS Pack Vendor :STMicroelectronics X-CUBE-AZRTOS-WL 2.0.0
2024-04-11 08:29:02,420 [INFO] ThirdParty:1030 - CMSIS Pack Vendor :SEGGER I-CUBE-embOS 1.3.1
2024-04-11 08:29:02,420 [INFO] ThirdParty:1030 - CMSIS Pack Vendor :STMicroelectronics FP-SNS-MOTENV1 5.0.0
2024-04-11 08:29:02,420 [INFO] ThirdParty:1030 - CMSIS Pack Vendor :STMicroelectronics USB_DEVICE 1.0.0
2024-04-11 08:29:02,420 [INFO] ThirdParty:1030 - CMSIS Pack Vendor :STMicroelectronics X-CUBE-AI 8.1.0
2024-04-11 08:29:02,420 [INFO] ThirdParty:1030 - CMSIS Pack Vendor :STMicroelectronics X-CUBE-AZRTOS-L4 2.0.0
2024-04-11 08:29:02,421 [INFO] ThirdParty:1030 - CMSIS Pack Vendor :STMicroelectronics ThreadX 0.0.2
2024-04-11 08:29:02,421 [INFO] ThirdParty:1030 - CMSIS Pack Vendor :WES I-CUBE-Cesium 1.3.0
2024-04-11 08:29:02,421 [INFO] ThirdParty:1030 - CMSIS Pack Vendor :STMicroelectronics FP-ATR-ASTRA1 2.0.0
2024-04-11 08:29:02,421 [INFO] ThirdParty:1030 - CMSIS Pack Vendor :STMicroelectronics lwIP 2.1.2
2024-04-11 08:29:02,421 [INFO] ThirdParty:1030 - CMSIS Pack Vendor :STMicroelectronics X-CUBE-SFXS2LP1 4.0.0
2024-04-11 08:29:02,421 [INFO] ThirdParty:1030 - CMSIS Pack Vendor :STMicroelectronics X-CUBE-BLE2 3.3.0
2024-04-11 08:29:02,421 [INFO] ThirdParty:1030 - CMSIS Pack Vendor :STMicroelectronics X-CUBE-TOF1 3.4.0
2024-04-11 08:29:02,421 [INFO] ThirdParty:1030 - CMSIS Pack Vendor :STMicroelectronics X-CUBE-TOF1 3.4.1
2024-04-11 08:29:02,421 [INFO] ThirdParty:1030 - CMSIS Pack Vendor :STMicroelectronics X-CUBE-AZRTOS-H7 3.2.0
2024-04-11 08:29:02,421 [INFO] ThirdParty:1030 - CMSIS Pack Vendor :STMicroelectronics PDM2PCM 3.2.0
2024-04-11 08:29:02,421 [INFO] ThirdParty:841 - exiting critical section [change project]
2024-04-11 08:29:02,558 [INFO] PinOutPanel:1561 - setPackage(No Configuration,No Configuration)
2024-04-11 08:29:02,558 [INFO] PinOutPanel:1561 - setPackage(STM32F439ZITx,LQFP144)
2024-04-11 08:29:02,687 [INFO] UtilMem:75 - Before build in PCC Used Memory: 324283416 Bytes (801112064)
2024-04-11 08:29:02,794 [INFO] UtilMem:75 - After build in PCC Used Memory: 372517912 Bytes (801112064)
2024-04-11 08:29:02,810 [INFO] IPUIPlugin:80 - create IPUIPlugin
2024-04-11 08:29:02,810 [INFO] IPUIPlugin:80 - create IPUIPlugin
2024-04-11 08:29:02,810 [INFO] IPUIPlugin:80 - create IPUIPlugin
2024-04-11 08:29:02,811 [INFO] IPUIPlugin:80 - create IPUIPlugin
2024-04-11 08:29:02,811 [INFO] IPUIPlugin:80 - create IPUIPlugin
2024-04-11 08:29:02,811 [INFO] IPUIPlugin:80 - create IPUIPlugin
2024-04-11 08:29:02,811 [INFO] IPUIPlugin:80 - create IPUIPlugin
2024-04-11 08:29:02,811 [INFO] IPUIPlugin:80 - create IPUIPlugin
2024-04-11 08:29:02,811 [INFO] IPUIPlugin:80 - create IPUIPlugin
2024-04-11 08:29:02,811 [INFO] IPUIPlugin:80 - create IPUIPlugin
2024-04-11 08:29:02,811 [INFO] IPUIPlugin:80 - create IPUIPlugin
2024-04-11 08:29:02,811 [INFO] IPUIPlugin:80 - create IPUIPlugin
2024-04-11 08:29:02,811 [INFO] IPUIPlugin:80 - create IPUIPlugin
2024-04-11 08:29:02,811 [INFO] IPUIPlugin:80 - create IPUIPlugin
2024-04-11 08:29:02,811 [INFO] IPUIPlugin:80 - create IPUIPlugin
2024-04-11 08:29:02,811 [INFO] IPUIPlugin:80 - create IPUIPlugin
2024-04-11 08:29:02,811 [INFO] IPUIPlugin:80 - create IPUIPlugin
2024-04-11 08:29:02,811 [INFO] IPUIPlugin:80 - create IPUIPlugin
2024-04-11 08:29:02,811 [INFO] IPUIPlugin:80 - create IPUIPlugin
2024-04-11 08:29:02,811 [INFO] IPUIPlugin:80 - create IPUIPlugin
2024-04-11 08:29:02,811 [INFO] IPUIPlugin:80 - create IPUIPlugin
2024-04-11 08:29:02,811 [INFO] IPUIPlugin:80 - create IPUIPlugin
2024-04-11 08:29:02,811 [INFO] IPUIPlugin:80 - create IPUIPlugin
2024-04-11 08:29:02,812 [INFO] IPUIPlugin:80 - create IPUIPlugin
2024-04-11 08:29:02,812 [INFO] IPUIPlugin:80 - create IPUIPlugin
2024-04-11 08:29:02,812 [INFO] IPUIPlugin:80 - create IPUIPlugin
2024-04-11 08:29:02,812 [INFO] IPUIPlugin:80 - create IPUIPlugin
2024-04-11 08:29:02,812 [INFO] IPUIPlugin:80 - create IPUIPlugin
2024-04-11 08:29:02,812 [INFO] IPUIPlugin:80 - create IPUIPlugin
2024-04-11 08:29:02,812 [INFO] IPUIPlugin:80 - create IPUIPlugin
2024-04-11 08:29:02,812 [INFO] IPUIPlugin:80 - create IPUIPlugin
2024-04-11 08:29:02,812 [INFO] IPUIPlugin:80 - create IPUIPlugin
2024-04-11 08:29:02,813 [INFO] IPUIPlugin:80 - create IPUIPlugin
2024-04-11 08:29:02,813 [INFO] IPUIPlugin:80 - create IPUIPlugin
2024-04-11 08:29:02,813 [INFO] IPUIPlugin:80 - create IPUIPlugin
2024-04-11 08:29:02,813 [INFO] IPUIPlugin:80 - create IPUIPlugin
2024-04-11 08:29:02,813 [INFO] IPUIPlugin:80 - create IPUIPlugin
2024-04-11 08:29:02,813 [INFO] IPUIPlugin:80 - create IPUIPlugin
2024-04-11 08:29:02,813 [INFO] IPUIPlugin:80 - create IPUIPlugin
2024-04-11 08:29:02,813 [INFO] IPUIPlugin:80 - create IPUIPlugin
2024-04-11 08:29:02,814 [INFO] IPUIPlugin:80 - create IPUIPlugin
2024-04-11 08:29:02,814 [INFO] IPUIPlugin:80 - create IPUIPlugin
2024-04-11 08:29:02,814 [INFO] IPUIPlugin:80 - create IPUIPlugin
2024-04-11 08:29:02,814 [INFO] IPUIPlugin:80 - create IPUIPlugin
2024-04-11 08:29:02,814 [INFO] IPUIPlugin:80 - create IPUIPlugin
2024-04-11 08:29:02,814 [INFO] IPUIPlugin:80 - create IPUIPlugin
2024-04-11 08:29:02,814 [INFO] IPUIPlugin:80 - create IPUIPlugin
2024-04-11 08:29:02,815 [INFO] IPUIPlugin:80 - create IPUIPlugin
2024-04-11 08:29:02,815 [INFO] IPUIPlugin:80 - create IPUIPlugin
2024-04-11 08:29:02,815 [INFO] IPUIPlugin:80 - create IPUIPlugin
2024-04-11 08:29:02,815 [INFO] IPUIPlugin:80 - create IPUIPlugin
2024-04-11 08:29:02,815 [INFO] IPUIPlugin:80 - create IPUIPlugin
2024-04-11 08:29:02,816 [INFO] IPUIPlugin:80 - create IPUIPlugin
2024-04-11 08:29:02,816 [INFO] IPUIPlugin:80 - create IPUIPlugin
2024-04-11 08:29:02,816 [INFO] IPUIPlugin:80 - create IPUIPlugin
2024-04-11 08:29:02,816 [INFO] IPUIPlugin:80 - create IPUIPlugin
2024-04-11 08:29:02,816 [INFO] IPUIPlugin:80 - create IPUIPlugin
2024-04-11 08:29:02,817 [INFO] IPUIPlugin:80 - create IPUIPlugin
2024-04-11 08:29:02,817 [INFO] IPUIPlugin:80 - create IPUIPlugin
2024-04-11 08:29:02,817 [INFO] IPUIPlugin:80 - create IPUIPlugin
2024-04-11 08:29:02,817 [INFO] IPUIPlugin:80 - create IPUIPlugin
2024-04-11 08:29:02,818 [INFO] IPUIPlugin:80 - create IPUIPlugin
2024-04-11 08:29:02,818 [INFO] IPUIPlugin:80 - create IPUIPlugin
2024-04-11 08:29:02,819 [INFO] IPUIPlugin:80 - create IPUIPlugin
2024-04-11 08:29:02,819 [INFO] IPUIPlugin:80 - create IPUIPlugin
2024-04-11 08:29:02,819 [INFO] IPUIPlugin:80 - create IPUIPlugin
2024-04-11 08:29:02,820 [INFO] IPUIPlugin:80 - create IPUIPlugin
2024-04-11 08:29:02,820 [INFO] IPUIPlugin:80 - create IPUIPlugin
2024-04-11 08:29:02,823 [INFO] ApiDbMcu:508 - Load IP Config File for PDM2PCM
2024-04-11 08:29:02,836 [INFO] CADModel:165 - CPN selected for project levelSTM32F439ZIT6
2024-04-11 08:29:02,836 [INFO] CADModel:114 - Register for checkConnection events
2024-04-11 08:29:02,885 [INFO] OpenFileManager:343 - Restore cursor
