2024-04-22 08:16:59,548 [ERROR] LogOutputStream:75 - [STDERR_REDIRECT] 
2024-04-22 10:01:06,118 [INFO] Activator:176 - 


2024-04-22 10:01:06,120 [INFO] Activator:177 - !SESSION log4j initialized
2024-04-22 10:01:11,928 [INFO] LogOutputStream:77 - [STDOUT_REDIRECT] 
2024-04-22 10:01:16,597 [INFO] ApplicationProperties:184 - Using Application install path: C:\ST\STM32CubeIDE_1.14.1\STM32CubeIDE\plugins\com.st.stm32cube.common.mx_6.11.0.202403141607
2024-04-22 10:01:16,613 [INFO] DbMcusXml:78 - Set database path to: C:\ST\STM32CubeIDE_1.14.1\STM32CubeIDE\plugins\com.st.stm32cube.common.mx_6.11.0.202403141607\\db\/mcu/
2024-04-22 10:01:16,616 [INFO] ApiDb:274 - Set plugin database path to: C:\ST\STM32CubeIDE_1.14.1\STM32CubeIDE\plugins\com.st.stm32cube.common.mx_6.11.0.202403141607\\db\/plugins/boardmanager/
2024-04-22 10:01:16,618 [WARN] ApiDb:259 - Overriding images path with different value:  => C:\ST\STM32CubeIDE_1.14.1\STM32CubeIDE\plugins\com.st.stm32cube.common.mx_6.11.0.202403141607\\db\/plugins/mcufinder/images/
2024-04-22 10:01:16,632 [INFO] ApiDb:250 - Set database path to: C:\Users\ASUS\.stmcufinder\plugins\mcufinder//mcu/
2024-04-22 10:01:16,633 [INFO] DbMcusAds:125 - Set database path to: C:\Users\ASUS\.stmcufinder\plugins\mcufinder//mcu/
2024-04-22 10:01:16,635 [INFO] CrossReferenceDbSqlite:203 - Set database path to: C:\Users\ASUS\.stmcufinder\plugins\mcufinder//mcu/cs/
2024-04-22 10:01:16,779 [INFO] RulesReader:64 - Compatibility file has been processed (297 Rules)
2024-04-22 10:01:16,867 [INFO] DbMcusXml:78 - Set database path to: C:\ST\STM32CubeIDE_1.14.1\STM32CubeIDE\plugins\com.st.stm32cube.common.mx_6.11.0.202403141607\\db\/mcu/
2024-04-22 10:01:16,867 [INFO] ApiDb:274 - Set plugin database path to: C:\ST\STM32CubeIDE_1.14.1\STM32CubeIDE\plugins\com.st.stm32cube.common.mx_6.11.0.202403141607\\db\/plugins/boardmanager/
2024-04-22 10:01:16,867 [INFO] ApiDb:261 - Set plugin images path to: C:\ST\STM32CubeIDE_1.14.1\STM32CubeIDE\plugins\com.st.stm32cube.common.mx_6.11.0.202403141607\\db\/plugins/mcufinder/images/
2024-04-22 10:01:16,867 [WARN] DbFile:41 - Overriding database path with different value: C:\Users\ASUS\.stmcufinder\plugins\mcufinder/ => C:\Users\ASUS\.stmcufinder\plugins\mcufinder
2024-04-22 10:01:16,867 [INFO] ApiDb:250 - Set database path to: C:\Users\ASUS\.stmcufinder\plugins\mcufinder//mcu/
2024-04-22 10:01:16,868 [WARN] DbFile:41 - Overriding database path with different value: C:\Users\ASUS\.stmcufinder\plugins\mcufinder/ => C:\Users\ASUS\.stmcufinder\plugins\mcufinder
2024-04-22 10:01:16,868 [INFO] DbMcusAds:125 - Set database path to: C:\Users\ASUS\.stmcufinder\plugins\mcufinder//mcu/
2024-04-22 10:01:16,868 [WARN] DbFile:41 - Overriding database path with different value: C:\Users\ASUS\.stmcufinder\plugins\mcufinder/ => C:\Users\ASUS\.stmcufinder\plugins\mcufinder
2024-04-22 10:01:16,868 [WARN] DbFile:41 - Overriding database path with different value: C:\Users\ASUS\.stmcufinder\plugins\mcufinder/ => C:\Users\ASUS\.stmcufinder\plugins\mcufinder
2024-04-22 10:01:16,868 [INFO] CrossReferenceDbSqlite:203 - Set database path to: C:\Users\ASUS\.stmcufinder\plugins\mcufinder//mcu/cs/
2024-04-22 10:01:16,933 [INFO] MainPanel:264 - HeapMemory: 268435456
2024-04-22 10:01:16,984 [INFO] DbMcusXml:78 - Set database path to: C:\ST\STM32CubeIDE_1.14.1\STM32CubeIDE\plugins\com.st.stm32cube.common.mx_6.11.0.202403141607\\db\/mcu/
2024-04-22 10:01:16,984 [INFO] ApiDb:274 - Set plugin database path to: C:\ST\STM32CubeIDE_1.14.1\STM32CubeIDE\plugins\com.st.stm32cube.common.mx_6.11.0.202403141607\\db\/plugins/boardmanager/
2024-04-22 10:01:16,985 [INFO] ApiDb:261 - Set plugin images path to: C:\ST\STM32CubeIDE_1.14.1\STM32CubeIDE\plugins\com.st.stm32cube.common.mx_6.11.0.202403141607\\db\/plugins/mcufinder/images/
2024-04-22 10:01:16,985 [WARN] DbFile:41 - Overriding database path with different value: C:\Users\ASUS\.stmcufinder\plugins\mcufinder/ => C:\Users\ASUS\.stmcufinder\plugins\mcufinder
2024-04-22 10:01:16,985 [INFO] ApiDb:250 - Set database path to: C:\Users\ASUS\.stmcufinder\plugins\mcufinder//mcu/
2024-04-22 10:01:16,985 [WARN] DbFile:41 - Overriding database path with different value: C:\Users\ASUS\.stmcufinder\plugins\mcufinder/ => C:\Users\ASUS\.stmcufinder\plugins\mcufinder
2024-04-22 10:01:16,985 [INFO] DbMcusAds:125 - Set database path to: C:\Users\ASUS\.stmcufinder\plugins\mcufinder//mcu/
2024-04-22 10:01:16,985 [WARN] DbFile:41 - Overriding database path with different value: C:\Users\ASUS\.stmcufinder\plugins\mcufinder/ => C:\Users\ASUS\.stmcufinder\plugins\mcufinder
2024-04-22 10:01:16,985 [WARN] DbFile:41 - Overriding database path with different value: C:\Users\ASUS\.stmcufinder\plugins\mcufinder/ => C:\Users\ASUS\.stmcufinder\plugins\mcufinder
2024-04-22 10:01:16,985 [INFO] CrossReferenceDbSqlite:203 - Set database path to: C:\Users\ASUS\.stmcufinder\plugins\mcufinder//mcu/cs/
2024-04-22 10:01:17,002 [INFO] ApplicationProperties:184 - Using Application install path: C:\ST\STM32CubeIDE_1.14.1\STM32CubeIDE\plugins\com.st.stm32cube.common.mx_6.11.0.202403141607
2024-04-22 10:01:17,003 [INFO] PluginManage:196 - Search for loadable plugins [exclusion list=, ]
2024-04-22 10:01:17,004 [INFO] PluginManage:310 - Check plugin analytics
2024-04-22 10:01:17,171 [INFO] AnalyticsPlugin:253 - Accepted Software Licenses: 
2024-04-22 10:01:17,171 [INFO] AnalyticsPlugin:255 - Accepted CMSIS Pack Licenses: 
2024-04-22 10:01:17,171 [INFO] AnalyticsPlugin:257 - Accepted Firmware Licenses: FW.F4.1.28.0
2024-04-22 10:01:17,174 [INFO] PluginManage:359 - Loaded plugin analytics (category:tool,tabindex:-1)
2024-04-22 10:01:17,174 [INFO] PluginManage:310 - Check plugin cadmodel
2024-04-22 10:01:17,185 [INFO] CADModel:105 - Init CAD model plugin
2024-04-22 10:01:17,186 [INFO] PluginManage:359 - Loaded plugin cadmodel (category:power,tabindex:5)
2024-04-22 10:01:17,186 [INFO] PluginManage:310 - Check plugin clock
2024-04-22 10:01:17,200 [INFO] PluginManage:359 - Loaded plugin clock (category:base,tabindex:2)
2024-04-22 10:01:17,201 [INFO] PluginManage:310 - Check plugin ddr
2024-04-22 10:01:17,202 [INFO] PluginManage:359 - Loaded plugin ddr (category:tool,tabindex:6)
2024-04-22 10:01:17,202 [INFO] PluginManage:310 - Check plugin filemanager
2024-04-22 10:01:17,335 [INFO] PluginManage:359 - Loaded plugin filemanager (category:base,tabindex:10)
2024-04-22 10:01:17,335 [INFO] PluginManage:310 - Check plugin ipmanager
2024-04-22 10:01:17,342 [INFO] PluginManage:359 - Loaded plugin ipmanager (category:base,tabindex:5)
2024-04-22 10:01:17,343 [INFO] PluginManage:310 - Check plugin lpbam
2024-04-22 10:01:17,357 [INFO] PluginManage:359 - Loaded plugin lpbam (category:base,tabindex:0)
2024-04-22 10:01:17,357 [INFO] PluginManage:310 - Check plugin memorymap
2024-04-22 10:01:17,374 [INFO] PluginManage:359 - Loaded plugin memorymap (category:base,tabindex:4)
2024-04-22 10:01:17,374 [INFO] PluginManage:310 - Check plugin pinoutandconfiguration
2024-04-22 10:01:17,388 [INFO] PluginManage:359 - Loaded plugin pinoutandconfiguration (category:base,tabindex:1)
2024-04-22 10:01:17,388 [INFO] PluginManage:310 - Check plugin pinoutconfig
2024-04-22 10:01:17,479 [WARN] SupportedApi:132 - Cannot load RTOS API schema: s4s-elt-must-match.1: The content of 'definitions' must match (annotation?, (simpleType | complexType)?, (unique | key | keyref)*)). A problem was found starting at: attribute.
2024-04-22 10:01:17,613 [INFO] PluginManage:359 - Loaded plugin pinoutconfig (category:base,tabindex:0)
2024-04-22 10:01:17,613 [INFO] PluginManage:310 - Check plugin power
2024-04-22 10:01:17,632 [INFO] PluginManage:359 - Loaded plugin power (category:power,tabindex:4)
2024-04-22 10:01:17,632 [INFO] PluginManage:310 - Check plugin projectmanager
2024-04-22 10:01:17,648 [INFO] PluginManage:359 - Loaded plugin projectmanager (category:projectmanager,tabindex:3)
2024-04-22 10:01:17,648 [INFO] PluginManage:310 - Check plugin thirdparty
2024-04-22 10:01:17,887 [INFO] PluginManage:359 - Loaded plugin thirdparty (category:base,tabindex:-1)
2024-04-22 10:01:17,887 [INFO] PluginManage:310 - Check plugin tools
2024-04-22 10:01:17,887 [WARN] IntegrityCheckThread:84 - waiting for thirdparty lock release [integrity check]
2024-04-22 10:01:17,888 [INFO] IntegrityCheckThread:86 - entering critical section [integrity check]
2024-04-22 10:01:17,888 [INFO] ThirdPartyUpdaterWithRetryManager:70 - Updater plugin not ready yet. [1/15]
2024-04-22 10:01:17,915 [INFO] PluginManage:359 - Loaded plugin tools (category:base,tabindex:7)
2024-04-22 10:01:17,915 [INFO] PluginManage:310 - Check plugin tutovideos
2024-04-22 10:01:18,074 [INFO] PluginManage:359 - Loaded plugin tutovideos (category:base,tabindex:-1)
2024-04-22 10:01:18,075 [INFO] PluginManage:310 - Check plugin updater
2024-04-22 10:01:18,093 [INFO] PluginManage:359 - Loaded plugin updater (category:base,tabindex:12)
2024-04-22 10:01:18,093 [INFO] PluginManage:310 - Check plugin userauth
2024-04-22 10:01:18,099 [INFO] UserAuth:114 - Init User Auth plugin
2024-04-22 10:01:18,099 [INFO] PluginManage:359 - Loaded plugin userauth (category:base,tabindex:14)
2024-04-22 10:01:18,099 [INFO] PluginManage:283 - PluginManage : Loaded plugins [17]
2024-04-22 10:01:18,302 [INFO] PinOutPanel:1561 - setPackage(No Configuration,No Configuration)
2024-04-22 10:01:18,371 [INFO] CADModel:165 - CPN selected for project level
2024-04-22 10:01:18,371 [INFO] CADModel:114 - Register for checkConnection events
2024-04-22 10:01:18,399 [INFO] IPUIPlugin:80 - create IPUIPlugin
2024-04-22 10:01:18,400 [INFO] PluginManager:220 - loadIPPluginJar : add adc
2024-04-22 10:01:18,427 [INFO] IPUIPlugin:80 - create IPUIPlugin
2024-04-22 10:01:18,428 [INFO] PluginManager:220 - loadIPPluginJar : add aes
2024-04-22 10:01:18,465 [INFO] IPUIPlugin:80 - create IPUIPlugin
2024-04-22 10:01:18,466 [INFO] PluginManager:220 - loadIPPluginJar : add can
2024-04-22 10:01:18,493 [INFO] IPUIPlugin:80 - create IPUIPlugin
2024-04-22 10:01:18,493 [INFO] PluginManager:220 - loadIPPluginJar : add comp
2024-04-22 10:01:18,533 [INFO] IPUIPlugin:80 - create IPUIPlugin
2024-04-22 10:01:18,534 [INFO] PluginManager:220 - loadIPPluginJar : add cryp
2024-04-22 10:01:18,564 [INFO] IPUIPlugin:80 - create IPUIPlugin
2024-04-22 10:01:18,564 [INFO] PluginManager:220 - loadIPPluginJar : add dfsdm
2024-04-22 10:01:18,578 [INFO] IPUIPlugin:80 - create IPUIPlugin
2024-04-22 10:01:18,579 [INFO] PluginManager:220 - loadIPPluginJar : add dma
2024-04-22 10:01:18,622 [INFO] IPUIPlugin:80 - create IPUIPlugin
2024-04-22 10:01:18,622 [INFO] PluginManager:220 - loadIPPluginJar : add dma3
2024-04-22 10:01:18,662 [INFO] IPUIPlugin:80 - create IPUIPlugin
2024-04-22 10:01:18,662 [INFO] PluginManager:220 - loadIPPluginJar : add extmemmanager
2024-04-22 10:01:18,679 [INFO] IPUIPlugin:80 - create IPUIPlugin
2024-04-22 10:01:18,679 [INFO] PluginManager:220 - loadIPPluginJar : add fatfs
2024-04-22 10:01:18,719 [INFO] IPUIPlugin:80 - create IPUIPlugin
2024-04-22 10:01:18,720 [INFO] PluginManager:220 - loadIPPluginJar : add fmc
2024-04-22 10:01:18,733 [INFO] IPUIPlugin:80 - create IPUIPlugin
2024-04-22 10:01:18,733 [INFO] PluginManager:220 - loadIPPluginJar : add freertos
2024-04-22 10:01:18,753 [INFO] IPUIPlugin:80 - create IPUIPlugin
2024-04-22 10:01:18,753 [INFO] PluginManager:220 - loadIPPluginJar : add genericplugin
2024-04-22 10:01:18,822 [INFO] IPUIPlugin:80 - create IPUIPlugin
2024-04-22 10:01:18,822 [INFO] PluginManager:220 - loadIPPluginJar : add gfxmmu
2024-04-22 10:01:18,917 [INFO] IPUIPlugin:80 - create IPUIPlugin
2024-04-22 10:01:18,918 [INFO] PluginManager:220 - loadIPPluginJar : add gic
2024-04-22 10:01:18,927 [INFO] IPUIPlugin:80 - create IPUIPlugin
2024-04-22 10:01:18,928 [INFO] PluginManager:220 - loadIPPluginJar : add gpio
2024-04-22 10:01:18,993 [INFO] IPUIPlugin:80 - create IPUIPlugin
2024-04-22 10:01:18,993 [INFO] PluginManager:220 - loadIPPluginJar : add gtzc
2024-04-22 10:01:19,019 [INFO] IPUIPlugin:80 - create IPUIPlugin
2024-04-22 10:01:19,019 [INFO] PluginManager:220 - loadIPPluginJar : add hash
2024-04-22 10:01:19,059 [INFO] IPUIPlugin:80 - create IPUIPlugin
2024-04-22 10:01:19,059 [INFO] PluginManager:220 - loadIPPluginJar : add i2c
2024-04-22 10:01:19,086 [INFO] IPUIPlugin:80 - create IPUIPlugin
2024-04-22 10:01:19,086 [INFO] PluginManager:220 - loadIPPluginJar : add i2s
2024-04-22 10:01:19,116 [INFO] IPUIPlugin:80 - create IPUIPlugin
2024-04-22 10:01:19,116 [INFO] PluginManager:220 - loadIPPluginJar : add i3c
2024-04-22 10:01:19,194 [INFO] IPUIPlugin:80 - create IPUIPlugin
2024-04-22 10:01:19,194 [INFO] PluginManager:220 - loadIPPluginJar : add ipddr
2024-04-22 10:01:19,263 [INFO] IPUIPlugin:80 - create IPUIPlugin
2024-04-22 10:01:19,263 [INFO] PluginManager:220 - loadIPPluginJar : add linkedlist
2024-04-22 10:01:19,291 [INFO] IPUIPlugin:80 - create IPUIPlugin
2024-04-22 10:01:19,292 [INFO] PluginManager:220 - loadIPPluginJar : add lorawan
2024-04-22 10:01:19,360 [INFO] IPUIPlugin:80 - create IPUIPlugin
2024-04-22 10:01:19,360 [INFO] PluginManager:220 - loadIPPluginJar : add ltdc
2024-04-22 10:01:19,370 [INFO] IPUIPlugin:80 - create IPUIPlugin
2024-04-22 10:01:19,370 [INFO] PluginManager:220 - loadIPPluginJar : add mdma
2024-04-22 10:01:19,378 [INFO] IPUIPlugin:80 - create IPUIPlugin
2024-04-22 10:01:19,378 [INFO] PluginManager:220 - loadIPPluginJar : add nvic
2024-04-22 10:01:19,405 [INFO] IPUIPlugin:80 - create IPUIPlugin
2024-04-22 10:01:19,405 [INFO] PluginManager:220 - loadIPPluginJar : add opamp
2024-04-22 10:01:19,447 [INFO] IPUIPlugin:80 - create IPUIPlugin
2024-04-22 10:01:19,447 [INFO] PluginManager:220 - loadIPPluginJar : add openamp
2024-04-22 10:01:19,479 [INFO] IPUIPlugin:80 - create IPUIPlugin
2024-04-22 10:01:19,479 [INFO] PluginManager:220 - loadIPPluginJar : add pdm2pcm
2024-04-22 10:01:19,490 [INFO] IPUIPlugin:80 - create IPUIPlugin
2024-04-22 10:01:19,492 [INFO] PluginManager:220 - loadIPPluginJar : add plateformsettings
2024-04-22 10:01:19,508 [INFO] IPUIPlugin:80 - create IPUIPlugin
2024-04-22 10:01:19,509 [INFO] PluginManager:220 - loadIPPluginJar : add quadspi
2024-04-22 10:01:19,518 [INFO] IPUIPlugin:80 - create IPUIPlugin
2024-04-22 10:01:19,518 [INFO] PluginManager:220 - loadIPPluginJar : add resmgrutility
2024-04-22 10:01:19,553 [INFO] IPUIPlugin:80 - create IPUIPlugin
2024-04-22 10:01:19,553 [INFO] PluginManager:220 - loadIPPluginJar : add sai
2024-04-22 10:01:19,583 [INFO] IPUIPlugin:80 - create IPUIPlugin
2024-04-22 10:01:19,583 [INFO] PluginManager:220 - loadIPPluginJar : add spi
2024-04-22 10:01:19,630 [INFO] IPUIPlugin:80 - create IPUIPlugin
2024-04-22 10:01:19,631 [INFO] PluginManager:220 - loadIPPluginJar : add stm32_wpan
2024-04-22 10:01:19,652 [INFO] IPUIPlugin:80 - create IPUIPlugin
2024-04-22 10:01:19,652 [INFO] PluginManager:220 - loadIPPluginJar : add tim
2024-04-22 10:01:19,697 [INFO] IPUIPlugin:80 - create IPUIPlugin
2024-04-22 10:01:19,697 [INFO] PluginManager:220 - loadIPPluginJar : add touchsensing
2024-04-22 10:01:19,715 [INFO] IPUIPlugin:80 - create IPUIPlugin
2024-04-22 10:01:19,715 [INFO] PluginManager:220 - loadIPPluginJar : add tracer_emb
2024-04-22 10:01:19,732 [INFO] IPUIPlugin:80 - create IPUIPlugin
2024-04-22 10:01:19,732 [INFO] PluginManager:220 - loadIPPluginJar : add ts
2024-04-22 10:01:19,748 [INFO] IPUIPlugin:80 - create IPUIPlugin
2024-04-22 10:01:19,748 [INFO] PluginManager:220 - loadIPPluginJar : add tsc
2024-04-22 10:01:19,763 [INFO] IPUIPlugin:80 - create IPUIPlugin
2024-04-22 10:01:19,763 [INFO] PluginManager:220 - loadIPPluginJar : add ucpd
2024-04-22 10:01:19,798 [INFO] IPUIPlugin:80 - create IPUIPlugin
2024-04-22 10:01:19,798 [INFO] PluginManager:220 - loadIPPluginJar : add usart
2024-04-22 10:01:19,831 [INFO] IPUIPlugin:80 - create IPUIPlugin
2024-04-22 10:01:19,831 [INFO] PluginManager:220 - loadIPPluginJar : add usbx
2024-04-22 10:01:19,986 [INFO] CADModel:165 - CPN selected for project level
2024-04-22 10:01:19,986 [INFO] CADModel:114 - Register for checkConnection events
2024-04-22 10:01:19,986 [FATAL] Updater:308 - Updater called before beeing initialized
2024-04-22 10:01:19,987 [ERROR] CADModel:125 - Updater not yet initialized, retry later 
2024-04-22 10:01:20,104 [INFO] CADModel:165 - CPN selected for project level
2024-04-22 10:01:20,104 [INFO] CADModel:114 - Register for checkConnection events
2024-04-22 10:01:20,104 [FATAL] Updater:308 - Updater called before beeing initialized
2024-04-22 10:01:20,104 [ERROR] CADModel:125 - Updater not yet initialized, retry later 
2024-04-22 10:01:20,106 [FATAL] Updater:308 - Updater called before beeing initialized
2024-04-22 10:01:20,208 [FATAL] Updater:308 - Updater called before beeing initialized
2024-04-22 10:01:20,217 [INFO] DbMcusAds:53 - JSON generation date=Wed Nov 29 05:52:27 COT 2023 (1701255147349)
2024-04-22 10:01:20,217 [FATAL] Updater:308 - Updater called before beeing initialized
2024-04-22 10:01:20,245 [WARN] DetailPanel:346 - Failed to get advertising image, set to default
2024-04-22 10:01:20,313 [FATAL] Updater:308 - Updater called before beeing initialized
2024-04-22 10:01:20,314 [FATAL] Updater:308 - Updater called before beeing initialized
2024-04-22 10:01:20,314 [FATAL] Updater:308 - Updater called before beeing initialized
2024-04-22 10:01:20,315 [WARN] DetailPanel:346 - Failed to get advertising image, set to default
2024-04-22 10:01:20,315 [FATAL] Updater:308 - Updater called before beeing initialized
2024-04-22 10:01:20,374 [ERROR] Updater:1120 - MainUpdater not yet initialized. External WinMGr cannot be set.
2024-04-22 10:01:20,383 [INFO] Updater:1056 - Updater Version found : 6.11.0
2024-04-22 10:01:20,398 [INFO] ApplicationProperties:184 - Using Application install path: C:\ST\STM32CubeIDE_1.14.1\STM32CubeIDE\plugins\com.st.stm32cube.common.mx_6.11.0.202403141607
2024-04-22 10:01:20,889 [INFO] ThirdPartyUpdaterWithRetryManager:70 - Updater plugin not ready yet. [2/15]
2024-04-22 10:01:21,978 [ERROR] LogOutputStream:75 - [STDERR_REDIRECT] Apr 22, 2024 10:01:21 AM java.util.prefs.WindowsPreferences <init>
2024-04-22 10:01:21,979 [ERROR] LogOutputStream:75 - [STDERR_REDIRECT] WARNING: Could not open/create prefs root node Software\JavaSoft\Prefs at root 0xffffffff80000002. Windows RegCreateKeyEx(...) returned error code 5.
2024-04-22 10:01:21,979 [ERROR] LogOutputStream:75 - [STDERR_REDIRECT] 
2024-04-22 10:01:22,956 [INFO] MainUpdater:2873 - connection check result : 10
2024-04-22 10:01:22,956 [INFO] MainUpdater:290 - Updater Check For Update Now.
2024-04-22 10:01:22,957 [INFO] MicroXplorer:498 - Change Database Version : DB.6.0.110
2024-04-22 10:01:22,976 [INFO] McuFinderGlobals:63 - Set McuFinder mode to 2 (CubeIDE integrated)
2024-04-22 10:01:23,001 [INFO] UserAuth:415 - Internet connection configuration mode: 1
2024-04-22 10:01:23,042 [INFO] JxBrowserEngine:152 - Initiate JxBrowser Engine with user profile folder
2024-04-22 10:01:23,186 [INFO] CheckServerUpdateThread:120 - End of CheckServer Thread
2024-04-22 10:01:24,031 [WARN] PackLoader:240 - Cannot read IP mode file for STMicroelectronics.FP-SNS-MOTENVWB1.1.4.0
2024-04-22 10:01:24,048 [WARN] PackLoader:240 - Cannot read IP mode file for STMicroelectronics.X-CUBE-SMBUS.2.1.0
2024-04-22 10:01:24,071 [WARN] PackLoader:240 - Cannot read IP mode file for STMicroelectronics.X-CUBE-TOUCHGFX.4.23.1
2024-04-22 10:01:24,081 [WARN] PackLoader:240 - Cannot read IP mode file for STMicroelectronics.X-CUBE-TOUCHGFX.4.23.0
2024-04-22 10:01:24,091 [WARN] PackLoader:240 - Cannot read IP mode file for STMicroelectronics.X-CUBE-TOUCHGFX.4.23.2
2024-04-22 10:01:24,136 [WARN] PackLoader:240 - Cannot read IP mode file for STMicroelectronics.X-CUBE-AZRTOS-F7.1.1.0
2024-04-22 10:01:24,156 [WARN] PackLoader:240 - Cannot read IP mode file for STMicroelectronics.FP-SNS-MOTENV1.4.3.2
2024-04-22 10:01:24,173 [WARN] PackLoader:240 - Cannot read IP mode file for STMicroelectronics.FP-SNS-FLIGHT1.5.0.2
2024-04-22 10:01:24,193 [WARN] PackLoader:240 - Cannot read IP mode file for STMicroelectronics.X-CUBE-DISPLAY.3.0.0
2024-04-22 10:01:24,226 [WARN] PackLoader:240 - Cannot read IP mode file for STMicroelectronics.X-CUBE-BLE1.7.0.0
2024-04-22 10:01:24,241 [WARN] PackLoader:240 - Cannot read IP mode file for emotas.I-CUBE-CANOPEN.1.3.0
2024-04-22 10:01:24,271 [WARN] PackLoader:240 - Cannot read IP mode file for STMicroelectronics.X-CUBE-BLEMGR.3.1.0
2024-04-22 10:01:24,290 [WARN] PackLoader:240 - Cannot read IP mode file for STMicroelectronics.FP-SNS-SMARTAG2.1.2.0
2024-04-22 10:01:24,334 [INFO] LogOutputStream:77 - [STDOUT_REDIRECT] 1 : Invalid condition id : UX_CORESTACK_Condition cause : null
2024-04-22 10:01:24,335 [INFO] LogOutputStream:77 - [STDOUT_REDIRECT] 1 : Invalid condition id : UX_CORESTACK_Condition cause : null
2024-04-22 10:01:24,337 [INFO] LogOutputStream:77 - [STDOUT_REDIRECT] 1 : Invalid condition id : UX_CORESTACK_Condition cause : null
2024-04-22 10:01:24,338 [INFO] LogOutputStream:77 - [STDOUT_REDIRECT] 1 : Invalid condition id : UX_CORESTACK_Condition cause : null
2024-04-22 10:01:24,339 [INFO] LogOutputStream:77 - [STDOUT_REDIRECT] 1 : Invalid condition id : UX_CORESTACK_Condition cause : null
2024-04-22 10:01:24,343 [WARN] PackLoader:240 - Cannot read IP mode file for STMicroelectronics.X-CUBE-AZRTOS-WL.2.0.0
2024-04-22 10:01:24,360 [WARN] PackLoader:240 - Cannot read IP mode file for STMicroelectronics.FP-SNS-MOTENV1.5.0.0
2024-04-22 10:01:24,375 [WARN] PackLoader:240 - Cannot read IP mode file for WES.I-CUBE-Cesium.1.3.0
2024-04-22 10:01:24,388 [WARN] PackLoader:240 - Cannot read IP mode file for STMicroelectronics.X-CUBE-BLE2.3.3.0
2024-04-22 10:01:24,402 [WARN] PackLoader:240 - Cannot read IP mode file for STMicroelectronics.X-CUBE-TCPP.4.1.0
2024-04-22 10:01:24,419 [WARN] PackLoader:240 - Cannot read IP mode file for STMicroelectronics.X-CUBE-ALGOBUILD.1.3.0
2024-04-22 10:01:24,446 [WARN] PackLoader:240 - Cannot read IP mode file for STMicroelectronics.X-CUBE-AZRTOS-G0.1.1.0
2024-04-22 10:01:24,464 [WARN] PackLoader:240 - Cannot read IP mode file for STMicroelectronics.X-CUBE-SAFEA1.1.2.2
2024-04-22 10:01:24,479 [WARN] PackLoader:240 - Cannot read IP mode file for STMicroelectronics.X-CUBE-NFC4.3.0.0
2024-04-22 10:01:24,497 [WARN] PackLoader:240 - Cannot read IP mode file for STMicroelectronics.X-CUBE-BLEMGR.3.0.0
2024-04-22 10:01:24,512 [WARN] PackLoader:240 - Cannot read IP mode file for STMicroelectronics.FP-ATR-SIGFOX1.3.2.0
2024-04-22 10:01:24,535 [WARN] PackLoader:240 - Cannot read IP mode file for STMicroelectronics.X-CUBE-EEPRMA1.5.1.0
2024-04-22 10:01:24,580 [WARN] PackLoader:240 - Cannot read IP mode file for SEGGER.I-CUBE-embOS.1.3.1
2024-04-22 10:01:24,623 [WARN] PackLoader:240 - Cannot read IP mode file for STMicroelectronics.X-CUBE-GNSS1.6.0.0
2024-04-22 10:01:24,654 [WARN] PackLoader:240 - Cannot read IP mode file for STMicroelectronics.X-CUBE-AZRTOS-F4.1.1.0
2024-04-22 10:01:24,668 [WARN] PackLoader:240 - Cannot read IP mode file for wolfSSL.I-CUBE-wolfSSL.5.6.6
2024-04-22 10:01:24,703 [WARN] PackLoader:240 - Cannot read IP mode file for STMicroelectronics.X-CUBE-AZRTOS-L5.2.0.0
2024-04-22 10:01:24,733 [WARN] PackLoader:240 - Cannot read IP mode file for STMicroelectronics.X-CUBE-NFC6.3.1.0
2024-04-22 10:01:24,750 [WARN] PackLoader:240 - Cannot read IP mode file for ITTIA_DB.I-CUBE-ITTIADB.8.8.0
2024-04-22 10:01:24,761 [WARN] PackLoader:240 - Cannot read IP mode file for STMicroelectronics.X-CUBE-AI.9.0.0
2024-04-22 10:01:24,773 [WARN] PackLoader:240 - Cannot read IP mode file for STMicroelectronics.X-CUBE-NFC7.1.0.1
2024-04-22 10:01:24,792 [WARN] PackLoader:240 - Cannot read IP mode file for STMicroelectronics.X-CUBE-NFC6.3.0.0
2024-04-22 10:01:24,807 [WARN] PackLoader:240 - Cannot read IP mode file for STMicroelectronics.X-CUBE-AI.8.1.0
2024-04-22 10:01:24,842 [WARN] ConditionMgr:438 - getConditionDescription Invalid condition id : LAN8742 Phy interface Condition cause : null
2024-04-22 10:01:24,843 [WARN] PackLoader:240 - Cannot read IP mode file for STMicroelectronics.X-CUBE-AZRTOS-L4.2.0.0
2024-04-22 10:01:24,844 [WARN] ConditionMgr:1039 - genDependencies : Invalid condition id : LAN8742 Phy interface Condition cause : null
2024-04-22 10:01:24,844 [WARN] ConditionMgr:1039 - genDependencies : Invalid condition id : LAN8742 Phy interface Condition cause : null
2024-04-22 10:01:24,845 [WARN] ConditionMgr:1039 - genDependencies : Invalid condition id : LAN8742 Phy interface Condition cause : null
2024-04-22 10:01:24,865 [WARN] PackLoader:240 - Cannot read IP mode file for STMicroelectronics.X-CUBE-SFXS2LP1.4.0.0
2024-04-22 10:01:24,895 [WARN] ConditionMgr:438 - getConditionDescription Invalid condition id : UX DEVICE CLASS RTOS Condition cause : null
2024-04-22 10:01:24,895 [WARN] ConditionMgr:438 - getConditionDescription Invalid condition id : UX DEVICE CLASS RTOS Condition cause : null
2024-04-22 10:01:24,897 [WARN] PackLoader:240 - Cannot read IP mode file for STMicroelectronics.X-CUBE-AZRTOS-WB.2.0.0
2024-04-22 10:01:24,898 [WARN] ConditionMgr:1039 - genDependencies : Invalid condition id : UX DEVICE CLASS RTOS Condition cause : null
2024-04-22 10:01:24,898 [WARN] ConditionMgr:1039 - genDependencies : Invalid condition id : UX DEVICE CLASS RTOS Condition cause : null
2024-04-22 10:01:24,899 [WARN] ConditionMgr:1039 - genDependencies : Invalid condition id : UX DEVICE CLASS RTOS Condition cause : null
2024-04-22 10:01:24,899 [WARN] ConditionMgr:1039 - genDependencies : Invalid condition id : UX DEVICE CLASS RTOS Condition cause : null
2024-04-22 10:01:24,899 [WARN] ConditionMgr:1039 - genDependencies : Invalid condition id : UX DEVICE CLASS RTOS Condition cause : null
2024-04-22 10:01:24,918 [WARN] PackLoader:240 - Cannot read IP mode file for STMicroelectronics.X-CUBE-SUBG2.5.0.0
2024-04-22 10:01:24,955 [WARN] PackLoader:240 - Cannot read IP mode file for STMicroelectronics.X-CUBE-AZRTOS-G4.2.0.0
2024-04-22 10:01:24,982 [WARN] PackLoader:240 - Cannot read IP mode file for Infineon.AIROC-Wi-Fi-Bluetooth-STM32.1.5.1
2024-04-22 10:01:25,001 [WARN] PackLoader:240 - Cannot read IP mode file for STMicroelectronics.FP-SNS-MOTENVWB1.1.3.1
2024-04-22 10:01:25,016 [WARN] PackLoader:240 - Cannot read IP mode file for STMicroelectronics.X-CUBE-ISPU.2.0.0
2024-04-22 10:01:25,083 [WARN] PackLoader:240 - Cannot read IP mode file for STMicroelectronics.X-CUBE-MEMS1.10.0.0
2024-04-22 10:01:25,248 [WARN] PackLoader:240 - Cannot read IP mode file for STMicroelectronics.X-CUBE-FREERTOS.1.1.0
2024-04-22 10:01:25,273 [WARN] PackLoader:240 - Cannot read IP mode file for portGmbH.I-Cube-SoM-uGOAL.1.1.0
2024-04-22 10:01:25,295 [WARN] PackLoader:240 - Cannot read IP mode file for STMicroelectronics.X-CUBE-ALS.1.0.1
2024-04-22 10:01:25,328 [WARN] PackLoader:240 - Cannot read IP mode file for STMicroelectronics.X-CUBE-AZRTOS-H7RS.1.0.0
2024-04-22 10:01:25,346 [WARN] PackLoader:240 - Cannot read IP mode file for STMicroelectronics.FP-ATR-ASTRA1.2.0.0
2024-04-22 10:01:25,370 [WARN] PackLoader:240 - Cannot read IP mode file for STMicroelectronics.X-CUBE-TOF1.3.4.0
2024-04-22 10:01:25,403 [WARN] PackLoader:240 - Cannot read IP mode file for STMicroelectronics.X-CUBE-TOF1.3.4.1
2024-04-22 10:01:25,452 [WARN] PackLoader:240 - Cannot read IP mode file for STMicroelectronics.X-CUBE-AZRTOS-H7.3.2.0
2024-04-22 10:01:25,460 [INFO] ThirdParty:978 - Integrity check success = true
2024-04-22 10:01:25,460 [INFO] IntegrityCheckThread:100 - exiting critical section [integrity check]
2024-04-22 10:01:25,460 [INFO] IntegrityCheckThread:103 - End integrity checks thread
2024-04-22 10:01:26,908 [INFO] WebApp:161 - Instantiating new browser for Auth
2024-04-22 10:01:27,384 [INFO] WebApp:779 - Register for checkConnection events
2024-04-22 10:01:27,385 [INFO] WebApp:414 - Apply proxy settings
2024-04-22 10:01:27,385 [INFO] WebApp:499 - Chromium requires no authentication
2024-04-22 10:01:27,390 [INFO] WebApp:442 - Direct internet connection detected
2024-04-22 10:01:27,511 [INFO] WebApp:192 - Starting web application
2024-04-22 10:01:27,511 [INFO] WebApp:544 - Web application path used C:\ST\STM32CubeIDE_1.14.1\STM32CubeIDE\plugins\com.st.stm32cube.common.mx_6.11.0.202403141607\db\plugins\mcufinder\reactClient1\index.html
2024-04-22 10:04:54,581 [ERROR] LogOutputStream:75 - [STDERR_REDIRECT] 
2024-04-22 10:04:54,582 [ERROR] LogOutputStream:75 - [STDERR_REDIRECT] 
2024-04-22 10:21:11,702 [INFO] Activator:176 - 


2024-04-22 10:21:11,705 [INFO] Activator:177 - !SESSION log4j initialized
2024-04-22 10:21:16,389 [INFO] LogOutputStream:77 - [STDOUT_REDIRECT] 
2024-04-22 10:21:18,245 [INFO] ApplicationProperties:184 - Using Application install path: C:\ST\STM32CubeIDE_1.14.1\STM32CubeIDE\plugins\com.st.stm32cube.common.mx_6.11.0.202403141607
2024-04-22 10:21:18,263 [INFO] DbMcusXml:78 - Set database path to: C:\ST\STM32CubeIDE_1.14.1\STM32CubeIDE\plugins\com.st.stm32cube.common.mx_6.11.0.202403141607\\db\/mcu/
2024-04-22 10:21:18,263 [INFO] ApiDb:274 - Set plugin database path to: C:\ST\STM32CubeIDE_1.14.1\STM32CubeIDE\plugins\com.st.stm32cube.common.mx_6.11.0.202403141607\\db\/plugins/boardmanager/
2024-04-22 10:21:18,263 [WARN] ApiDb:259 - Overriding images path with different value:  => C:\ST\STM32CubeIDE_1.14.1\STM32CubeIDE\plugins\com.st.stm32cube.common.mx_6.11.0.202403141607\\db\/plugins/mcufinder/images/
2024-04-22 10:21:18,268 [INFO] ApiDb:250 - Set database path to: C:\Users\ASUS\.stmcufinder\plugins\mcufinder//mcu/
2024-04-22 10:21:18,269 [INFO] DbMcusAds:125 - Set database path to: C:\Users\ASUS\.stmcufinder\plugins\mcufinder//mcu/
2024-04-22 10:21:18,271 [INFO] CrossReferenceDbSqlite:203 - Set database path to: C:\Users\ASUS\.stmcufinder\plugins\mcufinder//mcu/cs/
2024-04-22 10:21:18,378 [INFO] RulesReader:64 - Compatibility file has been processed (297 Rules)
2024-04-22 10:21:18,450 [INFO] DbMcusXml:78 - Set database path to: C:\ST\STM32CubeIDE_1.14.1\STM32CubeIDE\plugins\com.st.stm32cube.common.mx_6.11.0.202403141607\\db\/mcu/
2024-04-22 10:21:18,450 [INFO] ApiDb:274 - Set plugin database path to: C:\ST\STM32CubeIDE_1.14.1\STM32CubeIDE\plugins\com.st.stm32cube.common.mx_6.11.0.202403141607\\db\/plugins/boardmanager/
2024-04-22 10:21:18,450 [INFO] ApiDb:261 - Set plugin images path to: C:\ST\STM32CubeIDE_1.14.1\STM32CubeIDE\plugins\com.st.stm32cube.common.mx_6.11.0.202403141607\\db\/plugins/mcufinder/images/
2024-04-22 10:21:18,450 [WARN] DbFile:41 - Overriding database path with different value: C:\Users\ASUS\.stmcufinder\plugins\mcufinder/ => C:\Users\ASUS\.stmcufinder\plugins\mcufinder
2024-04-22 10:21:18,450 [INFO] ApiDb:250 - Set database path to: C:\Users\ASUS\.stmcufinder\plugins\mcufinder//mcu/
2024-04-22 10:21:18,450 [WARN] DbFile:41 - Overriding database path with different value: C:\Users\ASUS\.stmcufinder\plugins\mcufinder/ => C:\Users\ASUS\.stmcufinder\plugins\mcufinder
2024-04-22 10:21:18,450 [INFO] DbMcusAds:125 - Set database path to: C:\Users\ASUS\.stmcufinder\plugins\mcufinder//mcu/
2024-04-22 10:21:18,450 [WARN] DbFile:41 - Overriding database path with different value: C:\Users\ASUS\.stmcufinder\plugins\mcufinder/ => C:\Users\ASUS\.stmcufinder\plugins\mcufinder
2024-04-22 10:21:18,450 [WARN] DbFile:41 - Overriding database path with different value: C:\Users\ASUS\.stmcufinder\plugins\mcufinder/ => C:\Users\ASUS\.stmcufinder\plugins\mcufinder
2024-04-22 10:21:18,450 [INFO] CrossReferenceDbSqlite:203 - Set database path to: C:\Users\ASUS\.stmcufinder\plugins\mcufinder//mcu/cs/
2024-04-22 10:21:18,511 [INFO] MainPanel:264 - HeapMemory: 268435456
2024-04-22 10:21:18,575 [INFO] DbMcusXml:78 - Set database path to: C:\ST\STM32CubeIDE_1.14.1\STM32CubeIDE\plugins\com.st.stm32cube.common.mx_6.11.0.202403141607\\db\/mcu/
2024-04-22 10:21:18,575 [INFO] ApiDb:274 - Set plugin database path to: C:\ST\STM32CubeIDE_1.14.1\STM32CubeIDE\plugins\com.st.stm32cube.common.mx_6.11.0.202403141607\\db\/plugins/boardmanager/
2024-04-22 10:21:18,575 [INFO] ApiDb:261 - Set plugin images path to: C:\ST\STM32CubeIDE_1.14.1\STM32CubeIDE\plugins\com.st.stm32cube.common.mx_6.11.0.202403141607\\db\/plugins/mcufinder/images/
2024-04-22 10:21:18,576 [WARN] DbFile:41 - Overriding database path with different value: C:\Users\ASUS\.stmcufinder\plugins\mcufinder/ => C:\Users\ASUS\.stmcufinder\plugins\mcufinder
2024-04-22 10:21:18,576 [INFO] ApiDb:250 - Set database path to: C:\Users\ASUS\.stmcufinder\plugins\mcufinder//mcu/
2024-04-22 10:21:18,576 [WARN] DbFile:41 - Overriding database path with different value: C:\Users\ASUS\.stmcufinder\plugins\mcufinder/ => C:\Users\ASUS\.stmcufinder\plugins\mcufinder
2024-04-22 10:21:18,576 [INFO] DbMcusAds:125 - Set database path to: C:\Users\ASUS\.stmcufinder\plugins\mcufinder//mcu/
2024-04-22 10:21:18,576 [WARN] DbFile:41 - Overriding database path with different value: C:\Users\ASUS\.stmcufinder\plugins\mcufinder/ => C:\Users\ASUS\.stmcufinder\plugins\mcufinder
2024-04-22 10:21:18,576 [WARN] DbFile:41 - Overriding database path with different value: C:\Users\ASUS\.stmcufinder\plugins\mcufinder/ => C:\Users\ASUS\.stmcufinder\plugins\mcufinder
2024-04-22 10:21:18,577 [INFO] CrossReferenceDbSqlite:203 - Set database path to: C:\Users\ASUS\.stmcufinder\plugins\mcufinder//mcu/cs/
2024-04-22 10:21:18,602 [INFO] ApplicationProperties:184 - Using Application install path: C:\ST\STM32CubeIDE_1.14.1\STM32CubeIDE\plugins\com.st.stm32cube.common.mx_6.11.0.202403141607
2024-04-22 10:21:18,603 [INFO] PluginManage:196 - Search for loadable plugins [exclusion list=, ]
2024-04-22 10:21:18,604 [INFO] PluginManage:310 - Check plugin analytics
2024-04-22 10:21:18,808 [INFO] AnalyticsPlugin:253 - Accepted Software Licenses: 
2024-04-22 10:21:18,808 [INFO] AnalyticsPlugin:255 - Accepted CMSIS Pack Licenses: 
2024-04-22 10:21:18,808 [INFO] AnalyticsPlugin:257 - Accepted Firmware Licenses: FW.F4.1.28.0
2024-04-22 10:21:18,811 [INFO] PluginManage:359 - Loaded plugin analytics (category:tool,tabindex:-1)
2024-04-22 10:21:18,812 [INFO] PluginManage:310 - Check plugin cadmodel
2024-04-22 10:21:18,817 [INFO] CADModel:105 - Init CAD model plugin
2024-04-22 10:21:18,817 [INFO] PluginManage:359 - Loaded plugin cadmodel (category:power,tabindex:5)
2024-04-22 10:21:18,818 [INFO] PluginManage:310 - Check plugin clock
2024-04-22 10:21:18,830 [INFO] PluginManage:359 - Loaded plugin clock (category:base,tabindex:2)
2024-04-22 10:21:18,830 [INFO] PluginManage:310 - Check plugin ddr
2024-04-22 10:21:18,832 [INFO] PluginManage:359 - Loaded plugin ddr (category:tool,tabindex:6)
2024-04-22 10:21:18,833 [INFO] PluginManage:310 - Check plugin filemanager
2024-04-22 10:21:18,967 [INFO] PluginManage:359 - Loaded plugin filemanager (category:base,tabindex:10)
2024-04-22 10:21:18,967 [INFO] PluginManage:310 - Check plugin ipmanager
2024-04-22 10:21:18,973 [INFO] PluginManage:359 - Loaded plugin ipmanager (category:base,tabindex:5)
2024-04-22 10:21:18,974 [INFO] PluginManage:310 - Check plugin lpbam
2024-04-22 10:21:18,981 [INFO] PluginManage:359 - Loaded plugin lpbam (category:base,tabindex:0)
2024-04-22 10:21:18,982 [INFO] PluginManage:310 - Check plugin memorymap
2024-04-22 10:21:18,992 [INFO] PluginManage:359 - Loaded plugin memorymap (category:base,tabindex:4)
2024-04-22 10:21:18,992 [INFO] PluginManage:310 - Check plugin pinoutandconfiguration
2024-04-22 10:21:18,997 [INFO] PluginManage:359 - Loaded plugin pinoutandconfiguration (category:base,tabindex:1)
2024-04-22 10:21:18,998 [INFO] PluginManage:310 - Check plugin pinoutconfig
2024-04-22 10:21:19,105 [WARN] SupportedApi:132 - Cannot load RTOS API schema: s4s-elt-must-match.1: The content of 'definitions' must match (annotation?, (simpleType | complexType)?, (unique | key | keyref)*)). A problem was found starting at: attribute.
2024-04-22 10:21:19,228 [INFO] PluginManage:359 - Loaded plugin pinoutconfig (category:base,tabindex:0)
2024-04-22 10:21:19,228 [INFO] PluginManage:310 - Check plugin power
2024-04-22 10:21:19,241 [INFO] PluginManage:359 - Loaded plugin power (category:power,tabindex:4)
2024-04-22 10:21:19,241 [INFO] PluginManage:310 - Check plugin projectmanager
2024-04-22 10:21:19,259 [INFO] PluginManage:359 - Loaded plugin projectmanager (category:projectmanager,tabindex:3)
2024-04-22 10:21:19,259 [INFO] PluginManage:310 - Check plugin thirdparty
2024-04-22 10:21:19,381 [INFO] PluginManage:359 - Loaded plugin thirdparty (category:base,tabindex:-1)
2024-04-22 10:21:19,381 [WARN] IntegrityCheckThread:84 - waiting for thirdparty lock release [integrity check]
2024-04-22 10:21:19,381 [INFO] IntegrityCheckThread:86 - entering critical section [integrity check]
2024-04-22 10:21:19,381 [INFO] PluginManage:310 - Check plugin tools
2024-04-22 10:21:19,382 [INFO] ThirdPartyUpdaterWithRetryManager:70 - Updater plugin not ready yet. [1/15]
2024-04-22 10:21:19,384 [INFO] PluginManage:359 - Loaded plugin tools (category:base,tabindex:7)
2024-04-22 10:21:19,384 [INFO] PluginManage:310 - Check plugin tutovideos
2024-04-22 10:21:19,514 [INFO] PluginManage:359 - Loaded plugin tutovideos (category:base,tabindex:-1)
2024-04-22 10:21:19,515 [INFO] PluginManage:310 - Check plugin updater
2024-04-22 10:21:19,525 [INFO] PluginManage:359 - Loaded plugin updater (category:base,tabindex:12)
2024-04-22 10:21:19,525 [INFO] PluginManage:310 - Check plugin userauth
2024-04-22 10:21:19,529 [INFO] UserAuth:114 - Init User Auth plugin
2024-04-22 10:21:19,529 [INFO] PluginManage:359 - Loaded plugin userauth (category:base,tabindex:14)
2024-04-22 10:21:19,529 [INFO] PluginManage:283 - PluginManage : Loaded plugins [17]
2024-04-22 10:21:19,790 [INFO] PinOutPanel:1561 - setPackage(No Configuration,No Configuration)
2024-04-22 10:21:19,854 [INFO] CADModel:165 - CPN selected for project level
2024-04-22 10:21:19,854 [INFO] CADModel:114 - Register for checkConnection events
2024-04-22 10:21:19,868 [INFO] IPUIPlugin:80 - create IPUIPlugin
2024-04-22 10:21:19,868 [INFO] PluginManager:220 - loadIPPluginJar : add adc
2024-04-22 10:21:19,870 [INFO] IPUIPlugin:80 - create IPUIPlugin
2024-04-22 10:21:19,870 [INFO] PluginManager:220 - loadIPPluginJar : add aes
2024-04-22 10:21:19,872 [INFO] IPUIPlugin:80 - create IPUIPlugin
2024-04-22 10:21:19,872 [INFO] PluginManager:220 - loadIPPluginJar : add can
2024-04-22 10:21:19,873 [INFO] IPUIPlugin:80 - create IPUIPlugin
2024-04-22 10:21:19,873 [INFO] PluginManager:220 - loadIPPluginJar : add comp
2024-04-22 10:21:19,875 [INFO] IPUIPlugin:80 - create IPUIPlugin
2024-04-22 10:21:19,875 [INFO] PluginManager:220 - loadIPPluginJar : add cryp
2024-04-22 10:21:19,877 [INFO] IPUIPlugin:80 - create IPUIPlugin
2024-04-22 10:21:19,877 [INFO] PluginManager:220 - loadIPPluginJar : add dfsdm
2024-04-22 10:21:19,881 [INFO] IPUIPlugin:80 - create IPUIPlugin
2024-04-22 10:21:19,881 [INFO] PluginManager:220 - loadIPPluginJar : add dma
2024-04-22 10:21:19,883 [INFO] IPUIPlugin:80 - create IPUIPlugin
2024-04-22 10:21:19,883 [INFO] PluginManager:220 - loadIPPluginJar : add dma3
2024-04-22 10:21:19,885 [INFO] IPUIPlugin:80 - create IPUIPlugin
2024-04-22 10:21:19,885 [INFO] PluginManager:220 - loadIPPluginJar : add extmemmanager
2024-04-22 10:21:19,886 [INFO] IPUIPlugin:80 - create IPUIPlugin
2024-04-22 10:21:19,886 [INFO] PluginManager:220 - loadIPPluginJar : add fatfs
2024-04-22 10:21:19,890 [INFO] IPUIPlugin:80 - create IPUIPlugin
2024-04-22 10:21:19,890 [INFO] PluginManager:220 - loadIPPluginJar : add fmc
2024-04-22 10:21:19,894 [INFO] IPUIPlugin:80 - create IPUIPlugin
2024-04-22 10:21:19,894 [INFO] PluginManager:220 - loadIPPluginJar : add freertos
2024-04-22 10:21:19,895 [INFO] IPUIPlugin:80 - create IPUIPlugin
2024-04-22 10:21:19,895 [INFO] PluginManager:220 - loadIPPluginJar : add genericplugin
2024-04-22 10:21:19,897 [INFO] IPUIPlugin:80 - create IPUIPlugin
2024-04-22 10:21:19,897 [INFO] PluginManager:220 - loadIPPluginJar : add gfxmmu
2024-04-22 10:21:19,902 [INFO] IPUIPlugin:80 - create IPUIPlugin
2024-04-22 10:21:19,902 [INFO] PluginManager:220 - loadIPPluginJar : add gic
2024-04-22 10:21:19,907 [INFO] IPUIPlugin:80 - create IPUIPlugin
2024-04-22 10:21:19,907 [INFO] PluginManager:220 - loadIPPluginJar : add gpio
2024-04-22 10:21:19,910 [INFO] IPUIPlugin:80 - create IPUIPlugin
2024-04-22 10:21:19,910 [INFO] PluginManager:220 - loadIPPluginJar : add gtzc
2024-04-22 10:21:19,911 [INFO] IPUIPlugin:80 - create IPUIPlugin
2024-04-22 10:21:19,911 [INFO] PluginManager:220 - loadIPPluginJar : add hash
2024-04-22 10:21:19,913 [INFO] IPUIPlugin:80 - create IPUIPlugin
2024-04-22 10:21:19,913 [INFO] PluginManager:220 - loadIPPluginJar : add i2c
2024-04-22 10:21:19,916 [INFO] IPUIPlugin:80 - create IPUIPlugin
2024-04-22 10:21:19,916 [INFO] PluginManager:220 - loadIPPluginJar : add i2s
2024-04-22 10:21:19,918 [INFO] IPUIPlugin:80 - create IPUIPlugin
2024-04-22 10:21:19,918 [INFO] PluginManager:220 - loadIPPluginJar : add i3c
2024-04-22 10:21:19,920 [INFO] IPUIPlugin:80 - create IPUIPlugin
2024-04-22 10:21:19,920 [INFO] PluginManager:220 - loadIPPluginJar : add ipddr
2024-04-22 10:21:19,928 [INFO] IPUIPlugin:80 - create IPUIPlugin
2024-04-22 10:21:19,928 [INFO] PluginManager:220 - loadIPPluginJar : add linkedlist
2024-04-22 10:21:19,930 [INFO] IPUIPlugin:80 - create IPUIPlugin
2024-04-22 10:21:19,931 [INFO] PluginManager:220 - loadIPPluginJar : add lorawan
2024-04-22 10:21:19,931 [INFO] IPUIPlugin:80 - create IPUIPlugin
2024-04-22 10:21:19,931 [INFO] PluginManager:220 - loadIPPluginJar : add ltdc
2024-04-22 10:21:19,937 [INFO] IPUIPlugin:80 - create IPUIPlugin
2024-04-22 10:21:19,937 [INFO] PluginManager:220 - loadIPPluginJar : add mdma
2024-04-22 10:21:19,939 [INFO] IPUIPlugin:80 - create IPUIPlugin
2024-04-22 10:21:19,940 [INFO] PluginManager:220 - loadIPPluginJar : add nvic
2024-04-22 10:21:19,942 [INFO] IPUIPlugin:80 - create IPUIPlugin
2024-04-22 10:21:19,943 [INFO] PluginManager:220 - loadIPPluginJar : add opamp
2024-04-22 10:21:19,945 [INFO] IPUIPlugin:80 - create IPUIPlugin
2024-04-22 10:21:19,945 [INFO] PluginManager:220 - loadIPPluginJar : add openamp
2024-04-22 10:21:19,948 [INFO] IPUIPlugin:80 - create IPUIPlugin
2024-04-22 10:21:19,948 [INFO] PluginManager:220 - loadIPPluginJar : add pdm2pcm
2024-04-22 10:21:19,954 [INFO] IPUIPlugin:80 - create IPUIPlugin
2024-04-22 10:21:19,957 [INFO] PluginManager:220 - loadIPPluginJar : add plateformsettings
2024-04-22 10:21:19,958 [INFO] IPUIPlugin:80 - create IPUIPlugin
2024-04-22 10:21:19,958 [INFO] PluginManager:220 - loadIPPluginJar : add quadspi
2024-04-22 10:21:19,962 [INFO] IPUIPlugin:80 - create IPUIPlugin
2024-04-22 10:21:19,962 [INFO] PluginManager:220 - loadIPPluginJar : add resmgrutility
2024-04-22 10:21:19,965 [INFO] IPUIPlugin:80 - create IPUIPlugin
2024-04-22 10:21:19,965 [INFO] PluginManager:220 - loadIPPluginJar : add sai
2024-04-22 10:21:19,969 [INFO] IPUIPlugin:80 - create IPUIPlugin
2024-04-22 10:21:19,969 [INFO] PluginManager:220 - loadIPPluginJar : add spi
2024-04-22 10:21:19,975 [INFO] IPUIPlugin:80 - create IPUIPlugin
2024-04-22 10:21:19,975 [INFO] PluginManager:220 - loadIPPluginJar : add stm32_wpan
2024-04-22 10:21:19,978 [INFO] IPUIPlugin:80 - create IPUIPlugin
2024-04-22 10:21:19,978 [INFO] PluginManager:220 - loadIPPluginJar : add tim
2024-04-22 10:21:19,982 [INFO] IPUIPlugin:80 - create IPUIPlugin
2024-04-22 10:21:19,982 [INFO] PluginManager:220 - loadIPPluginJar : add touchsensing
2024-04-22 10:21:19,985 [INFO] IPUIPlugin:80 - create IPUIPlugin
2024-04-22 10:21:19,985 [INFO] PluginManager:220 - loadIPPluginJar : add tracer_emb
2024-04-22 10:21:19,987 [INFO] IPUIPlugin:80 - create IPUIPlugin
2024-04-22 10:21:19,987 [INFO] PluginManager:220 - loadIPPluginJar : add ts
2024-04-22 10:21:19,988 [INFO] IPUIPlugin:80 - create IPUIPlugin
2024-04-22 10:21:19,988 [INFO] PluginManager:220 - loadIPPluginJar : add tsc
2024-04-22 10:21:19,990 [INFO] IPUIPlugin:80 - create IPUIPlugin
2024-04-22 10:21:19,991 [INFO] PluginManager:220 - loadIPPluginJar : add ucpd
2024-04-22 10:21:19,996 [INFO] IPUIPlugin:80 - create IPUIPlugin
2024-04-22 10:21:19,996 [INFO] PluginManager:220 - loadIPPluginJar : add usart
2024-04-22 10:21:19,999 [INFO] IPUIPlugin:80 - create IPUIPlugin
2024-04-22 10:21:19,999 [INFO] PluginManager:220 - loadIPPluginJar : add usbx
2024-04-22 10:21:20,169 [INFO] CADModel:165 - CPN selected for project level
2024-04-22 10:21:20,169 [INFO] CADModel:114 - Register for checkConnection events
2024-04-22 10:21:20,170 [FATAL] Updater:308 - Updater called before beeing initialized
2024-04-22 10:21:20,170 [ERROR] CADModel:125 - Updater not yet initialized, retry later 
2024-04-22 10:21:20,307 [INFO] CADModel:165 - CPN selected for project level
2024-04-22 10:21:20,307 [INFO] CADModel:114 - Register for checkConnection events
2024-04-22 10:21:20,307 [FATAL] Updater:308 - Updater called before beeing initialized
2024-04-22 10:21:20,307 [ERROR] CADModel:125 - Updater not yet initialized, retry later 
2024-04-22 10:21:20,310 [FATAL] Updater:308 - Updater called before beeing initialized
2024-04-22 10:21:20,418 [FATAL] Updater:308 - Updater called before beeing initialized
2024-04-22 10:21:20,423 [INFO] DbMcusAds:53 - JSON generation date=Wed Nov 29 05:52:27 COT 2023 (1701255147349)
2024-04-22 10:21:20,423 [FATAL] Updater:308 - Updater called before beeing initialized
2024-04-22 10:21:20,455 [WARN] DetailPanel:346 - Failed to get advertising image, set to default
2024-04-22 10:21:20,556 [FATAL] Updater:308 - Updater called before beeing initialized
2024-04-22 10:21:20,557 [FATAL] Updater:308 - Updater called before beeing initialized
2024-04-22 10:21:20,558 [FATAL] Updater:308 - Updater called before beeing initialized
2024-04-22 10:21:20,558 [WARN] DetailPanel:346 - Failed to get advertising image, set to default
2024-04-22 10:21:20,559 [FATAL] Updater:308 - Updater called before beeing initialized
2024-04-22 10:21:20,619 [ERROR] Updater:1120 - MainUpdater not yet initialized. External WinMGr cannot be set.
2024-04-22 10:21:20,621 [INFO] Updater:1056 - Updater Version found : 6.11.0
2024-04-22 10:21:20,658 [INFO] ApplicationProperties:184 - Using Application install path: C:\ST\STM32CubeIDE_1.14.1\STM32CubeIDE\plugins\com.st.stm32cube.common.mx_6.11.0.202403141607
2024-04-22 10:21:22,238 [ERROR] LogOutputStream:75 - [STDERR_REDIRECT] Apr 22, 2024 10:21:22 AM java.util.prefs.WindowsPreferences <init>
2024-04-22 10:21:22,239 [ERROR] LogOutputStream:75 - [STDERR_REDIRECT] WARNING: Could not open/create prefs root node Software\JavaSoft\Prefs at root 0xffffffff80000002. Windows RegCreateKeyEx(...) returned error code 5.
2024-04-22 10:21:22,239 [ERROR] LogOutputStream:75 - [STDERR_REDIRECT] 
2024-04-22 10:21:22,383 [INFO] ThirdPartyUpdaterWithRetryManager:70 - Updater plugin not ready yet. [2/15]
2024-04-22 10:21:22,630 [INFO] MainUpdater:2873 - connection check result : 10
2024-04-22 10:21:22,630 [INFO] MainUpdater:290 - Updater Check For Update Now.
2024-04-22 10:21:22,630 [INFO] MicroXplorer:498 - Change Database Version : DB.6.0.110
2024-04-22 10:21:22,637 [INFO] McuFinderGlobals:63 - Set McuFinder mode to 2 (CubeIDE integrated)
2024-04-22 10:21:22,642 [INFO] UserAuth:415 - Internet connection configuration mode: 1
2024-04-22 10:21:22,677 [INFO] JxBrowserEngine:152 - Initiate JxBrowser Engine with user profile folder
2024-04-22 10:21:22,831 [INFO] CheckServerUpdateThread:120 - End of CheckServer Thread
2024-04-22 10:21:23,297 [INFO] WebApp:161 - Instantiating new browser for Auth
2024-04-22 10:21:23,779 [INFO] WebApp:779 - Register for checkConnection events
2024-04-22 10:21:23,780 [INFO] WebApp:414 - Apply proxy settings
2024-04-22 10:21:23,780 [INFO] WebApp:499 - Chromium requires no authentication
2024-04-22 10:21:23,784 [INFO] WebApp:442 - Direct internet connection detected
2024-04-22 10:21:23,935 [INFO] WebApp:192 - Starting web application
2024-04-22 10:21:23,935 [INFO] WebApp:544 - Web application path used C:\ST\STM32CubeIDE_1.14.1\STM32CubeIDE\plugins\com.st.stm32cube.common.mx_6.11.0.202403141607\db\plugins\mcufinder\reactClient1\index.html
2024-04-22 10:21:25,567 [WARN] PackLoader:240 - Cannot read IP mode file for STMicroelectronics.FP-SNS-MOTENVWB1.1.4.0
2024-04-22 10:21:25,580 [WARN] PackLoader:240 - Cannot read IP mode file for STMicroelectronics.X-CUBE-SMBUS.2.1.0
2024-04-22 10:21:25,596 [WARN] PackLoader:240 - Cannot read IP mode file for STMicroelectronics.X-CUBE-TOUCHGFX.4.23.1
2024-04-22 10:21:25,599 [WARN] PackLoader:240 - Cannot read IP mode file for STMicroelectronics.X-CUBE-TOUCHGFX.4.23.0
2024-04-22 10:21:25,602 [WARN] PackLoader:240 - Cannot read IP mode file for STMicroelectronics.X-CUBE-TOUCHGFX.4.23.2
2024-04-22 10:21:25,639 [WARN] PackLoader:240 - Cannot read IP mode file for STMicroelectronics.X-CUBE-AZRTOS-F7.1.1.0
2024-04-22 10:21:25,651 [WARN] PackLoader:240 - Cannot read IP mode file for STMicroelectronics.FP-SNS-MOTENV1.4.3.2
2024-04-22 10:21:25,658 [WARN] PackLoader:240 - Cannot read IP mode file for STMicroelectronics.FP-SNS-FLIGHT1.5.0.2
2024-04-22 10:21:25,666 [WARN] PackLoader:240 - Cannot read IP mode file for STMicroelectronics.X-CUBE-DISPLAY.3.0.0
2024-04-22 10:21:25,685 [WARN] PackLoader:240 - Cannot read IP mode file for STMicroelectronics.X-CUBE-BLE1.7.0.0
2024-04-22 10:21:25,695 [WARN] PackLoader:240 - Cannot read IP mode file for emotas.I-CUBE-CANOPEN.1.3.0
2024-04-22 10:21:25,709 [WARN] PackLoader:240 - Cannot read IP mode file for STMicroelectronics.X-CUBE-BLEMGR.3.1.0
2024-04-22 10:21:25,719 [WARN] PackLoader:240 - Cannot read IP mode file for STMicroelectronics.FP-SNS-SMARTAG2.1.2.0
2024-04-22 10:21:25,736 [INFO] LogOutputStream:77 - [STDOUT_REDIRECT] 1 : Invalid condition id : UX_CORESTACK_Condition cause : null
2024-04-22 10:21:25,737 [INFO] LogOutputStream:77 - [STDOUT_REDIRECT] 1 : Invalid condition id : UX_CORESTACK_Condition cause : null
2024-04-22 10:21:25,740 [INFO] LogOutputStream:77 - [STDOUT_REDIRECT] 1 : Invalid condition id : UX_CORESTACK_Condition cause : null
2024-04-22 10:21:25,742 [INFO] LogOutputStream:77 - [STDOUT_REDIRECT] 1 : Invalid condition id : UX_CORESTACK_Condition cause : null
2024-04-22 10:21:25,744 [INFO] LogOutputStream:77 - [STDOUT_REDIRECT] 1 : Invalid condition id : UX_CORESTACK_Condition cause : null
2024-04-22 10:21:25,750 [WARN] PackLoader:240 - Cannot read IP mode file for STMicroelectronics.X-CUBE-AZRTOS-WL.2.0.0
2024-04-22 10:21:25,758 [WARN] PackLoader:240 - Cannot read IP mode file for STMicroelectronics.FP-SNS-MOTENV1.5.0.0
2024-04-22 10:21:25,774 [WARN] PackLoader:240 - Cannot read IP mode file for WES.I-CUBE-Cesium.1.3.0
2024-04-22 10:21:25,782 [WARN] PackLoader:240 - Cannot read IP mode file for STMicroelectronics.X-CUBE-BLE2.3.3.0
2024-04-22 10:21:25,789 [WARN] PackLoader:240 - Cannot read IP mode file for STMicroelectronics.X-CUBE-TCPP.4.1.0
2024-04-22 10:21:25,800 [WARN] PackLoader:240 - Cannot read IP mode file for STMicroelectronics.X-CUBE-ALGOBUILD.1.3.0
2024-04-22 10:21:25,825 [WARN] PackLoader:240 - Cannot read IP mode file for STMicroelectronics.X-CUBE-AZRTOS-G0.1.1.0
2024-04-22 10:21:25,837 [WARN] PackLoader:240 - Cannot read IP mode file for STMicroelectronics.X-CUBE-SAFEA1.1.2.2
2024-04-22 10:21:25,845 [WARN] PackLoader:240 - Cannot read IP mode file for STMicroelectronics.X-CUBE-NFC4.3.0.0
2024-04-22 10:21:25,855 [WARN] PackLoader:240 - Cannot read IP mode file for STMicroelectronics.X-CUBE-BLEMGR.3.0.0
2024-04-22 10:21:25,864 [WARN] PackLoader:240 - Cannot read IP mode file for STMicroelectronics.FP-ATR-SIGFOX1.3.2.0
2024-04-22 10:21:25,870 [WARN] PackLoader:240 - Cannot read IP mode file for STMicroelectronics.X-CUBE-EEPRMA1.5.1.0
2024-04-22 10:21:25,907 [WARN] PackLoader:240 - Cannot read IP mode file for SEGGER.I-CUBE-embOS.1.3.1
2024-04-22 10:21:25,971 [WARN] PackLoader:240 - Cannot read IP mode file for STMicroelectronics.X-CUBE-GNSS1.6.0.0
2024-04-22 10:21:25,998 [WARN] PackLoader:240 - Cannot read IP mode file for STMicroelectronics.X-CUBE-AZRTOS-F4.1.1.0
2024-04-22 10:21:26,006 [WARN] PackLoader:240 - Cannot read IP mode file for wolfSSL.I-CUBE-wolfSSL.5.6.6
2024-04-22 10:21:26,027 [WARN] PackLoader:240 - Cannot read IP mode file for STMicroelectronics.X-CUBE-AZRTOS-L5.2.0.0
2024-04-22 10:21:26,038 [WARN] PackLoader:240 - Cannot read IP mode file for STMicroelectronics.X-CUBE-NFC6.3.1.0
2024-04-22 10:21:26,049 [WARN] PackLoader:240 - Cannot read IP mode file for ITTIA_DB.I-CUBE-ITTIADB.8.8.0
2024-04-22 10:21:26,053 [WARN] PackLoader:240 - Cannot read IP mode file for STMicroelectronics.X-CUBE-AI.9.0.0
2024-04-22 10:21:26,077 [WARN] PackLoader:240 - Cannot read IP mode file for STMicroelectronics.X-CUBE-NFC7.1.0.1
2024-04-22 10:21:26,089 [WARN] PackLoader:240 - Cannot read IP mode file for STMicroelectronics.X-CUBE-NFC6.3.0.0
2024-04-22 10:21:26,098 [WARN] PackLoader:240 - Cannot read IP mode file for STMicroelectronics.X-CUBE-AI.8.1.0
2024-04-22 10:21:26,130 [WARN] ConditionMgr:438 - getConditionDescription Invalid condition id : LAN8742 Phy interface Condition cause : null
2024-04-22 10:21:26,131 [WARN] PackLoader:240 - Cannot read IP mode file for STMicroelectronics.X-CUBE-AZRTOS-L4.2.0.0
2024-04-22 10:21:26,133 [WARN] ConditionMgr:1039 - genDependencies : Invalid condition id : LAN8742 Phy interface Condition cause : null
2024-04-22 10:21:26,133 [WARN] ConditionMgr:1039 - genDependencies : Invalid condition id : LAN8742 Phy interface Condition cause : null
2024-04-22 10:21:26,134 [WARN] ConditionMgr:1039 - genDependencies : Invalid condition id : LAN8742 Phy interface Condition cause : null
2024-04-22 10:21:26,142 [WARN] PackLoader:240 - Cannot read IP mode file for STMicroelectronics.X-CUBE-SFXS2LP1.4.0.0
2024-04-22 10:21:26,159 [WARN] ConditionMgr:438 - getConditionDescription Invalid condition id : UX DEVICE CLASS RTOS Condition cause : null
2024-04-22 10:21:26,161 [WARN] ConditionMgr:438 - getConditionDescription Invalid condition id : UX DEVICE CLASS RTOS Condition cause : null
2024-04-22 10:21:26,164 [WARN] PackLoader:240 - Cannot read IP mode file for STMicroelectronics.X-CUBE-AZRTOS-WB.2.0.0
2024-04-22 10:21:26,165 [WARN] ConditionMgr:1039 - genDependencies : Invalid condition id : UX DEVICE CLASS RTOS Condition cause : null
2024-04-22 10:21:26,165 [WARN] ConditionMgr:1039 - genDependencies : Invalid condition id : UX DEVICE CLASS RTOS Condition cause : null
2024-04-22 10:21:26,166 [WARN] ConditionMgr:1039 - genDependencies : Invalid condition id : UX DEVICE CLASS RTOS Condition cause : null
2024-04-22 10:21:26,166 [WARN] ConditionMgr:1039 - genDependencies : Invalid condition id : UX DEVICE CLASS RTOS Condition cause : null
2024-04-22 10:21:26,166 [WARN] ConditionMgr:1039 - genDependencies : Invalid condition id : UX DEVICE CLASS RTOS Condition cause : null
2024-04-22 10:21:26,181 [WARN] PackLoader:240 - Cannot read IP mode file for STMicroelectronics.X-CUBE-SUBG2.5.0.0
2024-04-22 10:21:26,204 [WARN] PackLoader:240 - Cannot read IP mode file for STMicroelectronics.X-CUBE-AZRTOS-G4.2.0.0
2024-04-22 10:21:26,226 [WARN] PackLoader:240 - Cannot read IP mode file for Infineon.AIROC-Wi-Fi-Bluetooth-STM32.1.5.1
2024-04-22 10:21:26,235 [WARN] PackLoader:240 - Cannot read IP mode file for STMicroelectronics.FP-SNS-MOTENVWB1.1.3.1
2024-04-22 10:21:26,239 [WARN] PackLoader:240 - Cannot read IP mode file for STMicroelectronics.X-CUBE-ISPU.2.0.0
2024-04-22 10:21:26,289 [WARN] PackLoader:240 - Cannot read IP mode file for STMicroelectronics.X-CUBE-MEMS1.10.0.0
2024-04-22 10:21:26,430 [WARN] PackLoader:240 - Cannot read IP mode file for STMicroelectronics.X-CUBE-FREERTOS.1.1.0
2024-04-22 10:21:26,434 [WARN] PackLoader:240 - Cannot read IP mode file for portGmbH.I-Cube-SoM-uGOAL.1.1.0
2024-04-22 10:21:26,456 [WARN] PackLoader:240 - Cannot read IP mode file for STMicroelectronics.X-CUBE-ALS.1.0.1
2024-04-22 10:21:26,472 [WARN] PackLoader:240 - Cannot read IP mode file for STMicroelectronics.X-CUBE-AZRTOS-H7RS.1.0.0
2024-04-22 10:21:26,478 [WARN] PackLoader:240 - Cannot read IP mode file for STMicroelectronics.FP-ATR-ASTRA1.2.0.0
2024-04-22 10:21:26,486 [WARN] PackLoader:240 - Cannot read IP mode file for STMicroelectronics.X-CUBE-TOF1.3.4.0
2024-04-22 10:21:26,511 [WARN] PackLoader:240 - Cannot read IP mode file for STMicroelectronics.X-CUBE-TOF1.3.4.1
2024-04-22 10:21:26,548 [WARN] PackLoader:240 - Cannot read IP mode file for STMicroelectronics.X-CUBE-AZRTOS-H7.3.2.0
2024-04-22 10:21:26,553 [INFO] ThirdParty:978 - Integrity check success = true
2024-04-22 10:21:26,554 [INFO] IntegrityCheckThread:100 - exiting critical section [integrity check]
2024-04-22 10:21:26,554 [INFO] IntegrityCheckThread:103 - End integrity checks thread
2024-04-22 10:21:53,133 [ERROR] LogOutputStream:75 - [STDERR_REDIRECT] 
2024-04-22 10:21:53,134 [ERROR] LogOutputStream:75 - [STDERR_REDIRECT] 
