2024-04-13 06:51:43,822 [INFO] Activator:176 - 


2024-04-13 06:51:43,830 [INFO] Activator:177 - !SESSION log4j initialized
2024-04-13 06:51:49,899 [INFO] LogOutputStream:77 - [STDOUT_REDIRECT] 
2024-04-13 06:51:55,957 [INFO] ApplicationProperties:184 - Using Application install path: C:\ST\STM32CubeIDE_1.14.1\STM32CubeIDE\plugins\com.st.stm32cube.common.mx_6.11.0.202403141607
2024-04-13 06:51:55,982 [INFO] DbMcusXml:78 - Set database path to: C:\ST\STM32CubeIDE_1.14.1\STM32CubeIDE\plugins\com.st.stm32cube.common.mx_6.11.0.202403141607\\db\/mcu/
2024-04-13 06:51:55,982 [INFO] ApiDb:274 - Set plugin database path to: C:\ST\STM32CubeIDE_1.14.1\STM32CubeIDE\plugins\com.st.stm32cube.common.mx_6.11.0.202403141607\\db\/plugins/boardmanager/
2024-04-13 06:51:55,983 [WARN] ApiDb:259 - Overriding images path with different value:  => C:\ST\STM32CubeIDE_1.14.1\STM32CubeIDE\plugins\com.st.stm32cube.common.mx_6.11.0.202403141607\\db\/plugins/mcufinder/images/
2024-04-13 06:51:55,995 [INFO] ApiDb:250 - Set database path to: C:\Users\ASUS\.stmcufinder\plugins\mcufinder//mcu/
2024-04-13 06:51:55,996 [INFO] DbMcusAds:125 - Set database path to: C:\Users\ASUS\.stmcufinder\plugins\mcufinder//mcu/
2024-04-13 06:51:55,998 [INFO] CrossReferenceDbSqlite:203 - Set database path to: C:\Users\ASUS\.stmcufinder\plugins\mcufinder//mcu/cs/
2024-04-13 06:51:56,127 [INFO] RulesReader:64 - Compatibility file has been processed (297 Rules)
2024-04-13 06:51:56,218 [INFO] DbMcusXml:78 - Set database path to: C:\ST\STM32CubeIDE_1.14.1\STM32CubeIDE\plugins\com.st.stm32cube.common.mx_6.11.0.202403141607\\db\/mcu/
2024-04-13 06:51:56,218 [INFO] ApiDb:274 - Set plugin database path to: C:\ST\STM32CubeIDE_1.14.1\STM32CubeIDE\plugins\com.st.stm32cube.common.mx_6.11.0.202403141607\\db\/plugins/boardmanager/
2024-04-13 06:51:56,218 [INFO] ApiDb:261 - Set plugin images path to: C:\ST\STM32CubeIDE_1.14.1\STM32CubeIDE\plugins\com.st.stm32cube.common.mx_6.11.0.202403141607\\db\/plugins/mcufinder/images/
2024-04-13 06:51:56,219 [WARN] DbFile:41 - Overriding database path with different value: C:\Users\ASUS\.stmcufinder\plugins\mcufinder/ => C:\Users\ASUS\.stmcufinder\plugins\mcufinder
2024-04-13 06:51:56,219 [INFO] ApiDb:250 - Set database path to: C:\Users\ASUS\.stmcufinder\plugins\mcufinder//mcu/
2024-04-13 06:51:56,219 [WARN] DbFile:41 - Overriding database path with different value: C:\Users\ASUS\.stmcufinder\plugins\mcufinder/ => C:\Users\ASUS\.stmcufinder\plugins\mcufinder
2024-04-13 06:51:56,219 [INFO] DbMcusAds:125 - Set database path to: C:\Users\ASUS\.stmcufinder\plugins\mcufinder//mcu/
2024-04-13 06:51:56,219 [WARN] DbFile:41 - Overriding database path with different value: C:\Users\ASUS\.stmcufinder\plugins\mcufinder/ => C:\Users\ASUS\.stmcufinder\plugins\mcufinder
2024-04-13 06:51:56,219 [WARN] DbFile:41 - Overriding database path with different value: C:\Users\ASUS\.stmcufinder\plugins\mcufinder/ => C:\Users\ASUS\.stmcufinder\plugins\mcufinder
2024-04-13 06:51:56,219 [INFO] CrossReferenceDbSqlite:203 - Set database path to: C:\Users\ASUS\.stmcufinder\plugins\mcufinder//mcu/cs/
2024-04-13 06:51:56,308 [INFO] MainPanel:264 - HeapMemory: 268435456
2024-04-13 06:51:56,439 [INFO] DbMcusXml:78 - Set database path to: C:\ST\STM32CubeIDE_1.14.1\STM32CubeIDE\plugins\com.st.stm32cube.common.mx_6.11.0.202403141607\\db\/mcu/
2024-04-13 06:51:56,439 [INFO] ApiDb:274 - Set plugin database path to: C:\ST\STM32CubeIDE_1.14.1\STM32CubeIDE\plugins\com.st.stm32cube.common.mx_6.11.0.202403141607\\db\/plugins/boardmanager/
2024-04-13 06:51:56,439 [INFO] ApiDb:261 - Set plugin images path to: C:\ST\STM32CubeIDE_1.14.1\STM32CubeIDE\plugins\com.st.stm32cube.common.mx_6.11.0.202403141607\\db\/plugins/mcufinder/images/
2024-04-13 06:51:56,440 [WARN] DbFile:41 - Overriding database path with different value: C:\Users\ASUS\.stmcufinder\plugins\mcufinder/ => C:\Users\ASUS\.stmcufinder\plugins\mcufinder
2024-04-13 06:51:56,440 [INFO] ApiDb:250 - Set database path to: C:\Users\ASUS\.stmcufinder\plugins\mcufinder//mcu/
2024-04-13 06:51:56,440 [WARN] DbFile:41 - Overriding database path with different value: C:\Users\ASUS\.stmcufinder\plugins\mcufinder/ => C:\Users\ASUS\.stmcufinder\plugins\mcufinder
2024-04-13 06:51:56,440 [INFO] DbMcusAds:125 - Set database path to: C:\Users\ASUS\.stmcufinder\plugins\mcufinder//mcu/
2024-04-13 06:51:56,441 [WARN] DbFile:41 - Overriding database path with different value: C:\Users\ASUS\.stmcufinder\plugins\mcufinder/ => C:\Users\ASUS\.stmcufinder\plugins\mcufinder
2024-04-13 06:51:56,441 [WARN] DbFile:41 - Overriding database path with different value: C:\Users\ASUS\.stmcufinder\plugins\mcufinder/ => C:\Users\ASUS\.stmcufinder\plugins\mcufinder
2024-04-13 06:51:56,441 [INFO] CrossReferenceDbSqlite:203 - Set database path to: C:\Users\ASUS\.stmcufinder\plugins\mcufinder//mcu/cs/
2024-04-13 06:51:56,468 [INFO] ApplicationProperties:184 - Using Application install path: C:\ST\STM32CubeIDE_1.14.1\STM32CubeIDE\plugins\com.st.stm32cube.common.mx_6.11.0.202403141607
2024-04-13 06:51:56,471 [INFO] PluginManage:196 - Search for loadable plugins [exclusion list=, ]
2024-04-13 06:51:56,473 [INFO] PluginManage:310 - Check plugin analytics
2024-04-13 06:51:56,747 [INFO] AnalyticsPlugin:253 - Accepted Software Licenses: 
2024-04-13 06:51:56,747 [INFO] AnalyticsPlugin:255 - Accepted CMSIS Pack Licenses: 
2024-04-13 06:51:56,747 [INFO] AnalyticsPlugin:257 - Accepted Firmware Licenses: FW.F4.1.28.0
2024-04-13 06:51:56,751 [INFO] PluginManage:359 - Loaded plugin analytics (category:tool,tabindex:-1)
2024-04-13 06:51:56,752 [INFO] PluginManage:310 - Check plugin cadmodel
2024-04-13 06:51:56,774 [INFO] CADModel:105 - Init CAD model plugin
2024-04-13 06:51:56,775 [INFO] PluginManage:359 - Loaded plugin cadmodel (category:power,tabindex:5)
2024-04-13 06:51:56,775 [INFO] PluginManage:310 - Check plugin clock
2024-04-13 06:51:56,807 [INFO] PluginManage:359 - Loaded plugin clock (category:base,tabindex:2)
2024-04-13 06:51:56,807 [INFO] PluginManage:310 - Check plugin ddr
2024-04-13 06:51:56,811 [INFO] PluginManage:359 - Loaded plugin ddr (category:tool,tabindex:6)
2024-04-13 06:51:56,812 [INFO] PluginManage:310 - Check plugin filemanager
2024-04-13 06:51:57,005 [INFO] PluginManage:359 - Loaded plugin filemanager (category:base,tabindex:10)
2024-04-13 06:51:57,005 [INFO] PluginManage:310 - Check plugin ipmanager
2024-04-13 06:51:57,012 [INFO] PluginManage:359 - Loaded plugin ipmanager (category:base,tabindex:5)
2024-04-13 06:51:57,012 [INFO] PluginManage:310 - Check plugin lpbam
2024-04-13 06:51:57,055 [INFO] PluginManage:359 - Loaded plugin lpbam (category:base,tabindex:0)
2024-04-13 06:51:57,056 [INFO] PluginManage:310 - Check plugin memorymap
2024-04-13 06:51:57,085 [INFO] PluginManage:359 - Loaded plugin memorymap (category:base,tabindex:4)
2024-04-13 06:51:57,085 [INFO] PluginManage:310 - Check plugin pinoutandconfiguration
2024-04-13 06:51:57,112 [INFO] PluginManage:359 - Loaded plugin pinoutandconfiguration (category:base,tabindex:1)
2024-04-13 06:51:57,113 [INFO] PluginManage:310 - Check plugin pinoutconfig
2024-04-13 06:51:57,277 [WARN] SupportedApi:132 - Cannot load RTOS API schema: s4s-elt-must-match.1: The content of 'definitions' must match (annotation?, (simpleType | complexType)?, (unique | key | keyref)*)). A problem was found starting at: attribute.
2024-04-13 06:51:57,463 [INFO] PluginManage:359 - Loaded plugin pinoutconfig (category:base,tabindex:0)
2024-04-13 06:51:57,463 [INFO] PluginManage:310 - Check plugin power
2024-04-13 06:51:57,486 [INFO] PluginManage:359 - Loaded plugin power (category:power,tabindex:4)
2024-04-13 06:51:57,486 [INFO] PluginManage:310 - Check plugin projectmanager
2024-04-13 06:51:57,504 [INFO] PluginManage:359 - Loaded plugin projectmanager (category:projectmanager,tabindex:3)
2024-04-13 06:51:57,504 [INFO] PluginManage:310 - Check plugin thirdparty
2024-04-13 06:51:57,775 [INFO] PluginManage:359 - Loaded plugin thirdparty (category:base,tabindex:-1)
2024-04-13 06:51:57,775 [INFO] PluginManage:310 - Check plugin tools
2024-04-13 06:51:57,775 [WARN] IntegrityCheckThread:84 - waiting for thirdparty lock release [integrity check]
2024-04-13 06:51:57,775 [INFO] IntegrityCheckThread:86 - entering critical section [integrity check]
2024-04-13 06:51:57,775 [INFO] ThirdPartyUpdaterWithRetryManager:70 - Updater plugin not ready yet. [1/15]
2024-04-13 06:51:57,802 [INFO] PluginManage:359 - Loaded plugin tools (category:base,tabindex:7)
2024-04-13 06:51:57,802 [INFO] PluginManage:310 - Check plugin tutovideos
2024-04-13 06:51:57,982 [INFO] PluginManage:359 - Loaded plugin tutovideos (category:base,tabindex:-1)
2024-04-13 06:51:57,982 [INFO] PluginManage:310 - Check plugin updater
2024-04-13 06:51:57,997 [INFO] PluginManage:359 - Loaded plugin updater (category:base,tabindex:12)
2024-04-13 06:51:57,997 [INFO] PluginManage:310 - Check plugin userauth
2024-04-13 06:51:58,003 [INFO] UserAuth:114 - Init User Auth plugin
2024-04-13 06:51:58,003 [INFO] PluginManage:359 - Loaded plugin userauth (category:base,tabindex:14)
2024-04-13 06:51:58,003 [INFO] PluginManage:283 - PluginManage : Loaded plugins [17]
2024-04-13 06:51:58,274 [INFO] PinOutPanel:1561 - setPackage(No Configuration,No Configuration)
2024-04-13 06:51:58,346 [INFO] CADModel:165 - CPN selected for project level
2024-04-13 06:51:58,346 [INFO] CADModel:114 - Register for checkConnection events
2024-04-13 06:51:58,368 [INFO] IPUIPlugin:80 - create IPUIPlugin
2024-04-13 06:51:58,368 [INFO] PluginManager:220 - loadIPPluginJar : add adc
2024-04-13 06:51:58,397 [INFO] IPUIPlugin:80 - create IPUIPlugin
2024-04-13 06:51:58,397 [INFO] PluginManager:220 - loadIPPluginJar : add aes
2024-04-13 06:51:58,426 [INFO] IPUIPlugin:80 - create IPUIPlugin
2024-04-13 06:51:58,426 [INFO] PluginManager:220 - loadIPPluginJar : add can
2024-04-13 06:51:58,445 [INFO] IPUIPlugin:80 - create IPUIPlugin
2024-04-13 06:51:58,445 [INFO] PluginManager:220 - loadIPPluginJar : add comp
2024-04-13 06:51:58,469 [INFO] IPUIPlugin:80 - create IPUIPlugin
2024-04-13 06:51:58,469 [INFO] PluginManager:220 - loadIPPluginJar : add cryp
2024-04-13 06:51:58,493 [INFO] IPUIPlugin:80 - create IPUIPlugin
2024-04-13 06:51:58,493 [INFO] PluginManager:220 - loadIPPluginJar : add dfsdm
2024-04-13 06:51:58,504 [INFO] IPUIPlugin:80 - create IPUIPlugin
2024-04-13 06:51:58,504 [INFO] PluginManager:220 - loadIPPluginJar : add dma
2024-04-13 06:51:58,583 [INFO] IPUIPlugin:80 - create IPUIPlugin
2024-04-13 06:51:58,583 [INFO] PluginManager:220 - loadIPPluginJar : add dma3
2024-04-13 06:51:58,615 [INFO] IPUIPlugin:80 - create IPUIPlugin
2024-04-13 06:51:58,615 [INFO] PluginManager:220 - loadIPPluginJar : add extmemmanager
2024-04-13 06:51:58,630 [INFO] IPUIPlugin:80 - create IPUIPlugin
2024-04-13 06:51:58,630 [INFO] PluginManager:220 - loadIPPluginJar : add fatfs
2024-04-13 06:51:58,664 [INFO] IPUIPlugin:80 - create IPUIPlugin
2024-04-13 06:51:58,664 [INFO] PluginManager:220 - loadIPPluginJar : add fmc
2024-04-13 06:51:58,676 [INFO] IPUIPlugin:80 - create IPUIPlugin
2024-04-13 06:51:58,676 [INFO] PluginManager:220 - loadIPPluginJar : add freertos
2024-04-13 06:51:58,691 [INFO] IPUIPlugin:80 - create IPUIPlugin
2024-04-13 06:51:58,692 [INFO] PluginManager:220 - loadIPPluginJar : add genericplugin
2024-04-13 06:51:58,755 [INFO] IPUIPlugin:80 - create IPUIPlugin
2024-04-13 06:51:58,755 [INFO] PluginManager:220 - loadIPPluginJar : add gfxmmu
2024-04-13 06:51:58,850 [INFO] IPUIPlugin:80 - create IPUIPlugin
2024-04-13 06:51:58,851 [INFO] PluginManager:220 - loadIPPluginJar : add gic
2024-04-13 06:51:58,861 [INFO] IPUIPlugin:80 - create IPUIPlugin
2024-04-13 06:51:58,861 [INFO] PluginManager:220 - loadIPPluginJar : add gpio
2024-04-13 06:51:58,927 [INFO] IPUIPlugin:80 - create IPUIPlugin
2024-04-13 06:51:58,927 [INFO] PluginManager:220 - loadIPPluginJar : add gtzc
2024-04-13 06:51:58,950 [INFO] IPUIPlugin:80 - create IPUIPlugin
2024-04-13 06:51:58,950 [INFO] PluginManager:220 - loadIPPluginJar : add hash
2024-04-13 06:51:58,987 [INFO] IPUIPlugin:80 - create IPUIPlugin
2024-04-13 06:51:58,987 [INFO] PluginManager:220 - loadIPPluginJar : add i2c
2024-04-13 06:51:59,016 [INFO] IPUIPlugin:80 - create IPUIPlugin
2024-04-13 06:51:59,016 [INFO] PluginManager:220 - loadIPPluginJar : add i2s
2024-04-13 06:51:59,044 [INFO] IPUIPlugin:80 - create IPUIPlugin
2024-04-13 06:51:59,044 [INFO] PluginManager:220 - loadIPPluginJar : add i3c
2024-04-13 06:51:59,125 [INFO] IPUIPlugin:80 - create IPUIPlugin
2024-04-13 06:51:59,125 [INFO] PluginManager:220 - loadIPPluginJar : add ipddr
2024-04-13 06:51:59,186 [INFO] IPUIPlugin:80 - create IPUIPlugin
2024-04-13 06:51:59,187 [INFO] PluginManager:220 - loadIPPluginJar : add linkedlist
2024-04-13 06:51:59,212 [INFO] IPUIPlugin:80 - create IPUIPlugin
2024-04-13 06:51:59,212 [INFO] PluginManager:220 - loadIPPluginJar : add lorawan
2024-04-13 06:51:59,237 [INFO] IPUIPlugin:80 - create IPUIPlugin
2024-04-13 06:51:59,237 [INFO] PluginManager:220 - loadIPPluginJar : add ltdc
2024-04-13 06:51:59,251 [INFO] IPUIPlugin:80 - create IPUIPlugin
2024-04-13 06:51:59,251 [INFO] PluginManager:220 - loadIPPluginJar : add mdma
2024-04-13 06:51:59,260 [INFO] IPUIPlugin:80 - create IPUIPlugin
2024-04-13 06:51:59,260 [INFO] PluginManager:220 - loadIPPluginJar : add nvic
2024-04-13 06:51:59,287 [INFO] IPUIPlugin:80 - create IPUIPlugin
2024-04-13 06:51:59,287 [INFO] PluginManager:220 - loadIPPluginJar : add opamp
2024-04-13 06:51:59,329 [INFO] IPUIPlugin:80 - create IPUIPlugin
2024-04-13 06:51:59,330 [INFO] PluginManager:220 - loadIPPluginJar : add openamp
2024-04-13 06:51:59,359 [INFO] IPUIPlugin:80 - create IPUIPlugin
2024-04-13 06:51:59,359 [INFO] PluginManager:220 - loadIPPluginJar : add pdm2pcm
2024-04-13 06:51:59,370 [INFO] IPUIPlugin:80 - create IPUIPlugin
2024-04-13 06:51:59,371 [INFO] PluginManager:220 - loadIPPluginJar : add plateformsettings
2024-04-13 06:51:59,388 [INFO] IPUIPlugin:80 - create IPUIPlugin
2024-04-13 06:51:59,388 [INFO] PluginManager:220 - loadIPPluginJar : add quadspi
2024-04-13 06:51:59,397 [INFO] IPUIPlugin:80 - create IPUIPlugin
2024-04-13 06:51:59,397 [INFO] PluginManager:220 - loadIPPluginJar : add resmgrutility
2024-04-13 06:51:59,429 [INFO] IPUIPlugin:80 - create IPUIPlugin
2024-04-13 06:51:59,430 [INFO] PluginManager:220 - loadIPPluginJar : add sai
2024-04-13 06:51:59,457 [INFO] IPUIPlugin:80 - create IPUIPlugin
2024-04-13 06:51:59,458 [INFO] PluginManager:220 - loadIPPluginJar : add spi
2024-04-13 06:51:59,506 [INFO] IPUIPlugin:80 - create IPUIPlugin
2024-04-13 06:51:59,506 [INFO] PluginManager:220 - loadIPPluginJar : add stm32_wpan
2024-04-13 06:51:59,523 [INFO] IPUIPlugin:80 - create IPUIPlugin
2024-04-13 06:51:59,523 [INFO] PluginManager:220 - loadIPPluginJar : add tim
2024-04-13 06:51:59,570 [INFO] IPUIPlugin:80 - create IPUIPlugin
2024-04-13 06:51:59,570 [INFO] PluginManager:220 - loadIPPluginJar : add touchsensing
2024-04-13 06:51:59,591 [INFO] IPUIPlugin:80 - create IPUIPlugin
2024-04-13 06:51:59,591 [INFO] PluginManager:220 - loadIPPluginJar : add tracer_emb
2024-04-13 06:51:59,635 [INFO] IPUIPlugin:80 - create IPUIPlugin
2024-04-13 06:51:59,635 [INFO] PluginManager:220 - loadIPPluginJar : add ts
2024-04-13 06:51:59,654 [INFO] IPUIPlugin:80 - create IPUIPlugin
2024-04-13 06:51:59,654 [INFO] PluginManager:220 - loadIPPluginJar : add tsc
2024-04-13 06:51:59,668 [INFO] IPUIPlugin:80 - create IPUIPlugin
2024-04-13 06:51:59,669 [INFO] PluginManager:220 - loadIPPluginJar : add ucpd
2024-04-13 06:51:59,699 [INFO] IPUIPlugin:80 - create IPUIPlugin
2024-04-13 06:51:59,699 [INFO] PluginManager:220 - loadIPPluginJar : add usart
2024-04-13 06:51:59,728 [INFO] IPUIPlugin:80 - create IPUIPlugin
2024-04-13 06:51:59,728 [INFO] PluginManager:220 - loadIPPluginJar : add usbx
2024-04-13 06:51:59,869 [INFO] CADModel:165 - CPN selected for project level
2024-04-13 06:51:59,869 [INFO] CADModel:114 - Register for checkConnection events
2024-04-13 06:51:59,870 [FATAL] Updater:308 - Updater called before beeing initialized
2024-04-13 06:51:59,870 [ERROR] CADModel:125 - Updater not yet initialized, retry later 
2024-04-13 06:51:59,997 [INFO] CADModel:165 - CPN selected for project level
2024-04-13 06:51:59,998 [INFO] CADModel:114 - Register for checkConnection events
2024-04-13 06:51:59,998 [FATAL] Updater:308 - Updater called before beeing initialized
2024-04-13 06:51:59,998 [ERROR] CADModel:125 - Updater not yet initialized, retry later 
2024-04-13 06:52:00,001 [FATAL] Updater:308 - Updater called before beeing initialized
2024-04-13 06:52:00,135 [FATAL] Updater:308 - Updater called before beeing initialized
2024-04-13 06:52:00,147 [INFO] DbMcusAds:53 - JSON generation date=Wed Nov 29 05:52:27 COT 2023 (1701255147349)
2024-04-13 06:52:00,147 [FATAL] Updater:308 - Updater called before beeing initialized
2024-04-13 06:52:00,193 [WARN] DetailPanel:346 - Failed to get advertising image, set to default
2024-04-13 06:52:00,287 [FATAL] Updater:308 - Updater called before beeing initialized
2024-04-13 06:52:00,289 [FATAL] Updater:308 - Updater called before beeing initialized
2024-04-13 06:52:00,289 [FATAL] Updater:308 - Updater called before beeing initialized
2024-04-13 06:52:00,289 [WARN] DetailPanel:346 - Failed to get advertising image, set to default
2024-04-13 06:52:00,290 [FATAL] Updater:308 - Updater called before beeing initialized
2024-04-13 06:52:00,352 [ERROR] Updater:1120 - MainUpdater not yet initialized. External WinMGr cannot be set.
2024-04-13 06:52:00,362 [INFO] Updater:1056 - Updater Version found : 6.11.0
2024-04-13 06:52:00,380 [INFO] ApplicationProperties:184 - Using Application install path: C:\ST\STM32CubeIDE_1.14.1\STM32CubeIDE\plugins\com.st.stm32cube.common.mx_6.11.0.202403141607
2024-04-13 06:52:00,776 [INFO] ThirdPartyUpdaterWithRetryManager:70 - Updater plugin not ready yet. [2/15]
2024-04-13 06:52:01,967 [ERROR] LogOutputStream:75 - [STDERR_REDIRECT] Apr 13, 2024 6:52:01 AM java.util.prefs.WindowsPreferences <init>
2024-04-13 06:52:01,969 [ERROR] LogOutputStream:75 - [STDERR_REDIRECT] WARNING: Could not open/create prefs root node Software\JavaSoft\Prefs at root 0xffffffff80000002. Windows RegCreateKeyEx(...) returned error code 5.
2024-04-13 06:52:01,969 [ERROR] LogOutputStream:75 - [STDERR_REDIRECT] 
2024-04-13 06:52:03,323 [INFO] MainUpdater:2873 - connection check result : 10
2024-04-13 06:52:03,324 [INFO] MainUpdater:290 - Updater Check For Update Now.
2024-04-13 06:52:03,324 [INFO] MicroXplorer:498 - Change Database Version : DB.6.0.110
2024-04-13 06:52:03,352 [INFO] McuFinderGlobals:63 - Set McuFinder mode to 2 (CubeIDE integrated)
2024-04-13 06:52:03,368 [INFO] UserAuth:415 - Internet connection configuration mode: 1
2024-04-13 06:52:03,409 [INFO] JxBrowserEngine:152 - Initiate JxBrowser Engine with user profile folder
2024-04-13 06:52:03,559 [INFO] CheckServerUpdateThread:120 - End of CheckServer Thread
2024-04-13 06:52:03,971 [WARN] PackLoader:240 - Cannot read IP mode file for STMicroelectronics.X-CUBE-SMBUS.2.1.0
2024-04-13 06:52:03,988 [WARN] PackLoader:240 - Cannot read IP mode file for STMicroelectronics.X-CUBE-TOUCHGFX.4.23.1
2024-04-13 06:52:03,999 [WARN] PackLoader:240 - Cannot read IP mode file for STMicroelectronics.X-CUBE-TOUCHGFX.4.23.0
2024-04-13 06:52:04,011 [WARN] PackLoader:240 - Cannot read IP mode file for STMicroelectronics.X-CUBE-TOUCHGFX.4.23.2
2024-04-13 06:52:04,074 [WARN] PackLoader:240 - Cannot read IP mode file for STMicroelectronics.X-CUBE-AZRTOS-F7.1.1.0
2024-04-13 06:52:04,107 [WARN] PackLoader:240 - Cannot read IP mode file for STMicroelectronics.FP-SNS-MOTENV1.4.3.2
2024-04-13 06:52:04,128 [WARN] PackLoader:240 - Cannot read IP mode file for STMicroelectronics.FP-SNS-FLIGHT1.5.0.2
2024-04-13 06:52:04,148 [WARN] PackLoader:240 - Cannot read IP mode file for STMicroelectronics.X-CUBE-DISPLAY.3.0.0
2024-04-13 06:52:04,172 [WARN] PackLoader:240 - Cannot read IP mode file for STMicroelectronics.X-CUBE-BLE1.7.0.0
2024-04-13 06:52:04,187 [WARN] PackLoader:240 - Cannot read IP mode file for emotas.I-CUBE-CANOPEN.1.3.0
2024-04-13 06:52:04,208 [WARN] PackLoader:240 - Cannot read IP mode file for STMicroelectronics.X-CUBE-BLEMGR.3.1.0
2024-04-13 06:52:04,229 [WARN] PackLoader:240 - Cannot read IP mode file for STMicroelectronics.FP-SNS-SMARTAG2.1.2.0
2024-04-13 06:52:04,257 [INFO] LogOutputStream:77 - [STDOUT_REDIRECT] 1 : Invalid condition id : UX_CORESTACK_Condition cause : null
2024-04-13 06:52:04,258 [INFO] LogOutputStream:77 - [STDOUT_REDIRECT] 1 : Invalid condition id : UX_CORESTACK_Condition cause : null
2024-04-13 06:52:04,260 [INFO] LogOutputStream:77 - [STDOUT_REDIRECT] 1 : Invalid condition id : UX_CORESTACK_Condition cause : null
2024-04-13 06:52:04,261 [INFO] LogOutputStream:77 - [STDOUT_REDIRECT] 1 : Invalid condition id : UX_CORESTACK_Condition cause : null
2024-04-13 06:52:04,263 [INFO] LogOutputStream:77 - [STDOUT_REDIRECT] 1 : Invalid condition id : UX_CORESTACK_Condition cause : null
2024-04-13 06:52:04,269 [WARN] PackLoader:240 - Cannot read IP mode file for STMicroelectronics.X-CUBE-AZRTOS-WL.2.0.0
2024-04-13 06:52:04,287 [WARN] PackLoader:240 - Cannot read IP mode file for STMicroelectronics.FP-SNS-MOTENV1.5.0.0
2024-04-13 06:52:04,306 [WARN] PackLoader:240 - Cannot read IP mode file for WES.I-CUBE-Cesium.1.3.0
2024-04-13 06:52:04,319 [WARN] PackLoader:240 - Cannot read IP mode file for STMicroelectronics.X-CUBE-BLE2.3.3.0
2024-04-13 06:52:04,333 [WARN] PackLoader:240 - Cannot read IP mode file for STMicroelectronics.X-CUBE-ALGOBUILD.1.3.0
2024-04-13 06:52:04,361 [WARN] PackLoader:240 - Cannot read IP mode file for STMicroelectronics.X-CUBE-AZRTOS-G0.1.1.0
2024-04-13 06:52:04,382 [WARN] PackLoader:240 - Cannot read IP mode file for STMicroelectronics.X-CUBE-SAFEA1.1.2.2
2024-04-13 06:52:04,403 [WARN] PackLoader:240 - Cannot read IP mode file for STMicroelectronics.X-CUBE-NFC4.3.0.0
2024-04-13 06:52:04,425 [WARN] PackLoader:240 - Cannot read IP mode file for STMicroelectronics.X-CUBE-BLEMGR.3.0.0
2024-04-13 06:52:04,439 [WARN] PackLoader:240 - Cannot read IP mode file for STMicroelectronics.FP-ATR-SIGFOX1.3.2.0
2024-04-13 06:52:04,454 [WARN] PackLoader:240 - Cannot read IP mode file for STMicroelectronics.X-CUBE-EEPRMA1.5.1.0
2024-04-13 06:52:04,496 [WARN] PackLoader:240 - Cannot read IP mode file for SEGGER.I-CUBE-embOS.1.3.1
2024-04-13 06:52:04,575 [WARN] PackLoader:240 - Cannot read IP mode file for STMicroelectronics.X-CUBE-GNSS1.6.0.0
2024-04-13 06:52:04,614 [WARN] PackLoader:240 - Cannot read IP mode file for STMicroelectronics.X-CUBE-AZRTOS-F4.1.1.0
2024-04-13 06:52:04,644 [WARN] PackLoader:240 - Cannot read IP mode file for wolfSSL.I-CUBE-wolfSSL.5.6.6
2024-04-13 06:52:04,687 [WARN] PackLoader:240 - Cannot read IP mode file for STMicroelectronics.X-CUBE-AZRTOS-L5.2.0.0
2024-04-13 06:52:04,711 [WARN] PackLoader:240 - Cannot read IP mode file for STMicroelectronics.X-CUBE-NFC6.3.1.0
2024-04-13 06:52:04,728 [WARN] PackLoader:240 - Cannot read IP mode file for ITTIA_DB.I-CUBE-ITTIADB.8.8.0
2024-04-13 06:52:04,745 [WARN] PackLoader:240 - Cannot read IP mode file for STMicroelectronics.X-CUBE-NFC7.1.0.1
2024-04-13 06:52:04,765 [WARN] PackLoader:240 - Cannot read IP mode file for STMicroelectronics.X-CUBE-NFC6.3.0.0
2024-04-13 06:52:04,782 [WARN] PackLoader:240 - Cannot read IP mode file for STMicroelectronics.X-CUBE-AI.8.1.0
2024-04-13 06:52:04,823 [WARN] ConditionMgr:438 - getConditionDescription Invalid condition id : LAN8742 Phy interface Condition cause : null
2024-04-13 06:52:04,824 [WARN] PackLoader:240 - Cannot read IP mode file for STMicroelectronics.X-CUBE-AZRTOS-L4.2.0.0
2024-04-13 06:52:04,827 [WARN] ConditionMgr:1039 - genDependencies : Invalid condition id : LAN8742 Phy interface Condition cause : null
2024-04-13 06:52:04,827 [WARN] ConditionMgr:1039 - genDependencies : Invalid condition id : LAN8742 Phy interface Condition cause : null
2024-04-13 06:52:04,828 [WARN] ConditionMgr:1039 - genDependencies : Invalid condition id : LAN8742 Phy interface Condition cause : null
2024-04-13 06:52:04,848 [WARN] PackLoader:240 - Cannot read IP mode file for STMicroelectronics.X-CUBE-SFXS2LP1.4.0.0
2024-04-13 06:52:04,885 [WARN] ConditionMgr:438 - getConditionDescription Invalid condition id : UX DEVICE CLASS RTOS Condition cause : null
2024-04-13 06:52:04,885 [WARN] ConditionMgr:438 - getConditionDescription Invalid condition id : UX DEVICE CLASS RTOS Condition cause : null
2024-04-13 06:52:04,891 [WARN] PackLoader:240 - Cannot read IP mode file for STMicroelectronics.X-CUBE-AZRTOS-WB.2.0.0
2024-04-13 06:52:04,892 [WARN] ConditionMgr:1039 - genDependencies : Invalid condition id : UX DEVICE CLASS RTOS Condition cause : null
2024-04-13 06:52:04,892 [WARN] ConditionMgr:1039 - genDependencies : Invalid condition id : UX DEVICE CLASS RTOS Condition cause : null
2024-04-13 06:52:04,892 [WARN] ConditionMgr:1039 - genDependencies : Invalid condition id : UX DEVICE CLASS RTOS Condition cause : null
2024-04-13 06:52:04,893 [WARN] ConditionMgr:1039 - genDependencies : Invalid condition id : UX DEVICE CLASS RTOS Condition cause : null
2024-04-13 06:52:04,893 [WARN] ConditionMgr:1039 - genDependencies : Invalid condition id : UX DEVICE CLASS RTOS Condition cause : null
2024-04-13 06:52:04,924 [WARN] PackLoader:240 - Cannot read IP mode file for STMicroelectronics.X-CUBE-SUBG2.5.0.0
2024-04-13 06:52:04,967 [WARN] PackLoader:240 - Cannot read IP mode file for STMicroelectronics.X-CUBE-AZRTOS-G4.2.0.0
2024-04-13 06:52:05,002 [WARN] PackLoader:240 - Cannot read IP mode file for Infineon.AIROC-Wi-Fi-Bluetooth-STM32.1.5.1
2024-04-13 06:52:05,017 [WARN] PackLoader:240 - Cannot read IP mode file for STMicroelectronics.FP-SNS-MOTENVWB1.1.3.1
2024-04-13 06:52:05,033 [WARN] PackLoader:240 - Cannot read IP mode file for STMicroelectronics.X-CUBE-ISPU.2.0.0
2024-04-13 06:52:05,082 [WARN] PackLoader:240 - Cannot read IP mode file for STMicroelectronics.X-CUBE-MEMS1.10.0.0
2024-04-13 06:52:05,179 [WARN] PackLoader:240 - Cannot read IP mode file for STMicroelectronics.X-CUBE-FREERTOS.1.1.0
2024-04-13 06:52:05,195 [WARN] PackLoader:240 - Cannot read IP mode file for portGmbH.I-Cube-SoM-uGOAL.1.1.0
2024-04-13 06:52:05,210 [WARN] PackLoader:240 - Cannot read IP mode file for STMicroelectronics.X-CUBE-ALS.1.0.1
2024-04-13 06:52:05,223 [WARN] PackLoader:240 - Cannot read IP mode file for STMicroelectronics.FP-ATR-ASTRA1.2.0.0
2024-04-13 06:52:05,250 [WARN] PackLoader:240 - Cannot read IP mode file for STMicroelectronics.X-CUBE-TOF1.3.4.0
2024-04-13 06:52:05,307 [WARN] PackLoader:240 - Cannot read IP mode file for STMicroelectronics.X-CUBE-TOF1.3.4.1
2024-04-13 06:52:05,372 [WARN] PackLoader:240 - Cannot read IP mode file for STMicroelectronics.X-CUBE-AZRTOS-H7.3.2.0
2024-04-13 06:52:05,377 [INFO] ThirdParty:978 - Integrity check success = true
2024-04-13 06:52:05,377 [INFO] IntegrityCheckThread:100 - exiting critical section [integrity check]
2024-04-13 06:52:05,377 [INFO] IntegrityCheckThread:103 - End integrity checks thread
2024-04-13 06:52:08,369 [INFO] WebApp:161 - Instantiating new browser for Auth
2024-04-13 06:52:08,930 [INFO] WebApp:779 - Register for checkConnection events
2024-04-13 06:52:08,930 [INFO] WebApp:414 - Apply proxy settings
2024-04-13 06:52:08,930 [INFO] WebApp:499 - Chromium requires no authentication
2024-04-13 06:52:08,936 [INFO] WebApp:442 - Direct internet connection detected
2024-04-13 06:52:09,066 [INFO] WebApp:192 - Starting web application
2024-04-13 06:52:09,067 [INFO] WebApp:544 - Web application path used C:\ST\STM32CubeIDE_1.14.1\STM32CubeIDE\plugins\com.st.stm32cube.common.mx_6.11.0.202403141607\db\plugins\mcufinder\reactClient1\index.html
