2024-04-21 17:49:51,914 [INFO] Activator:176 - 


2024-04-21 17:49:51,919 [INFO] Activator:177 - !SESSION log4j initialized
2024-04-21 17:49:56,547 [INFO] LogOutputStream:77 - [STDOUT_REDIRECT] 
2024-04-21 17:50:01,102 [INFO] ApplicationProperties:184 - Using Application install path: C:\ST\STM32CubeIDE_1.14.1\STM32CubeIDE\plugins\com.st.stm32cube.common.mx_6.11.0.202403141607
2024-04-21 17:50:01,119 [INFO] DbMcusXml:78 - Set database path to: C:\ST\STM32CubeIDE_1.14.1\STM32CubeIDE\plugins\com.st.stm32cube.common.mx_6.11.0.202403141607\\db\/mcu/
2024-04-21 17:50:01,119 [INFO] ApiDb:274 - Set plugin database path to: C:\ST\STM32CubeIDE_1.14.1\STM32CubeIDE\plugins\com.st.stm32cube.common.mx_6.11.0.202403141607\\db\/plugins/boardmanager/
2024-04-21 17:50:01,120 [WARN] ApiDb:259 - Overriding images path with different value:  => C:\ST\STM32CubeIDE_1.14.1\STM32CubeIDE\plugins\com.st.stm32cube.common.mx_6.11.0.202403141607\\db\/plugins/mcufinder/images/
2024-04-21 17:50:01,129 [INFO] ApiDb:250 - Set database path to: C:\Users\ASUS\.stmcufinder\plugins\mcufinder//mcu/
2024-04-21 17:50:01,130 [INFO] DbMcusAds:125 - Set database path to: C:\Users\ASUS\.stmcufinder\plugins\mcufinder//mcu/
2024-04-21 17:50:01,131 [INFO] CrossReferenceDbSqlite:203 - Set database path to: C:\Users\ASUS\.stmcufinder\plugins\mcufinder//mcu/cs/
2024-04-21 17:50:01,224 [INFO] RulesReader:64 - Compatibility file has been processed (297 Rules)
2024-04-21 17:50:01,309 [INFO] DbMcusXml:78 - Set database path to: C:\ST\STM32CubeIDE_1.14.1\STM32CubeIDE\plugins\com.st.stm32cube.common.mx_6.11.0.202403141607\\db\/mcu/
2024-04-21 17:50:01,309 [INFO] ApiDb:274 - Set plugin database path to: C:\ST\STM32CubeIDE_1.14.1\STM32CubeIDE\plugins\com.st.stm32cube.common.mx_6.11.0.202403141607\\db\/plugins/boardmanager/
2024-04-21 17:50:01,309 [INFO] ApiDb:261 - Set plugin images path to: C:\ST\STM32CubeIDE_1.14.1\STM32CubeIDE\plugins\com.st.stm32cube.common.mx_6.11.0.202403141607\\db\/plugins/mcufinder/images/
2024-04-21 17:50:01,309 [WARN] DbFile:41 - Overriding database path with different value: C:\Users\ASUS\.stmcufinder\plugins\mcufinder/ => C:\Users\ASUS\.stmcufinder\plugins\mcufinder
2024-04-21 17:50:01,309 [INFO] ApiDb:250 - Set database path to: C:\Users\ASUS\.stmcufinder\plugins\mcufinder//mcu/
2024-04-21 17:50:01,309 [WARN] DbFile:41 - Overriding database path with different value: C:\Users\ASUS\.stmcufinder\plugins\mcufinder/ => C:\Users\ASUS\.stmcufinder\plugins\mcufinder
2024-04-21 17:50:01,309 [INFO] DbMcusAds:125 - Set database path to: C:\Users\ASUS\.stmcufinder\plugins\mcufinder//mcu/
2024-04-21 17:50:01,309 [WARN] DbFile:41 - Overriding database path with different value: C:\Users\ASUS\.stmcufinder\plugins\mcufinder/ => C:\Users\ASUS\.stmcufinder\plugins\mcufinder
2024-04-21 17:50:01,309 [WARN] DbFile:41 - Overriding database path with different value: C:\Users\ASUS\.stmcufinder\plugins\mcufinder/ => C:\Users\ASUS\.stmcufinder\plugins\mcufinder
2024-04-21 17:50:01,310 [INFO] CrossReferenceDbSqlite:203 - Set database path to: C:\Users\ASUS\.stmcufinder\plugins\mcufinder//mcu/cs/
2024-04-21 17:50:01,391 [INFO] MainPanel:264 - HeapMemory: 268435456
2024-04-21 17:50:01,491 [INFO] DbMcusXml:78 - Set database path to: C:\ST\STM32CubeIDE_1.14.1\STM32CubeIDE\plugins\com.st.stm32cube.common.mx_6.11.0.202403141607\\db\/mcu/
2024-04-21 17:50:01,491 [INFO] ApiDb:274 - Set plugin database path to: C:\ST\STM32CubeIDE_1.14.1\STM32CubeIDE\plugins\com.st.stm32cube.common.mx_6.11.0.202403141607\\db\/plugins/boardmanager/
2024-04-21 17:50:01,491 [INFO] ApiDb:261 - Set plugin images path to: C:\ST\STM32CubeIDE_1.14.1\STM32CubeIDE\plugins\com.st.stm32cube.common.mx_6.11.0.202403141607\\db\/plugins/mcufinder/images/
2024-04-21 17:50:01,492 [WARN] DbFile:41 - Overriding database path with different value: C:\Users\ASUS\.stmcufinder\plugins\mcufinder/ => C:\Users\ASUS\.stmcufinder\plugins\mcufinder
2024-04-21 17:50:01,492 [INFO] ApiDb:250 - Set database path to: C:\Users\ASUS\.stmcufinder\plugins\mcufinder//mcu/
2024-04-21 17:50:01,492 [WARN] DbFile:41 - Overriding database path with different value: C:\Users\ASUS\.stmcufinder\plugins\mcufinder/ => C:\Users\ASUS\.stmcufinder\plugins\mcufinder
2024-04-21 17:50:01,492 [INFO] DbMcusAds:125 - Set database path to: C:\Users\ASUS\.stmcufinder\plugins\mcufinder//mcu/
2024-04-21 17:50:01,492 [WARN] DbFile:41 - Overriding database path with different value: C:\Users\ASUS\.stmcufinder\plugins\mcufinder/ => C:\Users\ASUS\.stmcufinder\plugins\mcufinder
2024-04-21 17:50:01,492 [WARN] DbFile:41 - Overriding database path with different value: C:\Users\ASUS\.stmcufinder\plugins\mcufinder/ => C:\Users\ASUS\.stmcufinder\plugins\mcufinder
2024-04-21 17:50:01,492 [INFO] CrossReferenceDbSqlite:203 - Set database path to: C:\Users\ASUS\.stmcufinder\plugins\mcufinder//mcu/cs/
2024-04-21 17:50:01,507 [INFO] ApplicationProperties:184 - Using Application install path: C:\ST\STM32CubeIDE_1.14.1\STM32CubeIDE\plugins\com.st.stm32cube.common.mx_6.11.0.202403141607
2024-04-21 17:50:01,509 [INFO] PluginManage:196 - Search for loadable plugins [exclusion list=, ]
2024-04-21 17:50:01,510 [INFO] PluginManage:310 - Check plugin analytics
2024-04-21 17:50:01,670 [INFO] AnalyticsPlugin:253 - Accepted Software Licenses: 
2024-04-21 17:50:01,670 [INFO] AnalyticsPlugin:255 - Accepted CMSIS Pack Licenses: 
2024-04-21 17:50:01,671 [INFO] AnalyticsPlugin:257 - Accepted Firmware Licenses: FW.F4.1.28.0
2024-04-21 17:50:01,672 [INFO] PluginManage:359 - Loaded plugin analytics (category:tool,tabindex:-1)
2024-04-21 17:50:01,672 [INFO] PluginManage:310 - Check plugin cadmodel
2024-04-21 17:50:01,684 [INFO] CADModel:105 - Init CAD model plugin
2024-04-21 17:50:01,685 [INFO] PluginManage:359 - Loaded plugin cadmodel (category:power,tabindex:5)
2024-04-21 17:50:01,685 [INFO] PluginManage:310 - Check plugin clock
2024-04-21 17:50:01,703 [INFO] PluginManage:359 - Loaded plugin clock (category:base,tabindex:2)
2024-04-21 17:50:01,703 [INFO] PluginManage:310 - Check plugin ddr
2024-04-21 17:50:01,705 [INFO] PluginManage:359 - Loaded plugin ddr (category:tool,tabindex:6)
2024-04-21 17:50:01,705 [INFO] PluginManage:310 - Check plugin filemanager
2024-04-21 17:50:01,829 [INFO] PluginManage:359 - Loaded plugin filemanager (category:base,tabindex:10)
2024-04-21 17:50:01,829 [INFO] PluginManage:310 - Check plugin ipmanager
2024-04-21 17:50:01,835 [INFO] PluginManage:359 - Loaded plugin ipmanager (category:base,tabindex:5)
2024-04-21 17:50:01,835 [INFO] PluginManage:310 - Check plugin lpbam
2024-04-21 17:50:01,855 [INFO] PluginManage:359 - Loaded plugin lpbam (category:base,tabindex:0)
2024-04-21 17:50:01,855 [INFO] PluginManage:310 - Check plugin memorymap
2024-04-21 17:50:01,876 [INFO] PluginManage:359 - Loaded plugin memorymap (category:base,tabindex:4)
2024-04-21 17:50:01,877 [INFO] PluginManage:310 - Check plugin pinoutandconfiguration
2024-04-21 17:50:01,890 [INFO] PluginManage:359 - Loaded plugin pinoutandconfiguration (category:base,tabindex:1)
2024-04-21 17:50:01,890 [INFO] PluginManage:310 - Check plugin pinoutconfig
2024-04-21 17:50:01,966 [WARN] SupportedApi:132 - Cannot load RTOS API schema: s4s-elt-must-match.1: The content of 'definitions' must match (annotation?, (simpleType | complexType)?, (unique | key | keyref)*)). A problem was found starting at: attribute.
2024-04-21 17:50:02,085 [INFO] PluginManage:359 - Loaded plugin pinoutconfig (category:base,tabindex:0)
2024-04-21 17:50:02,085 [INFO] PluginManage:310 - Check plugin power
2024-04-21 17:50:02,104 [INFO] PluginManage:359 - Loaded plugin power (category:power,tabindex:4)
2024-04-21 17:50:02,104 [INFO] PluginManage:310 - Check plugin projectmanager
2024-04-21 17:50:02,120 [INFO] PluginManage:359 - Loaded plugin projectmanager (category:projectmanager,tabindex:3)
2024-04-21 17:50:02,120 [INFO] PluginManage:310 - Check plugin thirdparty
2024-04-21 17:50:02,363 [INFO] PluginManage:359 - Loaded plugin thirdparty (category:base,tabindex:-1)
2024-04-21 17:50:02,363 [INFO] PluginManage:310 - Check plugin tools
2024-04-21 17:50:02,363 [WARN] IntegrityCheckThread:84 - waiting for thirdparty lock release [integrity check]
2024-04-21 17:50:02,364 [INFO] IntegrityCheckThread:86 - entering critical section [integrity check]
2024-04-21 17:50:02,364 [INFO] ThirdPartyUpdaterWithRetryManager:70 - Updater plugin not ready yet. [1/15]
2024-04-21 17:50:02,390 [INFO] PluginManage:359 - Loaded plugin tools (category:base,tabindex:7)
2024-04-21 17:50:02,390 [INFO] PluginManage:310 - Check plugin tutovideos
2024-04-21 17:50:02,556 [INFO] PluginManage:359 - Loaded plugin tutovideos (category:base,tabindex:-1)
2024-04-21 17:50:02,556 [INFO] PluginManage:310 - Check plugin updater
2024-04-21 17:50:02,569 [INFO] PluginManage:359 - Loaded plugin updater (category:base,tabindex:12)
2024-04-21 17:50:02,569 [INFO] PluginManage:310 - Check plugin userauth
2024-04-21 17:50:02,574 [INFO] UserAuth:114 - Init User Auth plugin
2024-04-21 17:50:02,574 [INFO] PluginManage:359 - Loaded plugin userauth (category:base,tabindex:14)
2024-04-21 17:50:02,575 [INFO] PluginManage:283 - PluginManage : Loaded plugins [17]
2024-04-21 17:50:02,759 [INFO] PinOutPanel:1561 - setPackage(No Configuration,No Configuration)
2024-04-21 17:50:02,819 [INFO] CADModel:165 - CPN selected for project level
2024-04-21 17:50:02,819 [INFO] CADModel:114 - Register for checkConnection events
2024-04-21 17:50:02,840 [INFO] IPUIPlugin:80 - create IPUIPlugin
2024-04-21 17:50:02,840 [INFO] PluginManager:220 - loadIPPluginJar : add adc
2024-04-21 17:50:02,865 [INFO] IPUIPlugin:80 - create IPUIPlugin
2024-04-21 17:50:02,866 [INFO] PluginManager:220 - loadIPPluginJar : add aes
2024-04-21 17:50:02,898 [INFO] IPUIPlugin:80 - create IPUIPlugin
2024-04-21 17:50:02,898 [INFO] PluginManager:220 - loadIPPluginJar : add can
2024-04-21 17:50:02,917 [INFO] IPUIPlugin:80 - create IPUIPlugin
2024-04-21 17:50:02,917 [INFO] PluginManager:220 - loadIPPluginJar : add comp
2024-04-21 17:50:02,943 [INFO] IPUIPlugin:80 - create IPUIPlugin
2024-04-21 17:50:02,943 [INFO] PluginManager:220 - loadIPPluginJar : add cryp
2024-04-21 17:50:02,964 [INFO] IPUIPlugin:80 - create IPUIPlugin
2024-04-21 17:50:02,964 [INFO] PluginManager:220 - loadIPPluginJar : add dfsdm
2024-04-21 17:50:02,977 [INFO] IPUIPlugin:80 - create IPUIPlugin
2024-04-21 17:50:02,978 [INFO] PluginManager:220 - loadIPPluginJar : add dma
2024-04-21 17:50:03,013 [INFO] IPUIPlugin:80 - create IPUIPlugin
2024-04-21 17:50:03,014 [INFO] PluginManager:220 - loadIPPluginJar : add dma3
2024-04-21 17:50:03,047 [INFO] IPUIPlugin:80 - create IPUIPlugin
2024-04-21 17:50:03,047 [INFO] PluginManager:220 - loadIPPluginJar : add extmemmanager
2024-04-21 17:50:03,062 [INFO] IPUIPlugin:80 - create IPUIPlugin
2024-04-21 17:50:03,062 [INFO] PluginManager:220 - loadIPPluginJar : add fatfs
2024-04-21 17:50:03,098 [INFO] IPUIPlugin:80 - create IPUIPlugin
2024-04-21 17:50:03,098 [INFO] PluginManager:220 - loadIPPluginJar : add fmc
2024-04-21 17:50:03,110 [INFO] IPUIPlugin:80 - create IPUIPlugin
2024-04-21 17:50:03,110 [INFO] PluginManager:220 - loadIPPluginJar : add freertos
2024-04-21 17:50:03,126 [INFO] IPUIPlugin:80 - create IPUIPlugin
2024-04-21 17:50:03,126 [INFO] PluginManager:220 - loadIPPluginJar : add genericplugin
2024-04-21 17:50:03,192 [INFO] IPUIPlugin:80 - create IPUIPlugin
2024-04-21 17:50:03,193 [INFO] PluginManager:220 - loadIPPluginJar : add gfxmmu
2024-04-21 17:50:03,282 [INFO] IPUIPlugin:80 - create IPUIPlugin
2024-04-21 17:50:03,283 [INFO] PluginManager:220 - loadIPPluginJar : add gic
2024-04-21 17:50:03,303 [INFO] IPUIPlugin:80 - create IPUIPlugin
2024-04-21 17:50:03,303 [INFO] PluginManager:220 - loadIPPluginJar : add gpio
2024-04-21 17:50:03,373 [INFO] IPUIPlugin:80 - create IPUIPlugin
2024-04-21 17:50:03,373 [INFO] PluginManager:220 - loadIPPluginJar : add gtzc
2024-04-21 17:50:03,399 [INFO] IPUIPlugin:80 - create IPUIPlugin
2024-04-21 17:50:03,399 [INFO] PluginManager:220 - loadIPPluginJar : add hash
2024-04-21 17:50:03,437 [INFO] IPUIPlugin:80 - create IPUIPlugin
2024-04-21 17:50:03,437 [INFO] PluginManager:220 - loadIPPluginJar : add i2c
2024-04-21 17:50:03,465 [INFO] IPUIPlugin:80 - create IPUIPlugin
2024-04-21 17:50:03,465 [INFO] PluginManager:220 - loadIPPluginJar : add i2s
2024-04-21 17:50:03,496 [INFO] IPUIPlugin:80 - create IPUIPlugin
2024-04-21 17:50:03,496 [INFO] PluginManager:220 - loadIPPluginJar : add i3c
2024-04-21 17:50:03,573 [INFO] IPUIPlugin:80 - create IPUIPlugin
2024-04-21 17:50:03,573 [INFO] PluginManager:220 - loadIPPluginJar : add ipddr
2024-04-21 17:50:03,641 [INFO] IPUIPlugin:80 - create IPUIPlugin
2024-04-21 17:50:03,641 [INFO] PluginManager:220 - loadIPPluginJar : add linkedlist
2024-04-21 17:50:03,667 [INFO] IPUIPlugin:80 - create IPUIPlugin
2024-04-21 17:50:03,667 [INFO] PluginManager:220 - loadIPPluginJar : add lorawan
2024-04-21 17:50:03,693 [INFO] IPUIPlugin:80 - create IPUIPlugin
2024-04-21 17:50:03,693 [INFO] PluginManager:220 - loadIPPluginJar : add ltdc
2024-04-21 17:50:03,707 [INFO] IPUIPlugin:80 - create IPUIPlugin
2024-04-21 17:50:03,707 [INFO] PluginManager:220 - loadIPPluginJar : add mdma
2024-04-21 17:50:03,717 [INFO] IPUIPlugin:80 - create IPUIPlugin
2024-04-21 17:50:03,717 [INFO] PluginManager:220 - loadIPPluginJar : add nvic
2024-04-21 17:50:03,742 [INFO] IPUIPlugin:80 - create IPUIPlugin
2024-04-21 17:50:03,742 [INFO] PluginManager:220 - loadIPPluginJar : add opamp
2024-04-21 17:50:03,785 [INFO] IPUIPlugin:80 - create IPUIPlugin
2024-04-21 17:50:03,785 [INFO] PluginManager:220 - loadIPPluginJar : add openamp
2024-04-21 17:50:03,814 [INFO] IPUIPlugin:80 - create IPUIPlugin
2024-04-21 17:50:03,814 [INFO] PluginManager:220 - loadIPPluginJar : add pdm2pcm
2024-04-21 17:50:03,827 [INFO] IPUIPlugin:80 - create IPUIPlugin
2024-04-21 17:50:03,829 [INFO] PluginManager:220 - loadIPPluginJar : add plateformsettings
2024-04-21 17:50:03,845 [INFO] IPUIPlugin:80 - create IPUIPlugin
2024-04-21 17:50:03,845 [INFO] PluginManager:220 - loadIPPluginJar : add quadspi
2024-04-21 17:50:03,855 [INFO] IPUIPlugin:80 - create IPUIPlugin
2024-04-21 17:50:03,855 [INFO] PluginManager:220 - loadIPPluginJar : add resmgrutility
2024-04-21 17:50:03,889 [INFO] IPUIPlugin:80 - create IPUIPlugin
2024-04-21 17:50:03,889 [INFO] PluginManager:220 - loadIPPluginJar : add sai
2024-04-21 17:50:03,916 [INFO] IPUIPlugin:80 - create IPUIPlugin
2024-04-21 17:50:03,916 [INFO] PluginManager:220 - loadIPPluginJar : add spi
2024-04-21 17:50:03,966 [INFO] IPUIPlugin:80 - create IPUIPlugin
2024-04-21 17:50:03,966 [INFO] PluginManager:220 - loadIPPluginJar : add stm32_wpan
2024-04-21 17:50:03,986 [INFO] IPUIPlugin:80 - create IPUIPlugin
2024-04-21 17:50:03,986 [INFO] PluginManager:220 - loadIPPluginJar : add tim
2024-04-21 17:50:04,031 [INFO] IPUIPlugin:80 - create IPUIPlugin
2024-04-21 17:50:04,031 [INFO] PluginManager:220 - loadIPPluginJar : add touchsensing
2024-04-21 17:50:04,048 [INFO] IPUIPlugin:80 - create IPUIPlugin
2024-04-21 17:50:04,048 [INFO] PluginManager:220 - loadIPPluginJar : add tracer_emb
2024-04-21 17:50:04,064 [INFO] IPUIPlugin:80 - create IPUIPlugin
2024-04-21 17:50:04,064 [INFO] PluginManager:220 - loadIPPluginJar : add ts
2024-04-21 17:50:04,080 [INFO] IPUIPlugin:80 - create IPUIPlugin
2024-04-21 17:50:04,080 [INFO] PluginManager:220 - loadIPPluginJar : add tsc
2024-04-21 17:50:04,095 [INFO] IPUIPlugin:80 - create IPUIPlugin
2024-04-21 17:50:04,095 [INFO] PluginManager:220 - loadIPPluginJar : add ucpd
2024-04-21 17:50:04,128 [INFO] IPUIPlugin:80 - create IPUIPlugin
2024-04-21 17:50:04,128 [INFO] PluginManager:220 - loadIPPluginJar : add usart
2024-04-21 17:50:04,159 [INFO] IPUIPlugin:80 - create IPUIPlugin
2024-04-21 17:50:04,159 [INFO] PluginManager:220 - loadIPPluginJar : add usbx
2024-04-21 17:50:04,283 [INFO] CADModel:165 - CPN selected for project level
2024-04-21 17:50:04,283 [INFO] CADModel:114 - Register for checkConnection events
2024-04-21 17:50:04,283 [FATAL] Updater:308 - Updater called before beeing initialized
2024-04-21 17:50:04,284 [ERROR] CADModel:125 - Updater not yet initialized, retry later 
2024-04-21 17:50:04,417 [INFO] CADModel:165 - CPN selected for project level
2024-04-21 17:50:04,417 [INFO] CADModel:114 - Register for checkConnection events
2024-04-21 17:50:04,418 [FATAL] Updater:308 - Updater called before beeing initialized
2024-04-21 17:50:04,418 [ERROR] CADModel:125 - Updater not yet initialized, retry later 
2024-04-21 17:50:04,420 [FATAL] Updater:308 - Updater called before beeing initialized
2024-04-21 17:50:04,520 [FATAL] Updater:308 - Updater called before beeing initialized
2024-04-21 17:50:04,530 [INFO] DbMcusAds:53 - JSON generation date=Wed Nov 29 05:52:27 COT 2023 (1701255147349)
2024-04-21 17:50:04,530 [FATAL] Updater:308 - Updater called before beeing initialized
2024-04-21 17:50:04,566 [WARN] DetailPanel:346 - Failed to get advertising image, set to default
2024-04-21 17:50:04,640 [FATAL] Updater:308 - Updater called before beeing initialized
2024-04-21 17:50:04,642 [FATAL] Updater:308 - Updater called before beeing initialized
2024-04-21 17:50:04,642 [FATAL] Updater:308 - Updater called before beeing initialized
2024-04-21 17:50:04,642 [WARN] DetailPanel:346 - Failed to get advertising image, set to default
2024-04-21 17:50:04,643 [FATAL] Updater:308 - Updater called before beeing initialized
2024-04-21 17:50:04,698 [ERROR] Updater:1120 - MainUpdater not yet initialized. External WinMGr cannot be set.
2024-04-21 17:50:04,707 [INFO] Updater:1056 - Updater Version found : 6.11.0
2024-04-21 17:50:04,723 [INFO] ApplicationProperties:184 - Using Application install path: C:\ST\STM32CubeIDE_1.14.1\STM32CubeIDE\plugins\com.st.stm32cube.common.mx_6.11.0.202403141607
2024-04-21 17:50:05,366 [INFO] ThirdPartyUpdaterWithRetryManager:70 - Updater plugin not ready yet. [2/15]
2024-04-21 17:50:06,310 [ERROR] LogOutputStream:75 - [STDERR_REDIRECT] Apr 21, 2024 5:50:06 PM java.util.prefs.WindowsPreferences <init>
2024-04-21 17:50:06,311 [ERROR] LogOutputStream:75 - [STDERR_REDIRECT] WARNING: Could not open/create prefs root node Software\JavaSoft\Prefs at root 0xffffffff80000002. Windows RegCreateKeyEx(...) returned error code 5.
2024-04-21 17:50:06,311 [ERROR] LogOutputStream:75 - [STDERR_REDIRECT] 
2024-04-21 17:50:07,198 [INFO] MainUpdater:2873 - connection check result : 10
2024-04-21 17:50:07,199 [INFO] MainUpdater:290 - Updater Check For Update Now.
2024-04-21 17:50:07,199 [INFO] MicroXplorer:498 - Change Database Version : DB.6.0.110
2024-04-21 17:50:07,228 [INFO] McuFinderGlobals:63 - Set McuFinder mode to 2 (CubeIDE integrated)
2024-04-21 17:50:07,243 [INFO] UserAuth:415 - Internet connection configuration mode: 1
2024-04-21 17:50:07,283 [INFO] JxBrowserEngine:152 - Initiate JxBrowser Engine with user profile folder
2024-04-21 17:50:07,406 [INFO] CheckServerUpdateThread:120 - End of CheckServer Thread
2024-04-21 17:50:08,542 [WARN] PackLoader:240 - Cannot read IP mode file for STMicroelectronics.FP-SNS-MOTENVWB1.1.4.0
2024-04-21 17:50:08,560 [WARN] PackLoader:240 - Cannot read IP mode file for STMicroelectronics.X-CUBE-SMBUS.2.1.0
2024-04-21 17:50:08,575 [WARN] PackLoader:240 - Cannot read IP mode file for STMicroelectronics.X-CUBE-TOUCHGFX.4.23.1
2024-04-21 17:50:08,585 [WARN] PackLoader:240 - Cannot read IP mode file for STMicroelectronics.X-CUBE-TOUCHGFX.4.23.0
2024-04-21 17:50:08,595 [WARN] PackLoader:240 - Cannot read IP mode file for STMicroelectronics.X-CUBE-TOUCHGFX.4.23.2
2024-04-21 17:50:08,633 [WARN] PackLoader:240 - Cannot read IP mode file for STMicroelectronics.X-CUBE-AZRTOS-F7.1.1.0
2024-04-21 17:50:08,651 [WARN] PackLoader:240 - Cannot read IP mode file for STMicroelectronics.FP-SNS-MOTENV1.4.3.2
2024-04-21 17:50:08,668 [WARN] PackLoader:240 - Cannot read IP mode file for STMicroelectronics.FP-SNS-FLIGHT1.5.0.2
2024-04-21 17:50:08,684 [WARN] PackLoader:240 - Cannot read IP mode file for STMicroelectronics.X-CUBE-DISPLAY.3.0.0
2024-04-21 17:50:08,706 [WARN] PackLoader:240 - Cannot read IP mode file for STMicroelectronics.X-CUBE-BLE1.7.0.0
2024-04-21 17:50:08,718 [WARN] PackLoader:240 - Cannot read IP mode file for emotas.I-CUBE-CANOPEN.1.3.0
2024-04-21 17:50:08,736 [WARN] PackLoader:240 - Cannot read IP mode file for STMicroelectronics.X-CUBE-BLEMGR.3.1.0
2024-04-21 17:50:08,750 [WARN] PackLoader:240 - Cannot read IP mode file for STMicroelectronics.FP-SNS-SMARTAG2.1.2.0
2024-04-21 17:50:08,767 [INFO] LogOutputStream:77 - [STDOUT_REDIRECT] 1 : Invalid condition id : UX_CORESTACK_Condition cause : null
2024-04-21 17:50:08,768 [INFO] LogOutputStream:77 - [STDOUT_REDIRECT] 1 : Invalid condition id : UX_CORESTACK_Condition cause : null
2024-04-21 17:50:08,769 [INFO] LogOutputStream:77 - [STDOUT_REDIRECT] 1 : Invalid condition id : UX_CORESTACK_Condition cause : null
2024-04-21 17:50:08,770 [INFO] LogOutputStream:77 - [STDOUT_REDIRECT] 1 : Invalid condition id : UX_CORESTACK_Condition cause : null
2024-04-21 17:50:08,771 [INFO] LogOutputStream:77 - [STDOUT_REDIRECT] 1 : Invalid condition id : UX_CORESTACK_Condition cause : null
2024-04-21 17:50:08,774 [WARN] PackLoader:240 - Cannot read IP mode file for STMicroelectronics.X-CUBE-AZRTOS-WL.2.0.0
2024-04-21 17:50:08,786 [WARN] PackLoader:240 - Cannot read IP mode file for STMicroelectronics.FP-SNS-MOTENV1.5.0.0
2024-04-21 17:50:08,799 [WARN] PackLoader:240 - Cannot read IP mode file for WES.I-CUBE-Cesium.1.3.0
2024-04-21 17:50:08,809 [WARN] PackLoader:240 - Cannot read IP mode file for STMicroelectronics.X-CUBE-BLE2.3.3.0
2024-04-21 17:50:08,819 [WARN] PackLoader:240 - Cannot read IP mode file for STMicroelectronics.X-CUBE-TCPP.4.1.0
2024-04-21 17:50:08,831 [WARN] PackLoader:240 - Cannot read IP mode file for STMicroelectronics.X-CUBE-ALGOBUILD.1.3.0
2024-04-21 17:50:08,856 [WARN] PackLoader:240 - Cannot read IP mode file for STMicroelectronics.X-CUBE-AZRTOS-G0.1.1.0
2024-04-21 17:50:08,872 [WARN] PackLoader:240 - Cannot read IP mode file for STMicroelectronics.X-CUBE-SAFEA1.1.2.2
2024-04-21 17:50:08,884 [WARN] PackLoader:240 - Cannot read IP mode file for STMicroelectronics.X-CUBE-NFC4.3.0.0
2024-04-21 17:50:08,899 [WARN] PackLoader:240 - Cannot read IP mode file for STMicroelectronics.X-CUBE-BLEMGR.3.0.0
2024-04-21 17:50:08,911 [WARN] PackLoader:240 - Cannot read IP mode file for STMicroelectronics.FP-ATR-SIGFOX1.3.2.0
2024-04-21 17:50:08,922 [WARN] PackLoader:240 - Cannot read IP mode file for STMicroelectronics.X-CUBE-EEPRMA1.5.1.0
2024-04-21 17:50:08,958 [WARN] PackLoader:240 - Cannot read IP mode file for SEGGER.I-CUBE-embOS.1.3.1
2024-04-21 17:50:09,007 [WARN] PackLoader:240 - Cannot read IP mode file for STMicroelectronics.X-CUBE-GNSS1.6.0.0
2024-04-21 17:50:09,038 [WARN] PackLoader:240 - Cannot read IP mode file for STMicroelectronics.X-CUBE-AZRTOS-F4.1.1.0
2024-04-21 17:50:09,052 [WARN] PackLoader:240 - Cannot read IP mode file for wolfSSL.I-CUBE-wolfSSL.5.6.6
2024-04-21 17:50:09,088 [WARN] PackLoader:240 - Cannot read IP mode file for STMicroelectronics.X-CUBE-AZRTOS-L5.2.0.0
2024-04-21 17:50:09,107 [WARN] PackLoader:240 - Cannot read IP mode file for STMicroelectronics.X-CUBE-NFC6.3.1.0
2024-04-21 17:50:09,124 [WARN] PackLoader:240 - Cannot read IP mode file for ITTIA_DB.I-CUBE-ITTIADB.8.8.0
2024-04-21 17:50:09,144 [WARN] PackLoader:240 - Cannot read IP mode file for STMicroelectronics.X-CUBE-AI.9.0.0
2024-04-21 17:50:09,163 [WARN] PackLoader:240 - Cannot read IP mode file for STMicroelectronics.X-CUBE-NFC7.1.0.1
2024-04-21 17:50:09,180 [WARN] PackLoader:240 - Cannot read IP mode file for STMicroelectronics.X-CUBE-NFC6.3.0.0
2024-04-21 17:50:09,192 [WARN] PackLoader:240 - Cannot read IP mode file for STMicroelectronics.X-CUBE-AI.8.1.0
2024-04-21 17:50:09,218 [WARN] ConditionMgr:438 - getConditionDescription Invalid condition id : LAN8742 Phy interface Condition cause : null
2024-04-21 17:50:09,218 [WARN] PackLoader:240 - Cannot read IP mode file for STMicroelectronics.X-CUBE-AZRTOS-L4.2.0.0
2024-04-21 17:50:09,220 [WARN] ConditionMgr:1039 - genDependencies : Invalid condition id : LAN8742 Phy interface Condition cause : null
2024-04-21 17:50:09,221 [WARN] ConditionMgr:1039 - genDependencies : Invalid condition id : LAN8742 Phy interface Condition cause : null
2024-04-21 17:50:09,222 [WARN] ConditionMgr:1039 - genDependencies : Invalid condition id : LAN8742 Phy interface Condition cause : null
2024-04-21 17:50:09,240 [WARN] PackLoader:240 - Cannot read IP mode file for STMicroelectronics.X-CUBE-SFXS2LP1.4.0.0
2024-04-21 17:50:09,260 [WARN] ConditionMgr:438 - getConditionDescription Invalid condition id : UX DEVICE CLASS RTOS Condition cause : null
2024-04-21 17:50:09,261 [WARN] ConditionMgr:438 - getConditionDescription Invalid condition id : UX DEVICE CLASS RTOS Condition cause : null
2024-04-21 17:50:09,262 [WARN] PackLoader:240 - Cannot read IP mode file for STMicroelectronics.X-CUBE-AZRTOS-WB.2.0.0
2024-04-21 17:50:09,262 [WARN] ConditionMgr:1039 - genDependencies : Invalid condition id : UX DEVICE CLASS RTOS Condition cause : null
2024-04-21 17:50:09,262 [WARN] ConditionMgr:1039 - genDependencies : Invalid condition id : UX DEVICE CLASS RTOS Condition cause : null
2024-04-21 17:50:09,262 [WARN] ConditionMgr:1039 - genDependencies : Invalid condition id : UX DEVICE CLASS RTOS Condition cause : null
2024-04-21 17:50:09,263 [WARN] ConditionMgr:1039 - genDependencies : Invalid condition id : UX DEVICE CLASS RTOS Condition cause : null
2024-04-21 17:50:09,263 [WARN] ConditionMgr:1039 - genDependencies : Invalid condition id : UX DEVICE CLASS RTOS Condition cause : null
2024-04-21 17:50:09,281 [WARN] PackLoader:240 - Cannot read IP mode file for STMicroelectronics.X-CUBE-SUBG2.5.0.0
2024-04-21 17:50:09,308 [WARN] PackLoader:240 - Cannot read IP mode file for STMicroelectronics.X-CUBE-AZRTOS-G4.2.0.0
2024-04-21 17:50:09,332 [WARN] PackLoader:240 - Cannot read IP mode file for Infineon.AIROC-Wi-Fi-Bluetooth-STM32.1.5.1
2024-04-21 17:50:09,346 [WARN] PackLoader:240 - Cannot read IP mode file for STMicroelectronics.FP-SNS-MOTENVWB1.1.3.1
2024-04-21 17:50:09,361 [WARN] PackLoader:240 - Cannot read IP mode file for STMicroelectronics.X-CUBE-ISPU.2.0.0
2024-04-21 17:50:09,405 [WARN] PackLoader:240 - Cannot read IP mode file for STMicroelectronics.X-CUBE-MEMS1.10.0.0
2024-04-21 17:50:09,519 [WARN] PackLoader:240 - Cannot read IP mode file for STMicroelectronics.X-CUBE-FREERTOS.1.1.0
2024-04-21 17:50:09,532 [WARN] PackLoader:240 - Cannot read IP mode file for portGmbH.I-Cube-SoM-uGOAL.1.1.0
2024-04-21 17:50:09,542 [WARN] PackLoader:240 - Cannot read IP mode file for STMicroelectronics.X-CUBE-ALS.1.0.1
2024-04-21 17:50:09,570 [WARN] PackLoader:240 - Cannot read IP mode file for STMicroelectronics.X-CUBE-AZRTOS-H7RS.1.0.0
2024-04-21 17:50:09,583 [WARN] PackLoader:240 - Cannot read IP mode file for STMicroelectronics.FP-ATR-ASTRA1.2.0.0
2024-04-21 17:50:09,600 [WARN] PackLoader:240 - Cannot read IP mode file for STMicroelectronics.X-CUBE-TOF1.3.4.0
2024-04-21 17:50:09,628 [WARN] PackLoader:240 - Cannot read IP mode file for STMicroelectronics.X-CUBE-TOF1.3.4.1
2024-04-21 17:50:09,669 [WARN] PackLoader:240 - Cannot read IP mode file for STMicroelectronics.X-CUBE-AZRTOS-H7.3.2.0
2024-04-21 17:50:09,672 [INFO] ThirdParty:978 - Integrity check success = true
2024-04-21 17:50:09,673 [INFO] IntegrityCheckThread:100 - exiting critical section [integrity check]
2024-04-21 17:50:09,673 [INFO] IntegrityCheckThread:103 - End integrity checks thread
2024-04-21 17:50:11,628 [INFO] WebApp:161 - Instantiating new browser for Auth
2024-04-21 17:50:12,122 [INFO] WebApp:779 - Register for checkConnection events
2024-04-21 17:50:12,122 [INFO] WebApp:414 - Apply proxy settings
2024-04-21 17:50:12,123 [INFO] WebApp:499 - Chromium requires no authentication
2024-04-21 17:50:12,129 [INFO] WebApp:442 - Direct internet connection detected
2024-04-21 17:50:12,282 [INFO] WebApp:192 - Starting web application
2024-04-21 17:50:12,282 [INFO] WebApp:544 - Web application path used C:\ST\STM32CubeIDE_1.14.1\STM32CubeIDE\plugins\com.st.stm32cube.common.mx_6.11.0.202403141607\db\plugins\mcufinder\reactClient1\index.html
2024-04-21 19:24:01,839 [ERROR] LogOutputStream:75 - [STDERR_REDIRECT] 
2024-04-21 19:24:01,842 [ERROR] LogOutputStream:75 - [STDERR_REDIRECT] 
2024-04-21 19:37:54,860 [INFO] Activator:176 - 


2024-04-21 19:37:54,862 [INFO] Activator:177 - !SESSION log4j initialized
2024-04-21 19:37:58,693 [INFO] LogOutputStream:77 - [STDOUT_REDIRECT] 
2024-04-21 19:38:00,111 [INFO] ApplicationProperties:184 - Using Application install path: C:\ST\STM32CubeIDE_1.14.1\STM32CubeIDE\plugins\com.st.stm32cube.common.mx_6.11.0.202403141607
2024-04-21 19:38:00,124 [INFO] DbMcusXml:78 - Set database path to: C:\ST\STM32CubeIDE_1.14.1\STM32CubeIDE\plugins\com.st.stm32cube.common.mx_6.11.0.202403141607\\db\/mcu/
2024-04-21 19:38:00,125 [INFO] ApiDb:274 - Set plugin database path to: C:\ST\STM32CubeIDE_1.14.1\STM32CubeIDE\plugins\com.st.stm32cube.common.mx_6.11.0.202403141607\\db\/plugins/boardmanager/
2024-04-21 19:38:00,125 [WARN] ApiDb:259 - Overriding images path with different value:  => C:\ST\STM32CubeIDE_1.14.1\STM32CubeIDE\plugins\com.st.stm32cube.common.mx_6.11.0.202403141607\\db\/plugins/mcufinder/images/
2024-04-21 19:38:00,129 [INFO] ApiDb:250 - Set database path to: C:\Users\ASUS\.stmcufinder\plugins\mcufinder//mcu/
2024-04-21 19:38:00,130 [INFO] DbMcusAds:125 - Set database path to: C:\Users\ASUS\.stmcufinder\plugins\mcufinder//mcu/
2024-04-21 19:38:00,132 [INFO] CrossReferenceDbSqlite:203 - Set database path to: C:\Users\ASUS\.stmcufinder\plugins\mcufinder//mcu/cs/
2024-04-21 19:38:00,224 [INFO] RulesReader:64 - Compatibility file has been processed (297 Rules)
2024-04-21 19:38:00,280 [INFO] DbMcusXml:78 - Set database path to: C:\ST\STM32CubeIDE_1.14.1\STM32CubeIDE\plugins\com.st.stm32cube.common.mx_6.11.0.202403141607\\db\/mcu/
2024-04-21 19:38:00,281 [INFO] ApiDb:274 - Set plugin database path to: C:\ST\STM32CubeIDE_1.14.1\STM32CubeIDE\plugins\com.st.stm32cube.common.mx_6.11.0.202403141607\\db\/plugins/boardmanager/
2024-04-21 19:38:00,281 [INFO] ApiDb:261 - Set plugin images path to: C:\ST\STM32CubeIDE_1.14.1\STM32CubeIDE\plugins\com.st.stm32cube.common.mx_6.11.0.202403141607\\db\/plugins/mcufinder/images/
2024-04-21 19:38:00,281 [WARN] DbFile:41 - Overriding database path with different value: C:\Users\ASUS\.stmcufinder\plugins\mcufinder/ => C:\Users\ASUS\.stmcufinder\plugins\mcufinder
2024-04-21 19:38:00,281 [INFO] ApiDb:250 - Set database path to: C:\Users\ASUS\.stmcufinder\plugins\mcufinder//mcu/
2024-04-21 19:38:00,281 [WARN] DbFile:41 - Overriding database path with different value: C:\Users\ASUS\.stmcufinder\plugins\mcufinder/ => C:\Users\ASUS\.stmcufinder\plugins\mcufinder
2024-04-21 19:38:00,281 [INFO] DbMcusAds:125 - Set database path to: C:\Users\ASUS\.stmcufinder\plugins\mcufinder//mcu/
2024-04-21 19:38:00,281 [WARN] DbFile:41 - Overriding database path with different value: C:\Users\ASUS\.stmcufinder\plugins\mcufinder/ => C:\Users\ASUS\.stmcufinder\plugins\mcufinder
2024-04-21 19:38:00,281 [WARN] DbFile:41 - Overriding database path with different value: C:\Users\ASUS\.stmcufinder\plugins\mcufinder/ => C:\Users\ASUS\.stmcufinder\plugins\mcufinder
2024-04-21 19:38:00,281 [INFO] CrossReferenceDbSqlite:203 - Set database path to: C:\Users\ASUS\.stmcufinder\plugins\mcufinder//mcu/cs/
2024-04-21 19:38:00,343 [INFO] MainPanel:264 - HeapMemory: 268435456
2024-04-21 19:38:00,402 [INFO] DbMcusXml:78 - Set database path to: C:\ST\STM32CubeIDE_1.14.1\STM32CubeIDE\plugins\com.st.stm32cube.common.mx_6.11.0.202403141607\\db\/mcu/
2024-04-21 19:38:00,402 [INFO] ApiDb:274 - Set plugin database path to: C:\ST\STM32CubeIDE_1.14.1\STM32CubeIDE\plugins\com.st.stm32cube.common.mx_6.11.0.202403141607\\db\/plugins/boardmanager/
2024-04-21 19:38:00,403 [INFO] ApiDb:261 - Set plugin images path to: C:\ST\STM32CubeIDE_1.14.1\STM32CubeIDE\plugins\com.st.stm32cube.common.mx_6.11.0.202403141607\\db\/plugins/mcufinder/images/
2024-04-21 19:38:00,403 [WARN] DbFile:41 - Overriding database path with different value: C:\Users\ASUS\.stmcufinder\plugins\mcufinder/ => C:\Users\ASUS\.stmcufinder\plugins\mcufinder
2024-04-21 19:38:00,403 [INFO] ApiDb:250 - Set database path to: C:\Users\ASUS\.stmcufinder\plugins\mcufinder//mcu/
2024-04-21 19:38:00,403 [WARN] DbFile:41 - Overriding database path with different value: C:\Users\ASUS\.stmcufinder\plugins\mcufinder/ => C:\Users\ASUS\.stmcufinder\plugins\mcufinder
2024-04-21 19:38:00,403 [INFO] DbMcusAds:125 - Set database path to: C:\Users\ASUS\.stmcufinder\plugins\mcufinder//mcu/
2024-04-21 19:38:00,403 [WARN] DbFile:41 - Overriding database path with different value: C:\Users\ASUS\.stmcufinder\plugins\mcufinder/ => C:\Users\ASUS\.stmcufinder\plugins\mcufinder
2024-04-21 19:38:00,403 [WARN] DbFile:41 - Overriding database path with different value: C:\Users\ASUS\.stmcufinder\plugins\mcufinder/ => C:\Users\ASUS\.stmcufinder\plugins\mcufinder
2024-04-21 19:38:00,403 [INFO] CrossReferenceDbSqlite:203 - Set database path to: C:\Users\ASUS\.stmcufinder\plugins\mcufinder//mcu/cs/
2024-04-21 19:38:00,416 [INFO] ApplicationProperties:184 - Using Application install path: C:\ST\STM32CubeIDE_1.14.1\STM32CubeIDE\plugins\com.st.stm32cube.common.mx_6.11.0.202403141607
2024-04-21 19:38:00,418 [INFO] PluginManage:196 - Search for loadable plugins [exclusion list=, ]
2024-04-21 19:38:00,418 [INFO] PluginManage:310 - Check plugin analytics
2024-04-21 19:38:00,559 [INFO] AnalyticsPlugin:253 - Accepted Software Licenses: 
2024-04-21 19:38:00,559 [INFO] AnalyticsPlugin:255 - Accepted CMSIS Pack Licenses: 
2024-04-21 19:38:00,560 [INFO] AnalyticsPlugin:257 - Accepted Firmware Licenses: FW.F4.1.28.0
2024-04-21 19:38:00,562 [INFO] PluginManage:359 - Loaded plugin analytics (category:tool,tabindex:-1)
2024-04-21 19:38:00,562 [INFO] PluginManage:310 - Check plugin cadmodel
2024-04-21 19:38:00,566 [INFO] CADModel:105 - Init CAD model plugin
2024-04-21 19:38:00,566 [INFO] PluginManage:359 - Loaded plugin cadmodel (category:power,tabindex:5)
2024-04-21 19:38:00,566 [INFO] PluginManage:310 - Check plugin clock
2024-04-21 19:38:00,573 [INFO] PluginManage:359 - Loaded plugin clock (category:base,tabindex:2)
2024-04-21 19:38:00,573 [INFO] PluginManage:310 - Check plugin ddr
2024-04-21 19:38:00,575 [INFO] PluginManage:359 - Loaded plugin ddr (category:tool,tabindex:6)
2024-04-21 19:38:00,575 [INFO] PluginManage:310 - Check plugin filemanager
2024-04-21 19:38:00,705 [INFO] PluginManage:359 - Loaded plugin filemanager (category:base,tabindex:10)
2024-04-21 19:38:00,705 [INFO] PluginManage:310 - Check plugin ipmanager
2024-04-21 19:38:00,712 [INFO] PluginManage:359 - Loaded plugin ipmanager (category:base,tabindex:5)
2024-04-21 19:38:00,712 [INFO] PluginManage:310 - Check plugin lpbam
2024-04-21 19:38:00,720 [INFO] PluginManage:359 - Loaded plugin lpbam (category:base,tabindex:0)
2024-04-21 19:38:00,720 [INFO] PluginManage:310 - Check plugin memorymap
2024-04-21 19:38:00,729 [INFO] PluginManage:359 - Loaded plugin memorymap (category:base,tabindex:4)
2024-04-21 19:38:00,730 [INFO] PluginManage:310 - Check plugin pinoutandconfiguration
2024-04-21 19:38:00,736 [INFO] PluginManage:359 - Loaded plugin pinoutandconfiguration (category:base,tabindex:1)
2024-04-21 19:38:00,736 [INFO] PluginManage:310 - Check plugin pinoutconfig
2024-04-21 19:38:00,805 [WARN] SupportedApi:132 - Cannot load RTOS API schema: s4s-elt-must-match.1: The content of 'definitions' must match (annotation?, (simpleType | complexType)?, (unique | key | keyref)*)). A problem was found starting at: attribute.
2024-04-21 19:38:00,895 [INFO] PluginManage:359 - Loaded plugin pinoutconfig (category:base,tabindex:0)
2024-04-21 19:38:00,896 [INFO] PluginManage:310 - Check plugin power
2024-04-21 19:38:00,903 [INFO] PluginManage:359 - Loaded plugin power (category:power,tabindex:4)
2024-04-21 19:38:00,903 [INFO] PluginManage:310 - Check plugin projectmanager
2024-04-21 19:38:00,914 [INFO] PluginManage:359 - Loaded plugin projectmanager (category:projectmanager,tabindex:3)
2024-04-21 19:38:00,914 [INFO] PluginManage:310 - Check plugin thirdparty
2024-04-21 19:38:00,996 [INFO] PluginManage:359 - Loaded plugin thirdparty (category:base,tabindex:-1)
2024-04-21 19:38:00,996 [INFO] PluginManage:310 - Check plugin tools
2024-04-21 19:38:00,996 [WARN] IntegrityCheckThread:84 - waiting for thirdparty lock release [integrity check]
2024-04-21 19:38:00,996 [INFO] IntegrityCheckThread:86 - entering critical section [integrity check]
2024-04-21 19:38:00,997 [INFO] ThirdPartyUpdaterWithRetryManager:70 - Updater plugin not ready yet. [1/15]
2024-04-21 19:38:00,998 [INFO] PluginManage:359 - Loaded plugin tools (category:base,tabindex:7)
2024-04-21 19:38:00,998 [INFO] PluginManage:310 - Check plugin tutovideos
2024-04-21 19:38:01,115 [INFO] PluginManage:359 - Loaded plugin tutovideos (category:base,tabindex:-1)
2024-04-21 19:38:01,115 [INFO] PluginManage:310 - Check plugin updater
2024-04-21 19:38:01,137 [INFO] PluginManage:359 - Loaded plugin updater (category:base,tabindex:12)
2024-04-21 19:38:01,138 [INFO] PluginManage:310 - Check plugin userauth
2024-04-21 19:38:01,142 [INFO] UserAuth:114 - Init User Auth plugin
2024-04-21 19:38:01,142 [INFO] PluginManage:359 - Loaded plugin userauth (category:base,tabindex:14)
2024-04-21 19:38:01,142 [INFO] PluginManage:283 - PluginManage : Loaded plugins [17]
2024-04-21 19:38:01,311 [INFO] PinOutPanel:1561 - setPackage(No Configuration,No Configuration)
2024-04-21 19:38:01,363 [INFO] CADModel:165 - CPN selected for project level
2024-04-21 19:38:01,363 [INFO] CADModel:114 - Register for checkConnection events
2024-04-21 19:38:01,376 [INFO] IPUIPlugin:80 - create IPUIPlugin
2024-04-21 19:38:01,376 [INFO] PluginManager:220 - loadIPPluginJar : add adc
2024-04-21 19:38:01,377 [INFO] IPUIPlugin:80 - create IPUIPlugin
2024-04-21 19:38:01,378 [INFO] PluginManager:220 - loadIPPluginJar : add aes
2024-04-21 19:38:01,379 [INFO] IPUIPlugin:80 - create IPUIPlugin
2024-04-21 19:38:01,380 [INFO] PluginManager:220 - loadIPPluginJar : add can
2024-04-21 19:38:01,380 [INFO] IPUIPlugin:80 - create IPUIPlugin
2024-04-21 19:38:01,380 [INFO] PluginManager:220 - loadIPPluginJar : add comp
2024-04-21 19:38:01,382 [INFO] IPUIPlugin:80 - create IPUIPlugin
2024-04-21 19:38:01,382 [INFO] PluginManager:220 - loadIPPluginJar : add cryp
2024-04-21 19:38:01,383 [INFO] IPUIPlugin:80 - create IPUIPlugin
2024-04-21 19:38:01,384 [INFO] PluginManager:220 - loadIPPluginJar : add dfsdm
2024-04-21 19:38:01,388 [INFO] IPUIPlugin:80 - create IPUIPlugin
2024-04-21 19:38:01,388 [INFO] PluginManager:220 - loadIPPluginJar : add dma
2024-04-21 19:38:01,390 [INFO] IPUIPlugin:80 - create IPUIPlugin
2024-04-21 19:38:01,390 [INFO] PluginManager:220 - loadIPPluginJar : add dma3
2024-04-21 19:38:01,392 [INFO] IPUIPlugin:80 - create IPUIPlugin
2024-04-21 19:38:01,392 [INFO] PluginManager:220 - loadIPPluginJar : add extmemmanager
2024-04-21 19:38:01,393 [INFO] IPUIPlugin:80 - create IPUIPlugin
2024-04-21 19:38:01,393 [INFO] PluginManager:220 - loadIPPluginJar : add fatfs
2024-04-21 19:38:01,397 [INFO] IPUIPlugin:80 - create IPUIPlugin
2024-04-21 19:38:01,397 [INFO] PluginManager:220 - loadIPPluginJar : add fmc
2024-04-21 19:38:01,401 [INFO] IPUIPlugin:80 - create IPUIPlugin
2024-04-21 19:38:01,401 [INFO] PluginManager:220 - loadIPPluginJar : add freertos
2024-04-21 19:38:01,402 [INFO] IPUIPlugin:80 - create IPUIPlugin
2024-04-21 19:38:01,403 [INFO] PluginManager:220 - loadIPPluginJar : add genericplugin
2024-04-21 19:38:01,404 [INFO] IPUIPlugin:80 - create IPUIPlugin
2024-04-21 19:38:01,404 [INFO] PluginManager:220 - loadIPPluginJar : add gfxmmu
2024-04-21 19:38:01,408 [INFO] IPUIPlugin:80 - create IPUIPlugin
2024-04-21 19:38:01,408 [INFO] PluginManager:220 - loadIPPluginJar : add gic
2024-04-21 19:38:01,412 [INFO] IPUIPlugin:80 - create IPUIPlugin
2024-04-21 19:38:01,412 [INFO] PluginManager:220 - loadIPPluginJar : add gpio
2024-04-21 19:38:01,416 [INFO] IPUIPlugin:80 - create IPUIPlugin
2024-04-21 19:38:01,417 [INFO] PluginManager:220 - loadIPPluginJar : add gtzc
2024-04-21 19:38:01,418 [INFO] IPUIPlugin:80 - create IPUIPlugin
2024-04-21 19:38:01,419 [INFO] PluginManager:220 - loadIPPluginJar : add hash
2024-04-21 19:38:01,420 [INFO] IPUIPlugin:80 - create IPUIPlugin
2024-04-21 19:38:01,420 [INFO] PluginManager:220 - loadIPPluginJar : add i2c
2024-04-21 19:38:01,422 [INFO] IPUIPlugin:80 - create IPUIPlugin
2024-04-21 19:38:01,422 [INFO] PluginManager:220 - loadIPPluginJar : add i2s
2024-04-21 19:38:01,424 [INFO] IPUIPlugin:80 - create IPUIPlugin
2024-04-21 19:38:01,424 [INFO] PluginManager:220 - loadIPPluginJar : add i3c
2024-04-21 19:38:01,427 [INFO] IPUIPlugin:80 - create IPUIPlugin
2024-04-21 19:38:01,427 [INFO] PluginManager:220 - loadIPPluginJar : add ipddr
2024-04-21 19:38:01,432 [INFO] IPUIPlugin:80 - create IPUIPlugin
2024-04-21 19:38:01,433 [INFO] PluginManager:220 - loadIPPluginJar : add linkedlist
2024-04-21 19:38:01,435 [INFO] IPUIPlugin:80 - create IPUIPlugin
2024-04-21 19:38:01,435 [INFO] PluginManager:220 - loadIPPluginJar : add lorawan
2024-04-21 19:38:01,437 [INFO] IPUIPlugin:80 - create IPUIPlugin
2024-04-21 19:38:01,438 [INFO] PluginManager:220 - loadIPPluginJar : add ltdc
2024-04-21 19:38:01,442 [INFO] IPUIPlugin:80 - create IPUIPlugin
2024-04-21 19:38:01,442 [INFO] PluginManager:220 - loadIPPluginJar : add mdma
2024-04-21 19:38:01,445 [INFO] IPUIPlugin:80 - create IPUIPlugin
2024-04-21 19:38:01,445 [INFO] PluginManager:220 - loadIPPluginJar : add nvic
2024-04-21 19:38:01,447 [INFO] IPUIPlugin:80 - create IPUIPlugin
2024-04-21 19:38:01,447 [INFO] PluginManager:220 - loadIPPluginJar : add opamp
2024-04-21 19:38:01,450 [INFO] IPUIPlugin:80 - create IPUIPlugin
2024-04-21 19:38:01,450 [INFO] PluginManager:220 - loadIPPluginJar : add openamp
2024-04-21 19:38:01,454 [INFO] IPUIPlugin:80 - create IPUIPlugin
2024-04-21 19:38:01,454 [INFO] PluginManager:220 - loadIPPluginJar : add pdm2pcm
2024-04-21 19:38:01,460 [INFO] IPUIPlugin:80 - create IPUIPlugin
2024-04-21 19:38:01,462 [INFO] PluginManager:220 - loadIPPluginJar : add plateformsettings
2024-04-21 19:38:01,464 [INFO] IPUIPlugin:80 - create IPUIPlugin
2024-04-21 19:38:01,464 [INFO] PluginManager:220 - loadIPPluginJar : add quadspi
2024-04-21 19:38:01,466 [INFO] IPUIPlugin:80 - create IPUIPlugin
2024-04-21 19:38:01,466 [INFO] PluginManager:220 - loadIPPluginJar : add resmgrutility
2024-04-21 19:38:01,468 [INFO] IPUIPlugin:80 - create IPUIPlugin
2024-04-21 19:38:01,468 [INFO] PluginManager:220 - loadIPPluginJar : add sai
2024-04-21 19:38:01,471 [INFO] IPUIPlugin:80 - create IPUIPlugin
2024-04-21 19:38:01,471 [INFO] PluginManager:220 - loadIPPluginJar : add spi
2024-04-21 19:38:01,475 [INFO] IPUIPlugin:80 - create IPUIPlugin
2024-04-21 19:38:01,475 [INFO] PluginManager:220 - loadIPPluginJar : add stm32_wpan
2024-04-21 19:38:01,476 [INFO] IPUIPlugin:80 - create IPUIPlugin
2024-04-21 19:38:01,476 [INFO] PluginManager:220 - loadIPPluginJar : add tim
2024-04-21 19:38:01,479 [INFO] IPUIPlugin:80 - create IPUIPlugin
2024-04-21 19:38:01,479 [INFO] PluginManager:220 - loadIPPluginJar : add touchsensing
2024-04-21 19:38:01,480 [INFO] IPUIPlugin:80 - create IPUIPlugin
2024-04-21 19:38:01,480 [INFO] PluginManager:220 - loadIPPluginJar : add tracer_emb
2024-04-21 19:38:01,482 [INFO] IPUIPlugin:80 - create IPUIPlugin
2024-04-21 19:38:01,482 [INFO] PluginManager:220 - loadIPPluginJar : add ts
2024-04-21 19:38:01,483 [INFO] IPUIPlugin:80 - create IPUIPlugin
2024-04-21 19:38:01,483 [INFO] PluginManager:220 - loadIPPluginJar : add tsc
2024-04-21 19:38:01,484 [INFO] IPUIPlugin:80 - create IPUIPlugin
2024-04-21 19:38:01,484 [INFO] PluginManager:220 - loadIPPluginJar : add ucpd
2024-04-21 19:38:01,486 [INFO] IPUIPlugin:80 - create IPUIPlugin
2024-04-21 19:38:01,487 [INFO] PluginManager:220 - loadIPPluginJar : add usart
2024-04-21 19:38:01,489 [INFO] IPUIPlugin:80 - create IPUIPlugin
2024-04-21 19:38:01,489 [INFO] PluginManager:220 - loadIPPluginJar : add usbx
2024-04-21 19:38:01,619 [INFO] CADModel:165 - CPN selected for project level
2024-04-21 19:38:01,619 [INFO] CADModel:114 - Register for checkConnection events
2024-04-21 19:38:01,619 [FATAL] Updater:308 - Updater called before beeing initialized
2024-04-21 19:38:01,620 [ERROR] CADModel:125 - Updater not yet initialized, retry later 
2024-04-21 19:38:01,720 [INFO] CADModel:165 - CPN selected for project level
2024-04-21 19:38:01,720 [INFO] CADModel:114 - Register for checkConnection events
2024-04-21 19:38:01,720 [FATAL] Updater:308 - Updater called before beeing initialized
2024-04-21 19:38:01,720 [ERROR] CADModel:125 - Updater not yet initialized, retry later 
2024-04-21 19:38:01,722 [FATAL] Updater:308 - Updater called before beeing initialized
2024-04-21 19:38:01,807 [FATAL] Updater:308 - Updater called before beeing initialized
2024-04-21 19:38:01,810 [INFO] DbMcusAds:53 - JSON generation date=Wed Nov 29 05:52:27 COT 2023 (1701255147349)
2024-04-21 19:38:01,810 [FATAL] Updater:308 - Updater called before beeing initialized
2024-04-21 19:38:01,835 [WARN] DetailPanel:346 - Failed to get advertising image, set to default
2024-04-21 19:38:01,908 [FATAL] Updater:308 - Updater called before beeing initialized
2024-04-21 19:38:01,909 [FATAL] Updater:308 - Updater called before beeing initialized
2024-04-21 19:38:01,909 [FATAL] Updater:308 - Updater called before beeing initialized
2024-04-21 19:38:01,909 [WARN] DetailPanel:346 - Failed to get advertising image, set to default
2024-04-21 19:38:01,910 [FATAL] Updater:308 - Updater called before beeing initialized
2024-04-21 19:38:01,946 [ERROR] Updater:1120 - MainUpdater not yet initialized. External WinMGr cannot be set.
2024-04-21 19:38:01,948 [INFO] Updater:1056 - Updater Version found : 6.11.0
2024-04-21 19:38:01,977 [INFO] ApplicationProperties:184 - Using Application install path: C:\ST\STM32CubeIDE_1.14.1\STM32CubeIDE\plugins\com.st.stm32cube.common.mx_6.11.0.202403141607
2024-04-21 19:38:03,553 [ERROR] LogOutputStream:75 - [STDERR_REDIRECT] Apr 21, 2024 7:38:03 PM java.util.prefs.WindowsPreferences <init>
2024-04-21 19:38:03,554 [ERROR] LogOutputStream:75 - [STDERR_REDIRECT] WARNING: Could not open/create prefs root node Software\JavaSoft\Prefs at root 0xffffffff80000002. Windows RegCreateKeyEx(...) returned error code 5.
2024-04-21 19:38:03,554 [ERROR] LogOutputStream:75 - [STDERR_REDIRECT] 
2024-04-21 19:38:03,998 [INFO] ThirdPartyUpdaterWithRetryManager:70 - Updater plugin not ready yet. [2/15]
2024-04-21 19:38:04,511 [INFO] MainUpdater:2873 - connection check result : 10
2024-04-21 19:38:04,512 [INFO] MainUpdater:290 - Updater Check For Update Now.
2024-04-21 19:38:04,512 [INFO] MicroXplorer:498 - Change Database Version : DB.6.0.110
2024-04-21 19:38:04,518 [INFO] McuFinderGlobals:63 - Set McuFinder mode to 2 (CubeIDE integrated)
2024-04-21 19:38:04,523 [INFO] UserAuth:415 - Internet connection configuration mode: 1
2024-04-21 19:38:04,537 [INFO] JxBrowserEngine:152 - Initiate JxBrowser Engine with user profile folder
2024-04-21 19:38:04,678 [INFO] CheckServerUpdateThread:120 - End of CheckServer Thread
2024-04-21 19:38:05,010 [INFO] WebApp:161 - Instantiating new browser for Auth
2024-04-21 19:38:05,378 [INFO] WebApp:779 - Register for checkConnection events
2024-04-21 19:38:05,379 [INFO] WebApp:414 - Apply proxy settings
2024-04-21 19:38:05,379 [INFO] WebApp:499 - Chromium requires no authentication
2024-04-21 19:38:05,383 [INFO] WebApp:442 - Direct internet connection detected
2024-04-21 19:38:05,479 [INFO] WebApp:192 - Starting web application
2024-04-21 19:38:05,479 [INFO] WebApp:544 - Web application path used C:\ST\STM32CubeIDE_1.14.1\STM32CubeIDE\plugins\com.st.stm32cube.common.mx_6.11.0.202403141607\db\plugins\mcufinder\reactClient1\index.html
2024-04-21 19:38:07,128 [WARN] PackLoader:240 - Cannot read IP mode file for STMicroelectronics.FP-SNS-MOTENVWB1.1.4.0
2024-04-21 19:38:07,139 [WARN] PackLoader:240 - Cannot read IP mode file for STMicroelectronics.X-CUBE-SMBUS.2.1.0
2024-04-21 19:38:07,153 [WARN] PackLoader:240 - Cannot read IP mode file for STMicroelectronics.X-CUBE-TOUCHGFX.4.23.1
2024-04-21 19:38:07,155 [WARN] PackLoader:240 - Cannot read IP mode file for STMicroelectronics.X-CUBE-TOUCHGFX.4.23.0
2024-04-21 19:38:07,157 [WARN] PackLoader:240 - Cannot read IP mode file for STMicroelectronics.X-CUBE-TOUCHGFX.4.23.2
2024-04-21 19:38:07,180 [WARN] PackLoader:240 - Cannot read IP mode file for STMicroelectronics.X-CUBE-AZRTOS-F7.1.1.0
2024-04-21 19:38:07,189 [WARN] PackLoader:240 - Cannot read IP mode file for STMicroelectronics.FP-SNS-MOTENV1.4.3.2
2024-04-21 19:38:07,196 [WARN] PackLoader:240 - Cannot read IP mode file for STMicroelectronics.FP-SNS-FLIGHT1.5.0.2
2024-04-21 19:38:07,203 [WARN] PackLoader:240 - Cannot read IP mode file for STMicroelectronics.X-CUBE-DISPLAY.3.0.0
2024-04-21 19:38:07,213 [WARN] PackLoader:240 - Cannot read IP mode file for STMicroelectronics.X-CUBE-BLE1.7.0.0
2024-04-21 19:38:07,218 [WARN] PackLoader:240 - Cannot read IP mode file for emotas.I-CUBE-CANOPEN.1.3.0
2024-04-21 19:38:07,225 [WARN] PackLoader:240 - Cannot read IP mode file for STMicroelectronics.X-CUBE-BLEMGR.3.1.0
2024-04-21 19:38:07,231 [WARN] PackLoader:240 - Cannot read IP mode file for STMicroelectronics.FP-SNS-SMARTAG2.1.2.0
2024-04-21 19:38:07,239 [INFO] LogOutputStream:77 - [STDOUT_REDIRECT] 1 : Invalid condition id : UX_CORESTACK_Condition cause : null
2024-04-21 19:38:07,240 [INFO] LogOutputStream:77 - [STDOUT_REDIRECT] 1 : Invalid condition id : UX_CORESTACK_Condition cause : null
2024-04-21 19:38:07,241 [INFO] LogOutputStream:77 - [STDOUT_REDIRECT] 1 : Invalid condition id : UX_CORESTACK_Condition cause : null
2024-04-21 19:38:07,242 [INFO] LogOutputStream:77 - [STDOUT_REDIRECT] 1 : Invalid condition id : UX_CORESTACK_Condition cause : null
2024-04-21 19:38:07,243 [INFO] LogOutputStream:77 - [STDOUT_REDIRECT] 1 : Invalid condition id : UX_CORESTACK_Condition cause : null
2024-04-21 19:38:07,247 [WARN] PackLoader:240 - Cannot read IP mode file for STMicroelectronics.X-CUBE-AZRTOS-WL.2.0.0
2024-04-21 19:38:07,252 [WARN] PackLoader:240 - Cannot read IP mode file for STMicroelectronics.FP-SNS-MOTENV1.5.0.0
2024-04-21 19:38:07,262 [WARN] PackLoader:240 - Cannot read IP mode file for WES.I-CUBE-Cesium.1.3.0
2024-04-21 19:38:07,266 [WARN] PackLoader:240 - Cannot read IP mode file for STMicroelectronics.X-CUBE-BLE2.3.3.0
2024-04-21 19:38:07,271 [WARN] PackLoader:240 - Cannot read IP mode file for STMicroelectronics.X-CUBE-TCPP.4.1.0
2024-04-21 19:38:07,276 [WARN] PackLoader:240 - Cannot read IP mode file for STMicroelectronics.X-CUBE-ALGOBUILD.1.3.0
2024-04-21 19:38:07,292 [WARN] PackLoader:240 - Cannot read IP mode file for STMicroelectronics.X-CUBE-AZRTOS-G0.1.1.0
2024-04-21 19:38:07,301 [WARN] PackLoader:240 - Cannot read IP mode file for STMicroelectronics.X-CUBE-SAFEA1.1.2.2
2024-04-21 19:38:07,306 [WARN] PackLoader:240 - Cannot read IP mode file for STMicroelectronics.X-CUBE-NFC4.3.0.0
2024-04-21 19:38:07,316 [WARN] PackLoader:240 - Cannot read IP mode file for STMicroelectronics.X-CUBE-BLEMGR.3.0.0
2024-04-21 19:38:07,322 [WARN] PackLoader:240 - Cannot read IP mode file for STMicroelectronics.FP-ATR-SIGFOX1.3.2.0
2024-04-21 19:38:07,329 [WARN] PackLoader:240 - Cannot read IP mode file for STMicroelectronics.X-CUBE-EEPRMA1.5.1.0
2024-04-21 19:38:07,363 [WARN] PackLoader:240 - Cannot read IP mode file for SEGGER.I-CUBE-embOS.1.3.1
2024-04-21 19:38:07,420 [WARN] PackLoader:240 - Cannot read IP mode file for STMicroelectronics.X-CUBE-GNSS1.6.0.0
2024-04-21 19:38:07,452 [WARN] PackLoader:240 - Cannot read IP mode file for STMicroelectronics.X-CUBE-AZRTOS-F4.1.1.0
2024-04-21 19:38:07,459 [WARN] PackLoader:240 - Cannot read IP mode file for wolfSSL.I-CUBE-wolfSSL.5.6.6
2024-04-21 19:38:07,499 [WARN] PackLoader:240 - Cannot read IP mode file for STMicroelectronics.X-CUBE-AZRTOS-L5.2.0.0
2024-04-21 19:38:07,512 [WARN] PackLoader:240 - Cannot read IP mode file for STMicroelectronics.X-CUBE-NFC6.3.1.0
2024-04-21 19:38:07,520 [WARN] PackLoader:240 - Cannot read IP mode file for ITTIA_DB.I-CUBE-ITTIADB.8.8.0
2024-04-21 19:38:07,525 [WARN] PackLoader:240 - Cannot read IP mode file for STMicroelectronics.X-CUBE-AI.9.0.0
2024-04-21 19:38:07,531 [WARN] PackLoader:240 - Cannot read IP mode file for STMicroelectronics.X-CUBE-NFC7.1.0.1
2024-04-21 19:38:07,539 [WARN] PackLoader:240 - Cannot read IP mode file for STMicroelectronics.X-CUBE-NFC6.3.0.0
2024-04-21 19:38:07,545 [WARN] PackLoader:240 - Cannot read IP mode file for STMicroelectronics.X-CUBE-AI.8.1.0
2024-04-21 19:38:07,561 [WARN] ConditionMgr:438 - getConditionDescription Invalid condition id : LAN8742 Phy interface Condition cause : null
2024-04-21 19:38:07,562 [WARN] PackLoader:240 - Cannot read IP mode file for STMicroelectronics.X-CUBE-AZRTOS-L4.2.0.0
2024-04-21 19:38:07,563 [WARN] ConditionMgr:1039 - genDependencies : Invalid condition id : LAN8742 Phy interface Condition cause : null
2024-04-21 19:38:07,563 [WARN] ConditionMgr:1039 - genDependencies : Invalid condition id : LAN8742 Phy interface Condition cause : null
2024-04-21 19:38:07,563 [WARN] ConditionMgr:1039 - genDependencies : Invalid condition id : LAN8742 Phy interface Condition cause : null
2024-04-21 19:38:07,571 [WARN] PackLoader:240 - Cannot read IP mode file for STMicroelectronics.X-CUBE-SFXS2LP1.4.0.0
2024-04-21 19:38:07,582 [WARN] ConditionMgr:438 - getConditionDescription Invalid condition id : UX DEVICE CLASS RTOS Condition cause : null
2024-04-21 19:38:07,583 [WARN] ConditionMgr:438 - getConditionDescription Invalid condition id : UX DEVICE CLASS RTOS Condition cause : null
2024-04-21 19:38:07,585 [WARN] PackLoader:240 - Cannot read IP mode file for STMicroelectronics.X-CUBE-AZRTOS-WB.2.0.0
2024-04-21 19:38:07,585 [WARN] ConditionMgr:1039 - genDependencies : Invalid condition id : UX DEVICE CLASS RTOS Condition cause : null
2024-04-21 19:38:07,585 [WARN] ConditionMgr:1039 - genDependencies : Invalid condition id : UX DEVICE CLASS RTOS Condition cause : null
2024-04-21 19:38:07,586 [WARN] ConditionMgr:1039 - genDependencies : Invalid condition id : UX DEVICE CLASS RTOS Condition cause : null
2024-04-21 19:38:07,586 [WARN] ConditionMgr:1039 - genDependencies : Invalid condition id : UX DEVICE CLASS RTOS Condition cause : null
2024-04-21 19:38:07,586 [WARN] ConditionMgr:1039 - genDependencies : Invalid condition id : UX DEVICE CLASS RTOS Condition cause : null
2024-04-21 19:38:07,595 [WARN] PackLoader:240 - Cannot read IP mode file for STMicroelectronics.X-CUBE-SUBG2.5.0.0
2024-04-21 19:38:07,614 [WARN] PackLoader:240 - Cannot read IP mode file for STMicroelectronics.X-CUBE-AZRTOS-G4.2.0.0
2024-04-21 19:38:07,628 [WARN] PackLoader:240 - Cannot read IP mode file for Infineon.AIROC-Wi-Fi-Bluetooth-STM32.1.5.1
2024-04-21 19:38:07,634 [WARN] PackLoader:240 - Cannot read IP mode file for STMicroelectronics.FP-SNS-MOTENVWB1.1.3.1
2024-04-21 19:38:07,637 [WARN] PackLoader:240 - Cannot read IP mode file for STMicroelectronics.X-CUBE-ISPU.2.0.0
2024-04-21 19:38:07,679 [WARN] PackLoader:240 - Cannot read IP mode file for STMicroelectronics.X-CUBE-MEMS1.10.0.0
2024-04-21 19:38:07,764 [WARN] PackLoader:240 - Cannot read IP mode file for STMicroelectronics.X-CUBE-FREERTOS.1.1.0
2024-04-21 19:38:07,769 [WARN] PackLoader:240 - Cannot read IP mode file for portGmbH.I-Cube-SoM-uGOAL.1.1.0
2024-04-21 19:38:07,772 [WARN] PackLoader:240 - Cannot read IP mode file for STMicroelectronics.X-CUBE-ALS.1.0.1
2024-04-21 19:38:07,787 [WARN] PackLoader:240 - Cannot read IP mode file for STMicroelectronics.X-CUBE-AZRTOS-H7RS.1.0.0
2024-04-21 19:38:07,793 [WARN] PackLoader:240 - Cannot read IP mode file for STMicroelectronics.FP-ATR-ASTRA1.2.0.0
2024-04-21 19:38:07,801 [WARN] PackLoader:240 - Cannot read IP mode file for STMicroelectronics.X-CUBE-TOF1.3.4.0
2024-04-21 19:38:07,821 [WARN] PackLoader:240 - Cannot read IP mode file for STMicroelectronics.X-CUBE-TOF1.3.4.1
2024-04-21 19:38:07,854 [WARN] PackLoader:240 - Cannot read IP mode file for STMicroelectronics.X-CUBE-AZRTOS-H7.3.2.0
2024-04-21 19:38:07,856 [INFO] ThirdParty:978 - Integrity check success = true
2024-04-21 19:38:07,856 [INFO] IntegrityCheckThread:100 - exiting critical section [integrity check]
2024-04-21 19:38:07,856 [INFO] IntegrityCheckThread:103 - End integrity checks thread
2024-04-21 20:26:02,630 [ERROR] LogOutputStream:75 - [STDERR_REDIRECT] 
2024-04-21 20:57:51,074 [INFO] Activator:176 - 


2024-04-21 20:57:51,075 [INFO] Activator:177 - !SESSION log4j initialized
2024-04-21 20:57:55,442 [INFO] LogOutputStream:77 - [STDOUT_REDIRECT] 
2024-04-21 20:57:56,787 [INFO] ApplicationProperties:184 - Using Application install path: C:\ST\STM32CubeIDE_1.14.1\STM32CubeIDE\plugins\com.st.stm32cube.common.mx_6.11.0.202403141607
2024-04-21 20:57:56,798 [INFO] DbMcusXml:78 - Set database path to: C:\ST\STM32CubeIDE_1.14.1\STM32CubeIDE\plugins\com.st.stm32cube.common.mx_6.11.0.202403141607\\db\/mcu/
2024-04-21 20:57:56,799 [INFO] ApiDb:274 - Set plugin database path to: C:\ST\STM32CubeIDE_1.14.1\STM32CubeIDE\plugins\com.st.stm32cube.common.mx_6.11.0.202403141607\\db\/plugins/boardmanager/
2024-04-21 20:57:56,799 [WARN] ApiDb:259 - Overriding images path with different value:  => C:\ST\STM32CubeIDE_1.14.1\STM32CubeIDE\plugins\com.st.stm32cube.common.mx_6.11.0.202403141607\\db\/plugins/mcufinder/images/
2024-04-21 20:57:56,803 [INFO] ApiDb:250 - Set database path to: C:\Users\ASUS\.stmcufinder\plugins\mcufinder//mcu/
2024-04-21 20:57:56,804 [INFO] DbMcusAds:125 - Set database path to: C:\Users\ASUS\.stmcufinder\plugins\mcufinder//mcu/
2024-04-21 20:57:56,805 [INFO] CrossReferenceDbSqlite:203 - Set database path to: C:\Users\ASUS\.stmcufinder\plugins\mcufinder//mcu/cs/
2024-04-21 20:57:56,879 [INFO] RulesReader:64 - Compatibility file has been processed (297 Rules)
2024-04-21 20:57:56,931 [INFO] DbMcusXml:78 - Set database path to: C:\ST\STM32CubeIDE_1.14.1\STM32CubeIDE\plugins\com.st.stm32cube.common.mx_6.11.0.202403141607\\db\/mcu/
2024-04-21 20:57:56,931 [INFO] ApiDb:274 - Set plugin database path to: C:\ST\STM32CubeIDE_1.14.1\STM32CubeIDE\plugins\com.st.stm32cube.common.mx_6.11.0.202403141607\\db\/plugins/boardmanager/
2024-04-21 20:57:56,931 [INFO] ApiDb:261 - Set plugin images path to: C:\ST\STM32CubeIDE_1.14.1\STM32CubeIDE\plugins\com.st.stm32cube.common.mx_6.11.0.202403141607\\db\/plugins/mcufinder/images/
2024-04-21 20:57:56,931 [WARN] DbFile:41 - Overriding database path with different value: C:\Users\ASUS\.stmcufinder\plugins\mcufinder/ => C:\Users\ASUS\.stmcufinder\plugins\mcufinder
2024-04-21 20:57:56,931 [INFO] ApiDb:250 - Set database path to: C:\Users\ASUS\.stmcufinder\plugins\mcufinder//mcu/
2024-04-21 20:57:56,931 [WARN] DbFile:41 - Overriding database path with different value: C:\Users\ASUS\.stmcufinder\plugins\mcufinder/ => C:\Users\ASUS\.stmcufinder\plugins\mcufinder
2024-04-21 20:57:56,931 [INFO] DbMcusAds:125 - Set database path to: C:\Users\ASUS\.stmcufinder\plugins\mcufinder//mcu/
2024-04-21 20:57:56,931 [WARN] DbFile:41 - Overriding database path with different value: C:\Users\ASUS\.stmcufinder\plugins\mcufinder/ => C:\Users\ASUS\.stmcufinder\plugins\mcufinder
2024-04-21 20:57:56,931 [WARN] DbFile:41 - Overriding database path with different value: C:\Users\ASUS\.stmcufinder\plugins\mcufinder/ => C:\Users\ASUS\.stmcufinder\plugins\mcufinder
2024-04-21 20:57:56,931 [INFO] CrossReferenceDbSqlite:203 - Set database path to: C:\Users\ASUS\.stmcufinder\plugins\mcufinder//mcu/cs/
2024-04-21 20:57:56,989 [INFO] MainPanel:264 - HeapMemory: 268435456
2024-04-21 20:57:57,042 [INFO] DbMcusXml:78 - Set database path to: C:\ST\STM32CubeIDE_1.14.1\STM32CubeIDE\plugins\com.st.stm32cube.common.mx_6.11.0.202403141607\\db\/mcu/
2024-04-21 20:57:57,042 [INFO] ApiDb:274 - Set plugin database path to: C:\ST\STM32CubeIDE_1.14.1\STM32CubeIDE\plugins\com.st.stm32cube.common.mx_6.11.0.202403141607\\db\/plugins/boardmanager/
2024-04-21 20:57:57,042 [INFO] ApiDb:261 - Set plugin images path to: C:\ST\STM32CubeIDE_1.14.1\STM32CubeIDE\plugins\com.st.stm32cube.common.mx_6.11.0.202403141607\\db\/plugins/mcufinder/images/
2024-04-21 20:57:57,042 [WARN] DbFile:41 - Overriding database path with different value: C:\Users\ASUS\.stmcufinder\plugins\mcufinder/ => C:\Users\ASUS\.stmcufinder\plugins\mcufinder
2024-04-21 20:57:57,042 [INFO] ApiDb:250 - Set database path to: C:\Users\ASUS\.stmcufinder\plugins\mcufinder//mcu/
2024-04-21 20:57:57,042 [WARN] DbFile:41 - Overriding database path with different value: C:\Users\ASUS\.stmcufinder\plugins\mcufinder/ => C:\Users\ASUS\.stmcufinder\plugins\mcufinder
2024-04-21 20:57:57,042 [INFO] DbMcusAds:125 - Set database path to: C:\Users\ASUS\.stmcufinder\plugins\mcufinder//mcu/
2024-04-21 20:57:57,042 [WARN] DbFile:41 - Overriding database path with different value: C:\Users\ASUS\.stmcufinder\plugins\mcufinder/ => C:\Users\ASUS\.stmcufinder\plugins\mcufinder
2024-04-21 20:57:57,043 [WARN] DbFile:41 - Overriding database path with different value: C:\Users\ASUS\.stmcufinder\plugins\mcufinder/ => C:\Users\ASUS\.stmcufinder\plugins\mcufinder
2024-04-21 20:57:57,043 [INFO] CrossReferenceDbSqlite:203 - Set database path to: C:\Users\ASUS\.stmcufinder\plugins\mcufinder//mcu/cs/
2024-04-21 20:57:57,056 [INFO] ApplicationProperties:184 - Using Application install path: C:\ST\STM32CubeIDE_1.14.1\STM32CubeIDE\plugins\com.st.stm32cube.common.mx_6.11.0.202403141607
2024-04-21 20:57:57,057 [INFO] PluginManage:196 - Search for loadable plugins [exclusion list=, ]
2024-04-21 20:57:57,058 [INFO] PluginManage:310 - Check plugin analytics
2024-04-21 20:57:57,183 [INFO] AnalyticsPlugin:253 - Accepted Software Licenses: 
2024-04-21 20:57:57,183 [INFO] AnalyticsPlugin:255 - Accepted CMSIS Pack Licenses: 
2024-04-21 20:57:57,183 [INFO] AnalyticsPlugin:257 - Accepted Firmware Licenses: FW.F4.1.28.0
2024-04-21 20:57:57,186 [INFO] PluginManage:359 - Loaded plugin analytics (category:tool,tabindex:-1)
2024-04-21 20:57:57,186 [INFO] PluginManage:310 - Check plugin cadmodel
2024-04-21 20:57:57,190 [INFO] CADModel:105 - Init CAD model plugin
2024-04-21 20:57:57,190 [INFO] PluginManage:359 - Loaded plugin cadmodel (category:power,tabindex:5)
2024-04-21 20:57:57,190 [INFO] PluginManage:310 - Check plugin clock
2024-04-21 20:57:57,197 [INFO] PluginManage:359 - Loaded plugin clock (category:base,tabindex:2)
2024-04-21 20:57:57,197 [INFO] PluginManage:310 - Check plugin ddr
2024-04-21 20:57:57,199 [INFO] PluginManage:359 - Loaded plugin ddr (category:tool,tabindex:6)
2024-04-21 20:57:57,199 [INFO] PluginManage:310 - Check plugin filemanager
2024-04-21 20:57:57,323 [INFO] PluginManage:359 - Loaded plugin filemanager (category:base,tabindex:10)
2024-04-21 20:57:57,324 [INFO] PluginManage:310 - Check plugin ipmanager
2024-04-21 20:57:57,329 [INFO] PluginManage:359 - Loaded plugin ipmanager (category:base,tabindex:5)
2024-04-21 20:57:57,329 [INFO] PluginManage:310 - Check plugin lpbam
2024-04-21 20:57:57,336 [INFO] PluginManage:359 - Loaded plugin lpbam (category:base,tabindex:0)
2024-04-21 20:57:57,336 [INFO] PluginManage:310 - Check plugin memorymap
2024-04-21 20:57:57,344 [INFO] PluginManage:359 - Loaded plugin memorymap (category:base,tabindex:4)
2024-04-21 20:57:57,344 [INFO] PluginManage:310 - Check plugin pinoutandconfiguration
2024-04-21 20:57:57,348 [INFO] PluginManage:359 - Loaded plugin pinoutandconfiguration (category:base,tabindex:1)
2024-04-21 20:57:57,348 [INFO] PluginManage:310 - Check plugin pinoutconfig
2024-04-21 20:57:57,414 [WARN] SupportedApi:132 - Cannot load RTOS API schema: s4s-elt-must-match.1: The content of 'definitions' must match (annotation?, (simpleType | complexType)?, (unique | key | keyref)*)). A problem was found starting at: attribute.
2024-04-21 20:57:57,523 [INFO] PluginManage:359 - Loaded plugin pinoutconfig (category:base,tabindex:0)
2024-04-21 20:57:57,523 [INFO] PluginManage:310 - Check plugin power
2024-04-21 20:57:57,531 [INFO] PluginManage:359 - Loaded plugin power (category:power,tabindex:4)
2024-04-21 20:57:57,531 [INFO] PluginManage:310 - Check plugin projectmanager
2024-04-21 20:57:57,546 [INFO] PluginManage:359 - Loaded plugin projectmanager (category:projectmanager,tabindex:3)
2024-04-21 20:57:57,546 [INFO] PluginManage:310 - Check plugin thirdparty
2024-04-21 20:57:57,635 [WARN] IntegrityCheckThread:84 - waiting for thirdparty lock release [integrity check]
2024-04-21 20:57:57,636 [INFO] PluginManage:359 - Loaded plugin thirdparty (category:base,tabindex:-1)
2024-04-21 20:57:57,636 [INFO] IntegrityCheckThread:86 - entering critical section [integrity check]
2024-04-21 20:57:57,636 [INFO] PluginManage:310 - Check plugin tools
2024-04-21 20:57:57,636 [INFO] ThirdPartyUpdaterWithRetryManager:70 - Updater plugin not ready yet. [1/15]
2024-04-21 20:57:57,639 [INFO] PluginManage:359 - Loaded plugin tools (category:base,tabindex:7)
2024-04-21 20:57:57,639 [INFO] PluginManage:310 - Check plugin tutovideos
2024-04-21 20:57:57,750 [INFO] PluginManage:359 - Loaded plugin tutovideos (category:base,tabindex:-1)
2024-04-21 20:57:57,750 [INFO] PluginManage:310 - Check plugin updater
2024-04-21 20:57:57,758 [INFO] PluginManage:359 - Loaded plugin updater (category:base,tabindex:12)
2024-04-21 20:57:57,758 [INFO] PluginManage:310 - Check plugin userauth
2024-04-21 20:57:57,762 [INFO] UserAuth:114 - Init User Auth plugin
2024-04-21 20:57:57,762 [INFO] PluginManage:359 - Loaded plugin userauth (category:base,tabindex:14)
2024-04-21 20:57:57,763 [INFO] PluginManage:283 - PluginManage : Loaded plugins [17]
2024-04-21 20:57:57,918 [INFO] PinOutPanel:1561 - setPackage(No Configuration,No Configuration)
2024-04-21 20:57:57,970 [INFO] CADModel:165 - CPN selected for project level
2024-04-21 20:57:57,970 [INFO] CADModel:114 - Register for checkConnection events
2024-04-21 20:57:57,981 [INFO] IPUIPlugin:80 - create IPUIPlugin
2024-04-21 20:57:57,982 [INFO] PluginManager:220 - loadIPPluginJar : add adc
2024-04-21 20:57:57,983 [INFO] IPUIPlugin:80 - create IPUIPlugin
2024-04-21 20:57:57,984 [INFO] PluginManager:220 - loadIPPluginJar : add aes
2024-04-21 20:57:57,985 [INFO] IPUIPlugin:80 - create IPUIPlugin
2024-04-21 20:57:57,985 [INFO] PluginManager:220 - loadIPPluginJar : add can
2024-04-21 20:57:57,986 [INFO] IPUIPlugin:80 - create IPUIPlugin
2024-04-21 20:57:57,986 [INFO] PluginManager:220 - loadIPPluginJar : add comp
2024-04-21 20:57:57,988 [INFO] IPUIPlugin:80 - create IPUIPlugin
2024-04-21 20:57:57,988 [INFO] PluginManager:220 - loadIPPluginJar : add cryp
2024-04-21 20:57:57,989 [INFO] IPUIPlugin:80 - create IPUIPlugin
2024-04-21 20:57:57,989 [INFO] PluginManager:220 - loadIPPluginJar : add dfsdm
2024-04-21 20:57:57,993 [INFO] IPUIPlugin:80 - create IPUIPlugin
2024-04-21 20:57:57,994 [INFO] PluginManager:220 - loadIPPluginJar : add dma
2024-04-21 20:57:57,995 [INFO] IPUIPlugin:80 - create IPUIPlugin
2024-04-21 20:57:57,995 [INFO] PluginManager:220 - loadIPPluginJar : add dma3
2024-04-21 20:57:57,997 [INFO] IPUIPlugin:80 - create IPUIPlugin
2024-04-21 20:57:57,997 [INFO] PluginManager:220 - loadIPPluginJar : add extmemmanager
2024-04-21 20:57:57,999 [INFO] IPUIPlugin:80 - create IPUIPlugin
2024-04-21 20:57:57,999 [INFO] PluginManager:220 - loadIPPluginJar : add fatfs
2024-04-21 20:57:58,001 [INFO] IPUIPlugin:80 - create IPUIPlugin
2024-04-21 20:57:58,001 [INFO] PluginManager:220 - loadIPPluginJar : add fmc
2024-04-21 20:57:58,005 [INFO] IPUIPlugin:80 - create IPUIPlugin
2024-04-21 20:57:58,005 [INFO] PluginManager:220 - loadIPPluginJar : add freertos
2024-04-21 20:57:58,008 [INFO] IPUIPlugin:80 - create IPUIPlugin
2024-04-21 20:57:58,008 [INFO] PluginManager:220 - loadIPPluginJar : add genericplugin
2024-04-21 20:57:58,009 [INFO] IPUIPlugin:80 - create IPUIPlugin
2024-04-21 20:57:58,009 [INFO] PluginManager:220 - loadIPPluginJar : add gfxmmu
2024-04-21 20:57:58,013 [INFO] IPUIPlugin:80 - create IPUIPlugin
2024-04-21 20:57:58,013 [INFO] PluginManager:220 - loadIPPluginJar : add gic
2024-04-21 20:57:58,016 [INFO] IPUIPlugin:80 - create IPUIPlugin
2024-04-21 20:57:58,016 [INFO] PluginManager:220 - loadIPPluginJar : add gpio
2024-04-21 20:57:58,018 [INFO] IPUIPlugin:80 - create IPUIPlugin
2024-04-21 20:57:58,018 [INFO] PluginManager:220 - loadIPPluginJar : add gtzc
2024-04-21 20:57:58,020 [INFO] IPUIPlugin:80 - create IPUIPlugin
2024-04-21 20:57:58,020 [INFO] PluginManager:220 - loadIPPluginJar : add hash
2024-04-21 20:57:58,020 [INFO] IPUIPlugin:80 - create IPUIPlugin
2024-04-21 20:57:58,021 [INFO] PluginManager:220 - loadIPPluginJar : add i2c
2024-04-21 20:57:58,023 [INFO] IPUIPlugin:80 - create IPUIPlugin
2024-04-21 20:57:58,023 [INFO] PluginManager:220 - loadIPPluginJar : add i2s
2024-04-21 20:57:58,024 [INFO] IPUIPlugin:80 - create IPUIPlugin
2024-04-21 20:57:58,025 [INFO] PluginManager:220 - loadIPPluginJar : add i3c
2024-04-21 20:57:58,027 [INFO] IPUIPlugin:80 - create IPUIPlugin
2024-04-21 20:57:58,027 [INFO] PluginManager:220 - loadIPPluginJar : add ipddr
2024-04-21 20:57:58,031 [INFO] IPUIPlugin:80 - create IPUIPlugin
2024-04-21 20:57:58,032 [INFO] PluginManager:220 - loadIPPluginJar : add linkedlist
2024-04-21 20:57:58,035 [INFO] IPUIPlugin:80 - create IPUIPlugin
2024-04-21 20:57:58,036 [INFO] PluginManager:220 - loadIPPluginJar : add lorawan
2024-04-21 20:57:58,036 [INFO] IPUIPlugin:80 - create IPUIPlugin
2024-04-21 20:57:58,037 [INFO] PluginManager:220 - loadIPPluginJar : add ltdc
2024-04-21 20:57:58,040 [INFO] IPUIPlugin:80 - create IPUIPlugin
2024-04-21 20:57:58,041 [INFO] PluginManager:220 - loadIPPluginJar : add mdma
2024-04-21 20:57:58,043 [INFO] IPUIPlugin:80 - create IPUIPlugin
2024-04-21 20:57:58,043 [INFO] PluginManager:220 - loadIPPluginJar : add nvic
2024-04-21 20:57:58,044 [INFO] IPUIPlugin:80 - create IPUIPlugin
2024-04-21 20:57:58,045 [INFO] PluginManager:220 - loadIPPluginJar : add opamp
2024-04-21 20:57:58,046 [INFO] IPUIPlugin:80 - create IPUIPlugin
2024-04-21 20:57:58,046 [INFO] PluginManager:220 - loadIPPluginJar : add openamp
2024-04-21 20:57:58,048 [INFO] IPUIPlugin:80 - create IPUIPlugin
2024-04-21 20:57:58,048 [INFO] PluginManager:220 - loadIPPluginJar : add pdm2pcm
2024-04-21 20:57:58,055 [INFO] IPUIPlugin:80 - create IPUIPlugin
2024-04-21 20:57:58,057 [INFO] PluginManager:220 - loadIPPluginJar : add plateformsettings
2024-04-21 20:57:58,058 [INFO] IPUIPlugin:80 - create IPUIPlugin
2024-04-21 20:57:58,058 [INFO] PluginManager:220 - loadIPPluginJar : add quadspi
2024-04-21 20:57:58,060 [INFO] IPUIPlugin:80 - create IPUIPlugin
2024-04-21 20:57:58,060 [INFO] PluginManager:220 - loadIPPluginJar : add resmgrutility
2024-04-21 20:57:58,063 [INFO] IPUIPlugin:80 - create IPUIPlugin
2024-04-21 20:57:58,063 [INFO] PluginManager:220 - loadIPPluginJar : add sai
2024-04-21 20:57:58,065 [INFO] IPUIPlugin:80 - create IPUIPlugin
2024-04-21 20:57:58,065 [INFO] PluginManager:220 - loadIPPluginJar : add spi
2024-04-21 20:57:58,070 [INFO] IPUIPlugin:80 - create IPUIPlugin
2024-04-21 20:57:58,070 [INFO] PluginManager:220 - loadIPPluginJar : add stm32_wpan
2024-04-21 20:57:58,072 [INFO] IPUIPlugin:80 - create IPUIPlugin
2024-04-21 20:57:58,072 [INFO] PluginManager:220 - loadIPPluginJar : add tim
2024-04-21 20:57:58,074 [INFO] IPUIPlugin:80 - create IPUIPlugin
2024-04-21 20:57:58,074 [INFO] PluginManager:220 - loadIPPluginJar : add touchsensing
2024-04-21 20:57:58,076 [INFO] IPUIPlugin:80 - create IPUIPlugin
2024-04-21 20:57:58,076 [INFO] PluginManager:220 - loadIPPluginJar : add tracer_emb
2024-04-21 20:57:58,077 [INFO] IPUIPlugin:80 - create IPUIPlugin
2024-04-21 20:57:58,078 [INFO] PluginManager:220 - loadIPPluginJar : add ts
2024-04-21 20:57:58,079 [INFO] IPUIPlugin:80 - create IPUIPlugin
2024-04-21 20:57:58,079 [INFO] PluginManager:220 - loadIPPluginJar : add tsc
2024-04-21 20:57:58,080 [INFO] IPUIPlugin:80 - create IPUIPlugin
2024-04-21 20:57:58,080 [INFO] PluginManager:220 - loadIPPluginJar : add ucpd
2024-04-21 20:57:58,082 [INFO] IPUIPlugin:80 - create IPUIPlugin
2024-04-21 20:57:58,082 [INFO] PluginManager:220 - loadIPPluginJar : add usart
2024-04-21 20:57:58,084 [INFO] IPUIPlugin:80 - create IPUIPlugin
2024-04-21 20:57:58,085 [INFO] PluginManager:220 - loadIPPluginJar : add usbx
2024-04-21 20:57:58,218 [INFO] CADModel:165 - CPN selected for project level
2024-04-21 20:57:58,218 [INFO] CADModel:114 - Register for checkConnection events
2024-04-21 20:57:58,218 [FATAL] Updater:308 - Updater called before beeing initialized
2024-04-21 20:57:58,218 [ERROR] CADModel:125 - Updater not yet initialized, retry later 
2024-04-21 20:57:58,312 [INFO] CADModel:165 - CPN selected for project level
2024-04-21 20:57:58,312 [INFO] CADModel:114 - Register for checkConnection events
2024-04-21 20:57:58,312 [FATAL] Updater:308 - Updater called before beeing initialized
2024-04-21 20:57:58,312 [ERROR] CADModel:125 - Updater not yet initialized, retry later 
2024-04-21 20:57:58,315 [FATAL] Updater:308 - Updater called before beeing initialized
2024-04-21 20:57:58,410 [FATAL] Updater:308 - Updater called before beeing initialized
2024-04-21 20:57:58,415 [INFO] DbMcusAds:53 - JSON generation date=Wed Nov 29 05:52:27 COT 2023 (1701255147349)
2024-04-21 20:57:58,415 [FATAL] Updater:308 - Updater called before beeing initialized
2024-04-21 20:57:58,443 [WARN] DetailPanel:346 - Failed to get advertising image, set to default
2024-04-21 20:57:58,530 [FATAL] Updater:308 - Updater called before beeing initialized
2024-04-21 20:57:58,531 [FATAL] Updater:308 - Updater called before beeing initialized
2024-04-21 20:57:58,531 [FATAL] Updater:308 - Updater called before beeing initialized
2024-04-21 20:57:58,531 [WARN] DetailPanel:346 - Failed to get advertising image, set to default
2024-04-21 20:57:58,532 [FATAL] Updater:308 - Updater called before beeing initialized
2024-04-21 20:57:58,567 [ERROR] Updater:1120 - MainUpdater not yet initialized. External WinMGr cannot be set.
2024-04-21 20:57:58,568 [INFO] Updater:1056 - Updater Version found : 6.11.0
2024-04-21 20:57:58,585 [INFO] ApplicationProperties:184 - Using Application install path: C:\ST\STM32CubeIDE_1.14.1\STM32CubeIDE\plugins\com.st.stm32cube.common.mx_6.11.0.202403141607
2024-04-21 20:58:00,152 [ERROR] LogOutputStream:75 - [STDERR_REDIRECT] Apr 21, 2024 8:58:00 PM java.util.prefs.WindowsPreferences <init>
2024-04-21 20:58:00,153 [ERROR] LogOutputStream:75 - [STDERR_REDIRECT] WARNING: Could not open/create prefs root node Software\JavaSoft\Prefs at root 0xffffffff80000002. Windows RegCreateKeyEx(...) returned error code 5.
2024-04-21 20:58:00,153 [ERROR] LogOutputStream:75 - [STDERR_REDIRECT] 
2024-04-21 20:58:00,638 [INFO] ThirdPartyUpdaterWithRetryManager:70 - Updater plugin not ready yet. [2/15]
2024-04-21 20:58:01,096 [INFO] MainUpdater:2873 - connection check result : 10
2024-04-21 20:58:01,097 [INFO] MainUpdater:290 - Updater Check For Update Now.
2024-04-21 20:58:01,097 [INFO] MicroXplorer:498 - Change Database Version : DB.6.0.110
2024-04-21 20:58:01,101 [INFO] McuFinderGlobals:63 - Set McuFinder mode to 2 (CubeIDE integrated)
2024-04-21 20:58:01,107 [INFO] UserAuth:415 - Internet connection configuration mode: 1
2024-04-21 20:58:01,118 [INFO] JxBrowserEngine:152 - Initiate JxBrowser Engine with user profile folder
2024-04-21 20:58:01,267 [INFO] CheckServerUpdateThread:120 - End of CheckServer Thread
2024-04-21 20:58:01,602 [INFO] WebApp:161 - Instantiating new browser for Auth
2024-04-21 20:58:01,977 [INFO] WebApp:779 - Register for checkConnection events
2024-04-21 20:58:01,977 [INFO] WebApp:414 - Apply proxy settings
2024-04-21 20:58:01,977 [INFO] WebApp:499 - Chromium requires no authentication
2024-04-21 20:58:01,982 [INFO] WebApp:442 - Direct internet connection detected
2024-04-21 20:58:02,096 [INFO] WebApp:192 - Starting web application
2024-04-21 20:58:02,097 [INFO] WebApp:544 - Web application path used C:\ST\STM32CubeIDE_1.14.1\STM32CubeIDE\plugins\com.st.stm32cube.common.mx_6.11.0.202403141607\db\plugins\mcufinder\reactClient1\index.html
2024-04-21 20:58:03,772 [WARN] PackLoader:240 - Cannot read IP mode file for STMicroelectronics.FP-SNS-MOTENVWB1.1.4.0
2024-04-21 20:58:03,780 [WARN] PackLoader:240 - Cannot read IP mode file for STMicroelectronics.X-CUBE-SMBUS.2.1.0
2024-04-21 20:58:03,795 [WARN] PackLoader:240 - Cannot read IP mode file for STMicroelectronics.X-CUBE-TOUCHGFX.4.23.1
2024-04-21 20:58:03,797 [WARN] PackLoader:240 - Cannot read IP mode file for STMicroelectronics.X-CUBE-TOUCHGFX.4.23.0
2024-04-21 20:58:03,799 [WARN] PackLoader:240 - Cannot read IP mode file for STMicroelectronics.X-CUBE-TOUCHGFX.4.23.2
2024-04-21 20:58:03,822 [WARN] PackLoader:240 - Cannot read IP mode file for STMicroelectronics.X-CUBE-AZRTOS-F7.1.1.0
2024-04-21 20:58:03,830 [WARN] PackLoader:240 - Cannot read IP mode file for STMicroelectronics.FP-SNS-MOTENV1.4.3.2
2024-04-21 20:58:03,837 [WARN] PackLoader:240 - Cannot read IP mode file for STMicroelectronics.FP-SNS-FLIGHT1.5.0.2
2024-04-21 20:58:03,844 [WARN] PackLoader:240 - Cannot read IP mode file for STMicroelectronics.X-CUBE-DISPLAY.3.0.0
2024-04-21 20:58:03,855 [WARN] PackLoader:240 - Cannot read IP mode file for STMicroelectronics.X-CUBE-BLE1.7.0.0
2024-04-21 20:58:03,860 [WARN] PackLoader:240 - Cannot read IP mode file for emotas.I-CUBE-CANOPEN.1.3.0
2024-04-21 20:58:03,869 [WARN] PackLoader:240 - Cannot read IP mode file for STMicroelectronics.X-CUBE-BLEMGR.3.1.0
2024-04-21 20:58:03,875 [WARN] PackLoader:240 - Cannot read IP mode file for STMicroelectronics.FP-SNS-SMARTAG2.1.2.0
2024-04-21 20:58:03,881 [INFO] LogOutputStream:77 - [STDOUT_REDIRECT] 1 : Invalid condition id : UX_CORESTACK_Condition cause : null
2024-04-21 20:58:03,881 [INFO] LogOutputStream:77 - [STDOUT_REDIRECT] 1 : Invalid condition id : UX_CORESTACK_Condition cause : null
2024-04-21 20:58:03,882 [INFO] LogOutputStream:77 - [STDOUT_REDIRECT] 1 : Invalid condition id : UX_CORESTACK_Condition cause : null
2024-04-21 20:58:03,882 [INFO] LogOutputStream:77 - [STDOUT_REDIRECT] 1 : Invalid condition id : UX_CORESTACK_Condition cause : null
2024-04-21 20:58:03,884 [INFO] LogOutputStream:77 - [STDOUT_REDIRECT] 1 : Invalid condition id : UX_CORESTACK_Condition cause : null
2024-04-21 20:58:03,888 [WARN] PackLoader:240 - Cannot read IP mode file for STMicroelectronics.X-CUBE-AZRTOS-WL.2.0.0
2024-04-21 20:58:03,893 [WARN] PackLoader:240 - Cannot read IP mode file for STMicroelectronics.FP-SNS-MOTENV1.5.0.0
2024-04-21 20:58:03,902 [WARN] PackLoader:240 - Cannot read IP mode file for WES.I-CUBE-Cesium.1.3.0
2024-04-21 20:58:03,908 [WARN] PackLoader:240 - Cannot read IP mode file for STMicroelectronics.X-CUBE-BLE2.3.3.0
2024-04-21 20:58:03,914 [WARN] PackLoader:240 - Cannot read IP mode file for STMicroelectronics.X-CUBE-TCPP.4.1.0
2024-04-21 20:58:03,923 [WARN] PackLoader:240 - Cannot read IP mode file for STMicroelectronics.X-CUBE-ALGOBUILD.1.3.0
2024-04-21 20:58:03,941 [WARN] PackLoader:240 - Cannot read IP mode file for STMicroelectronics.X-CUBE-AZRTOS-G0.1.1.0
2024-04-21 20:58:03,949 [WARN] PackLoader:240 - Cannot read IP mode file for STMicroelectronics.X-CUBE-SAFEA1.1.2.2
2024-04-21 20:58:03,956 [WARN] PackLoader:240 - Cannot read IP mode file for STMicroelectronics.X-CUBE-NFC4.3.0.0
2024-04-21 20:58:03,965 [WARN] PackLoader:240 - Cannot read IP mode file for STMicroelectronics.X-CUBE-BLEMGR.3.0.0
2024-04-21 20:58:03,972 [WARN] PackLoader:240 - Cannot read IP mode file for STMicroelectronics.FP-ATR-SIGFOX1.3.2.0
2024-04-21 20:58:03,979 [WARN] PackLoader:240 - Cannot read IP mode file for STMicroelectronics.X-CUBE-EEPRMA1.5.1.0
2024-04-21 20:58:04,017 [WARN] PackLoader:240 - Cannot read IP mode file for SEGGER.I-CUBE-embOS.1.3.1
2024-04-21 20:58:04,068 [WARN] PackLoader:240 - Cannot read IP mode file for STMicroelectronics.X-CUBE-GNSS1.6.0.0
2024-04-21 20:58:04,086 [WARN] PackLoader:240 - Cannot read IP mode file for STMicroelectronics.X-CUBE-AZRTOS-F4.1.1.0
2024-04-21 20:58:04,094 [WARN] PackLoader:240 - Cannot read IP mode file for wolfSSL.I-CUBE-wolfSSL.5.6.6
2024-04-21 20:58:04,128 [WARN] PackLoader:240 - Cannot read IP mode file for STMicroelectronics.X-CUBE-AZRTOS-L5.2.0.0
2024-04-21 20:58:04,140 [WARN] PackLoader:240 - Cannot read IP mode file for STMicroelectronics.X-CUBE-NFC6.3.1.0
2024-04-21 20:58:04,149 [WARN] PackLoader:240 - Cannot read IP mode file for ITTIA_DB.I-CUBE-ITTIADB.8.8.0
2024-04-21 20:58:04,153 [WARN] PackLoader:240 - Cannot read IP mode file for STMicroelectronics.X-CUBE-AI.9.0.0
2024-04-21 20:58:04,158 [WARN] PackLoader:240 - Cannot read IP mode file for STMicroelectronics.X-CUBE-NFC7.1.0.1
2024-04-21 20:58:04,164 [WARN] PackLoader:240 - Cannot read IP mode file for STMicroelectronics.X-CUBE-NFC6.3.0.0
2024-04-21 20:58:04,169 [WARN] PackLoader:240 - Cannot read IP mode file for STMicroelectronics.X-CUBE-AI.8.1.0
2024-04-21 20:58:04,183 [WARN] ConditionMgr:438 - getConditionDescription Invalid condition id : LAN8742 Phy interface Condition cause : null
2024-04-21 20:58:04,183 [WARN] PackLoader:240 - Cannot read IP mode file for STMicroelectronics.X-CUBE-AZRTOS-L4.2.0.0
2024-04-21 20:58:04,184 [WARN] ConditionMgr:1039 - genDependencies : Invalid condition id : LAN8742 Phy interface Condition cause : null
2024-04-21 20:58:04,185 [WARN] ConditionMgr:1039 - genDependencies : Invalid condition id : LAN8742 Phy interface Condition cause : null
2024-04-21 20:58:04,186 [WARN] ConditionMgr:1039 - genDependencies : Invalid condition id : LAN8742 Phy interface Condition cause : null
2024-04-21 20:58:04,192 [WARN] PackLoader:240 - Cannot read IP mode file for STMicroelectronics.X-CUBE-SFXS2LP1.4.0.0
2024-04-21 20:58:04,203 [WARN] ConditionMgr:438 - getConditionDescription Invalid condition id : UX DEVICE CLASS RTOS Condition cause : null
2024-04-21 20:58:04,204 [WARN] ConditionMgr:438 - getConditionDescription Invalid condition id : UX DEVICE CLASS RTOS Condition cause : null
2024-04-21 20:58:04,206 [WARN] PackLoader:240 - Cannot read IP mode file for STMicroelectronics.X-CUBE-AZRTOS-WB.2.0.0
2024-04-21 20:58:04,206 [WARN] ConditionMgr:1039 - genDependencies : Invalid condition id : UX DEVICE CLASS RTOS Condition cause : null
2024-04-21 20:58:04,206 [WARN] ConditionMgr:1039 - genDependencies : Invalid condition id : UX DEVICE CLASS RTOS Condition cause : null
2024-04-21 20:58:04,207 [WARN] ConditionMgr:1039 - genDependencies : Invalid condition id : UX DEVICE CLASS RTOS Condition cause : null
2024-04-21 20:58:04,207 [WARN] ConditionMgr:1039 - genDependencies : Invalid condition id : UX DEVICE CLASS RTOS Condition cause : null
2024-04-21 20:58:04,207 [WARN] ConditionMgr:1039 - genDependencies : Invalid condition id : UX DEVICE CLASS RTOS Condition cause : null
2024-04-21 20:58:04,219 [WARN] PackLoader:240 - Cannot read IP mode file for STMicroelectronics.X-CUBE-SUBG2.5.0.0
2024-04-21 20:58:04,240 [WARN] PackLoader:240 - Cannot read IP mode file for STMicroelectronics.X-CUBE-AZRTOS-G4.2.0.0
2024-04-21 20:58:04,250 [WARN] PackLoader:240 - Cannot read IP mode file for Infineon.AIROC-Wi-Fi-Bluetooth-STM32.1.5.1
2024-04-21 20:58:04,256 [WARN] PackLoader:240 - Cannot read IP mode file for STMicroelectronics.FP-SNS-MOTENVWB1.1.3.1
2024-04-21 20:58:04,260 [WARN] PackLoader:240 - Cannot read IP mode file for STMicroelectronics.X-CUBE-ISPU.2.0.0
2024-04-21 20:58:04,289 [WARN] PackLoader:240 - Cannot read IP mode file for STMicroelectronics.X-CUBE-MEMS1.10.0.0
2024-04-21 20:58:04,381 [WARN] PackLoader:240 - Cannot read IP mode file for STMicroelectronics.X-CUBE-FREERTOS.1.1.0
2024-04-21 20:58:04,385 [WARN] PackLoader:240 - Cannot read IP mode file for portGmbH.I-Cube-SoM-uGOAL.1.1.0
2024-04-21 20:58:04,390 [WARN] PackLoader:240 - Cannot read IP mode file for STMicroelectronics.X-CUBE-ALS.1.0.1
2024-04-21 20:58:04,403 [WARN] PackLoader:240 - Cannot read IP mode file for STMicroelectronics.X-CUBE-AZRTOS-H7RS.1.0.0
2024-04-21 20:58:04,407 [WARN] PackLoader:240 - Cannot read IP mode file for STMicroelectronics.FP-ATR-ASTRA1.2.0.0
2024-04-21 20:58:04,413 [WARN] PackLoader:240 - Cannot read IP mode file for STMicroelectronics.X-CUBE-TOF1.3.4.0
2024-04-21 20:58:04,432 [WARN] PackLoader:240 - Cannot read IP mode file for STMicroelectronics.X-CUBE-TOF1.3.4.1
2024-04-21 20:58:04,463 [WARN] PackLoader:240 - Cannot read IP mode file for STMicroelectronics.X-CUBE-AZRTOS-H7.3.2.0
2024-04-21 20:58:04,468 [INFO] ThirdParty:978 - Integrity check success = true
2024-04-21 20:58:04,468 [INFO] IntegrityCheckThread:100 - exiting critical section [integrity check]
2024-04-21 20:58:04,468 [INFO] IntegrityCheckThread:103 - End integrity checks thread
