2024-04-15 02:48:58,194 [INFO] Activator:176 - 


2024-04-15 02:48:58,200 [INFO] Activator:177 - !SESSION log4j initialized
2024-04-15 02:49:05,758 [INFO] LogOutputStream:77 - [STDOUT_REDIRECT] 
2024-04-15 02:49:11,319 [INFO] ApplicationProperties:184 - Using Application install path: C:\ST\STM32CubeIDE_1.14.1\STM32CubeIDE\plugins\com.st.stm32cube.common.mx_6.11.0.202403141607
2024-04-15 02:49:11,342 [INFO] DbMcusXml:78 - Set database path to: C:\ST\STM32CubeIDE_1.14.1\STM32CubeIDE\plugins\com.st.stm32cube.common.mx_6.11.0.202403141607\\db\/mcu/
2024-04-15 02:49:11,342 [INFO] ApiDb:274 - Set plugin database path to: C:\ST\STM32CubeIDE_1.14.1\STM32CubeIDE\plugins\com.st.stm32cube.common.mx_6.11.0.202403141607\\db\/plugins/boardmanager/
2024-04-15 02:49:11,343 [WARN] ApiDb:259 - Overriding images path with different value:  => C:\ST\STM32CubeIDE_1.14.1\STM32CubeIDE\plugins\com.st.stm32cube.common.mx_6.11.0.202403141607\\db\/plugins/mcufinder/images/
2024-04-15 02:49:11,353 [INFO] ApiDb:250 - Set database path to: C:\Users\ASUS\.stmcufinder\plugins\mcufinder//mcu/
2024-04-15 02:49:11,355 [INFO] DbMcusAds:125 - Set database path to: C:\Users\ASUS\.stmcufinder\plugins\mcufinder//mcu/
2024-04-15 02:49:11,357 [INFO] CrossReferenceDbSqlite:203 - Set database path to: C:\Users\ASUS\.stmcufinder\plugins\mcufinder//mcu/cs/
2024-04-15 02:49:11,495 [INFO] RulesReader:64 - Compatibility file has been processed (297 Rules)
2024-04-15 02:49:11,583 [INFO] DbMcusXml:78 - Set database path to: C:\ST\STM32CubeIDE_1.14.1\STM32CubeIDE\plugins\com.st.stm32cube.common.mx_6.11.0.202403141607\\db\/mcu/
2024-04-15 02:49:11,583 [INFO] ApiDb:274 - Set plugin database path to: C:\ST\STM32CubeIDE_1.14.1\STM32CubeIDE\plugins\com.st.stm32cube.common.mx_6.11.0.202403141607\\db\/plugins/boardmanager/
2024-04-15 02:49:11,583 [INFO] ApiDb:261 - Set plugin images path to: C:\ST\STM32CubeIDE_1.14.1\STM32CubeIDE\plugins\com.st.stm32cube.common.mx_6.11.0.202403141607\\db\/plugins/mcufinder/images/
2024-04-15 02:49:11,583 [WARN] DbFile:41 - Overriding database path with different value: C:\Users\ASUS\.stmcufinder\plugins\mcufinder/ => C:\Users\ASUS\.stmcufinder\plugins\mcufinder
2024-04-15 02:49:11,584 [INFO] ApiDb:250 - Set database path to: C:\Users\ASUS\.stmcufinder\plugins\mcufinder//mcu/
2024-04-15 02:49:11,584 [WARN] DbFile:41 - Overriding database path with different value: C:\Users\ASUS\.stmcufinder\plugins\mcufinder/ => C:\Users\ASUS\.stmcufinder\plugins\mcufinder
2024-04-15 02:49:11,584 [INFO] DbMcusAds:125 - Set database path to: C:\Users\ASUS\.stmcufinder\plugins\mcufinder//mcu/
2024-04-15 02:49:11,584 [WARN] DbFile:41 - Overriding database path with different value: C:\Users\ASUS\.stmcufinder\plugins\mcufinder/ => C:\Users\ASUS\.stmcufinder\plugins\mcufinder
2024-04-15 02:49:11,584 [WARN] DbFile:41 - Overriding database path with different value: C:\Users\ASUS\.stmcufinder\plugins\mcufinder/ => C:\Users\ASUS\.stmcufinder\plugins\mcufinder
2024-04-15 02:49:11,584 [INFO] CrossReferenceDbSqlite:203 - Set database path to: C:\Users\ASUS\.stmcufinder\plugins\mcufinder//mcu/cs/
2024-04-15 02:49:11,670 [INFO] MainPanel:264 - HeapMemory: 268435456
2024-04-15 02:49:11,769 [INFO] DbMcusXml:78 - Set database path to: C:\ST\STM32CubeIDE_1.14.1\STM32CubeIDE\plugins\com.st.stm32cube.common.mx_6.11.0.202403141607\\db\/mcu/
2024-04-15 02:49:11,769 [INFO] ApiDb:274 - Set plugin database path to: C:\ST\STM32CubeIDE_1.14.1\STM32CubeIDE\plugins\com.st.stm32cube.common.mx_6.11.0.202403141607\\db\/plugins/boardmanager/
2024-04-15 02:49:11,769 [INFO] ApiDb:261 - Set plugin images path to: C:\ST\STM32CubeIDE_1.14.1\STM32CubeIDE\plugins\com.st.stm32cube.common.mx_6.11.0.202403141607\\db\/plugins/mcufinder/images/
2024-04-15 02:49:11,770 [WARN] DbFile:41 - Overriding database path with different value: C:\Users\ASUS\.stmcufinder\plugins\mcufinder/ => C:\Users\ASUS\.stmcufinder\plugins\mcufinder
2024-04-15 02:49:11,770 [INFO] ApiDb:250 - Set database path to: C:\Users\ASUS\.stmcufinder\plugins\mcufinder//mcu/
2024-04-15 02:49:11,770 [WARN] DbFile:41 - Overriding database path with different value: C:\Users\ASUS\.stmcufinder\plugins\mcufinder/ => C:\Users\ASUS\.stmcufinder\plugins\mcufinder
2024-04-15 02:49:11,770 [INFO] DbMcusAds:125 - Set database path to: C:\Users\ASUS\.stmcufinder\plugins\mcufinder//mcu/
2024-04-15 02:49:11,770 [WARN] DbFile:41 - Overriding database path with different value: C:\Users\ASUS\.stmcufinder\plugins\mcufinder/ => C:\Users\ASUS\.stmcufinder\plugins\mcufinder
2024-04-15 02:49:11,770 [WARN] DbFile:41 - Overriding database path with different value: C:\Users\ASUS\.stmcufinder\plugins\mcufinder/ => C:\Users\ASUS\.stmcufinder\plugins\mcufinder
2024-04-15 02:49:11,770 [INFO] CrossReferenceDbSqlite:203 - Set database path to: C:\Users\ASUS\.stmcufinder\plugins\mcufinder//mcu/cs/
2024-04-15 02:49:11,788 [INFO] ApplicationProperties:184 - Using Application install path: C:\ST\STM32CubeIDE_1.14.1\STM32CubeIDE\plugins\com.st.stm32cube.common.mx_6.11.0.202403141607
2024-04-15 02:49:11,790 [INFO] PluginManage:196 - Search for loadable plugins [exclusion list=, ]
2024-04-15 02:49:11,791 [INFO] PluginManage:310 - Check plugin analytics
2024-04-15 02:49:11,995 [INFO] AnalyticsPlugin:253 - Accepted Software Licenses: 
2024-04-15 02:49:11,996 [INFO] AnalyticsPlugin:255 - Accepted CMSIS Pack Licenses: 
2024-04-15 02:49:11,996 [INFO] AnalyticsPlugin:257 - Accepted Firmware Licenses: FW.F4.1.28.0
2024-04-15 02:49:11,999 [INFO] PluginManage:359 - Loaded plugin analytics (category:tool,tabindex:-1)
2024-04-15 02:49:11,999 [INFO] PluginManage:310 - Check plugin cadmodel
2024-04-15 02:49:12,016 [INFO] CADModel:105 - Init CAD model plugin
2024-04-15 02:49:12,016 [INFO] PluginManage:359 - Loaded plugin cadmodel (category:power,tabindex:5)
2024-04-15 02:49:12,016 [INFO] PluginManage:310 - Check plugin clock
2024-04-15 02:49:12,038 [INFO] PluginManage:359 - Loaded plugin clock (category:base,tabindex:2)
2024-04-15 02:49:12,038 [INFO] PluginManage:310 - Check plugin ddr
2024-04-15 02:49:12,041 [INFO] PluginManage:359 - Loaded plugin ddr (category:tool,tabindex:6)
2024-04-15 02:49:12,041 [INFO] PluginManage:310 - Check plugin filemanager
2024-04-15 02:49:12,180 [INFO] PluginManage:359 - Loaded plugin filemanager (category:base,tabindex:10)
2024-04-15 02:49:12,181 [INFO] PluginManage:310 - Check plugin ipmanager
2024-04-15 02:49:12,188 [INFO] PluginManage:359 - Loaded plugin ipmanager (category:base,tabindex:5)
2024-04-15 02:49:12,188 [INFO] PluginManage:310 - Check plugin lpbam
2024-04-15 02:49:12,208 [INFO] PluginManage:359 - Loaded plugin lpbam (category:base,tabindex:0)
2024-04-15 02:49:12,209 [INFO] PluginManage:310 - Check plugin memorymap
2024-04-15 02:49:12,230 [INFO] PluginManage:359 - Loaded plugin memorymap (category:base,tabindex:4)
2024-04-15 02:49:12,230 [INFO] PluginManage:310 - Check plugin pinoutandconfiguration
2024-04-15 02:49:12,245 [INFO] PluginManage:359 - Loaded plugin pinoutandconfiguration (category:base,tabindex:1)
2024-04-15 02:49:12,245 [INFO] PluginManage:310 - Check plugin pinoutconfig
2024-04-15 02:49:12,344 [WARN] SupportedApi:132 - Cannot load RTOS API schema: s4s-elt-must-match.1: The content of 'definitions' must match (annotation?, (simpleType | complexType)?, (unique | key | keyref)*)). A problem was found starting at: attribute.
2024-04-15 02:49:12,480 [INFO] PluginManage:359 - Loaded plugin pinoutconfig (category:base,tabindex:0)
2024-04-15 02:49:12,480 [INFO] PluginManage:310 - Check plugin power
2024-04-15 02:49:12,502 [INFO] PluginManage:359 - Loaded plugin power (category:power,tabindex:4)
2024-04-15 02:49:12,502 [INFO] PluginManage:310 - Check plugin projectmanager
2024-04-15 02:49:12,519 [INFO] PluginManage:359 - Loaded plugin projectmanager (category:projectmanager,tabindex:3)
2024-04-15 02:49:12,519 [INFO] PluginManage:310 - Check plugin thirdparty
2024-04-15 02:49:12,793 [INFO] PluginManage:359 - Loaded plugin thirdparty (category:base,tabindex:-1)
2024-04-15 02:49:12,793 [WARN] IntegrityCheckThread:84 - waiting for thirdparty lock release [integrity check]
2024-04-15 02:49:12,793 [INFO] PluginManage:310 - Check plugin tools
2024-04-15 02:49:12,794 [INFO] IntegrityCheckThread:86 - entering critical section [integrity check]
2024-04-15 02:49:12,794 [INFO] ThirdPartyUpdaterWithRetryManager:70 - Updater plugin not ready yet. [1/15]
2024-04-15 02:49:12,821 [INFO] PluginManage:359 - Loaded plugin tools (category:base,tabindex:7)
2024-04-15 02:49:12,822 [INFO] PluginManage:310 - Check plugin tutovideos
2024-04-15 02:49:13,093 [INFO] PluginManage:359 - Loaded plugin tutovideos (category:base,tabindex:-1)
2024-04-15 02:49:13,094 [INFO] PluginManage:310 - Check plugin updater
2024-04-15 02:49:13,108 [INFO] PluginManage:359 - Loaded plugin updater (category:base,tabindex:12)
2024-04-15 02:49:13,109 [INFO] PluginManage:310 - Check plugin userauth
2024-04-15 02:49:13,117 [INFO] UserAuth:114 - Init User Auth plugin
2024-04-15 02:49:13,117 [INFO] PluginManage:359 - Loaded plugin userauth (category:base,tabindex:14)
2024-04-15 02:49:13,118 [INFO] PluginManage:283 - PluginManage : Loaded plugins [17]
2024-04-15 02:49:13,429 [INFO] PinOutPanel:1561 - setPackage(No Configuration,No Configuration)
2024-04-15 02:49:13,539 [INFO] CADModel:165 - CPN selected for project level
2024-04-15 02:49:13,539 [INFO] CADModel:114 - Register for checkConnection events
2024-04-15 02:49:13,574 [INFO] IPUIPlugin:80 - create IPUIPlugin
2024-04-15 02:49:13,574 [INFO] PluginManager:220 - loadIPPluginJar : add adc
2024-04-15 02:49:13,627 [INFO] IPUIPlugin:80 - create IPUIPlugin
2024-04-15 02:49:13,627 [INFO] PluginManager:220 - loadIPPluginJar : add aes
2024-04-15 02:49:13,670 [INFO] IPUIPlugin:80 - create IPUIPlugin
2024-04-15 02:49:13,670 [INFO] PluginManager:220 - loadIPPluginJar : add can
2024-04-15 02:49:13,691 [INFO] IPUIPlugin:80 - create IPUIPlugin
2024-04-15 02:49:13,691 [INFO] PluginManager:220 - loadIPPluginJar : add comp
2024-04-15 02:49:13,723 [INFO] IPUIPlugin:80 - create IPUIPlugin
2024-04-15 02:49:13,723 [INFO] PluginManager:220 - loadIPPluginJar : add cryp
2024-04-15 02:49:13,754 [INFO] IPUIPlugin:80 - create IPUIPlugin
2024-04-15 02:49:13,754 [INFO] PluginManager:220 - loadIPPluginJar : add dfsdm
2024-04-15 02:49:13,769 [INFO] IPUIPlugin:80 - create IPUIPlugin
2024-04-15 02:49:13,770 [INFO] PluginManager:220 - loadIPPluginJar : add dma
2024-04-15 02:49:13,817 [INFO] IPUIPlugin:80 - create IPUIPlugin
2024-04-15 02:49:13,818 [INFO] PluginManager:220 - loadIPPluginJar : add dma3
2024-04-15 02:49:13,882 [INFO] IPUIPlugin:80 - create IPUIPlugin
2024-04-15 02:49:13,882 [INFO] PluginManager:220 - loadIPPluginJar : add extmemmanager
2024-04-15 02:49:13,913 [INFO] IPUIPlugin:80 - create IPUIPlugin
2024-04-15 02:49:13,914 [INFO] PluginManager:220 - loadIPPluginJar : add fatfs
2024-04-15 02:49:13,976 [INFO] IPUIPlugin:80 - create IPUIPlugin
2024-04-15 02:49:13,977 [INFO] PluginManager:220 - loadIPPluginJar : add fmc
2024-04-15 02:49:13,995 [INFO] IPUIPlugin:80 - create IPUIPlugin
2024-04-15 02:49:13,996 [INFO] PluginManager:220 - loadIPPluginJar : add freertos
2024-04-15 02:49:14,019 [INFO] IPUIPlugin:80 - create IPUIPlugin
2024-04-15 02:49:14,020 [INFO] PluginManager:220 - loadIPPluginJar : add genericplugin
2024-04-15 02:49:14,136 [INFO] IPUIPlugin:80 - create IPUIPlugin
2024-04-15 02:49:14,136 [INFO] PluginManager:220 - loadIPPluginJar : add gfxmmu
2024-04-15 02:49:14,277 [INFO] IPUIPlugin:80 - create IPUIPlugin
2024-04-15 02:49:14,278 [INFO] PluginManager:220 - loadIPPluginJar : add gic
2024-04-15 02:49:14,314 [INFO] IPUIPlugin:80 - create IPUIPlugin
2024-04-15 02:49:14,315 [INFO] PluginManager:220 - loadIPPluginJar : add gpio
2024-04-15 02:49:14,417 [INFO] IPUIPlugin:80 - create IPUIPlugin
2024-04-15 02:49:14,417 [INFO] PluginManager:220 - loadIPPluginJar : add gtzc
2024-04-15 02:49:14,445 [INFO] IPUIPlugin:80 - create IPUIPlugin
2024-04-15 02:49:14,445 [INFO] PluginManager:220 - loadIPPluginJar : add hash
2024-04-15 02:49:14,486 [INFO] IPUIPlugin:80 - create IPUIPlugin
2024-04-15 02:49:14,487 [INFO] PluginManager:220 - loadIPPluginJar : add i2c
2024-04-15 02:49:14,515 [INFO] IPUIPlugin:80 - create IPUIPlugin
2024-04-15 02:49:14,515 [INFO] PluginManager:220 - loadIPPluginJar : add i2s
2024-04-15 02:49:14,544 [INFO] IPUIPlugin:80 - create IPUIPlugin
2024-04-15 02:49:14,544 [INFO] PluginManager:220 - loadIPPluginJar : add i3c
2024-04-15 02:49:14,636 [INFO] IPUIPlugin:80 - create IPUIPlugin
2024-04-15 02:49:14,636 [INFO] PluginManager:220 - loadIPPluginJar : add ipddr
2024-04-15 02:49:14,700 [INFO] IPUIPlugin:80 - create IPUIPlugin
2024-04-15 02:49:14,700 [INFO] PluginManager:220 - loadIPPluginJar : add linkedlist
2024-04-15 02:49:14,729 [INFO] IPUIPlugin:80 - create IPUIPlugin
2024-04-15 02:49:14,729 [INFO] PluginManager:220 - loadIPPluginJar : add lorawan
2024-04-15 02:49:14,755 [INFO] IPUIPlugin:80 - create IPUIPlugin
2024-04-15 02:49:14,755 [INFO] PluginManager:220 - loadIPPluginJar : add ltdc
2024-04-15 02:49:14,773 [INFO] IPUIPlugin:80 - create IPUIPlugin
2024-04-15 02:49:14,773 [INFO] PluginManager:220 - loadIPPluginJar : add mdma
2024-04-15 02:49:14,786 [INFO] IPUIPlugin:80 - create IPUIPlugin
2024-04-15 02:49:14,787 [INFO] PluginManager:220 - loadIPPluginJar : add nvic
2024-04-15 02:49:14,815 [INFO] IPUIPlugin:80 - create IPUIPlugin
2024-04-15 02:49:14,815 [INFO] PluginManager:220 - loadIPPluginJar : add opamp
2024-04-15 02:49:14,862 [INFO] IPUIPlugin:80 - create IPUIPlugin
2024-04-15 02:49:14,862 [INFO] PluginManager:220 - loadIPPluginJar : add openamp
2024-04-15 02:49:14,892 [INFO] IPUIPlugin:80 - create IPUIPlugin
2024-04-15 02:49:14,892 [INFO] PluginManager:220 - loadIPPluginJar : add pdm2pcm
2024-04-15 02:49:14,904 [INFO] IPUIPlugin:80 - create IPUIPlugin
2024-04-15 02:49:14,906 [INFO] PluginManager:220 - loadIPPluginJar : add plateformsettings
2024-04-15 02:49:14,922 [INFO] IPUIPlugin:80 - create IPUIPlugin
2024-04-15 02:49:14,922 [INFO] PluginManager:220 - loadIPPluginJar : add quadspi
2024-04-15 02:49:14,932 [INFO] IPUIPlugin:80 - create IPUIPlugin
2024-04-15 02:49:14,932 [INFO] PluginManager:220 - loadIPPluginJar : add resmgrutility
2024-04-15 02:49:14,967 [INFO] IPUIPlugin:80 - create IPUIPlugin
2024-04-15 02:49:14,967 [INFO] PluginManager:220 - loadIPPluginJar : add sai
2024-04-15 02:49:14,991 [INFO] IPUIPlugin:80 - create IPUIPlugin
2024-04-15 02:49:14,992 [INFO] PluginManager:220 - loadIPPluginJar : add spi
2024-04-15 02:49:15,039 [INFO] IPUIPlugin:80 - create IPUIPlugin
2024-04-15 02:49:15,039 [INFO] PluginManager:220 - loadIPPluginJar : add stm32_wpan
2024-04-15 02:49:15,059 [INFO] IPUIPlugin:80 - create IPUIPlugin
2024-04-15 02:49:15,059 [INFO] PluginManager:220 - loadIPPluginJar : add tim
2024-04-15 02:49:15,112 [INFO] IPUIPlugin:80 - create IPUIPlugin
2024-04-15 02:49:15,112 [INFO] PluginManager:220 - loadIPPluginJar : add touchsensing
2024-04-15 02:49:15,129 [INFO] IPUIPlugin:80 - create IPUIPlugin
2024-04-15 02:49:15,129 [INFO] PluginManager:220 - loadIPPluginJar : add tracer_emb
2024-04-15 02:49:15,146 [INFO] IPUIPlugin:80 - create IPUIPlugin
2024-04-15 02:49:15,147 [INFO] PluginManager:220 - loadIPPluginJar : add ts
2024-04-15 02:49:15,165 [INFO] IPUIPlugin:80 - create IPUIPlugin
2024-04-15 02:49:15,165 [INFO] PluginManager:220 - loadIPPluginJar : add tsc
2024-04-15 02:49:15,180 [INFO] IPUIPlugin:80 - create IPUIPlugin
2024-04-15 02:49:15,180 [INFO] PluginManager:220 - loadIPPluginJar : add ucpd
2024-04-15 02:49:15,209 [INFO] IPUIPlugin:80 - create IPUIPlugin
2024-04-15 02:49:15,209 [INFO] PluginManager:220 - loadIPPluginJar : add usart
2024-04-15 02:49:15,240 [INFO] IPUIPlugin:80 - create IPUIPlugin
2024-04-15 02:49:15,240 [INFO] PluginManager:220 - loadIPPluginJar : add usbx
2024-04-15 02:49:15,373 [INFO] CADModel:165 - CPN selected for project level
2024-04-15 02:49:15,373 [INFO] CADModel:114 - Register for checkConnection events
2024-04-15 02:49:15,373 [FATAL] Updater:308 - Updater called before beeing initialized
2024-04-15 02:49:15,373 [ERROR] CADModel:125 - Updater not yet initialized, retry later 
2024-04-15 02:49:15,597 [INFO] CADModel:165 - CPN selected for project level
2024-04-15 02:49:15,597 [INFO] CADModel:114 - Register for checkConnection events
2024-04-15 02:49:15,597 [FATAL] Updater:308 - Updater called before beeing initialized
2024-04-15 02:49:15,597 [ERROR] CADModel:125 - Updater not yet initialized, retry later 
2024-04-15 02:49:15,600 [FATAL] Updater:308 - Updater called before beeing initialized
2024-04-15 02:49:15,730 [FATAL] Updater:308 - Updater called before beeing initialized
2024-04-15 02:49:15,739 [INFO] DbMcusAds:53 - JSON generation date=Wed Nov 29 05:52:27 COT 2023 (1701255147349)
2024-04-15 02:49:15,739 [FATAL] Updater:308 - Updater called before beeing initialized
2024-04-15 02:49:15,773 [WARN] DetailPanel:346 - Failed to get advertising image, set to default
2024-04-15 02:49:15,795 [INFO] ThirdPartyUpdaterWithRetryManager:70 - Updater plugin not ready yet. [2/15]
2024-04-15 02:49:15,849 [FATAL] Updater:308 - Updater called before beeing initialized
2024-04-15 02:49:15,851 [FATAL] Updater:308 - Updater called before beeing initialized
2024-04-15 02:49:15,851 [FATAL] Updater:308 - Updater called before beeing initialized
2024-04-15 02:49:15,851 [WARN] DetailPanel:346 - Failed to get advertising image, set to default
2024-04-15 02:49:15,852 [FATAL] Updater:308 - Updater called before beeing initialized
2024-04-15 02:49:15,914 [ERROR] Updater:1120 - MainUpdater not yet initialized. External WinMGr cannot be set.
2024-04-15 02:49:15,923 [INFO] Updater:1056 - Updater Version found : 6.11.0
2024-04-15 02:49:15,941 [INFO] ApplicationProperties:184 - Using Application install path: C:\ST\STM32CubeIDE_1.14.1\STM32CubeIDE\plugins\com.st.stm32cube.common.mx_6.11.0.202403141607
2024-04-15 02:49:17,525 [ERROR] LogOutputStream:75 - [STDERR_REDIRECT] Apr 15, 2024 2:49:17 AM java.util.prefs.WindowsPreferences <init>
2024-04-15 02:49:17,526 [ERROR] LogOutputStream:75 - [STDERR_REDIRECT] WARNING: Could not open/create prefs root node Software\JavaSoft\Prefs at root 0xffffffff80000002. Windows RegCreateKeyEx(...) returned error code 5.
2024-04-15 02:49:17,526 [ERROR] LogOutputStream:75 - [STDERR_REDIRECT] 
2024-04-15 02:49:18,696 [INFO] MainUpdater:2873 - connection check result : 10
2024-04-15 02:49:18,697 [INFO] MainUpdater:290 - Updater Check For Update Now.
2024-04-15 02:49:18,697 [INFO] MicroXplorer:498 - Change Database Version : DB.6.0.110
2024-04-15 02:49:18,723 [INFO] McuFinderGlobals:63 - Set McuFinder mode to 2 (CubeIDE integrated)
2024-04-15 02:49:18,748 [INFO] UserAuth:415 - Internet connection configuration mode: 1
2024-04-15 02:49:18,794 [INFO] JxBrowserEngine:152 - Initiate JxBrowser Engine with user profile folder
2024-04-15 02:49:18,798 [WARN] MainUpdater:1194 - Updater busy. Cannot search thirdparties
2024-04-15 02:49:18,798 [INFO] ThirdPartyUpdaterWithRetryManager:96 - Updater plugin is busy. [1/15]
2024-04-15 02:49:18,919 [INFO] CheckServerUpdateThread:120 - End of CheckServer Thread
2024-04-15 02:49:21,982 [WARN] PackLoader:240 - Cannot read IP mode file for STMicroelectronics.X-CUBE-SMBUS.2.1.0
2024-04-15 02:49:22,002 [WARN] PackLoader:240 - Cannot read IP mode file for STMicroelectronics.X-CUBE-TOUCHGFX.4.23.1
2024-04-15 02:49:22,014 [WARN] PackLoader:240 - Cannot read IP mode file for STMicroelectronics.X-CUBE-TOUCHGFX.4.23.0
2024-04-15 02:49:22,026 [WARN] PackLoader:240 - Cannot read IP mode file for STMicroelectronics.X-CUBE-TOUCHGFX.4.23.2
2024-04-15 02:49:22,067 [WARN] PackLoader:240 - Cannot read IP mode file for STMicroelectronics.X-CUBE-AZRTOS-F7.1.1.0
2024-04-15 02:49:22,087 [WARN] PackLoader:240 - Cannot read IP mode file for STMicroelectronics.FP-SNS-MOTENV1.4.3.2
2024-04-15 02:49:22,104 [WARN] PackLoader:240 - Cannot read IP mode file for STMicroelectronics.FP-SNS-FLIGHT1.5.0.2
2024-04-15 02:49:22,125 [WARN] PackLoader:240 - Cannot read IP mode file for STMicroelectronics.X-CUBE-DISPLAY.3.0.0
2024-04-15 02:49:22,148 [WARN] PackLoader:240 - Cannot read IP mode file for STMicroelectronics.X-CUBE-BLE1.7.0.0
2024-04-15 02:49:22,163 [WARN] PackLoader:240 - Cannot read IP mode file for emotas.I-CUBE-CANOPEN.1.3.0
2024-04-15 02:49:22,185 [WARN] PackLoader:240 - Cannot read IP mode file for STMicroelectronics.X-CUBE-BLEMGR.3.1.0
2024-04-15 02:49:22,204 [WARN] PackLoader:240 - Cannot read IP mode file for STMicroelectronics.FP-SNS-SMARTAG2.1.2.0
2024-04-15 02:49:22,229 [INFO] LogOutputStream:77 - [STDOUT_REDIRECT] 1 : Invalid condition id : UX_CORESTACK_Condition cause : null
2024-04-15 02:49:22,229 [INFO] LogOutputStream:77 - [STDOUT_REDIRECT] 1 : Invalid condition id : UX_CORESTACK_Condition cause : null
2024-04-15 02:49:22,230 [INFO] LogOutputStream:77 - [STDOUT_REDIRECT] 1 : Invalid condition id : UX_CORESTACK_Condition cause : null
2024-04-15 02:49:22,232 [INFO] LogOutputStream:77 - [STDOUT_REDIRECT] 1 : Invalid condition id : UX_CORESTACK_Condition cause : null
2024-04-15 02:49:22,232 [INFO] LogOutputStream:77 - [STDOUT_REDIRECT] 1 : Invalid condition id : UX_CORESTACK_Condition cause : null
2024-04-15 02:49:22,235 [WARN] PackLoader:240 - Cannot read IP mode file for STMicroelectronics.X-CUBE-AZRTOS-WL.2.0.0
2024-04-15 02:49:22,251 [WARN] PackLoader:240 - Cannot read IP mode file for STMicroelectronics.FP-SNS-MOTENV1.5.0.0
2024-04-15 02:49:22,270 [WARN] PackLoader:240 - Cannot read IP mode file for WES.I-CUBE-Cesium.1.3.0
2024-04-15 02:49:22,283 [WARN] PackLoader:240 - Cannot read IP mode file for STMicroelectronics.X-CUBE-BLE2.3.3.0
2024-04-15 02:49:22,295 [WARN] PackLoader:240 - Cannot read IP mode file for STMicroelectronics.X-CUBE-TCPP.4.1.0
2024-04-15 02:49:22,314 [WARN] PackLoader:240 - Cannot read IP mode file for STMicroelectronics.X-CUBE-ALGOBUILD.1.3.0
2024-04-15 02:49:22,348 [WARN] PackLoader:240 - Cannot read IP mode file for STMicroelectronics.X-CUBE-AZRTOS-G0.1.1.0
2024-04-15 02:49:22,377 [WARN] PackLoader:240 - Cannot read IP mode file for STMicroelectronics.X-CUBE-SAFEA1.1.2.2
2024-04-15 02:49:22,396 [WARN] PackLoader:240 - Cannot read IP mode file for STMicroelectronics.X-CUBE-NFC4.3.0.0
2024-04-15 02:49:22,419 [WARN] PackLoader:240 - Cannot read IP mode file for STMicroelectronics.X-CUBE-BLEMGR.3.0.0
2024-04-15 02:49:22,438 [WARN] PackLoader:240 - Cannot read IP mode file for STMicroelectronics.FP-ATR-SIGFOX1.3.2.0
2024-04-15 02:49:22,466 [WARN] PackLoader:240 - Cannot read IP mode file for STMicroelectronics.X-CUBE-EEPRMA1.5.1.0
2024-04-15 02:49:22,517 [WARN] PackLoader:240 - Cannot read IP mode file for SEGGER.I-CUBE-embOS.1.3.1
2024-04-15 02:49:22,570 [WARN] PackLoader:240 - Cannot read IP mode file for STMicroelectronics.X-CUBE-GNSS1.6.0.0
2024-04-15 02:49:22,597 [WARN] PackLoader:240 - Cannot read IP mode file for STMicroelectronics.X-CUBE-AZRTOS-F4.1.1.0
2024-04-15 02:49:22,615 [WARN] PackLoader:240 - Cannot read IP mode file for wolfSSL.I-CUBE-wolfSSL.5.6.6
2024-04-15 02:49:22,646 [WARN] PackLoader:240 - Cannot read IP mode file for STMicroelectronics.X-CUBE-AZRTOS-L5.2.0.0
2024-04-15 02:49:22,665 [WARN] PackLoader:240 - Cannot read IP mode file for STMicroelectronics.X-CUBE-NFC6.3.1.0
2024-04-15 02:49:22,681 [WARN] PackLoader:240 - Cannot read IP mode file for ITTIA_DB.I-CUBE-ITTIADB.8.8.0
2024-04-15 02:49:22,695 [WARN] PackLoader:240 - Cannot read IP mode file for STMicroelectronics.X-CUBE-NFC7.1.0.1
2024-04-15 02:49:22,711 [WARN] PackLoader:240 - Cannot read IP mode file for STMicroelectronics.X-CUBE-NFC6.3.0.0
2024-04-15 02:49:22,724 [WARN] PackLoader:240 - Cannot read IP mode file for STMicroelectronics.X-CUBE-AI.8.1.0
2024-04-15 02:49:22,761 [WARN] ConditionMgr:438 - getConditionDescription Invalid condition id : LAN8742 Phy interface Condition cause : null
2024-04-15 02:49:22,761 [WARN] PackLoader:240 - Cannot read IP mode file for STMicroelectronics.X-CUBE-AZRTOS-L4.2.0.0
2024-04-15 02:49:22,763 [WARN] ConditionMgr:1039 - genDependencies : Invalid condition id : LAN8742 Phy interface Condition cause : null
2024-04-15 02:49:22,763 [WARN] ConditionMgr:1039 - genDependencies : Invalid condition id : LAN8742 Phy interface Condition cause : null
2024-04-15 02:49:22,764 [WARN] ConditionMgr:1039 - genDependencies : Invalid condition id : LAN8742 Phy interface Condition cause : null
2024-04-15 02:49:22,782 [WARN] PackLoader:240 - Cannot read IP mode file for STMicroelectronics.X-CUBE-SFXS2LP1.4.0.0
2024-04-15 02:49:22,812 [WARN] ConditionMgr:438 - getConditionDescription Invalid condition id : UX DEVICE CLASS RTOS Condition cause : null
2024-04-15 02:49:22,813 [WARN] ConditionMgr:438 - getConditionDescription Invalid condition id : UX DEVICE CLASS RTOS Condition cause : null
2024-04-15 02:49:22,814 [WARN] PackLoader:240 - Cannot read IP mode file for STMicroelectronics.X-CUBE-AZRTOS-WB.2.0.0
2024-04-15 02:49:22,815 [WARN] ConditionMgr:1039 - genDependencies : Invalid condition id : UX DEVICE CLASS RTOS Condition cause : null
2024-04-15 02:49:22,815 [WARN] ConditionMgr:1039 - genDependencies : Invalid condition id : UX DEVICE CLASS RTOS Condition cause : null
2024-04-15 02:49:22,815 [WARN] ConditionMgr:1039 - genDependencies : Invalid condition id : UX DEVICE CLASS RTOS Condition cause : null
2024-04-15 02:49:22,815 [WARN] ConditionMgr:1039 - genDependencies : Invalid condition id : UX DEVICE CLASS RTOS Condition cause : null
2024-04-15 02:49:22,815 [WARN] ConditionMgr:1039 - genDependencies : Invalid condition id : UX DEVICE CLASS RTOS Condition cause : null
2024-04-15 02:49:22,832 [WARN] PackLoader:240 - Cannot read IP mode file for STMicroelectronics.X-CUBE-SUBG2.5.0.0
2024-04-15 02:49:22,864 [WARN] PackLoader:240 - Cannot read IP mode file for STMicroelectronics.X-CUBE-AZRTOS-G4.2.0.0
2024-04-15 02:49:22,893 [WARN] PackLoader:240 - Cannot read IP mode file for Infineon.AIROC-Wi-Fi-Bluetooth-STM32.1.5.1
2024-04-15 02:49:22,908 [WARN] PackLoader:240 - Cannot read IP mode file for STMicroelectronics.FP-SNS-MOTENVWB1.1.3.1
2024-04-15 02:49:22,920 [WARN] PackLoader:240 - Cannot read IP mode file for STMicroelectronics.X-CUBE-ISPU.2.0.0
2024-04-15 02:49:22,979 [WARN] PackLoader:240 - Cannot read IP mode file for STMicroelectronics.X-CUBE-MEMS1.10.0.0
2024-04-15 02:49:23,148 [WARN] PackLoader:240 - Cannot read IP mode file for STMicroelectronics.X-CUBE-FREERTOS.1.1.0
2024-04-15 02:49:23,173 [WARN] PackLoader:240 - Cannot read IP mode file for portGmbH.I-Cube-SoM-uGOAL.1.1.0
2024-04-15 02:49:23,189 [WARN] PackLoader:240 - Cannot read IP mode file for STMicroelectronics.X-CUBE-ALS.1.0.1
2024-04-15 02:49:23,204 [WARN] PackLoader:240 - Cannot read IP mode file for STMicroelectronics.FP-ATR-ASTRA1.2.0.0
2024-04-15 02:49:23,230 [WARN] PackLoader:240 - Cannot read IP mode file for STMicroelectronics.X-CUBE-TOF1.3.4.0
2024-04-15 02:49:23,258 [WARN] PackLoader:240 - Cannot read IP mode file for STMicroelectronics.X-CUBE-TOF1.3.4.1
2024-04-15 02:49:23,310 [WARN] PackLoader:240 - Cannot read IP mode file for STMicroelectronics.X-CUBE-AZRTOS-H7.3.2.0
2024-04-15 02:49:23,313 [INFO] ThirdParty:978 - Integrity check success = true
2024-04-15 02:49:23,313 [INFO] IntegrityCheckThread:100 - exiting critical section [integrity check]
2024-04-15 02:49:23,313 [INFO] IntegrityCheckThread:103 - End integrity checks thread
2024-04-15 02:49:24,086 [INFO] WebApp:161 - Instantiating new browser for Auth
2024-04-15 02:49:24,645 [INFO] WebApp:779 - Register for checkConnection events
2024-04-15 02:49:24,645 [INFO] WebApp:414 - Apply proxy settings
2024-04-15 02:49:24,645 [INFO] WebApp:499 - Chromium requires no authentication
2024-04-15 02:49:24,652 [INFO] WebApp:442 - Direct internet connection detected
2024-04-15 02:49:24,802 [INFO] WebApp:192 - Starting web application
2024-04-15 02:49:24,802 [INFO] WebApp:544 - Web application path used C:\ST\STM32CubeIDE_1.14.1\STM32CubeIDE\plugins\com.st.stm32cube.common.mx_6.11.0.202403141607\db\plugins\mcufinder\reactClient1\index.html
2024-04-15 06:18:18,681 [INFO] McuFinderGlobals:63 - Set McuFinder mode to 2 (CubeIDE integrated)
2024-04-15 06:18:18,706 [INFO] MainUpdater:2873 - connection check result : 10
2024-04-15 06:18:18,713 [INFO] MainUpdater:2873 - connection check result : 10
2024-04-15 06:18:18,899 [INFO] MicroXplorer:468 - Change Database Path : 
2024-04-15 06:18:18,899 [INFO] MicroXplorer:498 - Change Database Version : DB.6.0.110
2024-04-15 06:18:18,904 [WARN] ThirdParty:871 - waiting for thirdparty lock release [close project]
2024-04-15 06:18:18,904 [INFO] ThirdParty:873 - entering critical section [close project]
2024-04-15 06:18:18,920 [INFO] ThirdParty:883 - exiting critical section [close project]
2024-04-15 06:18:18,923 [INFO] PinOutPanel:1561 - setPackage(No Configuration,No Configuration)
2024-04-15 06:18:18,928 [INFO] UtilMem:75 - Begin LoadConfig() Used Memory: 169995648 Bytes (482344960)
2024-04-15 06:18:18,929 [INFO] MicroXplorer:468 - Change Database Path : 
2024-04-15 06:18:18,929 [INFO] MicroXplorer:498 - Change Database Version : DB.6.0.110
2024-04-15 06:18:18,929 [INFO] OpenFileManager:312 - Change cursor
2024-04-15 06:18:19,001 [INFO] Mcu:2021 - Initializing MCU STM32F439Z(G-I)Tx STM32F439ZITx STM32F439ZIT6
2024-04-15 06:18:21,725 [INFO] Context:663 - Trying to add GPIOservice into a context  which must be forbidden
2024-04-15 06:18:22,411 [INFO] RtosManager:555 - Registered RTOS mode: class=CMSIS, group=RTOS, mode=CMSIS_V1, owner=FREERTOS
2024-04-15 06:18:22,411 [INFO] RtosManager:555 - Registered RTOS mode: class=CMSIS, group=RTOS2, mode=CMSIS_V2, owner=FREERTOS
2024-04-15 06:18:22,411 [INFO] RtosManager:555 - Registered RTOS mode: class=RTOS, group=Core, mode=CMSIS_V1, owner=FREERTOS
2024-04-15 06:18:22,411 [INFO] RtosManager:555 - Registered RTOS mode: class=RTOS, group=Core, mode=CMSIS_V2, owner=FREERTOS
2024-04-15 06:18:22,412 [WARN] ModelIntegratedComponent:184 - Missing modes for component STMicroelectronics:FreeRTOS:0.0.1:STMicroelectronics:RTOS:FreeRTOS:Core:::10.2.0:
2024-04-15 06:18:22,432 [WARN] ModelIntegratedComponent:63 - No mode defined for component null
2024-04-15 06:18:22,432 [WARN] ModelIntegratedComponent:63 - No mode defined for component null
2024-04-15 06:18:22,432 [WARN] ModelIntegratedComponent:63 - No mode defined for component null
2024-04-15 06:18:22,432 [WARN] ModelIntegratedComponent:63 - No mode defined for component null
2024-04-15 06:18:22,433 [WARN] ModelIntegratedComponent:63 - No mode defined for component null
2024-04-15 06:18:22,433 [WARN] ModelIntegratedComponent:63 - No mode defined for component null
2024-04-15 06:18:22,433 [WARN] ModelIntegratedComponent:63 - No mode defined for component null
2024-04-15 06:18:22,433 [WARN] ModelIntegratedComponent:63 - No mode defined for component null
2024-04-15 06:18:22,433 [WARN] ModelIntegratedComponent:63 - No mode defined for component null
2024-04-15 06:18:22,433 [WARN] ModelIntegratedComponent:63 - No mode defined for component null
2024-04-15 06:18:22,433 [WARN] ModelIntegratedComponent:63 - No mode defined for component null
2024-04-15 06:18:22,433 [WARN] ModelIntegratedComponent:63 - No mode defined for component null
2024-04-15 06:18:22,433 [WARN] ModelIntegratedComponent:63 - No mode defined for component null
2024-04-15 06:18:22,433 [WARN] ModelIntegratedComponent:63 - No mode defined for component null
2024-04-15 06:18:22,433 [WARN] ModelIntegratedComponent:63 - No mode defined for component null
2024-04-15 06:18:22,433 [WARN] ModelIntegratedComponent:63 - No mode defined for component null
2024-04-15 06:18:22,433 [WARN] ModelIntegratedComponent:63 - No mode defined for component null
2024-04-15 06:18:22,433 [WARN] ModelIntegratedComponent:63 - No mode defined for component null
2024-04-15 06:18:22,433 [WARN] ModelIntegratedComponent:63 - No mode defined for component null
2024-04-15 06:18:22,433 [WARN] ModelIntegratedComponent:63 - No mode defined for component null
2024-04-15 06:18:22,433 [WARN] ModelIntegratedComponent:63 - No mode defined for component null
2024-04-15 06:18:22,433 [WARN] ModelIntegratedComponent:63 - No mode defined for component null
2024-04-15 06:18:22,433 [WARN] ModelIntegratedComponent:63 - No mode defined for component null
2024-04-15 06:18:22,433 [WARN] ModelIntegratedComponent:63 - No mode defined for component null
2024-04-15 06:18:22,433 [WARN] ModelIntegratedComponent:63 - No mode defined for component null
2024-04-15 06:18:22,433 [WARN] ModelIntegratedComponent:63 - No mode defined for component null
2024-04-15 06:18:22,434 [WARN] ModelIntegratedComponent:63 - No mode defined for component null
2024-04-15 06:18:22,434 [WARN] ModelIntegratedComponent:63 - No mode defined for component null
2024-04-15 06:18:22,434 [WARN] ModelIntegratedComponent:63 - No mode defined for component null
2024-04-15 06:18:22,434 [WARN] ModelIntegratedComponent:63 - No mode defined for component null
2024-04-15 06:18:22,434 [WARN] ModelIntegratedComponent:63 - No mode defined for component null
2024-04-15 06:18:22,434 [WARN] ModelIntegratedComponent:63 - No mode defined for component null
2024-04-15 06:18:22,434 [WARN] ModelIntegratedComponent:63 - No mode defined for component null
2024-04-15 06:18:22,434 [WARN] ModelIntegratedComponent:63 - No mode defined for component null
2024-04-15 06:18:22,570 [INFO] ThirdPartyModel:298 - Start build external matchings
2024-04-15 06:18:22,823 [INFO] ThirdPartyModel:316 - End build external matchings
2024-04-15 06:18:22,839 [INFO] ImportTextPane:194 - (OptionalMessage_ERROR) IP (ETH) : Invalid parameter (PHY_Name)
2024-04-15 06:18:22,839 [INFO] ImportTextPane:194 - (OptionalMessage_ERROR) IP (ETH) : Invalid parameter (PHY_Value)
2024-04-15 06:18:22,839 [INFO] ImportTextPane:194 - (OptionalMessage_ERROR) IP (ETH) : Invalid parameter (PhyAddress)
2024-04-15 06:18:22,843 [INFO] ImportTextPane:194 - (OptionalMessage_ERROR) IP (RCC) : Invalid parameter (ADC12outputFreq_Value)
2024-04-15 06:18:22,843 [INFO] ImportTextPane:194 - (OptionalMessage_ERROR) IP (RCC) : Invalid parameter (ADC34outputFreq_Value)
2024-04-15 06:18:22,844 [INFO] ImportTextPane:194 - (OptionalMessage_ERROR) IP (RCC) : Invalid parameter (FamilyName)
2024-04-15 06:18:22,844 [INFO] ImportTextPane:194 - (OptionalMessage_ERROR) IP (RCC) : Invalid parameter (I2C1Freq_Value)
2024-04-15 06:18:22,844 [INFO] ImportTextPane:194 - (OptionalMessage_ERROR) IP (RCC) : Invalid parameter (I2C2Freq_Value)
2024-04-15 06:18:22,844 [INFO] ImportTextPane:194 - (OptionalMessage_ERROR) IP (RCC) : Invalid parameter (I2C3Freq_Value)
2024-04-15 06:18:22,844 [INFO] ImportTextPane:194 - (OptionalMessage_ERROR) IP (RCC) : Parameter (MCO2PinFreq_Value) has invalid value (168000000)
2024-04-15 06:18:22,844 [INFO] ImportTextPane:194 - (OptionalMessage_ERROR) IP (RCC) : Invalid parameter (MCOFreq_Value)
2024-04-15 06:18:22,845 [INFO] ImportTextPane:194 - (OptionalMessage_ERROR) IP (RCC) : Invalid parameter (PLLMCOFreq_Value)
2024-04-15 06:18:22,845 [INFO] ImportTextPane:194 - (OptionalMessage_ERROR) IP (RCC) : Invalid parameter (PLLMUL)
2024-04-15 06:18:22,845 [INFO] ImportTextPane:194 - (OptionalMessage_ERROR) IP (RCC) : Invalid parameter (PRESCALERUSB)
2024-04-15 06:18:22,845 [INFO] ImportTextPane:194 - (OptionalMessage_ERROR) IP (RCC) : Parameter (RTCHSEDivFreq_Value) has invalid value (4000000)
2024-04-15 06:18:22,845 [INFO] ImportTextPane:194 - (OptionalMessage_ERROR) IP (RCC) : Invalid parameter (SYSCLKSourceVirtual)
2024-04-15 06:18:22,845 [INFO] ImportTextPane:194 - (OptionalMessage_ERROR) IP (RCC) : Invalid parameter (TIM15Freq_Value)
2024-04-15 06:18:22,845 [INFO] ImportTextPane:194 - (OptionalMessage_ERROR) IP (RCC) : Invalid parameter (TIM16Freq_Value)
2024-04-15 06:18:22,845 [INFO] ImportTextPane:194 - (OptionalMessage_ERROR) IP (RCC) : Invalid parameter (TIM17Freq_Value)
2024-04-15 06:18:22,846 [INFO] ImportTextPane:194 - (OptionalMessage_ERROR) IP (RCC) : Invalid parameter (TIM1Freq_Value)
2024-04-15 06:18:22,846 [INFO] ImportTextPane:194 - (OptionalMessage_ERROR) IP (RCC) : Invalid parameter (TIM20Freq_Value)
2024-04-15 06:18:22,846 [INFO] ImportTextPane:194 - (OptionalMessage_ERROR) IP (RCC) : Invalid parameter (TIM2Freq_Value)
2024-04-15 06:18:22,846 [INFO] ImportTextPane:194 - (OptionalMessage_ERROR) IP (RCC) : Invalid parameter (TIM3Freq_Value)
2024-04-15 06:18:22,846 [INFO] ImportTextPane:194 - (OptionalMessage_ERROR) IP (RCC) : Invalid parameter (TIM8Freq_Value)
2024-04-15 06:18:22,846 [INFO] ImportTextPane:194 - (OptionalMessage_ERROR) IP (RCC) : Invalid parameter (UART4Freq_Value)
2024-04-15 06:18:22,846 [INFO] ImportTextPane:194 - (OptionalMessage_ERROR) IP (RCC) : Invalid parameter (UART5Freq_Value)
2024-04-15 06:18:22,846 [INFO] ImportTextPane:194 - (OptionalMessage_ERROR) IP (RCC) : Invalid parameter (USART1Freq_Value)
2024-04-15 06:18:22,846 [INFO] ImportTextPane:194 - (OptionalMessage_ERROR) IP (RCC) : Invalid parameter (USART2Freq_Value)
2024-04-15 06:18:22,846 [INFO] ImportTextPane:194 - (OptionalMessage_ERROR) IP (RCC) : Invalid parameter (USART3Freq_Value)
2024-04-15 06:18:22,846 [INFO] ImportTextPane:194 - (OptionalMessage_ERROR) IP (RCC) : Invalid parameter (USBFreq_Value)
2024-04-15 06:18:22,847 [INFO] ImportTextPane:194 - (OptionalMessage_ERROR) IP (RCC) : Invalid parameter (VCOOutput2Freq_Value)
2024-04-15 06:18:23,555 [INFO] ApiDb:581 - Connected to CubeFinder SQLite database (C:\Users\ASUS\.stmcufinder\plugins\mcufinder\mcu\cube-finder-db.db)
2024-04-15 06:18:23,655 [INFO] ApiDb:668 - CubeFinder database Data Model version=2.1
2024-04-15 06:18:23,655 [INFO] ApiDb:669 - CubeFinder database Configuration version=3.0.39
2024-04-15 06:18:23,656 [INFO] ApiDb:670 - CubeFinder database generation date=2024-03-25 (1711369621)
2024-04-15 06:18:23,656 [INFO] ApiDb:671 - CubeFinder database FW Pack versions=[FP-ATR-ASTRA1_V2.0.0, FP-SNS-FLIGHT1_V5.0.1, FP-SNS-FLIGHT1_V5.0.2, FP-SNS-MOTENV1_V4.3.1, FP-SNS-MOTENV1_V4.3.2, FP-SNS-MOTENVWB1_V1.3.1, FP-SNS-SMARTAG2_V1.2.0, STM32Cube_FW_C0_V1.1.0, STM32Cube_FW_F4_V1.28.0, STM32Cube_FW_F7_V1.17.0, STM32Cube_FW_G0_V1.6.2, STM32Cube_FW_G4_V1.5.2, STM32Cube_FW_H5_V0.5.1, STM32Cube_FW_H5_V1.1.1, STM32Cube_FW_H5_V1.2.0, STM32Cube_FW_H5_V1.2.0RC4, STM32Cube_FW_H7RS_V1.0.0, STM32Cube_FW_H7RS_V1.0.0RC4, STM32Cube_FW_H7_V1.11.0, STM32Cube_FW_L0_V1.12.2, STM32Cube_FW_L5_V1.5.1, STM32Cube_FW_U0_V1.0.0, STM32Cube_FW_U0_V1.0.0RC1, STM32Cube_FW_U5_V1.3.0RC4, STM32Cube_FW_U5_V1.5.0, STM32Cube_FW_U5_V1.5.0RC1, STM32Cube_FW_WBA_V1.0.0RC1, STM32Cube_FW_WBA_V1.2.0, STM32Cube_FW_WBA_V1.2.0RC2, STM32Cube_FW_WBA_V1.3.0, STM32Cube_FW_WBA_V1.3.0RC1, STM32Cube_FW_WB_V1.15.0RC1, STM32Cube_FW_WB_V1.16.0, STM32Cube_FW_WB_V1.16.0RC2, STM32Cube_FW_WB_V1.18.0, STM32Cube_FW_WB_V1.19.0, STM32Cube_FW_WL_V1.3.0, X-CUBE-ALGOBUILD_V1.3.0, X-CUBE-ALS_V1.0.1, X-CUBE-AZRTOS-F4_V1.1.0, X-CUBE-AZRTOS-F7_V1.1.0, X-CUBE-AZRTOS-G0_V1.1.0, X-CUBE-AZRTOS-G4_V2.0.0, X-CUBE-AZRTOS-H7_V3.2.0, X-CUBE-AZRTOS-L4_V1.0.0, X-CUBE-AZRTOS-L4_V2.0.0, X-CUBE-AZRTOS-L5_V1.1.0, X-CUBE-AZRTOS-WB_V2.0.0, X-CUBE-AZRTOS-WL_V2.0.0, X-CUBE-BLE1_V7.0.0, X-CUBE-BLE2_V3.3.0, X-CUBE-BLEMGR_V3.1.0, X-CUBE-EEPRMA1_V4.1.0, X-CUBE-EEPRMA1_V5.1.0, X-CUBE-FREERTOS_V1.1.0, X-CUBE-GNSS1_V6.0.0, X-CUBE-MEMS1_V10.0.0, X-CUBE-MEMS1_V9.1.0, X-CUBE-MEMS1_V9.4.0, X-CUBE-MEMS1_V9.6.0, X-CUBE-NFC4_V3.0.0, X-CUBE-NFC7_V1.0.1, X-CUBE-SFXS2LP1_V4.0.0, X-CUBE-SUBG2_V5.0.0, X-CUBE-TOF1_V3.4.0]
2024-04-15 06:18:23,843 [INFO] DbBoardsSqlite:226 - include board P-NUCLEO-WB55-NUCLEO as a kit item of type 'Nucleo-64'
2024-04-15 06:18:23,844 [INFO] DbBoardsSqlite:226 - include board P-NUCLEO-WB55-USBDONGLE as a kit item of type 'Nucleo USB Dongle'
2024-04-15 06:18:23,845 [INFO] DbBoardsSqlite:226 - include board STEVAL-IDP005V1 as a kit item of type 'Evaluation Board'
2024-04-15 06:18:23,846 [INFO] DbBoardsSqlite:226 - include board STEVAL-IDP005V2 as a kit item of type 'Evaluation Board'
2024-04-15 06:18:24,237 [INFO] ApiDb:240 - Found 483 in-development CPN: [B-G473E-ZEST1S, B-WB1M-WPAN1, B-WL5M-SUBG1, NUCLEO-C031C6, NUCLEO-H503RB, NUCLEO-H533RE, NUCLEO-H563ZI, NUCLEO-H7S3L8, NUCLEO-U031R8, NUCLEO-U083RC, NUCLEO-U545RE-Q, NUCLEO-U5A5ZJ-Q, NUCLEO-WBA52CG, NUCLEO-WBA55CG, STEVAL-PROTEUS1, STEVAL-SMARTAG2, STEVAL-STWINBX1, STM320518-EVAL, STM32C0116-DK, STM32C011D6Y3TR, STM32C011D6Y6TR, STM32C011F4P3, STM32C011F4P6, STM32C011F4U3, STM32C011F4U6TR, STM32C011F6P3, STM32C011F6P6, STM32C011F6U3, STM32C011F6U6TR, STM32C011J4M3, STM32C011J4M6, STM32C011J6M3, STM32C011J6M6, STM32C0316-DK, STM32C031C4T3, STM32C031C4T6, STM32C031C4U3, STM32C031C4U6, STM32C031C6T3, STM32C031C6T6, STM32C031C6U3, STM32C031C6U6, STM32C031F4P3, STM32C031F4P6, STM32C031F6P3, STM32C031F6P6, STM32C031G4U3, STM32C031G4U6, STM32C031G6U3, STM32C031G6U6, STM32C031K4T3, STM32C031K4T6, STM32C031K4U3, STM32C031K4U6, STM32C031K6T3, STM32C031K6T6, STM32C031K6U3, STM32C031K6U6, STM32G071K8TXN, STM32G071K8UXN, STM32G081GBU6N, STM32G081KBT6N, STM32G081KBUXN, STM32G0B1CCT6N, STM32G0B1KCT6, STM32G0B1NEY6TR, STM32G0B1RCT6N, STM32G0C1CCT6, STM32G0C1CCT6N, STM32G0C1CCU6N, STM32G0C1CET6N, STM32G0C1CEU6N, STM32G0C1KCT6, STM32G0C1NEY6TR, STM32G0C1RCI6N, STM32G0C1RCT6N, STM32G0C1REI6N, STM32G0C1RET6N, STM32G0C1VCI6, STM32G0C1VEI6, STM32G471CCT6, STM32G471CCU6, STM32G471CET3, STM32G471CET6, STM32G471CEU3, STM32G471CEU6, STM32G471MCT6, STM32G471MET3, STM32G471MET6, STM32G471MEY6TR, STM32G471QCT6, STM32G471QET3, STM32G471RCT6, STM32G471RET3, STM32G471RET6, STM32G471VCH6, STM32G471VCI6, STM32G471VCT6, STM32G471VEH3, STM32G471VEH6, STM32G471VEI3, STM32G471VEI6, STM32G471VET3, STM32G471VET6, STM32G474CCT6, STM32H503CBT6, STM32H503CBU6, STM32H503EBY6TR, STM32H503KBU6, STM32H503RBT6, STM32H523CCT6, STM32H523CCU6, STM32H523CET6, STM32H523CEU6, STM32H523HEY6TR, STM32H523RCT6, STM32H523RET6, STM32H523VCI6, STM32H523VCT6, STM32H523VEI6, STM32H523VET6, STM32H523ZCJ6, STM32H523ZCT6, STM32H523ZEJ6, STM32H523ZET6, STM32H533CET6, STM32H533CEU6, STM32H533HEY6TR, STM32H533RET6, STM32H533VEI6, STM32H533VET6, STM32H533ZEJ6, STM32H533ZET6, STM32H562AGI6, STM32H562AII6, STM32H562IGK6, STM32H562IGT6, STM32H562IIK6, STM32H562IIT6, STM32H562RGT6, STM32H562RGV6, STM32H562RIT6, STM32H562RIV6, STM32H562VGT6, STM32H562VIT6, STM32H562ZGT6, STM32H562ZIT6, STM32H563AGI6, STM32H563AII3Q, STM32H563AII6, STM32H563IGK6, STM32H563IGT6, STM32H563IIK3Q, STM32H563IIK6, STM32H563IIT3Q, STM32H563IIT6, STM32H563MIY3QTR, STM32H563RGT6, STM32H563RGV6, STM32H563RIT6, STM32H563RIV6, STM32H563VGT6, STM32H563VIT3Q, STM32H563VIT6, STM32H563ZGT6, STM32H563ZIT3Q, STM32H563ZIT6, STM32H573AII3Q, STM32H573AII6, STM32H573I-DK, STM32H573IIK3Q, STM32H573IIK6, STM32H573IIT3Q, STM32H573IIT6, STM32H573MIY3QTR, STM32H573RIT6, STM32H573RIV6, STM32H573VIT3Q, STM32H573VIT6, STM32H573ZIT3Q, STM32H573ZIT6, STM32H7R3A8I6, STM32H7R3I8K6, STM32H7R3I8T6, STM32H7R3L8H6, STM32H7R3L8H6H, STM32H7R3R8V6, STM32H7R3V8H6, STM32H7R3V8T6, STM32H7R3V8Y6, STM32H7R3Z8J6, STM32H7R3Z8T6, STM32H7R7A8I6, STM32H7R7I8K6, STM32H7R7I8T6, STM32H7R7L8H6, STM32H7R7L8H6H, STM32H7R7Z8J6, STM32H7S3A8I6, STM32H7S3I8K6, STM32H7S3I8T6, STM32H7S3L8H6, STM32H7S3L8H6H, STM32H7S3R8V6, STM32H7S3V8H6, STM32H7S3V8T6, STM32H7S3V8Y6, STM32H7S3Z8J6, STM32H7S3Z8T6, STM32H7S78-DK, STM32H7S7A8I6, STM32H7S7I8K6, STM32H7S7I8T6, STM32H7S7L8H6, STM32H7S7L8H6H, STM32H7S7Z8J6, STM32L4R5QGI6STR, STM32MP131AAE3, STM32MP131AAF3, STM32MP131AAG3, STM32MP131CAE3, STM32MP131CAF3, STM32MP131CAG3, STM32MP131DAE7, STM32MP131DAF7, STM32MP131DAG7, STM32MP131FAE7, STM32MP131FAF7, STM32MP131FAG7, STM32MP133AAE3, STM32MP133AAF3, STM32MP133AAG3, STM32MP133CAE3, STM32MP133CAF3, STM32MP133CAG3, STM32MP133DAE7, STM32MP133DAF7, STM32MP133DAG7, STM32MP133FAE7, STM32MP133FAF7, STM32MP133FAG7, STM32MP135AAE3, STM32MP135AAF3, STM32MP135AAG3, STM32MP135CAE3, STM32MP135CAF3, STM32MP135CAG3, STM32MP135DAE7, STM32MP135DAF7, STM32MP135DAG7, STM32MP135F-DK, STM32MP135FAE7, STM32MP135FAF7, STM32MP135FAF7T, STM32MP135FAF7U, STM32MP135FAG7, STM32U031C6T6, STM32U031C6U6, STM32U031C8T6, STM32U031C8U6, STM32U031F4P6, STM32U031F6P6, STM32U031F8P6, STM32U031G6Y6TR, STM32U031G8Y6TR, STM32U031K4U6, STM32U031K6U6, STM32U031K8U6, STM32U031R6I6, STM32U031R6T6, STM32U031R8I6, STM32U031R8T6, STM32U073C8T6, STM32U073C8U6, STM32U073CBT6, STM32U073CBU6, STM32U073CCT6, STM32U073CCU6, STM32U073H8Y6TR, STM32U073HBY6TR, STM32U073HCY6TR, STM32U073K8U6, STM32U073KBU6, STM32U073KCU6, STM32U073M8I6, STM32U073M8T6, STM32U073MBI6, STM32U073MBT6, STM32U073MCI6, STM32U073MCT6, STM32U073R8I6, STM32U073R8T6, STM32U073RBI6, STM32U073RBT6, STM32U073RCI6, STM32U073RCT6, STM32U083C-DK, STM32U083CCT6, STM32U083CCU6, STM32U083HCY6TR, STM32U083KCU6, STM32U083MCI6, STM32U083MCT6, STM32U083RCI6, STM32U083RCT6, STM32U535CBT6, STM32U535CBT6Q, STM32U535CBU6, STM32U535CBU6Q, STM32U535CCT6, STM32U535CCT6Q, STM32U535CCU6, STM32U535CCU6Q, STM32U535CET6, STM32U535CET6Q, STM32U535CEU6, STM32U535CEU6Q, STM32U535JEY6QTR, STM32U535NCY6QTR, STM32U535NEY6QTR, STM32U535RBI6, STM32U535RBI6Q, STM32U535RBT6, STM32U535RBT6Q, STM32U535RCI6, STM32U535RCI6Q, STM32U535RCT6, STM32U535RCT6Q, STM32U535REI6, STM32U535REI6Q, STM32U535RET6, STM32U535RET6Q, STM32U535VCI6, STM32U535VCI6Q, STM32U535VCT6, STM32U535VCT6Q, STM32U535VEI6, STM32U535VEI6Q, STM32U535VET6, STM32U535VET6Q, STM32U545CET6, STM32U545CET6Q, STM32U545CEU6, STM32U545CEU6Q, STM32U545JEY6QTR, STM32U545NEY6QTR, STM32U545REI6, STM32U545REI6Q, STM32U545RET6, STM32U545RET6Q, STM32U545VEI6, STM32U545VEI6Q, STM32U545VET6, STM32U545VET6Q, STM32U595AIH6, STM32U595AIH6Q, STM32U595AJH6, STM32U595AJH6Q, STM32U595QII6, STM32U595QII6Q, STM32U595QJI6, STM32U595QJI6Q, STM32U595RIT6, STM32U595RIT6Q, STM32U595RJT6, STM32U595RJT6Q, STM32U595VIT6, STM32U595VIT6Q, STM32U595VJT6, STM32U595VJT6Q, STM32U595ZIT6, STM32U595ZIT6Q, STM32U595ZIY6QTR, STM32U595ZJT6, STM32U595ZJT6Q, STM32U595ZJY6QTR, STM32U599BJY6QTR, STM32U599NIH6Q, STM32U599NJH6Q, STM32U599VIT6Q, STM32U599VJT6, STM32U599VJT6Q, STM32U599ZIT6Q, STM32U599ZIY6QTR, STM32U599ZJT6Q, STM32U599ZJY6QTR, STM32U5A5AJH6, STM32U5A5AJH6Q, STM32U5A5QII3Q , STM32U5A5QJI6, STM32U5A5QJI6Q, STM32U5A5RJT6, STM32U5A5RJT6Q, STM32U5A5VJT6, STM32U5A5VJT6Q, STM32U5A5ZJT6, STM32U5A5ZJT6Q, STM32U5A5ZJY6QTR, STM32U5A9BJY6QTR, STM32U5A9J-DK, STM32U5A9NJH6Q, STM32U5A9VJT6Q, STM32U5A9ZJT6Q, STM32U5A9ZJY6QTR, STM32U5F7VIT6, STM32U5F7VIT6Q, STM32U5F7VJT6, STM32U5F7VJT6Q, STM32U5F9BJY6QTR, STM32U5F9NJH6Q, STM32U5F9VIT6Q, STM32U5F9VJT6Q, STM32U5F9ZIJ6QTR, STM32U5F9ZIT6Q, STM32U5F9ZJJ6QTR, STM32U5F9ZJT6Q, STM32U5G7VJT6, STM32U5G7VJT6Q, STM32U5G9BJY6QTR, STM32U5G9J-DK1, STM32U5G9J-DK2, STM32U5G9NJH6Q, STM32U5G9VJT6Q, STM32U5G9ZJJ6QTR, STM32U5G9ZJT6Q, STM32WB1MMCH6, STM32WBA50KEU6, STM32WBA50KEU6TR, STM32WBA50KGU6, STM32WBA50KGU6TR, STM32WBA52CEU6, STM32WBA52CEU6TR, STM32WBA52CEU7, STM32WBA52CEU7TR, STM32WBA52CGU6, STM32WBA52CGU6TR, STM32WBA52CGU6U, STM32WBA52CGU7, STM32WBA52CGU7TR, STM32WBA52KEU6, STM32WBA52KEU6TR, STM32WBA52KGU6, STM32WBA52KGU6TR, STM32WBA54CEU6, STM32WBA54CEU6TR, STM32WBA54CEU7, STM32WBA54CEU7TR, STM32WBA54CGU6, STM32WBA54CGU6TR, STM32WBA54CGU7, STM32WBA54CGU7TR, STM32WBA54KEU6, STM32WBA54KEU6TR, STM32WBA54KEU7, STM32WBA54KEU7TR, STM32WBA54KGU6, STM32WBA54KGU6TR, STM32WBA54KGU7, STM32WBA54KGU7TR, STM32WBA55CEU6, STM32WBA55CEU6TR, STM32WBA55CEU7, STM32WBA55CEU7TR, STM32WBA55CGU6, STM32WBA55CGU6TR, STM32WBA55CGU6U, STM32WBA55CGU7, STM32WBA55CGU7TR, STM32WBA55G-DK1, STM32WBA55HEF6, STM32WBA55HEF7, STM32WBA55HGF6, STM32WBA55HGF7, STM32WBA55UEI6, STM32WBA55UEI6TR, STM32WBA55UEI7, STM32WBA55UEI7TR, STM32WBA55UGI6, STM32WBA55UGI6TR, STM32WBA55UGI7, STM32WBA55UGI7TR, STM32WL5MOCH6, STM32WL5MOCH6TR]
2024-04-15 06:18:24,371 [INFO] BoardInfo:889 - No configuration file found for board P-NUCLEO-WB55
2024-04-15 06:18:24,371 [INFO] DbBoards:161 - Kit is not supported: P-NUCLEO-WB55
2024-04-15 06:18:24,376 [INFO] BoardInfo:889 - No configuration file found for board STEVAL-BFA001V1B
2024-04-15 06:18:24,376 [INFO] DbBoards:161 - Kit is not supported: STEVAL-BFA001V1B
2024-04-15 06:18:24,377 [INFO] BoardInfo:889 - No configuration file found for board STEVAL-BFA001V2B
2024-04-15 06:18:24,377 [INFO] DbBoards:161 - Kit is not supported: STEVAL-BFA001V2B
2024-04-15 06:18:24,497 [INFO] DbBoards:168 - Found 199 boards, 196 are supported
2024-04-15 06:18:24,497 [INFO] DbBoards:169 - Found 199 boards, 8 of them is supported for  Bsp
2024-04-15 06:18:24,500 [INFO] ApiDb:668 - CubeFinder database Data Model version=2.1
2024-04-15 06:18:24,500 [INFO] ApiDb:669 - CubeFinder database Configuration version=3.0.39
2024-04-15 06:18:24,500 [INFO] ApiDb:670 - CubeFinder database generation date=2024-03-25 (1711369621)
2024-04-15 06:18:24,500 [INFO] ApiDb:671 - CubeFinder database FW Pack versions=[FP-ATR-ASTRA1_V2.0.0, FP-SNS-FLIGHT1_V5.0.1, FP-SNS-FLIGHT1_V5.0.2, FP-SNS-MOTENV1_V4.3.1, FP-SNS-MOTENV1_V4.3.2, FP-SNS-MOTENVWB1_V1.3.1, FP-SNS-SMARTAG2_V1.2.0, STM32Cube_FW_C0_V1.1.0, STM32Cube_FW_F4_V1.28.0, STM32Cube_FW_F7_V1.17.0, STM32Cube_FW_G0_V1.6.2, STM32Cube_FW_G4_V1.5.2, STM32Cube_FW_H5_V0.5.1, STM32Cube_FW_H5_V1.1.1, STM32Cube_FW_H5_V1.2.0, STM32Cube_FW_H5_V1.2.0RC4, STM32Cube_FW_H7RS_V1.0.0, STM32Cube_FW_H7RS_V1.0.0RC4, STM32Cube_FW_H7_V1.11.0, STM32Cube_FW_L0_V1.12.2, STM32Cube_FW_L5_V1.5.1, STM32Cube_FW_U0_V1.0.0, STM32Cube_FW_U0_V1.0.0RC1, STM32Cube_FW_U5_V1.3.0RC4, STM32Cube_FW_U5_V1.5.0, STM32Cube_FW_U5_V1.5.0RC1, STM32Cube_FW_WBA_V1.0.0RC1, STM32Cube_FW_WBA_V1.2.0, STM32Cube_FW_WBA_V1.2.0RC2, STM32Cube_FW_WBA_V1.3.0, STM32Cube_FW_WBA_V1.3.0RC1, STM32Cube_FW_WB_V1.15.0RC1, STM32Cube_FW_WB_V1.16.0, STM32Cube_FW_WB_V1.16.0RC2, STM32Cube_FW_WB_V1.18.0, STM32Cube_FW_WB_V1.19.0, STM32Cube_FW_WL_V1.3.0, X-CUBE-ALGOBUILD_V1.3.0, X-CUBE-ALS_V1.0.1, X-CUBE-AZRTOS-F4_V1.1.0, X-CUBE-AZRTOS-F7_V1.1.0, X-CUBE-AZRTOS-G0_V1.1.0, X-CUBE-AZRTOS-G4_V2.0.0, X-CUBE-AZRTOS-H7_V3.2.0, X-CUBE-AZRTOS-L4_V1.0.0, X-CUBE-AZRTOS-L4_V2.0.0, X-CUBE-AZRTOS-L5_V1.1.0, X-CUBE-AZRTOS-WB_V2.0.0, X-CUBE-AZRTOS-WL_V2.0.0, X-CUBE-BLE1_V7.0.0, X-CUBE-BLE2_V3.3.0, X-CUBE-BLEMGR_V3.1.0, X-CUBE-EEPRMA1_V4.1.0, X-CUBE-EEPRMA1_V5.1.0, X-CUBE-FREERTOS_V1.1.0, X-CUBE-GNSS1_V6.0.0, X-CUBE-MEMS1_V10.0.0, X-CUBE-MEMS1_V9.1.0, X-CUBE-MEMS1_V9.4.0, X-CUBE-MEMS1_V9.6.0, X-CUBE-NFC4_V3.0.0, X-CUBE-NFC7_V1.0.1, X-CUBE-SFXS2LP1_V4.0.0, X-CUBE-SUBG2_V5.0.0, X-CUBE-TOF1_V3.4.0]
2024-04-15 06:18:26,095 [INFO] ApiDb:240 - Found 483 in-development CPN: [B-G473E-ZEST1S, B-WB1M-WPAN1, B-WL5M-SUBG1, NUCLEO-C031C6, NUCLEO-H503RB, NUCLEO-H533RE, NUCLEO-H563ZI, NUCLEO-H7S3L8, NUCLEO-U031R8, NUCLEO-U083RC, NUCLEO-U545RE-Q, NUCLEO-U5A5ZJ-Q, NUCLEO-WBA52CG, NUCLEO-WBA55CG, STEVAL-PROTEUS1, STEVAL-SMARTAG2, STEVAL-STWINBX1, STM320518-EVAL, STM32C0116-DK, STM32C011D6Y3TR, STM32C011D6Y6TR, STM32C011F4P3, STM32C011F4P6, STM32C011F4U3, STM32C011F4U6TR, STM32C011F6P3, STM32C011F6P6, STM32C011F6U3, STM32C011F6U6TR, STM32C011J4M3, STM32C011J4M6, STM32C011J6M3, STM32C011J6M6, STM32C0316-DK, STM32C031C4T3, STM32C031C4T6, STM32C031C4U3, STM32C031C4U6, STM32C031C6T3, STM32C031C6T6, STM32C031C6U3, STM32C031C6U6, STM32C031F4P3, STM32C031F4P6, STM32C031F6P3, STM32C031F6P6, STM32C031G4U3, STM32C031G4U6, STM32C031G6U3, STM32C031G6U6, STM32C031K4T3, STM32C031K4T6, STM32C031K4U3, STM32C031K4U6, STM32C031K6T3, STM32C031K6T6, STM32C031K6U3, STM32C031K6U6, STM32G071K8TXN, STM32G071K8UXN, STM32G081GBU6N, STM32G081KBT6N, STM32G081KBUXN, STM32G0B1CCT6N, STM32G0B1KCT6, STM32G0B1NEY6TR, STM32G0B1RCT6N, STM32G0C1CCT6, STM32G0C1CCT6N, STM32G0C1CCU6N, STM32G0C1CET6N, STM32G0C1CEU6N, STM32G0C1KCT6, STM32G0C1NEY6TR, STM32G0C1RCI6N, STM32G0C1RCT6N, STM32G0C1REI6N, STM32G0C1RET6N, STM32G0C1VCI6, STM32G0C1VEI6, STM32G471CCT6, STM32G471CCU6, STM32G471CET3, STM32G471CET6, STM32G471CEU3, STM32G471CEU6, STM32G471MCT6, STM32G471MET3, STM32G471MET6, STM32G471MEY6TR, STM32G471QCT6, STM32G471QET3, STM32G471RCT6, STM32G471RET3, STM32G471RET6, STM32G471VCH6, STM32G471VCI6, STM32G471VCT6, STM32G471VEH3, STM32G471VEH6, STM32G471VEI3, STM32G471VEI6, STM32G471VET3, STM32G471VET6, STM32G474CCT6, STM32H503CBT6, STM32H503CBU6, STM32H503EBY6TR, STM32H503KBU6, STM32H503RBT6, STM32H523CCT6, STM32H523CCU6, STM32H523CET6, STM32H523CEU6, STM32H523HEY6TR, STM32H523RCT6, STM32H523RET6, STM32H523VCI6, STM32H523VCT6, STM32H523VEI6, STM32H523VET6, STM32H523ZCJ6, STM32H523ZCT6, STM32H523ZEJ6, STM32H523ZET6, STM32H533CET6, STM32H533CEU6, STM32H533HEY6TR, STM32H533RET6, STM32H533VEI6, STM32H533VET6, STM32H533ZEJ6, STM32H533ZET6, STM32H562AGI6, STM32H562AII6, STM32H562IGK6, STM32H562IGT6, STM32H562IIK6, STM32H562IIT6, STM32H562RGT6, STM32H562RGV6, STM32H562RIT6, STM32H562RIV6, STM32H562VGT6, STM32H562VIT6, STM32H562ZGT6, STM32H562ZIT6, STM32H563AGI6, STM32H563AII3Q, STM32H563AII6, STM32H563IGK6, STM32H563IGT6, STM32H563IIK3Q, STM32H563IIK6, STM32H563IIT3Q, STM32H563IIT6, STM32H563MIY3QTR, STM32H563RGT6, STM32H563RGV6, STM32H563RIT6, STM32H563RIV6, STM32H563VGT6, STM32H563VIT3Q, STM32H563VIT6, STM32H563ZGT6, STM32H563ZIT3Q, STM32H563ZIT6, STM32H573AII3Q, STM32H573AII6, STM32H573I-DK, STM32H573IIK3Q, STM32H573IIK6, STM32H573IIT3Q, STM32H573IIT6, STM32H573MIY3QTR, STM32H573RIT6, STM32H573RIV6, STM32H573VIT3Q, STM32H573VIT6, STM32H573ZIT3Q, STM32H573ZIT6, STM32H7R3A8I6, STM32H7R3I8K6, STM32H7R3I8T6, STM32H7R3L8H6, STM32H7R3L8H6H, STM32H7R3R8V6, STM32H7R3V8H6, STM32H7R3V8T6, STM32H7R3V8Y6, STM32H7R3Z8J6, STM32H7R3Z8T6, STM32H7R7A8I6, STM32H7R7I8K6, STM32H7R7I8T6, STM32H7R7L8H6, STM32H7R7L8H6H, STM32H7R7Z8J6, STM32H7S3A8I6, STM32H7S3I8K6, STM32H7S3I8T6, STM32H7S3L8H6, STM32H7S3L8H6H, STM32H7S3R8V6, STM32H7S3V8H6, STM32H7S3V8T6, STM32H7S3V8Y6, STM32H7S3Z8J6, STM32H7S3Z8T6, STM32H7S78-DK, STM32H7S7A8I6, STM32H7S7I8K6, STM32H7S7I8T6, STM32H7S7L8H6, STM32H7S7L8H6H, STM32H7S7Z8J6, STM32L4R5QGI6STR, STM32MP131AAE3, STM32MP131AAF3, STM32MP131AAG3, STM32MP131CAE3, STM32MP131CAF3, STM32MP131CAG3, STM32MP131DAE7, STM32MP131DAF7, STM32MP131DAG7, STM32MP131FAE7, STM32MP131FAF7, STM32MP131FAG7, STM32MP133AAE3, STM32MP133AAF3, STM32MP133AAG3, STM32MP133CAE3, STM32MP133CAF3, STM32MP133CAG3, STM32MP133DAE7, STM32MP133DAF7, STM32MP133DAG7, STM32MP133FAE7, STM32MP133FAF7, STM32MP133FAG7, STM32MP135AAE3, STM32MP135AAF3, STM32MP135AAG3, STM32MP135CAE3, STM32MP135CAF3, STM32MP135CAG3, STM32MP135DAE7, STM32MP135DAF7, STM32MP135DAG7, STM32MP135F-DK, STM32MP135FAE7, STM32MP135FAF7, STM32MP135FAF7T, STM32MP135FAF7U, STM32MP135FAG7, STM32U031C6T6, STM32U031C6U6, STM32U031C8T6, STM32U031C8U6, STM32U031F4P6, STM32U031F6P6, STM32U031F8P6, STM32U031G6Y6TR, STM32U031G8Y6TR, STM32U031K4U6, STM32U031K6U6, STM32U031K8U6, STM32U031R6I6, STM32U031R6T6, STM32U031R8I6, STM32U031R8T6, STM32U073C8T6, STM32U073C8U6, STM32U073CBT6, STM32U073CBU6, STM32U073CCT6, STM32U073CCU6, STM32U073H8Y6TR, STM32U073HBY6TR, STM32U073HCY6TR, STM32U073K8U6, STM32U073KBU6, STM32U073KCU6, STM32U073M8I6, STM32U073M8T6, STM32U073MBI6, STM32U073MBT6, STM32U073MCI6, STM32U073MCT6, STM32U073R8I6, STM32U073R8T6, STM32U073RBI6, STM32U073RBT6, STM32U073RCI6, STM32U073RCT6, STM32U083C-DK, STM32U083CCT6, STM32U083CCU6, STM32U083HCY6TR, STM32U083KCU6, STM32U083MCI6, STM32U083MCT6, STM32U083RCI6, STM32U083RCT6, STM32U535CBT6, STM32U535CBT6Q, STM32U535CBU6, STM32U535CBU6Q, STM32U535CCT6, STM32U535CCT6Q, STM32U535CCU6, STM32U535CCU6Q, STM32U535CET6, STM32U535CET6Q, STM32U535CEU6, STM32U535CEU6Q, STM32U535JEY6QTR, STM32U535NCY6QTR, STM32U535NEY6QTR, STM32U535RBI6, STM32U535RBI6Q, STM32U535RBT6, STM32U535RBT6Q, STM32U535RCI6, STM32U535RCI6Q, STM32U535RCT6, STM32U535RCT6Q, STM32U535REI6, STM32U535REI6Q, STM32U535RET6, STM32U535RET6Q, STM32U535VCI6, STM32U535VCI6Q, STM32U535VCT6, STM32U535VCT6Q, STM32U535VEI6, STM32U535VEI6Q, STM32U535VET6, STM32U535VET6Q, STM32U545CET6, STM32U545CET6Q, STM32U545CEU6, STM32U545CEU6Q, STM32U545JEY6QTR, STM32U545NEY6QTR, STM32U545REI6, STM32U545REI6Q, STM32U545RET6, STM32U545RET6Q, STM32U545VEI6, STM32U545VEI6Q, STM32U545VET6, STM32U545VET6Q, STM32U595AIH6, STM32U595AIH6Q, STM32U595AJH6, STM32U595AJH6Q, STM32U595QII6, STM32U595QII6Q, STM32U595QJI6, STM32U595QJI6Q, STM32U595RIT6, STM32U595RIT6Q, STM32U595RJT6, STM32U595RJT6Q, STM32U595VIT6, STM32U595VIT6Q, STM32U595VJT6, STM32U595VJT6Q, STM32U595ZIT6, STM32U595ZIT6Q, STM32U595ZIY6QTR, STM32U595ZJT6, STM32U595ZJT6Q, STM32U595ZJY6QTR, STM32U599BJY6QTR, STM32U599NIH6Q, STM32U599NJH6Q, STM32U599VIT6Q, STM32U599VJT6, STM32U599VJT6Q, STM32U599ZIT6Q, STM32U599ZIY6QTR, STM32U599ZJT6Q, STM32U599ZJY6QTR, STM32U5A5AJH6, STM32U5A5AJH6Q, STM32U5A5QII3Q , STM32U5A5QJI6, STM32U5A5QJI6Q, STM32U5A5RJT6, STM32U5A5RJT6Q, STM32U5A5VJT6, STM32U5A5VJT6Q, STM32U5A5ZJT6, STM32U5A5ZJT6Q, STM32U5A5ZJY6QTR, STM32U5A9BJY6QTR, STM32U5A9J-DK, STM32U5A9NJH6Q, STM32U5A9VJT6Q, STM32U5A9ZJT6Q, STM32U5A9ZJY6QTR, STM32U5F7VIT6, STM32U5F7VIT6Q, STM32U5F7VJT6, STM32U5F7VJT6Q, STM32U5F9BJY6QTR, STM32U5F9NJH6Q, STM32U5F9VIT6Q, STM32U5F9VJT6Q, STM32U5F9ZIJ6QTR, STM32U5F9ZIT6Q, STM32U5F9ZJJ6QTR, STM32U5F9ZJT6Q, STM32U5G7VJT6, STM32U5G7VJT6Q, STM32U5G9BJY6QTR, STM32U5G9J-DK1, STM32U5G9J-DK2, STM32U5G9NJH6Q, STM32U5G9VJT6Q, STM32U5G9ZJJ6QTR, STM32U5G9ZJT6Q, STM32WB1MMCH6, STM32WBA50KEU6, STM32WBA50KEU6TR, STM32WBA50KGU6, STM32WBA50KGU6TR, STM32WBA52CEU6, STM32WBA52CEU6TR, STM32WBA52CEU7, STM32WBA52CEU7TR, STM32WBA52CGU6, STM32WBA52CGU6TR, STM32WBA52CGU6U, STM32WBA52CGU7, STM32WBA52CGU7TR, STM32WBA52KEU6, STM32WBA52KEU6TR, STM32WBA52KGU6, STM32WBA52KGU6TR, STM32WBA54CEU6, STM32WBA54CEU6TR, STM32WBA54CEU7, STM32WBA54CEU7TR, STM32WBA54CGU6, STM32WBA54CGU6TR, STM32WBA54CGU7, STM32WBA54CGU7TR, STM32WBA54KEU6, STM32WBA54KEU6TR, STM32WBA54KEU7, STM32WBA54KEU7TR, STM32WBA54KGU6, STM32WBA54KGU6TR, STM32WBA54KGU7, STM32WBA54KGU7TR, STM32WBA55CEU6, STM32WBA55CEU6TR, STM32WBA55CEU7, STM32WBA55CEU7TR, STM32WBA55CGU6, STM32WBA55CGU6TR, STM32WBA55CGU6U, STM32WBA55CGU7, STM32WBA55CGU7TR, STM32WBA55G-DK1, STM32WBA55HEF6, STM32WBA55HEF7, STM32WBA55HGF6, STM32WBA55HGF7, STM32WBA55UEI6, STM32WBA55UEI6TR, STM32WBA55UEI7, STM32WBA55UEI7TR, STM32WBA55UGI6, STM32WBA55UGI6TR, STM32WBA55UGI7, STM32WBA55UGI7TR, STM32WL5MOCH6, STM32WL5MOCH6TR]
2024-04-15 06:18:26,099 [INFO] DbMcus:218 - Found 4094 MCUs, 4094 are supported
2024-04-15 06:18:26,099 [INFO] ApiDb:423 - Load user favorites file C:\Users\ASUS/.stm32cubeide/favorites.mcus.txt: 0 item(s)
2024-04-15 06:18:26,099 [INFO] ApiDb:427 - User favorites MCUs=[]
2024-04-15 06:18:26,100 [INFO] DbMcus:224 - Set 0 / 0 favorites MCUs
2024-04-15 06:18:26,429 [INFO] ApiDb:423 - Load user favorites file C:\Users\ASUS/.stm32cubeide/favorites.boards.txt: 1 item(s)
2024-04-15 06:18:26,429 [INFO] ApiDb:427 - User favorites Boards=[NUCLEO-F439ZI]
2024-04-15 06:18:26,430 [INFO] DbBoards:198 - Set 1 / 1 favorites Boards
2024-04-15 06:18:26,535 [INFO] UtilMem:75 - End LoadConfig() Used Memory: 178783160 Bytes (500170752)
2024-04-15 06:18:26,711 [WARN] ThirdParty:833 - waiting for thirdparty lock release [change project]
2024-04-15 06:18:26,712 [INFO] ThirdParty:835 - entering critical section [change project]
2024-04-15 06:18:26,712 [INFO] ThirdParty:1030 - CMSIS Pack Vendor :STMicroelectronics USBPD 4.1
2024-04-15 06:18:26,712 [INFO] ThirdParty:1030 - CMSIS Pack Vendor :STMicroelectronics X-CUBE-GNSS1 6.0.0
2024-04-15 06:18:26,712 [INFO] ThirdParty:1030 - CMSIS Pack Vendor :STMicroelectronics USB_HOST 2.0.0
2024-04-15 06:18:26,712 [INFO] ThirdParty:1030 - CMSIS Pack Vendor :STMicroelectronics X-CUBE-AZRTOS-F4 1.1.0
2024-04-15 06:18:26,712 [INFO] ThirdParty:1030 - CMSIS Pack Vendor :STMicroelectronics LIBJPEG 8.0.0
2024-04-15 06:18:26,712 [INFO] ThirdParty:1030 - CMSIS Pack Vendor :STMicroelectronics X-CUBE-SMBUS 2.1.0
2024-04-15 06:18:26,712 [INFO] ThirdParty:1030 - CMSIS Pack Vendor :STMicroelectronics USB_DEVICE 3.0.0
2024-04-15 06:18:26,712 [INFO] ThirdParty:1030 - CMSIS Pack Vendor :STMicroelectronics X-CUBE-TCPP 4.1.0
2024-04-15 06:18:26,712 [INFO] ThirdParty:1030 - CMSIS Pack Vendor :STMicroelectronics X-CUBE-AZRTOS-WB 2.0.0
2024-04-15 06:18:26,712 [INFO] ThirdParty:1030 - CMSIS Pack Vendor :wolfSSL I-CUBE-wolfSSL 5.6.6
2024-04-15 06:18:26,712 [INFO] ThirdParty:1030 - CMSIS Pack Vendor :STMicroelectronics X-CUBE-TOUCHGFX 4.23.1
2024-04-15 06:18:26,712 [INFO] ThirdParty:1030 - CMSIS Pack Vendor :STMicroelectronics X-CUBE-TOUCHGFX 4.23.0
2024-04-15 06:18:26,712 [INFO] ThirdParty:1030 - CMSIS Pack Vendor :STMicroelectronics X-CUBE-TOUCHGFX 4.23.2
2024-04-15 06:18:26,712 [INFO] ThirdParty:1030 - CMSIS Pack Vendor :STMicroelectronics X-CUBE-AZRTOS-F7 1.1.0
2024-04-15 06:18:26,712 [INFO] ThirdParty:1030 - CMSIS Pack Vendor :STMicroelectronics X-CUBE-AZRTOS-L5 2.0.0
2024-04-15 06:18:26,712 [INFO] ThirdParty:1030 - CMSIS Pack Vendor :STMicroelectronics USB_DEVICE 2.0.0
2024-04-15 06:18:26,712 [INFO] ThirdParty:1030 - CMSIS Pack Vendor :STMicroelectronics X-CUBE-NFC6 3.1.0
2024-04-15 06:18:26,713 [INFO] ThirdParty:1030 - CMSIS Pack Vendor :ITTIA_DB I-CUBE-ITTIADB 8.8.0
2024-04-15 06:18:26,713 [INFO] ThirdParty:1030 - CMSIS Pack Vendor :STMicroelectronics FP-SNS-MOTENV1 4.3.2
2024-04-15 06:18:26,713 [INFO] ThirdParty:1030 - CMSIS Pack Vendor :STMicroelectronics X-CUBE-ALGOBUILD 1.3.0
2024-04-15 06:18:26,713 [INFO] ThirdParty:1030 - CMSIS Pack Vendor :STMicroelectronics FreeRTOS 0.0.1
2024-04-15 06:18:26,713 [INFO] ThirdParty:1030 - CMSIS Pack Vendor :STMicroelectronics X-CUBE-AZRTOS-G0 1.1.0
2024-04-15 06:18:26,713 [INFO] ThirdParty:1030 - CMSIS Pack Vendor :STMicroelectronics X-CUBE-SAFEA1 1.2.2
2024-04-15 06:18:26,713 [INFO] ThirdParty:1030 - CMSIS Pack Vendor :STMicroelectronics X-CUBE-NFC4 3.0.0
2024-04-15 06:18:26,713 [INFO] ThirdParty:1030 - CMSIS Pack Vendor :STMicroelectronics X-CUBE-SUBG2 5.0.0
2024-04-15 06:18:26,713 [INFO] ThirdParty:1030 - CMSIS Pack Vendor :STMicroelectronics STM32_WPAN 1.0.0
2024-04-15 06:18:26,713 [INFO] ThirdParty:1030 - CMSIS Pack Vendor :STMicroelectronics lwIP 2.0.3
2024-04-15 06:18:26,713 [INFO] ThirdParty:1030 - CMSIS Pack Vendor :STMicroelectronics FP-SNS-FLIGHT1 5.0.2
2024-04-15 06:18:26,713 [INFO] ThirdParty:1030 - CMSIS Pack Vendor :STMicroelectronics USB_HOST 1.0.0
2024-04-15 06:18:26,713 [INFO] ThirdParty:1030 - CMSIS Pack Vendor :STMicroelectronics X-CUBE-AZRTOS-G4 2.0.0
2024-04-15 06:18:26,713 [INFO] ThirdParty:1030 - CMSIS Pack Vendor :STMicroelectronics PDM2PCM 3.1.0
2024-04-15 06:18:26,713 [INFO] ThirdParty:1030 - CMSIS Pack Vendor :Infineon AIROC-Wi-Fi-Bluetooth-STM32 1.5.1
2024-04-15 06:18:26,713 [INFO] ThirdParty:1030 - CMSIS Pack Vendor :STMicroelectronics X-CUBE-BLEMGR 3.0.0
2024-04-15 06:18:26,713 [INFO] ThirdParty:1030 - CMSIS Pack Vendor :STMicroelectronics PDM2PCM 3.3.0
2024-04-15 06:18:26,713 [INFO] ThirdParty:1030 - CMSIS Pack Vendor :STMicroelectronics X-CUBE-DISPLAY 3.0.0
2024-04-15 06:18:26,713 [INFO] ThirdParty:1030 - CMSIS Pack Vendor :STMicroelectronics FP-SNS-MOTENVWB1 1.3.1
2024-04-15 06:18:26,713 [INFO] ThirdParty:1030 - CMSIS Pack Vendor :STMicroelectronics X-CUBE-BLE1 7.0.0
2024-04-15 06:18:26,713 [INFO] ThirdParty:1030 - CMSIS Pack Vendor :STMicroelectronics FP-ATR-SIGFOX1 3.2.0
2024-04-15 06:18:26,713 [INFO] ThirdParty:1030 - CMSIS Pack Vendor :STMicroelectronics X-CUBE-ISPU 2.0.0
2024-04-15 06:18:26,713 [INFO] ThirdParty:1030 - CMSIS Pack Vendor :STMicroelectronics X-CUBE-EEPRMA1 5.1.0
2024-04-15 06:18:26,713 [INFO] ThirdParty:1030 - CMSIS Pack Vendor :STMicroelectronics HAL Drivers 0.0.0
2024-04-15 06:18:26,713 [INFO] ThirdParty:1030 - CMSIS Pack Vendor :STMicroelectronics MBEDTLS 2.16.2
2024-04-15 06:18:26,713 [INFO] ThirdParty:1030 - CMSIS Pack Vendor :emotas I-CUBE-CANOPEN 1.3.0
2024-04-15 06:18:26,713 [INFO] ThirdParty:1030 - CMSIS Pack Vendor :STMicroelectronics X-CUBE-MEMS1 10.0.0
2024-04-15 06:18:26,713 [INFO] ThirdParty:1030 - CMSIS Pack Vendor :STMicroelectronics X-CUBE-FREERTOS 1.1.0
2024-04-15 06:18:26,714 [INFO] ThirdParty:1030 - CMSIS Pack Vendor :STMicroelectronics X-CUBE-NFC7 1.0.1
2024-04-15 06:18:26,714 [INFO] ThirdParty:1030 - CMSIS Pack Vendor :STMicroelectronics MBEDTLS 2.14.1
2024-04-15 06:18:26,714 [INFO] ThirdParty:1030 - CMSIS Pack Vendor :STMicroelectronics X-CUBE-NFC6 3.0.0
2024-04-15 06:18:26,714 [INFO] ThirdParty:1030 - CMSIS Pack Vendor :portGmbH I-Cube-SoM-uGOAL 1.1.0
2024-04-15 06:18:26,714 [INFO] ThirdParty:1030 - CMSIS Pack Vendor :STMicroelectronics X-CUBE-ALS 1.0.1
2024-04-15 06:18:26,714 [INFO] ThirdParty:1030 - CMSIS Pack Vendor :STMicroelectronics X-CUBE-BLEMGR 3.1.0
2024-04-15 06:18:26,714 [INFO] ThirdParty:1030 - CMSIS Pack Vendor :STMicroelectronics ThreadX 1.0.0
2024-04-15 06:18:26,714 [INFO] ThirdParty:1030 - CMSIS Pack Vendor :STMicroelectronics FP-SNS-SMARTAG2 1.2.0
2024-04-15 06:18:26,714 [INFO] ThirdParty:1030 - CMSIS Pack Vendor :STMicroelectronics X-CUBE-AZRTOS-WL 2.0.0
2024-04-15 06:18:26,714 [INFO] ThirdParty:1030 - CMSIS Pack Vendor :SEGGER I-CUBE-embOS 1.3.1
2024-04-15 06:18:26,714 [INFO] ThirdParty:1030 - CMSIS Pack Vendor :STMicroelectronics FP-SNS-MOTENV1 5.0.0
2024-04-15 06:18:26,714 [INFO] ThirdParty:1030 - CMSIS Pack Vendor :STMicroelectronics USB_DEVICE 1.0.0
2024-04-15 06:18:26,714 [INFO] ThirdParty:1030 - CMSIS Pack Vendor :STMicroelectronics X-CUBE-AI 8.1.0
2024-04-15 06:18:26,714 [INFO] ThirdParty:1030 - CMSIS Pack Vendor :STMicroelectronics X-CUBE-AZRTOS-L4 2.0.0
2024-04-15 06:18:26,714 [INFO] ThirdParty:1030 - CMSIS Pack Vendor :STMicroelectronics ThreadX 0.0.2
2024-04-15 06:18:26,715 [INFO] ThirdParty:1030 - CMSIS Pack Vendor :WES I-CUBE-Cesium 1.3.0
2024-04-15 06:18:26,715 [INFO] ThirdParty:1030 - CMSIS Pack Vendor :STMicroelectronics FP-ATR-ASTRA1 2.0.0
2024-04-15 06:18:26,715 [INFO] ThirdParty:1030 - CMSIS Pack Vendor :STMicroelectronics lwIP 2.1.2
2024-04-15 06:18:26,715 [INFO] ThirdParty:1030 - CMSIS Pack Vendor :STMicroelectronics X-CUBE-SFXS2LP1 4.0.0
2024-04-15 06:18:26,715 [INFO] ThirdParty:1030 - CMSIS Pack Vendor :STMicroelectronics X-CUBE-BLE2 3.3.0
2024-04-15 06:18:26,715 [INFO] ThirdParty:1030 - CMSIS Pack Vendor :STMicroelectronics X-CUBE-TOF1 3.4.0
2024-04-15 06:18:26,715 [INFO] ThirdParty:1030 - CMSIS Pack Vendor :STMicroelectronics X-CUBE-TOF1 3.4.1
2024-04-15 06:18:26,715 [INFO] ThirdParty:1030 - CMSIS Pack Vendor :STMicroelectronics X-CUBE-AZRTOS-H7 3.2.0
2024-04-15 06:18:26,715 [INFO] ThirdParty:1030 - CMSIS Pack Vendor :STMicroelectronics PDM2PCM 3.2.0
2024-04-15 06:18:26,715 [INFO] ThirdParty:841 - exiting critical section [change project]
2024-04-15 06:18:27,290 [INFO] PinOutPanel:1561 - setPackage(No Configuration,No Configuration)
2024-04-15 06:18:27,292 [INFO] PinOutPanel:1561 - setPackage(STM32F439ZITx,LQFP144)
2024-04-15 06:18:27,994 [INFO] UtilMem:75 - Before build in PCC Used Memory: 226233976 Bytes (500170752)
2024-04-15 06:18:29,074 [INFO] UtilMem:75 - After build in PCC Used Memory: 313935480 Bytes (500170752)
2024-04-15 06:18:29,116 [INFO] IPUIPlugin:80 - create IPUIPlugin
2024-04-15 06:18:29,116 [INFO] IPUIPlugin:80 - create IPUIPlugin
2024-04-15 06:18:29,116 [INFO] IPUIPlugin:80 - create IPUIPlugin
2024-04-15 06:18:29,116 [INFO] IPUIPlugin:80 - create IPUIPlugin
2024-04-15 06:18:29,116 [INFO] IPUIPlugin:80 - create IPUIPlugin
2024-04-15 06:18:29,117 [INFO] IPUIPlugin:80 - create IPUIPlugin
2024-04-15 06:18:29,117 [INFO] IPUIPlugin:80 - create IPUIPlugin
2024-04-15 06:18:29,117 [INFO] IPUIPlugin:80 - create IPUIPlugin
2024-04-15 06:18:29,117 [INFO] IPUIPlugin:80 - create IPUIPlugin
2024-04-15 06:18:29,117 [INFO] IPUIPlugin:80 - create IPUIPlugin
2024-04-15 06:18:29,118 [INFO] IPUIPlugin:80 - create IPUIPlugin
2024-04-15 06:18:29,118 [INFO] IPUIPlugin:80 - create IPUIPlugin
2024-04-15 06:18:29,118 [INFO] IPUIPlugin:80 - create IPUIPlugin
2024-04-15 06:18:29,118 [INFO] IPUIPlugin:80 - create IPUIPlugin
2024-04-15 06:18:29,118 [INFO] IPUIPlugin:80 - create IPUIPlugin
2024-04-15 06:18:29,118 [INFO] IPUIPlugin:80 - create IPUIPlugin
2024-04-15 06:18:29,118 [INFO] IPUIPlugin:80 - create IPUIPlugin
2024-04-15 06:18:29,118 [INFO] IPUIPlugin:80 - create IPUIPlugin
2024-04-15 06:18:29,119 [INFO] IPUIPlugin:80 - create IPUIPlugin
2024-04-15 06:18:29,119 [INFO] IPUIPlugin:80 - create IPUIPlugin
2024-04-15 06:18:29,119 [INFO] IPUIPlugin:80 - create IPUIPlugin
2024-04-15 06:18:29,119 [INFO] IPUIPlugin:80 - create IPUIPlugin
2024-04-15 06:18:29,119 [INFO] IPUIPlugin:80 - create IPUIPlugin
2024-04-15 06:18:29,120 [INFO] IPUIPlugin:80 - create IPUIPlugin
2024-04-15 06:18:29,120 [INFO] IPUIPlugin:80 - create IPUIPlugin
2024-04-15 06:18:29,120 [INFO] IPUIPlugin:80 - create IPUIPlugin
2024-04-15 06:18:29,121 [INFO] IPUIPlugin:80 - create IPUIPlugin
2024-04-15 06:18:29,121 [INFO] IPUIPlugin:80 - create IPUIPlugin
2024-04-15 06:18:29,122 [INFO] IPUIPlugin:80 - create IPUIPlugin
2024-04-15 06:18:29,122 [INFO] IPUIPlugin:80 - create IPUIPlugin
2024-04-15 06:18:29,122 [INFO] IPUIPlugin:80 - create IPUIPlugin
2024-04-15 06:18:29,122 [INFO] IPUIPlugin:80 - create IPUIPlugin
2024-04-15 06:18:29,123 [INFO] IPUIPlugin:80 - create IPUIPlugin
2024-04-15 06:18:29,124 [INFO] IPUIPlugin:80 - create IPUIPlugin
2024-04-15 06:18:29,124 [INFO] IPUIPlugin:80 - create IPUIPlugin
2024-04-15 06:18:29,125 [INFO] IPUIPlugin:80 - create IPUIPlugin
2024-04-15 06:18:29,125 [INFO] IPUIPlugin:80 - create IPUIPlugin
2024-04-15 06:18:29,126 [INFO] IPUIPlugin:80 - create IPUIPlugin
2024-04-15 06:18:29,126 [INFO] IPUIPlugin:80 - create IPUIPlugin
2024-04-15 06:18:29,126 [INFO] IPUIPlugin:80 - create IPUIPlugin
2024-04-15 06:18:29,126 [INFO] IPUIPlugin:80 - create IPUIPlugin
2024-04-15 06:18:29,127 [INFO] IPUIPlugin:80 - create IPUIPlugin
2024-04-15 06:18:29,127 [INFO] IPUIPlugin:80 - create IPUIPlugin
2024-04-15 06:18:29,127 [INFO] IPUIPlugin:80 - create IPUIPlugin
2024-04-15 06:18:29,128 [INFO] IPUIPlugin:80 - create IPUIPlugin
2024-04-15 06:18:29,128 [INFO] IPUIPlugin:80 - create IPUIPlugin
2024-04-15 06:18:29,128 [INFO] IPUIPlugin:80 - create IPUIPlugin
2024-04-15 06:18:29,129 [INFO] IPUIPlugin:80 - create IPUIPlugin
2024-04-15 06:18:29,129 [INFO] IPUIPlugin:80 - create IPUIPlugin
2024-04-15 06:18:29,129 [INFO] IPUIPlugin:80 - create IPUIPlugin
2024-04-15 06:18:29,130 [INFO] IPUIPlugin:80 - create IPUIPlugin
2024-04-15 06:18:29,130 [INFO] IPUIPlugin:80 - create IPUIPlugin
2024-04-15 06:18:29,131 [INFO] IPUIPlugin:80 - create IPUIPlugin
2024-04-15 06:18:29,131 [INFO] IPUIPlugin:80 - create IPUIPlugin
2024-04-15 06:18:29,132 [INFO] IPUIPlugin:80 - create IPUIPlugin
2024-04-15 06:18:29,132 [INFO] IPUIPlugin:80 - create IPUIPlugin
2024-04-15 06:18:29,133 [INFO] IPUIPlugin:80 - create IPUIPlugin
2024-04-15 06:18:29,133 [INFO] IPUIPlugin:80 - create IPUIPlugin
2024-04-15 06:18:29,134 [INFO] IPUIPlugin:80 - create IPUIPlugin
2024-04-15 06:18:29,134 [INFO] IPUIPlugin:80 - create IPUIPlugin
2024-04-15 06:18:29,135 [INFO] IPUIPlugin:80 - create IPUIPlugin
2024-04-15 06:18:29,135 [INFO] IPUIPlugin:80 - create IPUIPlugin
2024-04-15 06:18:29,136 [INFO] IPUIPlugin:80 - create IPUIPlugin
2024-04-15 06:18:29,136 [INFO] IPUIPlugin:80 - create IPUIPlugin
2024-04-15 06:18:29,137 [INFO] IPUIPlugin:80 - create IPUIPlugin
2024-04-15 06:18:29,138 [INFO] IPUIPlugin:80 - create IPUIPlugin
2024-04-15 06:18:29,139 [INFO] IPUIPlugin:80 - create IPUIPlugin
2024-04-15 06:18:29,139 [INFO] IPUIPlugin:80 - create IPUIPlugin
2024-04-15 06:18:29,270 [INFO] ApiDbMcu:508 - Load IP Config File for PDM2PCM
2024-04-15 06:18:29,565 [INFO] CADModel:165 - CPN selected for project levelSTM32F439ZIT6
2024-04-15 06:18:29,565 [INFO] CADModel:114 - Register for checkConnection events
2024-04-15 06:18:29,617 [INFO] OpenFileManager:343 - Restore cursor
2024-04-15 06:54:21,970 [ERROR] LogOutputStream:75 - [STDERR_REDIRECT] 
2024-04-15 19:00:14,280 [INFO] Activator:176 - 


2024-04-15 19:00:14,283 [INFO] Activator:177 - !SESSION log4j initialized
2024-04-15 19:00:19,649 [INFO] LogOutputStream:77 - [STDOUT_REDIRECT] 
2024-04-15 19:00:24,110 [INFO] ApplicationProperties:184 - Using Application install path: C:\ST\STM32CubeIDE_1.14.1\STM32CubeIDE\plugins\com.st.stm32cube.common.mx_6.11.0.202403141607
2024-04-15 19:00:24,130 [INFO] DbMcusXml:78 - Set database path to: C:\ST\STM32CubeIDE_1.14.1\STM32CubeIDE\plugins\com.st.stm32cube.common.mx_6.11.0.202403141607\\db\/mcu/
2024-04-15 19:00:24,130 [INFO] ApiDb:274 - Set plugin database path to: C:\ST\STM32CubeIDE_1.14.1\STM32CubeIDE\plugins\com.st.stm32cube.common.mx_6.11.0.202403141607\\db\/plugins/boardmanager/
2024-04-15 19:00:24,130 [WARN] ApiDb:259 - Overriding images path with different value:  => C:\ST\STM32CubeIDE_1.14.1\STM32CubeIDE\plugins\com.st.stm32cube.common.mx_6.11.0.202403141607\\db\/plugins/mcufinder/images/
2024-04-15 19:00:24,137 [INFO] ApiDb:250 - Set database path to: C:\Users\ASUS\.stmcufinder\plugins\mcufinder//mcu/
2024-04-15 19:00:24,138 [INFO] DbMcusAds:125 - Set database path to: C:\Users\ASUS\.stmcufinder\plugins\mcufinder//mcu/
2024-04-15 19:00:24,139 [INFO] CrossReferenceDbSqlite:203 - Set database path to: C:\Users\ASUS\.stmcufinder\plugins\mcufinder//mcu/cs/
2024-04-15 19:00:24,276 [INFO] RulesReader:64 - Compatibility file has been processed (297 Rules)
2024-04-15 19:00:24,368 [INFO] DbMcusXml:78 - Set database path to: C:\ST\STM32CubeIDE_1.14.1\STM32CubeIDE\plugins\com.st.stm32cube.common.mx_6.11.0.202403141607\\db\/mcu/
2024-04-15 19:00:24,369 [INFO] ApiDb:274 - Set plugin database path to: C:\ST\STM32CubeIDE_1.14.1\STM32CubeIDE\plugins\com.st.stm32cube.common.mx_6.11.0.202403141607\\db\/plugins/boardmanager/
2024-04-15 19:00:24,369 [INFO] ApiDb:261 - Set plugin images path to: C:\ST\STM32CubeIDE_1.14.1\STM32CubeIDE\plugins\com.st.stm32cube.common.mx_6.11.0.202403141607\\db\/plugins/mcufinder/images/
2024-04-15 19:00:24,369 [WARN] DbFile:41 - Overriding database path with different value: C:\Users\ASUS\.stmcufinder\plugins\mcufinder/ => C:\Users\ASUS\.stmcufinder\plugins\mcufinder
2024-04-15 19:00:24,369 [INFO] ApiDb:250 - Set database path to: C:\Users\ASUS\.stmcufinder\plugins\mcufinder//mcu/
2024-04-15 19:00:24,369 [WARN] DbFile:41 - Overriding database path with different value: C:\Users\ASUS\.stmcufinder\plugins\mcufinder/ => C:\Users\ASUS\.stmcufinder\plugins\mcufinder
2024-04-15 19:00:24,369 [INFO] DbMcusAds:125 - Set database path to: C:\Users\ASUS\.stmcufinder\plugins\mcufinder//mcu/
2024-04-15 19:00:24,369 [WARN] DbFile:41 - Overriding database path with different value: C:\Users\ASUS\.stmcufinder\plugins\mcufinder/ => C:\Users\ASUS\.stmcufinder\plugins\mcufinder
2024-04-15 19:00:24,369 [WARN] DbFile:41 - Overriding database path with different value: C:\Users\ASUS\.stmcufinder\plugins\mcufinder/ => C:\Users\ASUS\.stmcufinder\plugins\mcufinder
2024-04-15 19:00:24,369 [INFO] CrossReferenceDbSqlite:203 - Set database path to: C:\Users\ASUS\.stmcufinder\plugins\mcufinder//mcu/cs/
2024-04-15 19:00:24,446 [INFO] MainPanel:264 - HeapMemory: 268435456
2024-04-15 19:00:24,553 [INFO] DbMcusXml:78 - Set database path to: C:\ST\STM32CubeIDE_1.14.1\STM32CubeIDE\plugins\com.st.stm32cube.common.mx_6.11.0.202403141607\\db\/mcu/
2024-04-15 19:00:24,553 [INFO] ApiDb:274 - Set plugin database path to: C:\ST\STM32CubeIDE_1.14.1\STM32CubeIDE\plugins\com.st.stm32cube.common.mx_6.11.0.202403141607\\db\/plugins/boardmanager/
2024-04-15 19:00:24,553 [INFO] ApiDb:261 - Set plugin images path to: C:\ST\STM32CubeIDE_1.14.1\STM32CubeIDE\plugins\com.st.stm32cube.common.mx_6.11.0.202403141607\\db\/plugins/mcufinder/images/
2024-04-15 19:00:24,553 [WARN] DbFile:41 - Overriding database path with different value: C:\Users\ASUS\.stmcufinder\plugins\mcufinder/ => C:\Users\ASUS\.stmcufinder\plugins\mcufinder
2024-04-15 19:00:24,553 [INFO] ApiDb:250 - Set database path to: C:\Users\ASUS\.stmcufinder\plugins\mcufinder//mcu/
2024-04-15 19:00:24,553 [WARN] DbFile:41 - Overriding database path with different value: C:\Users\ASUS\.stmcufinder\plugins\mcufinder/ => C:\Users\ASUS\.stmcufinder\plugins\mcufinder
2024-04-15 19:00:24,553 [INFO] DbMcusAds:125 - Set database path to: C:\Users\ASUS\.stmcufinder\plugins\mcufinder//mcu/
2024-04-15 19:00:24,553 [WARN] DbFile:41 - Overriding database path with different value: C:\Users\ASUS\.stmcufinder\plugins\mcufinder/ => C:\Users\ASUS\.stmcufinder\plugins\mcufinder
2024-04-15 19:00:24,554 [WARN] DbFile:41 - Overriding database path with different value: C:\Users\ASUS\.stmcufinder\plugins\mcufinder/ => C:\Users\ASUS\.stmcufinder\plugins\mcufinder
2024-04-15 19:00:24,554 [INFO] CrossReferenceDbSqlite:203 - Set database path to: C:\Users\ASUS\.stmcufinder\plugins\mcufinder//mcu/cs/
2024-04-15 19:00:24,573 [INFO] ApplicationProperties:184 - Using Application install path: C:\ST\STM32CubeIDE_1.14.1\STM32CubeIDE\plugins\com.st.stm32cube.common.mx_6.11.0.202403141607
2024-04-15 19:00:24,575 [INFO] PluginManage:196 - Search for loadable plugins [exclusion list=, ]
2024-04-15 19:00:24,577 [INFO] PluginManage:310 - Check plugin analytics
2024-04-15 19:00:24,813 [INFO] AnalyticsPlugin:253 - Accepted Software Licenses: 
2024-04-15 19:00:24,813 [INFO] AnalyticsPlugin:255 - Accepted CMSIS Pack Licenses: 
2024-04-15 19:00:24,813 [INFO] AnalyticsPlugin:257 - Accepted Firmware Licenses: FW.F4.1.28.0
2024-04-15 19:00:24,816 [INFO] PluginManage:359 - Loaded plugin analytics (category:tool,tabindex:-1)
2024-04-15 19:00:24,816 [INFO] PluginManage:310 - Check plugin cadmodel
2024-04-15 19:00:24,834 [INFO] CADModel:105 - Init CAD model plugin
2024-04-15 19:00:24,834 [INFO] PluginManage:359 - Loaded plugin cadmodel (category:power,tabindex:5)
2024-04-15 19:00:24,834 [INFO] PluginManage:310 - Check plugin clock
2024-04-15 19:00:24,858 [INFO] PluginManage:359 - Loaded plugin clock (category:base,tabindex:2)
2024-04-15 19:00:24,859 [INFO] PluginManage:310 - Check plugin ddr
2024-04-15 19:00:24,861 [INFO] PluginManage:359 - Loaded plugin ddr (category:tool,tabindex:6)
2024-04-15 19:00:24,861 [INFO] PluginManage:310 - Check plugin filemanager
2024-04-15 19:00:25,008 [INFO] PluginManage:359 - Loaded plugin filemanager (category:base,tabindex:10)
2024-04-15 19:00:25,008 [INFO] PluginManage:310 - Check plugin ipmanager
2024-04-15 19:00:25,016 [INFO] PluginManage:359 - Loaded plugin ipmanager (category:base,tabindex:5)
2024-04-15 19:00:25,016 [INFO] PluginManage:310 - Check plugin lpbam
2024-04-15 19:00:25,032 [INFO] PluginManage:359 - Loaded plugin lpbam (category:base,tabindex:0)
2024-04-15 19:00:25,032 [INFO] PluginManage:310 - Check plugin memorymap
2024-04-15 19:00:25,055 [INFO] PluginManage:359 - Loaded plugin memorymap (category:base,tabindex:4)
2024-04-15 19:00:25,056 [INFO] PluginManage:310 - Check plugin pinoutandconfiguration
2024-04-15 19:00:25,071 [INFO] PluginManage:359 - Loaded plugin pinoutandconfiguration (category:base,tabindex:1)
2024-04-15 19:00:25,071 [INFO] PluginManage:310 - Check plugin pinoutconfig
2024-04-15 19:00:25,174 [WARN] SupportedApi:132 - Cannot load RTOS API schema: s4s-elt-must-match.1: The content of 'definitions' must match (annotation?, (simpleType | complexType)?, (unique | key | keyref)*)). A problem was found starting at: attribute.
2024-04-15 19:00:25,342 [INFO] PluginManage:359 - Loaded plugin pinoutconfig (category:base,tabindex:0)
2024-04-15 19:00:25,342 [INFO] PluginManage:310 - Check plugin power
2024-04-15 19:00:25,370 [INFO] PluginManage:359 - Loaded plugin power (category:power,tabindex:4)
2024-04-15 19:00:25,370 [INFO] PluginManage:310 - Check plugin projectmanager
2024-04-15 19:00:25,389 [INFO] PluginManage:359 - Loaded plugin projectmanager (category:projectmanager,tabindex:3)
2024-04-15 19:00:25,389 [INFO] PluginManage:310 - Check plugin thirdparty
2024-04-15 19:00:25,677 [INFO] PluginManage:359 - Loaded plugin thirdparty (category:base,tabindex:-1)
2024-04-15 19:00:25,677 [INFO] PluginManage:310 - Check plugin tools
2024-04-15 19:00:25,677 [WARN] IntegrityCheckThread:84 - waiting for thirdparty lock release [integrity check]
2024-04-15 19:00:25,677 [INFO] IntegrityCheckThread:86 - entering critical section [integrity check]
2024-04-15 19:00:25,678 [INFO] ThirdPartyUpdaterWithRetryManager:70 - Updater plugin not ready yet. [1/15]
2024-04-15 19:00:25,705 [INFO] PluginManage:359 - Loaded plugin tools (category:base,tabindex:7)
2024-04-15 19:00:25,705 [INFO] PluginManage:310 - Check plugin tutovideos
2024-04-15 19:00:25,901 [INFO] PluginManage:359 - Loaded plugin tutovideos (category:base,tabindex:-1)
2024-04-15 19:00:25,901 [INFO] PluginManage:310 - Check plugin updater
2024-04-15 19:00:25,913 [INFO] PluginManage:359 - Loaded plugin updater (category:base,tabindex:12)
2024-04-15 19:00:25,914 [INFO] PluginManage:310 - Check plugin userauth
2024-04-15 19:00:25,920 [INFO] UserAuth:114 - Init User Auth plugin
2024-04-15 19:00:25,920 [INFO] PluginManage:359 - Loaded plugin userauth (category:base,tabindex:14)
2024-04-15 19:00:25,920 [INFO] PluginManage:283 - PluginManage : Loaded plugins [17]
2024-04-15 19:00:26,162 [INFO] PinOutPanel:1561 - setPackage(No Configuration,No Configuration)
2024-04-15 19:00:26,250 [INFO] CADModel:165 - CPN selected for project level
2024-04-15 19:00:26,250 [INFO] CADModel:114 - Register for checkConnection events
2024-04-15 19:00:26,275 [INFO] IPUIPlugin:80 - create IPUIPlugin
2024-04-15 19:00:26,275 [INFO] PluginManager:220 - loadIPPluginJar : add adc
2024-04-15 19:00:26,304 [INFO] IPUIPlugin:80 - create IPUIPlugin
2024-04-15 19:00:26,304 [INFO] PluginManager:220 - loadIPPluginJar : add aes
2024-04-15 19:00:26,338 [INFO] IPUIPlugin:80 - create IPUIPlugin
2024-04-15 19:00:26,338 [INFO] PluginManager:220 - loadIPPluginJar : add can
2024-04-15 19:00:26,356 [INFO] IPUIPlugin:80 - create IPUIPlugin
2024-04-15 19:00:26,356 [INFO] PluginManager:220 - loadIPPluginJar : add comp
2024-04-15 19:00:26,385 [INFO] IPUIPlugin:80 - create IPUIPlugin
2024-04-15 19:00:26,385 [INFO] PluginManager:220 - loadIPPluginJar : add cryp
2024-04-15 19:00:26,407 [INFO] IPUIPlugin:80 - create IPUIPlugin
2024-04-15 19:00:26,407 [INFO] PluginManager:220 - loadIPPluginJar : add dfsdm
2024-04-15 19:00:26,421 [INFO] IPUIPlugin:80 - create IPUIPlugin
2024-04-15 19:00:26,421 [INFO] PluginManager:220 - loadIPPluginJar : add dma
2024-04-15 19:00:26,506 [INFO] IPUIPlugin:80 - create IPUIPlugin
2024-04-15 19:00:26,506 [INFO] PluginManager:220 - loadIPPluginJar : add dma3
2024-04-15 19:00:26,551 [INFO] IPUIPlugin:80 - create IPUIPlugin
2024-04-15 19:00:26,551 [INFO] PluginManager:220 - loadIPPluginJar : add extmemmanager
2024-04-15 19:00:26,568 [INFO] IPUIPlugin:80 - create IPUIPlugin
2024-04-15 19:00:26,568 [INFO] PluginManager:220 - loadIPPluginJar : add fatfs
2024-04-15 19:00:26,600 [INFO] IPUIPlugin:80 - create IPUIPlugin
2024-04-15 19:00:26,600 [INFO] PluginManager:220 - loadIPPluginJar : add fmc
2024-04-15 19:00:26,615 [INFO] IPUIPlugin:80 - create IPUIPlugin
2024-04-15 19:00:26,616 [INFO] PluginManager:220 - loadIPPluginJar : add freertos
2024-04-15 19:00:26,632 [INFO] IPUIPlugin:80 - create IPUIPlugin
2024-04-15 19:00:26,632 [INFO] PluginManager:220 - loadIPPluginJar : add genericplugin
2024-04-15 19:00:26,701 [INFO] IPUIPlugin:80 - create IPUIPlugin
2024-04-15 19:00:26,701 [INFO] PluginManager:220 - loadIPPluginJar : add gfxmmu
2024-04-15 19:00:26,803 [INFO] IPUIPlugin:80 - create IPUIPlugin
2024-04-15 19:00:26,804 [INFO] PluginManager:220 - loadIPPluginJar : add gic
2024-04-15 19:00:26,824 [INFO] IPUIPlugin:80 - create IPUIPlugin
2024-04-15 19:00:26,825 [INFO] PluginManager:220 - loadIPPluginJar : add gpio
2024-04-15 19:00:26,889 [INFO] IPUIPlugin:80 - create IPUIPlugin
2024-04-15 19:00:26,890 [INFO] PluginManager:220 - loadIPPluginJar : add gtzc
2024-04-15 19:00:26,917 [INFO] IPUIPlugin:80 - create IPUIPlugin
2024-04-15 19:00:26,917 [INFO] PluginManager:220 - loadIPPluginJar : add hash
2024-04-15 19:00:26,958 [INFO] IPUIPlugin:80 - create IPUIPlugin
2024-04-15 19:00:26,958 [INFO] PluginManager:220 - loadIPPluginJar : add i2c
2024-04-15 19:00:26,988 [INFO] IPUIPlugin:80 - create IPUIPlugin
2024-04-15 19:00:26,988 [INFO] PluginManager:220 - loadIPPluginJar : add i2s
2024-04-15 19:00:27,019 [INFO] IPUIPlugin:80 - create IPUIPlugin
2024-04-15 19:00:27,019 [INFO] PluginManager:220 - loadIPPluginJar : add i3c
2024-04-15 19:00:27,099 [INFO] IPUIPlugin:80 - create IPUIPlugin
2024-04-15 19:00:27,099 [INFO] PluginManager:220 - loadIPPluginJar : add ipddr
2024-04-15 19:00:27,189 [INFO] IPUIPlugin:80 - create IPUIPlugin
2024-04-15 19:00:27,189 [INFO] PluginManager:220 - loadIPPluginJar : add linkedlist
2024-04-15 19:00:27,222 [INFO] IPUIPlugin:80 - create IPUIPlugin
2024-04-15 19:00:27,223 [INFO] PluginManager:220 - loadIPPluginJar : add lorawan
2024-04-15 19:00:27,259 [INFO] IPUIPlugin:80 - create IPUIPlugin
2024-04-15 19:00:27,259 [INFO] PluginManager:220 - loadIPPluginJar : add ltdc
2024-04-15 19:00:27,274 [INFO] IPUIPlugin:80 - create IPUIPlugin
2024-04-15 19:00:27,274 [INFO] PluginManager:220 - loadIPPluginJar : add mdma
2024-04-15 19:00:27,286 [INFO] IPUIPlugin:80 - create IPUIPlugin
2024-04-15 19:00:27,286 [INFO] PluginManager:220 - loadIPPluginJar : add nvic
2024-04-15 19:00:27,315 [INFO] IPUIPlugin:80 - create IPUIPlugin
2024-04-15 19:00:27,315 [INFO] PluginManager:220 - loadIPPluginJar : add opamp
2024-04-15 19:00:27,359 [INFO] IPUIPlugin:80 - create IPUIPlugin
2024-04-15 19:00:27,360 [INFO] PluginManager:220 - loadIPPluginJar : add openamp
2024-04-15 19:00:27,391 [INFO] IPUIPlugin:80 - create IPUIPlugin
2024-04-15 19:00:27,391 [INFO] PluginManager:220 - loadIPPluginJar : add pdm2pcm
2024-04-15 19:00:27,405 [INFO] IPUIPlugin:80 - create IPUIPlugin
2024-04-15 19:00:27,406 [INFO] PluginManager:220 - loadIPPluginJar : add plateformsettings
2024-04-15 19:00:27,449 [INFO] IPUIPlugin:80 - create IPUIPlugin
2024-04-15 19:00:27,449 [INFO] PluginManager:220 - loadIPPluginJar : add quadspi
2024-04-15 19:00:27,461 [INFO] IPUIPlugin:80 - create IPUIPlugin
2024-04-15 19:00:27,461 [INFO] PluginManager:220 - loadIPPluginJar : add resmgrutility
2024-04-15 19:00:27,498 [INFO] IPUIPlugin:80 - create IPUIPlugin
2024-04-15 19:00:27,498 [INFO] PluginManager:220 - loadIPPluginJar : add sai
2024-04-15 19:00:27,525 [INFO] IPUIPlugin:80 - create IPUIPlugin
2024-04-15 19:00:27,526 [INFO] PluginManager:220 - loadIPPluginJar : add spi
2024-04-15 19:00:27,577 [INFO] IPUIPlugin:80 - create IPUIPlugin
2024-04-15 19:00:27,577 [INFO] PluginManager:220 - loadIPPluginJar : add stm32_wpan
2024-04-15 19:00:27,595 [INFO] IPUIPlugin:80 - create IPUIPlugin
2024-04-15 19:00:27,595 [INFO] PluginManager:220 - loadIPPluginJar : add tim
2024-04-15 19:00:27,638 [INFO] IPUIPlugin:80 - create IPUIPlugin
2024-04-15 19:00:27,638 [INFO] PluginManager:220 - loadIPPluginJar : add touchsensing
2024-04-15 19:00:27,656 [INFO] IPUIPlugin:80 - create IPUIPlugin
2024-04-15 19:00:27,656 [INFO] PluginManager:220 - loadIPPluginJar : add tracer_emb
2024-04-15 19:00:27,678 [INFO] IPUIPlugin:80 - create IPUIPlugin
2024-04-15 19:00:27,678 [INFO] PluginManager:220 - loadIPPluginJar : add ts
2024-04-15 19:00:27,699 [INFO] IPUIPlugin:80 - create IPUIPlugin
2024-04-15 19:00:27,699 [INFO] PluginManager:220 - loadIPPluginJar : add tsc
2024-04-15 19:00:27,718 [INFO] IPUIPlugin:80 - create IPUIPlugin
2024-04-15 19:00:27,718 [INFO] PluginManager:220 - loadIPPluginJar : add ucpd
2024-04-15 19:00:27,751 [INFO] IPUIPlugin:80 - create IPUIPlugin
2024-04-15 19:00:27,751 [INFO] PluginManager:220 - loadIPPluginJar : add usart
2024-04-15 19:00:27,783 [INFO] IPUIPlugin:80 - create IPUIPlugin
2024-04-15 19:00:27,783 [INFO] PluginManager:220 - loadIPPluginJar : add usbx
2024-04-15 19:00:27,941 [INFO] CADModel:165 - CPN selected for project level
2024-04-15 19:00:27,941 [INFO] CADModel:114 - Register for checkConnection events
2024-04-15 19:00:27,941 [FATAL] Updater:308 - Updater called before beeing initialized
2024-04-15 19:00:27,941 [ERROR] CADModel:125 - Updater not yet initialized, retry later 
2024-04-15 19:00:28,100 [INFO] CADModel:165 - CPN selected for project level
2024-04-15 19:00:28,100 [INFO] CADModel:114 - Register for checkConnection events
2024-04-15 19:00:28,100 [FATAL] Updater:308 - Updater called before beeing initialized
2024-04-15 19:00:28,100 [ERROR] CADModel:125 - Updater not yet initialized, retry later 
2024-04-15 19:00:28,103 [FATAL] Updater:308 - Updater called before beeing initialized
2024-04-15 19:00:28,246 [FATAL] Updater:308 - Updater called before beeing initialized
2024-04-15 19:00:28,259 [INFO] DbMcusAds:53 - JSON generation date=Wed Nov 29 05:52:27 COT 2023 (1701255147349)
2024-04-15 19:00:28,259 [FATAL] Updater:308 - Updater called before beeing initialized
2024-04-15 19:00:28,301 [WARN] DetailPanel:346 - Failed to get advertising image, set to default
2024-04-15 19:00:28,394 [FATAL] Updater:308 - Updater called before beeing initialized
2024-04-15 19:00:28,396 [FATAL] Updater:308 - Updater called before beeing initialized
2024-04-15 19:00:28,396 [FATAL] Updater:308 - Updater called before beeing initialized
2024-04-15 19:00:28,396 [WARN] DetailPanel:346 - Failed to get advertising image, set to default
2024-04-15 19:00:28,397 [FATAL] Updater:308 - Updater called before beeing initialized
2024-04-15 19:00:28,498 [ERROR] Updater:1120 - MainUpdater not yet initialized. External WinMGr cannot be set.
2024-04-15 19:00:28,513 [INFO] Updater:1056 - Updater Version found : 6.11.0
2024-04-15 19:00:28,537 [INFO] ApplicationProperties:184 - Using Application install path: C:\ST\STM32CubeIDE_1.14.1\STM32CubeIDE\plugins\com.st.stm32cube.common.mx_6.11.0.202403141607
2024-04-15 19:00:28,678 [INFO] ThirdPartyUpdaterWithRetryManager:70 - Updater plugin not ready yet. [2/15]
2024-04-15 19:00:30,131 [ERROR] LogOutputStream:75 - [STDERR_REDIRECT] Apr 15, 2024 7:00:30 PM java.util.prefs.WindowsPreferences <init>
2024-04-15 19:00:30,132 [ERROR] LogOutputStream:75 - [STDERR_REDIRECT] WARNING: Could not open/create prefs root node Software\JavaSoft\Prefs at root 0xffffffff80000002. Windows RegCreateKeyEx(...) returned error code 5.
2024-04-15 19:00:30,132 [ERROR] LogOutputStream:75 - [STDERR_REDIRECT] 
2024-04-15 19:00:31,243 [INFO] MainUpdater:2873 - connection check result : 10
2024-04-15 19:00:31,244 [INFO] MainUpdater:290 - Updater Check For Update Now.
2024-04-15 19:00:31,244 [INFO] MicroXplorer:498 - Change Database Version : DB.6.0.110
2024-04-15 19:00:31,270 [INFO] McuFinderGlobals:63 - Set McuFinder mode to 2 (CubeIDE integrated)
2024-04-15 19:00:31,286 [INFO] UserAuth:415 - Internet connection configuration mode: 1
2024-04-15 19:00:31,329 [INFO] JxBrowserEngine:152 - Initiate JxBrowser Engine with user profile folder
2024-04-15 19:00:31,476 [INFO] CheckServerUpdateThread:120 - End of CheckServer Thread
2024-04-15 19:00:31,863 [WARN] PackLoader:240 - Cannot read IP mode file for STMicroelectronics.X-CUBE-SMBUS.2.1.0
2024-04-15 19:00:31,879 [WARN] PackLoader:240 - Cannot read IP mode file for STMicroelectronics.X-CUBE-TOUCHGFX.4.23.1
2024-04-15 19:00:31,894 [WARN] PackLoader:240 - Cannot read IP mode file for STMicroelectronics.X-CUBE-TOUCHGFX.4.23.0
2024-04-15 19:00:31,907 [WARN] PackLoader:240 - Cannot read IP mode file for STMicroelectronics.X-CUBE-TOUCHGFX.4.23.2
2024-04-15 19:00:31,977 [WARN] PackLoader:240 - Cannot read IP mode file for STMicroelectronics.X-CUBE-AZRTOS-F7.1.1.0
2024-04-15 19:00:32,000 [WARN] PackLoader:240 - Cannot read IP mode file for STMicroelectronics.FP-SNS-MOTENV1.4.3.2
2024-04-15 19:00:32,020 [WARN] PackLoader:240 - Cannot read IP mode file for STMicroelectronics.FP-SNS-FLIGHT1.5.0.2
2024-04-15 19:00:32,040 [WARN] PackLoader:240 - Cannot read IP mode file for STMicroelectronics.X-CUBE-DISPLAY.3.0.0
2024-04-15 19:00:32,065 [WARN] PackLoader:240 - Cannot read IP mode file for STMicroelectronics.X-CUBE-BLE1.7.0.0
2024-04-15 19:00:32,081 [WARN] PackLoader:240 - Cannot read IP mode file for emotas.I-CUBE-CANOPEN.1.3.0
2024-04-15 19:00:32,106 [WARN] PackLoader:240 - Cannot read IP mode file for STMicroelectronics.X-CUBE-BLEMGR.3.1.0
2024-04-15 19:00:32,124 [WARN] PackLoader:240 - Cannot read IP mode file for STMicroelectronics.FP-SNS-SMARTAG2.1.2.0
2024-04-15 19:00:32,155 [INFO] LogOutputStream:77 - [STDOUT_REDIRECT] 1 : Invalid condition id : UX_CORESTACK_Condition cause : null
2024-04-15 19:00:32,156 [INFO] LogOutputStream:77 - [STDOUT_REDIRECT] 1 : Invalid condition id : UX_CORESTACK_Condition cause : null
2024-04-15 19:00:32,157 [INFO] LogOutputStream:77 - [STDOUT_REDIRECT] 1 : Invalid condition id : UX_CORESTACK_Condition cause : null
2024-04-15 19:00:32,159 [INFO] LogOutputStream:77 - [STDOUT_REDIRECT] 1 : Invalid condition id : UX_CORESTACK_Condition cause : null
2024-04-15 19:00:32,159 [INFO] LogOutputStream:77 - [STDOUT_REDIRECT] 1 : Invalid condition id : UX_CORESTACK_Condition cause : null
2024-04-15 19:00:32,164 [WARN] PackLoader:240 - Cannot read IP mode file for STMicroelectronics.X-CUBE-AZRTOS-WL.2.0.0
2024-04-15 19:00:32,181 [WARN] PackLoader:240 - Cannot read IP mode file for STMicroelectronics.FP-SNS-MOTENV1.5.0.0
2024-04-15 19:00:32,198 [WARN] PackLoader:240 - Cannot read IP mode file for WES.I-CUBE-Cesium.1.3.0
2024-04-15 19:00:32,209 [WARN] PackLoader:240 - Cannot read IP mode file for STMicroelectronics.X-CUBE-BLE2.3.3.0
2024-04-15 19:00:32,223 [WARN] PackLoader:240 - Cannot read IP mode file for STMicroelectronics.X-CUBE-TCPP.4.1.0
2024-04-15 19:00:32,239 [WARN] PackLoader:240 - Cannot read IP mode file for STMicroelectronics.X-CUBE-ALGOBUILD.1.3.0
2024-04-15 19:00:32,271 [WARN] PackLoader:240 - Cannot read IP mode file for STMicroelectronics.X-CUBE-AZRTOS-G0.1.1.0
2024-04-15 19:00:32,294 [WARN] PackLoader:240 - Cannot read IP mode file for STMicroelectronics.X-CUBE-SAFEA1.1.2.2
2024-04-15 19:00:32,310 [WARN] PackLoader:240 - Cannot read IP mode file for STMicroelectronics.X-CUBE-NFC4.3.0.0
2024-04-15 19:00:32,337 [WARN] PackLoader:240 - Cannot read IP mode file for STMicroelectronics.X-CUBE-BLEMGR.3.0.0
2024-04-15 19:00:32,354 [WARN] PackLoader:240 - Cannot read IP mode file for STMicroelectronics.FP-ATR-SIGFOX1.3.2.0
2024-04-15 19:00:32,371 [WARN] PackLoader:240 - Cannot read IP mode file for STMicroelectronics.X-CUBE-EEPRMA1.5.1.0
2024-04-15 19:00:32,422 [WARN] PackLoader:240 - Cannot read IP mode file for SEGGER.I-CUBE-embOS.1.3.1
2024-04-15 19:00:32,478 [WARN] PackLoader:240 - Cannot read IP mode file for STMicroelectronics.X-CUBE-GNSS1.6.0.0
2024-04-15 19:00:32,514 [WARN] PackLoader:240 - Cannot read IP mode file for STMicroelectronics.X-CUBE-AZRTOS-F4.1.1.0
2024-04-15 19:00:32,535 [WARN] PackLoader:240 - Cannot read IP mode file for wolfSSL.I-CUBE-wolfSSL.5.6.6
2024-04-15 19:00:32,576 [WARN] PackLoader:240 - Cannot read IP mode file for STMicroelectronics.X-CUBE-AZRTOS-L5.2.0.0
2024-04-15 19:00:32,599 [WARN] PackLoader:240 - Cannot read IP mode file for STMicroelectronics.X-CUBE-NFC6.3.1.0
2024-04-15 19:00:32,614 [WARN] PackLoader:240 - Cannot read IP mode file for ITTIA_DB.I-CUBE-ITTIADB.8.8.0
2024-04-15 19:00:32,629 [WARN] PackLoader:240 - Cannot read IP mode file for STMicroelectronics.X-CUBE-NFC7.1.0.1
2024-04-15 19:00:32,650 [WARN] PackLoader:240 - Cannot read IP mode file for STMicroelectronics.X-CUBE-NFC6.3.0.0
2024-04-15 19:00:32,666 [WARN] PackLoader:240 - Cannot read IP mode file for STMicroelectronics.X-CUBE-AI.8.1.0
2024-04-15 19:00:32,705 [WARN] ConditionMgr:438 - getConditionDescription Invalid condition id : LAN8742 Phy interface Condition cause : null
2024-04-15 19:00:32,705 [WARN] PackLoader:240 - Cannot read IP mode file for STMicroelectronics.X-CUBE-AZRTOS-L4.2.0.0
2024-04-15 19:00:32,707 [WARN] ConditionMgr:1039 - genDependencies : Invalid condition id : LAN8742 Phy interface Condition cause : null
2024-04-15 19:00:32,707 [WARN] ConditionMgr:1039 - genDependencies : Invalid condition id : LAN8742 Phy interface Condition cause : null
2024-04-15 19:00:32,708 [WARN] ConditionMgr:1039 - genDependencies : Invalid condition id : LAN8742 Phy interface Condition cause : null
2024-04-15 19:00:32,725 [WARN] PackLoader:240 - Cannot read IP mode file for STMicroelectronics.X-CUBE-SFXS2LP1.4.0.0
2024-04-15 19:00:32,760 [WARN] ConditionMgr:438 - getConditionDescription Invalid condition id : UX DEVICE CLASS RTOS Condition cause : null
2024-04-15 19:00:32,761 [WARN] ConditionMgr:438 - getConditionDescription Invalid condition id : UX DEVICE CLASS RTOS Condition cause : null
2024-04-15 19:00:32,764 [WARN] PackLoader:240 - Cannot read IP mode file for STMicroelectronics.X-CUBE-AZRTOS-WB.2.0.0
2024-04-15 19:00:32,765 [WARN] ConditionMgr:1039 - genDependencies : Invalid condition id : UX DEVICE CLASS RTOS Condition cause : null
2024-04-15 19:00:32,765 [WARN] ConditionMgr:1039 - genDependencies : Invalid condition id : UX DEVICE CLASS RTOS Condition cause : null
2024-04-15 19:00:32,765 [WARN] ConditionMgr:1039 - genDependencies : Invalid condition id : UX DEVICE CLASS RTOS Condition cause : null
2024-04-15 19:00:32,766 [WARN] ConditionMgr:1039 - genDependencies : Invalid condition id : UX DEVICE CLASS RTOS Condition cause : null
2024-04-15 19:00:32,766 [WARN] ConditionMgr:1039 - genDependencies : Invalid condition id : UX DEVICE CLASS RTOS Condition cause : null
2024-04-15 19:00:32,793 [WARN] PackLoader:240 - Cannot read IP mode file for STMicroelectronics.X-CUBE-SUBG2.5.0.0
2024-04-15 19:00:32,843 [WARN] PackLoader:240 - Cannot read IP mode file for STMicroelectronics.X-CUBE-AZRTOS-G4.2.0.0
2024-04-15 19:00:32,894 [WARN] PackLoader:240 - Cannot read IP mode file for Infineon.AIROC-Wi-Fi-Bluetooth-STM32.1.5.1
2024-04-15 19:00:32,924 [WARN] PackLoader:240 - Cannot read IP mode file for STMicroelectronics.FP-SNS-MOTENVWB1.1.3.1
2024-04-15 19:00:32,945 [WARN] PackLoader:240 - Cannot read IP mode file for STMicroelectronics.X-CUBE-ISPU.2.0.0
2024-04-15 19:00:33,001 [WARN] PackLoader:240 - Cannot read IP mode file for STMicroelectronics.X-CUBE-MEMS1.10.0.0
2024-04-15 19:00:33,134 [WARN] PackLoader:240 - Cannot read IP mode file for STMicroelectronics.X-CUBE-FREERTOS.1.1.0
2024-04-15 19:00:33,150 [WARN] PackLoader:240 - Cannot read IP mode file for portGmbH.I-Cube-SoM-uGOAL.1.1.0
2024-04-15 19:00:33,166 [WARN] PackLoader:240 - Cannot read IP mode file for STMicroelectronics.X-CUBE-ALS.1.0.1
2024-04-15 19:00:33,182 [WARN] PackLoader:240 - Cannot read IP mode file for STMicroelectronics.FP-ATR-ASTRA1.2.0.0
2024-04-15 19:00:33,208 [WARN] PackLoader:240 - Cannot read IP mode file for STMicroelectronics.X-CUBE-TOF1.3.4.0
2024-04-15 19:00:33,242 [WARN] PackLoader:240 - Cannot read IP mode file for STMicroelectronics.X-CUBE-TOF1.3.4.1
2024-04-15 19:00:33,290 [WARN] PackLoader:240 - Cannot read IP mode file for STMicroelectronics.X-CUBE-AZRTOS-H7.3.2.0
2024-04-15 19:00:33,293 [INFO] ThirdParty:978 - Integrity check success = true
2024-04-15 19:00:33,294 [INFO] IntegrityCheckThread:100 - exiting critical section [integrity check]
2024-04-15 19:00:33,294 [INFO] IntegrityCheckThread:103 - End integrity checks thread
2024-04-15 19:00:36,505 [INFO] WebApp:161 - Instantiating new browser for Auth
2024-04-15 19:00:37,114 [INFO] WebApp:779 - Register for checkConnection events
2024-04-15 19:00:37,115 [INFO] WebApp:414 - Apply proxy settings
2024-04-15 19:00:37,115 [INFO] WebApp:499 - Chromium requires no authentication
2024-04-15 19:00:37,120 [INFO] WebApp:442 - Direct internet connection detected
2024-04-15 19:00:37,305 [INFO] WebApp:192 - Starting web application
2024-04-15 19:00:37,305 [INFO] WebApp:544 - Web application path used C:\ST\STM32CubeIDE_1.14.1\STM32CubeIDE\plugins\com.st.stm32cube.common.mx_6.11.0.202403141607\db\plugins\mcufinder\reactClient1\index.html
2024-04-15 19:37:29,640 [ERROR] LogOutputStream:75 - [STDERR_REDIRECT] 
2024-04-15 19:37:29,642 [ERROR] LogOutputStream:75 - [STDERR_REDIRECT] 
