2024-03-17 18:28:08,307 [INFO] Activator:176 - 


2024-03-17 18:28:08,309 [INFO] Activator:177 - !SESSION log4j initialized
2024-03-17 18:28:10,776 [INFO] LogOutputStream:77 - [STDOUT_REDIRECT] 
2024-03-17 18:28:13,215 [INFO] ApplicationProperties:184 - Using Application install path: C:\ST\STM32CubeIDE_1.14.1\STM32CubeIDE\plugins\com.st.stm32cube.common.mx_6.10.0.202311202037
2024-03-17 18:28:13,229 [INFO] DbMcusXml:78 - Set database path to: C:\ST\STM32CubeIDE_1.14.1\STM32CubeIDE\plugins\com.st.stm32cube.common.mx_6.10.0.202311202037\\db\/mcu/
2024-03-17 18:28:13,230 [INFO] ApiDb:274 - Set plugin database path to: C:\ST\STM32CubeIDE_1.14.1\STM32CubeIDE\plugins\com.st.stm32cube.common.mx_6.10.0.202311202037\\db\/plugins/boardmanager/
2024-03-17 18:28:13,230 [WARN] ApiDb:259 - Overriding images path with different value:  => C:\ST\STM32CubeIDE_1.14.1\STM32CubeIDE\plugins\com.st.stm32cube.common.mx_6.10.0.202311202037\\db\/plugins/mcufinder/images/
2024-03-17 18:28:13,235 [INFO] ApiDb:250 - Set database path to: C:\Users\ASUS\.stmcufinder\plugins\mcufinder//mcu/
2024-03-17 18:28:13,235 [INFO] DbMcusAds:125 - Set database path to: C:\Users\ASUS\.stmcufinder\plugins\mcufinder//mcu/
2024-03-17 18:28:13,237 [INFO] CrossReferenceDbSqlite:203 - Set database path to: C:\Users\ASUS\.stmcufinder\plugins\mcufinder//mcu/cs/
2024-03-17 18:28:13,341 [INFO] RulesReader:64 - Compatibility file has been processed (297 Rules)
2024-03-17 18:28:13,429 [INFO] DbMcusXml:78 - Set database path to: C:\ST\STM32CubeIDE_1.14.1\STM32CubeIDE\plugins\com.st.stm32cube.common.mx_6.10.0.202311202037\\db\/mcu/
2024-03-17 18:28:13,429 [INFO] ApiDb:274 - Set plugin database path to: C:\ST\STM32CubeIDE_1.14.1\STM32CubeIDE\plugins\com.st.stm32cube.common.mx_6.10.0.202311202037\\db\/plugins/boardmanager/
2024-03-17 18:28:13,429 [INFO] ApiDb:261 - Set plugin images path to: C:\ST\STM32CubeIDE_1.14.1\STM32CubeIDE\plugins\com.st.stm32cube.common.mx_6.10.0.202311202037\\db\/plugins/mcufinder/images/
2024-03-17 18:28:13,429 [WARN] DbFile:41 - Overriding database path with different value: C:\Users\ASUS\.stmcufinder\plugins\mcufinder/ => C:\Users\ASUS\.stmcufinder\plugins\mcufinder
2024-03-17 18:28:13,429 [INFO] ApiDb:250 - Set database path to: C:\Users\ASUS\.stmcufinder\plugins\mcufinder//mcu/
2024-03-17 18:28:13,429 [WARN] DbFile:41 - Overriding database path with different value: C:\Users\ASUS\.stmcufinder\plugins\mcufinder/ => C:\Users\ASUS\.stmcufinder\plugins\mcufinder
2024-03-17 18:28:13,430 [INFO] DbMcusAds:125 - Set database path to: C:\Users\ASUS\.stmcufinder\plugins\mcufinder//mcu/
2024-03-17 18:28:13,430 [WARN] DbFile:41 - Overriding database path with different value: C:\Users\ASUS\.stmcufinder\plugins\mcufinder/ => C:\Users\ASUS\.stmcufinder\plugins\mcufinder
2024-03-17 18:28:13,430 [WARN] DbFile:41 - Overriding database path with different value: C:\Users\ASUS\.stmcufinder\plugins\mcufinder/ => C:\Users\ASUS\.stmcufinder\plugins\mcufinder
2024-03-17 18:28:13,430 [INFO] CrossReferenceDbSqlite:203 - Set database path to: C:\Users\ASUS\.stmcufinder\plugins\mcufinder//mcu/cs/
2024-03-17 18:28:13,500 [INFO] MainPanel:264 - HeapMemory: 268435456
2024-03-17 18:28:13,557 [INFO] DbMcusXml:78 - Set database path to: C:\ST\STM32CubeIDE_1.14.1\STM32CubeIDE\plugins\com.st.stm32cube.common.mx_6.10.0.202311202037\\db\/mcu/
2024-03-17 18:28:13,557 [INFO] ApiDb:274 - Set plugin database path to: C:\ST\STM32CubeIDE_1.14.1\STM32CubeIDE\plugins\com.st.stm32cube.common.mx_6.10.0.202311202037\\db\/plugins/boardmanager/
2024-03-17 18:28:13,557 [INFO] ApiDb:261 - Set plugin images path to: C:\ST\STM32CubeIDE_1.14.1\STM32CubeIDE\plugins\com.st.stm32cube.common.mx_6.10.0.202311202037\\db\/plugins/mcufinder/images/
2024-03-17 18:28:13,557 [WARN] DbFile:41 - Overriding database path with different value: C:\Users\ASUS\.stmcufinder\plugins\mcufinder/ => C:\Users\ASUS\.stmcufinder\plugins\mcufinder
2024-03-17 18:28:13,557 [INFO] ApiDb:250 - Set database path to: C:\Users\ASUS\.stmcufinder\plugins\mcufinder//mcu/
2024-03-17 18:28:13,557 [WARN] DbFile:41 - Overriding database path with different value: C:\Users\ASUS\.stmcufinder\plugins\mcufinder/ => C:\Users\ASUS\.stmcufinder\plugins\mcufinder
2024-03-17 18:28:13,557 [INFO] DbMcusAds:125 - Set database path to: C:\Users\ASUS\.stmcufinder\plugins\mcufinder//mcu/
2024-03-17 18:28:13,558 [WARN] DbFile:41 - Overriding database path with different value: C:\Users\ASUS\.stmcufinder\plugins\mcufinder/ => C:\Users\ASUS\.stmcufinder\plugins\mcufinder
2024-03-17 18:28:13,558 [WARN] DbFile:41 - Overriding database path with different value: C:\Users\ASUS\.stmcufinder\plugins\mcufinder/ => C:\Users\ASUS\.stmcufinder\plugins\mcufinder
2024-03-17 18:28:13,558 [INFO] CrossReferenceDbSqlite:203 - Set database path to: C:\Users\ASUS\.stmcufinder\plugins\mcufinder//mcu/cs/
2024-03-17 18:28:13,572 [INFO] ApplicationProperties:184 - Using Application install path: C:\ST\STM32CubeIDE_1.14.1\STM32CubeIDE\plugins\com.st.stm32cube.common.mx_6.10.0.202311202037
2024-03-17 18:28:13,574 [INFO] PluginManage:196 - Search for loadable plugins [exclusion list=, ]
2024-03-17 18:28:13,575 [INFO] PluginManage:310 - Check plugin analytics
2024-03-17 18:28:13,768 [INFO] AnalyticsPlugin:253 - Accepted Software Licenses: 
2024-03-17 18:28:13,768 [INFO] AnalyticsPlugin:255 - Accepted CMSIS Pack Licenses: 
2024-03-17 18:28:13,768 [INFO] AnalyticsPlugin:257 - Accepted Firmware Licenses: FW.F4.1.28.0
2024-03-17 18:28:13,772 [INFO] PluginManage:359 - Loaded plugin analytics (category:tool,tabindex:-1)
2024-03-17 18:28:13,773 [INFO] PluginManage:310 - Check plugin cadmodel
2024-03-17 18:28:13,777 [INFO] CADModel:105 - Init CAD model plugin
2024-03-17 18:28:13,777 [INFO] PluginManage:359 - Loaded plugin cadmodel (category:power,tabindex:5)
2024-03-17 18:28:13,777 [INFO] PluginManage:310 - Check plugin clock
2024-03-17 18:28:13,786 [INFO] PluginManage:359 - Loaded plugin clock (category:base,tabindex:2)
2024-03-17 18:28:13,786 [INFO] PluginManage:310 - Check plugin ddr
2024-03-17 18:28:13,789 [INFO] PluginManage:359 - Loaded plugin ddr (category:tool,tabindex:6)
2024-03-17 18:28:13,789 [INFO] PluginManage:310 - Check plugin filemanager
2024-03-17 18:28:13,942 [INFO] PluginManage:359 - Loaded plugin filemanager (category:base,tabindex:10)
2024-03-17 18:28:13,942 [INFO] PluginManage:310 - Check plugin ipmanager
2024-03-17 18:28:13,950 [INFO] PluginManage:359 - Loaded plugin ipmanager (category:base,tabindex:5)
2024-03-17 18:28:13,950 [INFO] PluginManage:310 - Check plugin lpbam
2024-03-17 18:28:13,960 [INFO] PluginManage:359 - Loaded plugin lpbam (category:base,tabindex:0)
2024-03-17 18:28:13,960 [INFO] PluginManage:310 - Check plugin memorymap
2024-03-17 18:28:13,975 [INFO] PluginManage:359 - Loaded plugin memorymap (category:base,tabindex:4)
2024-03-17 18:28:13,975 [INFO] PluginManage:310 - Check plugin pinoutandconfiguration
2024-03-17 18:28:13,983 [INFO] PluginManage:359 - Loaded plugin pinoutandconfiguration (category:base,tabindex:1)
2024-03-17 18:28:13,983 [INFO] PluginManage:310 - Check plugin pinoutconfig
2024-03-17 18:28:14,080 [WARN] SupportedApi:132 - Cannot load RTOS API schema: s4s-elt-must-match.1: The content of 'definitions' must match (annotation?, (simpleType | complexType)?, (unique | key | keyref)*)). A problem was found starting at: attribute.
2024-03-17 18:28:14,245 [INFO] PluginManage:359 - Loaded plugin pinoutconfig (category:base,tabindex:0)
2024-03-17 18:28:14,245 [INFO] PluginManage:310 - Check plugin power
2024-03-17 18:28:14,256 [INFO] PluginManage:359 - Loaded plugin power (category:power,tabindex:4)
2024-03-17 18:28:14,256 [INFO] PluginManage:310 - Check plugin projectmanager
2024-03-17 18:28:14,274 [INFO] PluginManage:359 - Loaded plugin projectmanager (category:projectmanager,tabindex:3)
2024-03-17 18:28:14,274 [INFO] PluginManage:310 - Check plugin thirdparty
2024-03-17 18:28:14,395 [INFO] PluginManage:359 - Loaded plugin thirdparty (category:base,tabindex:-1)
2024-03-17 18:28:14,395 [WARN] IntegrityCheckThread:84 - waiting for thirdparty lock release [integrity check]
2024-03-17 18:28:14,396 [INFO] PluginManage:310 - Check plugin tools
2024-03-17 18:28:14,396 [INFO] IntegrityCheckThread:86 - entering critical section [integrity check]
2024-03-17 18:28:14,396 [INFO] ThirdPartyUpdaterWithRetryManager:70 - Updater plugin not ready yet. [1/15]
2024-03-17 18:28:14,399 [INFO] PluginManage:359 - Loaded plugin tools (category:base,tabindex:7)
2024-03-17 18:28:14,399 [INFO] PluginManage:310 - Check plugin tutovideos
2024-03-17 18:28:14,552 [INFO] PluginManage:359 - Loaded plugin tutovideos (category:base,tabindex:-1)
2024-03-17 18:28:14,552 [INFO] PluginManage:310 - Check plugin updater
2024-03-17 18:28:14,564 [INFO] PluginManage:359 - Loaded plugin updater (category:base,tabindex:12)
2024-03-17 18:28:14,564 [INFO] PluginManage:310 - Check plugin userauth
2024-03-17 18:28:14,570 [INFO] UserAuth:114 - Init User Auth plugin
2024-03-17 18:28:14,570 [INFO] PluginManage:359 - Loaded plugin userauth (category:base,tabindex:14)
2024-03-17 18:28:14,573 [INFO] PluginManage:283 - PluginManage : Loaded plugins [17]
2024-03-17 18:28:14,796 [INFO] PinOutPanel:1499 - setPackage(No Configuration,No Configuration)
2024-03-17 18:28:14,877 [INFO] CADModel:165 - CPN selected for project level
2024-03-17 18:28:14,877 [INFO] CADModel:114 - Register for checkConnection events
2024-03-17 18:28:14,898 [INFO] IPUIPlugin:80 - create IPUIPlugin
2024-03-17 18:28:14,898 [INFO] PluginManager:220 - loadIPPluginJar : add adc
2024-03-17 18:28:14,900 [INFO] IPUIPlugin:80 - create IPUIPlugin
2024-03-17 18:28:14,900 [INFO] PluginManager:220 - loadIPPluginJar : add aes
2024-03-17 18:28:14,903 [INFO] IPUIPlugin:80 - create IPUIPlugin
2024-03-17 18:28:14,903 [INFO] PluginManager:220 - loadIPPluginJar : add can
2024-03-17 18:28:14,904 [INFO] IPUIPlugin:80 - create IPUIPlugin
2024-03-17 18:28:14,905 [INFO] PluginManager:220 - loadIPPluginJar : add comp
2024-03-17 18:28:14,908 [INFO] IPUIPlugin:80 - create IPUIPlugin
2024-03-17 18:28:14,908 [INFO] PluginManager:220 - loadIPPluginJar : add cryp
2024-03-17 18:28:14,910 [INFO] IPUIPlugin:80 - create IPUIPlugin
2024-03-17 18:28:14,910 [INFO] PluginManager:220 - loadIPPluginJar : add dfsdm
2024-03-17 18:28:14,915 [INFO] IPUIPlugin:80 - create IPUIPlugin
2024-03-17 18:28:14,915 [INFO] PluginManager:220 - loadIPPluginJar : add dma
2024-03-17 18:28:14,917 [INFO] IPUIPlugin:80 - create IPUIPlugin
2024-03-17 18:28:14,917 [INFO] PluginManager:220 - loadIPPluginJar : add dma3
2024-03-17 18:28:14,918 [INFO] IPUIPlugin:80 - create IPUIPlugin
2024-03-17 18:28:14,919 [INFO] PluginManager:220 - loadIPPluginJar : add fatfs
2024-03-17 18:28:14,925 [INFO] IPUIPlugin:80 - create IPUIPlugin
2024-03-17 18:28:14,925 [INFO] PluginManager:220 - loadIPPluginJar : add fmc
2024-03-17 18:28:14,930 [INFO] IPUIPlugin:80 - create IPUIPlugin
2024-03-17 18:28:14,930 [INFO] PluginManager:220 - loadIPPluginJar : add freertos
2024-03-17 18:28:14,931 [INFO] IPUIPlugin:80 - create IPUIPlugin
2024-03-17 18:28:14,931 [INFO] PluginManager:220 - loadIPPluginJar : add genericplugin
2024-03-17 18:28:14,933 [INFO] IPUIPlugin:80 - create IPUIPlugin
2024-03-17 18:28:14,933 [INFO] PluginManager:220 - loadIPPluginJar : add gfxmmu
2024-03-17 18:28:14,937 [INFO] IPUIPlugin:80 - create IPUIPlugin
2024-03-17 18:28:14,937 [INFO] PluginManager:220 - loadIPPluginJar : add gic
2024-03-17 18:28:14,943 [INFO] IPUIPlugin:80 - create IPUIPlugin
2024-03-17 18:28:14,943 [INFO] PluginManager:220 - loadIPPluginJar : add gpio
2024-03-17 18:28:14,946 [INFO] IPUIPlugin:80 - create IPUIPlugin
2024-03-17 18:28:14,946 [INFO] PluginManager:220 - loadIPPluginJar : add gtzc
2024-03-17 18:28:14,948 [INFO] IPUIPlugin:80 - create IPUIPlugin
2024-03-17 18:28:14,948 [INFO] PluginManager:220 - loadIPPluginJar : add hash
2024-03-17 18:28:14,950 [INFO] IPUIPlugin:80 - create IPUIPlugin
2024-03-17 18:28:14,950 [INFO] PluginManager:220 - loadIPPluginJar : add i2c
2024-03-17 18:28:14,952 [INFO] IPUIPlugin:80 - create IPUIPlugin
2024-03-17 18:28:14,953 [INFO] PluginManager:220 - loadIPPluginJar : add i2s
2024-03-17 18:28:14,957 [INFO] IPUIPlugin:80 - create IPUIPlugin
2024-03-17 18:28:14,957 [INFO] PluginManager:220 - loadIPPluginJar : add i3c
2024-03-17 18:28:14,961 [INFO] IPUIPlugin:80 - create IPUIPlugin
2024-03-17 18:28:14,961 [INFO] PluginManager:220 - loadIPPluginJar : add ipddr
2024-03-17 18:28:14,968 [INFO] IPUIPlugin:80 - create IPUIPlugin
2024-03-17 18:28:14,968 [INFO] PluginManager:220 - loadIPPluginJar : add linkedlist
2024-03-17 18:28:14,972 [INFO] IPUIPlugin:80 - create IPUIPlugin
2024-03-17 18:28:14,972 [INFO] PluginManager:220 - loadIPPluginJar : add lorawan
2024-03-17 18:28:14,974 [INFO] IPUIPlugin:80 - create IPUIPlugin
2024-03-17 18:28:14,974 [INFO] PluginManager:220 - loadIPPluginJar : add ltdc
2024-03-17 18:28:14,981 [INFO] IPUIPlugin:80 - create IPUIPlugin
2024-03-17 18:28:14,981 [INFO] PluginManager:220 - loadIPPluginJar : add mdma
2024-03-17 18:28:14,985 [INFO] IPUIPlugin:80 - create IPUIPlugin
2024-03-17 18:28:14,985 [INFO] PluginManager:220 - loadIPPluginJar : add nvic
2024-03-17 18:28:14,989 [INFO] IPUIPlugin:80 - create IPUIPlugin
2024-03-17 18:28:14,989 [INFO] PluginManager:220 - loadIPPluginJar : add opamp
2024-03-17 18:28:14,993 [INFO] IPUIPlugin:80 - create IPUIPlugin
2024-03-17 18:28:14,993 [INFO] PluginManager:220 - loadIPPluginJar : add openamp
2024-03-17 18:28:14,996 [INFO] IPUIPlugin:80 - create IPUIPlugin
2024-03-17 18:28:14,996 [INFO] PluginManager:220 - loadIPPluginJar : add pdm2pcm
2024-03-17 18:28:15,003 [INFO] IPUIPlugin:80 - create IPUIPlugin
2024-03-17 18:28:15,007 [INFO] PluginManager:220 - loadIPPluginJar : add plateformsettings
2024-03-17 18:28:15,009 [INFO] IPUIPlugin:80 - create IPUIPlugin
2024-03-17 18:28:15,009 [INFO] PluginManager:220 - loadIPPluginJar : add quadspi
2024-03-17 18:28:15,012 [INFO] IPUIPlugin:80 - create IPUIPlugin
2024-03-17 18:28:15,012 [INFO] PluginManager:220 - loadIPPluginJar : add resmgrutility
2024-03-17 18:28:15,015 [INFO] IPUIPlugin:80 - create IPUIPlugin
2024-03-17 18:28:15,015 [INFO] PluginManager:220 - loadIPPluginJar : add sai
2024-03-17 18:28:15,017 [INFO] IPUIPlugin:80 - create IPUIPlugin
2024-03-17 18:28:15,017 [INFO] PluginManager:220 - loadIPPluginJar : add spi
2024-03-17 18:28:15,023 [INFO] IPUIPlugin:80 - create IPUIPlugin
2024-03-17 18:28:15,023 [INFO] PluginManager:220 - loadIPPluginJar : add stm32_wpan
2024-03-17 18:28:15,025 [INFO] IPUIPlugin:80 - create IPUIPlugin
2024-03-17 18:28:15,025 [INFO] PluginManager:220 - loadIPPluginJar : add tim
2024-03-17 18:28:15,028 [INFO] IPUIPlugin:80 - create IPUIPlugin
2024-03-17 18:28:15,028 [INFO] PluginManager:220 - loadIPPluginJar : add touchsensing
2024-03-17 18:28:15,029 [INFO] IPUIPlugin:80 - create IPUIPlugin
2024-03-17 18:28:15,029 [INFO] PluginManager:220 - loadIPPluginJar : add tracer_emb
2024-03-17 18:28:15,031 [INFO] IPUIPlugin:80 - create IPUIPlugin
2024-03-17 18:28:15,031 [INFO] PluginManager:220 - loadIPPluginJar : add ts
2024-03-17 18:28:15,032 [INFO] IPUIPlugin:80 - create IPUIPlugin
2024-03-17 18:28:15,032 [INFO] PluginManager:220 - loadIPPluginJar : add tsc
2024-03-17 18:28:15,033 [INFO] IPUIPlugin:80 - create IPUIPlugin
2024-03-17 18:28:15,033 [INFO] PluginManager:220 - loadIPPluginJar : add ucpd
2024-03-17 18:28:15,035 [INFO] IPUIPlugin:80 - create IPUIPlugin
2024-03-17 18:28:15,035 [INFO] PluginManager:220 - loadIPPluginJar : add usart
2024-03-17 18:28:15,038 [INFO] IPUIPlugin:80 - create IPUIPlugin
2024-03-17 18:28:15,038 [INFO] PluginManager:220 - loadIPPluginJar : add usbx
2024-03-17 18:28:15,192 [INFO] CADModel:165 - CPN selected for project level
2024-03-17 18:28:15,192 [INFO] CADModel:114 - Register for checkConnection events
2024-03-17 18:28:15,192 [FATAL] Updater:308 - Updater called before beeing initialized
2024-03-17 18:28:15,193 [ERROR] CADModel:125 - Updater not yet initialized, retry later 
2024-03-17 18:28:15,356 [INFO] CADModel:165 - CPN selected for project level
2024-03-17 18:28:15,356 [INFO] CADModel:114 - Register for checkConnection events
2024-03-17 18:28:15,356 [FATAL] Updater:308 - Updater called before beeing initialized
2024-03-17 18:28:15,356 [ERROR] CADModel:125 - Updater not yet initialized, retry later 
2024-03-17 18:28:15,360 [FATAL] Updater:308 - Updater called before beeing initialized
2024-03-17 18:28:15,517 [FATAL] Updater:308 - Updater called before beeing initialized
2024-03-17 18:28:15,522 [INFO] DbMcusAds:53 - JSON generation date=Wed Nov 29 05:52:27 COT 2023 (1701255147349)
2024-03-17 18:28:15,522 [FATAL] Updater:308 - Updater called before beeing initialized
2024-03-17 18:28:15,565 [WARN] DetailPanel:346 - Failed to get advertising image, set to default
2024-03-17 18:28:15,699 [FATAL] Updater:308 - Updater called before beeing initialized
2024-03-17 18:28:15,701 [FATAL] Updater:308 - Updater called before beeing initialized
2024-03-17 18:28:15,701 [FATAL] Updater:308 - Updater called before beeing initialized
2024-03-17 18:28:15,701 [WARN] DetailPanel:346 - Failed to get advertising image, set to default
2024-03-17 18:28:15,702 [FATAL] Updater:308 - Updater called before beeing initialized
2024-03-17 18:28:15,764 [ERROR] Updater:1120 - MainUpdater not yet initialized. External WinMGr cannot be set.
2024-03-17 18:28:15,766 [INFO] Updater:1056 - Updater Version found : 6.10.0
2024-03-17 18:28:15,793 [INFO] ApplicationProperties:184 - Using Application install path: C:\ST\STM32CubeIDE_1.14.1\STM32CubeIDE\plugins\com.st.stm32cube.common.mx_6.10.0.202311202037
2024-03-17 18:28:17,366 [ERROR] LogOutputStream:75 - [STDERR_REDIRECT] Mar 17, 2024 6:28:17 PM java.util.prefs.WindowsPreferences <init>
2024-03-17 18:28:17,368 [ERROR] LogOutputStream:75 - [STDERR_REDIRECT] WARNING: Could not open/create prefs root node Software\JavaSoft\Prefs at root 0xffffffff80000002. Windows RegCreateKeyEx(...) returned error code 5.
2024-03-17 18:28:17,368 [ERROR] LogOutputStream:75 - [STDERR_REDIRECT] 
2024-03-17 18:28:17,398 [INFO] ThirdPartyUpdaterWithRetryManager:70 - Updater plugin not ready yet. [2/15]
2024-03-17 18:28:17,676 [INFO] MainUpdater:2873 - connection check result : 10
2024-03-17 18:28:17,677 [INFO] MainUpdater:290 - Updater Check For Update Now.
2024-03-17 18:28:17,678 [INFO] MicroXplorer:498 - Change Database Version : DB.6.0.100
2024-03-17 18:28:17,683 [INFO] McuFinderGlobals:63 - Set McuFinder mode to 2 (CubeIDE integrated)
2024-03-17 18:28:17,898 [INFO] CheckServerUpdateThread:120 - End of CheckServer Thread
2024-03-17 18:28:19,324 [INFO] UserAuth:404 - Internet connection configuration mode: 1
2024-03-17 18:28:19,337 [INFO] JxBrowserEngine:152 - Initiate JxBrowser Engine with user profile folder
2024-03-17 18:28:19,849 [INFO] WebApp:161 - Instantiating new browser for Auth
2024-03-17 18:28:20,356 [INFO] WebApp:780 - Register for checkConnection events
2024-03-17 18:28:20,356 [INFO] WebApp:414 - Apply proxy settings
2024-03-17 18:28:20,357 [INFO] WebApp:499 - Chromium requires no authentication
2024-03-17 18:28:20,361 [INFO] WebApp:442 - Direct internet connection detected
2024-03-17 18:28:20,600 [INFO] WebApp:192 - Starting web application
2024-03-17 18:28:20,600 [INFO] WebApp:544 - Web application path used C:\ST\STM32CubeIDE_1.14.1\STM32CubeIDE\plugins\com.st.stm32cube.common.mx_6.10.0.202311202037\db\plugins\mcufinder\reactClient1\index.html
2024-03-17 18:28:20,607 [WARN] PackLoader:240 - Cannot read IP mode file for STMicroelectronics.X-CUBE-SMBUS.2.1.0
2024-03-17 18:28:20,616 [WARN] PackLoader:240 - Cannot read IP mode file for STMicroelectronics.X-CUBE-TOUCHGFX.4.23.0
2024-03-17 18:28:20,663 [WARN] PackLoader:240 - Cannot read IP mode file for STMicroelectronics.X-CUBE-AZRTOS-F7.1.1.0
2024-03-17 18:28:20,680 [WARN] PackLoader:240 - Cannot read IP mode file for STMicroelectronics.FP-SNS-MOTENV1.4.3.2
2024-03-17 18:28:20,694 [WARN] PackLoader:240 - Cannot read IP mode file for STMicroelectronics.FP-SNS-FLIGHT1.5.0.2
2024-03-17 18:28:20,712 [WARN] PackLoader:240 - Cannot read IP mode file for STMicroelectronics.X-CUBE-DISPLAY.3.0.0
2024-03-17 18:28:20,745 [WARN] PackLoader:240 - Cannot read IP mode file for STMicroelectronics.X-CUBE-BLE1.7.0.0
2024-03-17 18:28:20,755 [WARN] PackLoader:240 - Cannot read IP mode file for emotas.I-CUBE-CANOPEN.1.3.0
2024-03-17 18:28:20,776 [WARN] PackLoader:240 - Cannot read IP mode file for STMicroelectronics.X-CUBE-BLEMGR.3.1.0
2024-03-17 18:28:20,804 [WARN] PackLoader:240 - Cannot read IP mode file for STMicroelectronics.FP-SNS-SMARTAG2.1.2.0
2024-03-17 18:28:20,854 [INFO] LogOutputStream:77 - [STDOUT_REDIRECT] 1 : Invalid condition id : UX_CORESTACK_Condition cause : null
2024-03-17 18:28:20,856 [INFO] LogOutputStream:77 - [STDOUT_REDIRECT] 1 : Invalid condition id : UX_CORESTACK_Condition cause : null
2024-03-17 18:28:20,858 [INFO] LogOutputStream:77 - [STDOUT_REDIRECT] 1 : Invalid condition id : UX_CORESTACK_Condition cause : null
2024-03-17 18:28:20,860 [INFO] LogOutputStream:77 - [STDOUT_REDIRECT] 1 : Invalid condition id : UX_CORESTACK_Condition cause : null
2024-03-17 18:28:20,863 [INFO] LogOutputStream:77 - [STDOUT_REDIRECT] 1 : Invalid condition id : UX_CORESTACK_Condition cause : null
2024-03-17 18:28:20,871 [WARN] PackLoader:240 - Cannot read IP mode file for STMicroelectronics.X-CUBE-AZRTOS-WL.2.0.0
2024-03-17 18:28:20,901 [WARN] PackLoader:240 - Cannot read IP mode file for WES.I-CUBE-Cesium.1.3.0
2024-03-17 18:28:20,911 [WARN] PackLoader:240 - Cannot read IP mode file for STMicroelectronics.X-CUBE-BLE2.3.3.0
2024-03-17 18:28:20,923 [WARN] PackLoader:240 - Cannot read IP mode file for STMicroelectronics.X-CUBE-ALGOBUILD.1.3.0
2024-03-17 18:28:20,955 [WARN] PackLoader:240 - Cannot read IP mode file for STMicroelectronics.X-CUBE-AZRTOS-G0.1.1.0
2024-03-17 18:28:20,967 [WARN] PackLoader:240 - Cannot read IP mode file for STMicroelectronics.X-CUBE-NFC4.3.0.0
2024-03-17 18:28:21,002 [WARN] PackLoader:240 - Cannot read IP mode file for STMicroelectronics.X-CUBE-BLEMGR.3.0.0
2024-03-17 18:28:21,020 [WARN] PackLoader:240 - Cannot read IP mode file for STMicroelectronics.FP-ATR-SIGFOX1.3.2.0
2024-03-17 18:28:21,033 [WARN] PackLoader:240 - Cannot read IP mode file for STMicroelectronics.X-CUBE-EEPRMA1.5.1.0
2024-03-17 18:28:21,153 [WARN] PackLoader:240 - Cannot read IP mode file for SEGGER.I-CUBE-embOS.1.3.1
2024-03-17 18:28:21,231 [WARN] PackLoader:240 - Cannot read IP mode file for STMicroelectronics.X-CUBE-GNSS1.6.0.0
2024-03-17 18:28:21,290 [WARN] PackLoader:240 - Cannot read IP mode file for STMicroelectronics.X-CUBE-AZRTOS-F4.1.1.0
2024-03-17 18:28:21,299 [WARN] PackLoader:240 - Cannot read IP mode file for wolfSSL.I-CUBE-wolfSSL.5.6.6
2024-03-17 18:28:21,335 [WARN] PackLoader:240 - Cannot read IP mode file for STMicroelectronics.X-CUBE-AZRTOS-L5.2.0.0
2024-03-17 18:28:21,346 [WARN] PackLoader:240 - Cannot read IP mode file for ITTIA_DB.I-CUBE-ITTIADB.8.8.0
2024-03-17 18:28:21,353 [WARN] PackLoader:240 - Cannot read IP mode file for STMicroelectronics.X-CUBE-NFC7.1.0.1
2024-03-17 18:28:21,364 [WARN] PackLoader:240 - Cannot read IP mode file for STMicroelectronics.X-CUBE-NFC6.3.0.0
2024-03-17 18:28:21,371 [WARN] PackLoader:240 - Cannot read IP mode file for STMicroelectronics.X-CUBE-AI.8.1.0
2024-03-17 18:28:21,400 [WARN] ConditionMgr:438 - getConditionDescription Invalid condition id : LAN8742 Phy interface Condition cause : null
2024-03-17 18:28:21,401 [WARN] PackLoader:240 - Cannot read IP mode file for STMicroelectronics.X-CUBE-AZRTOS-L4.2.0.0
2024-03-17 18:28:21,403 [WARN] ConditionMgr:1039 - genDependencies : Invalid condition id : LAN8742 Phy interface Condition cause : null
2024-03-17 18:28:21,403 [WARN] ConditionMgr:1039 - genDependencies : Invalid condition id : LAN8742 Phy interface Condition cause : null
2024-03-17 18:28:21,405 [WARN] ConditionMgr:1039 - genDependencies : Invalid condition id : LAN8742 Phy interface Condition cause : null
2024-03-17 18:28:21,415 [WARN] PackLoader:240 - Cannot read IP mode file for STMicroelectronics.X-CUBE-SFXS2LP1.4.0.0
2024-03-17 18:28:21,433 [WARN] ConditionMgr:438 - getConditionDescription Invalid condition id : UX DEVICE CLASS RTOS Condition cause : null
2024-03-17 18:28:21,434 [WARN] ConditionMgr:438 - getConditionDescription Invalid condition id : UX DEVICE CLASS RTOS Condition cause : null
2024-03-17 18:28:21,436 [WARN] PackLoader:240 - Cannot read IP mode file for STMicroelectronics.X-CUBE-AZRTOS-WB.2.0.0
2024-03-17 18:28:21,437 [WARN] ConditionMgr:1039 - genDependencies : Invalid condition id : UX DEVICE CLASS RTOS Condition cause : null
2024-03-17 18:28:21,437 [WARN] ConditionMgr:1039 - genDependencies : Invalid condition id : UX DEVICE CLASS RTOS Condition cause : null
2024-03-17 18:28:21,440 [WARN] ConditionMgr:1039 - genDependencies : Invalid condition id : UX DEVICE CLASS RTOS Condition cause : null
2024-03-17 18:28:21,441 [WARN] ConditionMgr:1039 - genDependencies : Invalid condition id : UX DEVICE CLASS RTOS Condition cause : null
2024-03-17 18:28:21,441 [WARN] ConditionMgr:1039 - genDependencies : Invalid condition id : UX DEVICE CLASS RTOS Condition cause : null
2024-03-17 18:28:21,455 [WARN] PackLoader:240 - Cannot read IP mode file for STMicroelectronics.X-CUBE-SUBG2.5.0.0
2024-03-17 18:28:21,481 [WARN] PackLoader:240 - Cannot read IP mode file for STMicroelectronics.X-CUBE-AZRTOS-G4.2.0.0
2024-03-17 18:28:21,499 [WARN] PackLoader:240 - Cannot read IP mode file for Infineon.AIROC-Wi-Fi-Bluetooth-STM32.1.5.1
2024-03-17 18:28:21,510 [WARN] PackLoader:240 - Cannot read IP mode file for STMicroelectronics.FP-SNS-MOTENVWB1.1.3.1
2024-03-17 18:28:21,514 [WARN] PackLoader:240 - Cannot read IP mode file for STMicroelectronics.X-CUBE-ISPU.2.0.0
2024-03-17 18:28:21,561 [WARN] PackLoader:240 - Cannot read IP mode file for STMicroelectronics.X-CUBE-MEMS1.10.0.0
2024-03-17 18:28:21,714 [WARN] PackLoader:240 - Cannot read IP mode file for STMicroelectronics.X-CUBE-FREERTOS.1.1.0
2024-03-17 18:28:21,718 [WARN] PackLoader:240 - Cannot read IP mode file for portGmbH.I-Cube-SoM-uGOAL.1.1.0
2024-03-17 18:28:21,724 [WARN] PackLoader:240 - Cannot read IP mode file for STMicroelectronics.X-CUBE-ALS.1.0.1
2024-03-17 18:28:21,727 [WARN] PackLoader:240 - Cannot read IP mode file for STMicroelectronics.FP-ATR-ASTRA1.2.0.0
2024-03-17 18:28:21,735 [WARN] PackLoader:240 - Cannot read IP mode file for STMicroelectronics.X-CUBE-TOF1.3.4.0
2024-03-17 18:28:21,753 [WARN] PackLoader:240 - Cannot read IP mode file for STMicroelectronics.X-CUBE-TOF1.3.4.1
2024-03-17 18:28:21,778 [WARN] PackLoader:240 - Cannot read IP mode file for STMicroelectronics.X-CUBE-AZRTOS-H7.3.2.0
2024-03-17 18:28:21,781 [INFO] ThirdParty:978 - Integrity check success = true
2024-03-17 18:28:21,781 [INFO] IntegrityCheckThread:100 - exiting critical section [integrity check]
2024-03-17 18:28:21,782 [INFO] IntegrityCheckThread:103 - End integrity checks thread
2024-03-17 18:28:41,419 [ERROR] LogOutputStream:75 - [STDERR_REDIRECT] SLF4J: Failed to load class "org.slf4j.impl.StaticLoggerBinder".
2024-03-17 18:28:41,420 [ERROR] LogOutputStream:75 - [STDERR_REDIRECT] SLF4J: Defaulting to no-operation (NOP) logger implementation
2024-03-17 18:28:41,423 [ERROR] LogOutputStream:75 - [STDERR_REDIRECT] SLF4J: See http://www.slf4j.org/codes.html#StaticLoggerBinder for further details.
2024-03-17 19:04:45,291 [ERROR] LogOutputStream:75 - [STDERR_REDIRECT] 
2024-03-17 19:04:45,291 [ERROR] LogOutputStream:75 - [STDERR_REDIRECT] 
2024-03-17 19:38:06,043 [INFO] Activator:176 - 


2024-03-17 19:38:06,044 [INFO] Activator:177 - !SESSION log4j initialized
2024-03-17 19:38:10,770 [INFO] LogOutputStream:77 - [STDOUT_REDIRECT] 
2024-03-17 19:38:12,521 [INFO] ApplicationProperties:184 - Using Application install path: C:\ST\STM32CubeIDE_1.14.1\STM32CubeIDE\plugins\com.st.stm32cube.common.mx_6.10.0.202311202037
2024-03-17 19:38:12,532 [INFO] DbMcusXml:78 - Set database path to: C:\ST\STM32CubeIDE_1.14.1\STM32CubeIDE\plugins\com.st.stm32cube.common.mx_6.10.0.202311202037\\db\/mcu/
2024-03-17 19:38:12,532 [INFO] ApiDb:274 - Set plugin database path to: C:\ST\STM32CubeIDE_1.14.1\STM32CubeIDE\plugins\com.st.stm32cube.common.mx_6.10.0.202311202037\\db\/plugins/boardmanager/
2024-03-17 19:38:12,533 [WARN] ApiDb:259 - Overriding images path with different value:  => C:\ST\STM32CubeIDE_1.14.1\STM32CubeIDE\plugins\com.st.stm32cube.common.mx_6.10.0.202311202037\\db\/plugins/mcufinder/images/
2024-03-17 19:38:12,536 [INFO] ApiDb:250 - Set database path to: C:\Users\ASUS\.stmcufinder\plugins\mcufinder//mcu/
2024-03-17 19:38:12,537 [INFO] DbMcusAds:125 - Set database path to: C:\Users\ASUS\.stmcufinder\plugins\mcufinder//mcu/
2024-03-17 19:38:12,538 [INFO] CrossReferenceDbSqlite:203 - Set database path to: C:\Users\ASUS\.stmcufinder\plugins\mcufinder//mcu/cs/
2024-03-17 19:38:12,621 [INFO] RulesReader:64 - Compatibility file has been processed (297 Rules)
2024-03-17 19:38:12,688 [INFO] DbMcusXml:78 - Set database path to: C:\ST\STM32CubeIDE_1.14.1\STM32CubeIDE\plugins\com.st.stm32cube.common.mx_6.10.0.202311202037\\db\/mcu/
2024-03-17 19:38:12,688 [INFO] ApiDb:274 - Set plugin database path to: C:\ST\STM32CubeIDE_1.14.1\STM32CubeIDE\plugins\com.st.stm32cube.common.mx_6.10.0.202311202037\\db\/plugins/boardmanager/
2024-03-17 19:38:12,689 [INFO] ApiDb:261 - Set plugin images path to: C:\ST\STM32CubeIDE_1.14.1\STM32CubeIDE\plugins\com.st.stm32cube.common.mx_6.10.0.202311202037\\db\/plugins/mcufinder/images/
2024-03-17 19:38:12,689 [WARN] DbFile:41 - Overriding database path with different value: C:\Users\ASUS\.stmcufinder\plugins\mcufinder/ => C:\Users\ASUS\.stmcufinder\plugins\mcufinder
2024-03-17 19:38:12,689 [INFO] ApiDb:250 - Set database path to: C:\Users\ASUS\.stmcufinder\plugins\mcufinder//mcu/
2024-03-17 19:38:12,689 [WARN] DbFile:41 - Overriding database path with different value: C:\Users\ASUS\.stmcufinder\plugins\mcufinder/ => C:\Users\ASUS\.stmcufinder\plugins\mcufinder
2024-03-17 19:38:12,689 [INFO] DbMcusAds:125 - Set database path to: C:\Users\ASUS\.stmcufinder\plugins\mcufinder//mcu/
2024-03-17 19:38:12,689 [WARN] DbFile:41 - Overriding database path with different value: C:\Users\ASUS\.stmcufinder\plugins\mcufinder/ => C:\Users\ASUS\.stmcufinder\plugins\mcufinder
2024-03-17 19:38:12,689 [WARN] DbFile:41 - Overriding database path with different value: C:\Users\ASUS\.stmcufinder\plugins\mcufinder/ => C:\Users\ASUS\.stmcufinder\plugins\mcufinder
2024-03-17 19:38:12,689 [INFO] CrossReferenceDbSqlite:203 - Set database path to: C:\Users\ASUS\.stmcufinder\plugins\mcufinder//mcu/cs/
2024-03-17 19:38:12,740 [INFO] MainPanel:264 - HeapMemory: 268435456
2024-03-17 19:38:12,796 [INFO] DbMcusXml:78 - Set database path to: C:\ST\STM32CubeIDE_1.14.1\STM32CubeIDE\plugins\com.st.stm32cube.common.mx_6.10.0.202311202037\\db\/mcu/
2024-03-17 19:38:12,796 [INFO] ApiDb:274 - Set plugin database path to: C:\ST\STM32CubeIDE_1.14.1\STM32CubeIDE\plugins\com.st.stm32cube.common.mx_6.10.0.202311202037\\db\/plugins/boardmanager/
2024-03-17 19:38:12,796 [INFO] ApiDb:261 - Set plugin images path to: C:\ST\STM32CubeIDE_1.14.1\STM32CubeIDE\plugins\com.st.stm32cube.common.mx_6.10.0.202311202037\\db\/plugins/mcufinder/images/
2024-03-17 19:38:12,796 [WARN] DbFile:41 - Overriding database path with different value: C:\Users\ASUS\.stmcufinder\plugins\mcufinder/ => C:\Users\ASUS\.stmcufinder\plugins\mcufinder
2024-03-17 19:38:12,796 [INFO] ApiDb:250 - Set database path to: C:\Users\ASUS\.stmcufinder\plugins\mcufinder//mcu/
2024-03-17 19:38:12,796 [WARN] DbFile:41 - Overriding database path with different value: C:\Users\ASUS\.stmcufinder\plugins\mcufinder/ => C:\Users\ASUS\.stmcufinder\plugins\mcufinder
2024-03-17 19:38:12,796 [INFO] DbMcusAds:125 - Set database path to: C:\Users\ASUS\.stmcufinder\plugins\mcufinder//mcu/
2024-03-17 19:38:12,796 [WARN] DbFile:41 - Overriding database path with different value: C:\Users\ASUS\.stmcufinder\plugins\mcufinder/ => C:\Users\ASUS\.stmcufinder\plugins\mcufinder
2024-03-17 19:38:12,796 [WARN] DbFile:41 - Overriding database path with different value: C:\Users\ASUS\.stmcufinder\plugins\mcufinder/ => C:\Users\ASUS\.stmcufinder\plugins\mcufinder
2024-03-17 19:38:12,796 [INFO] CrossReferenceDbSqlite:203 - Set database path to: C:\Users\ASUS\.stmcufinder\plugins\mcufinder//mcu/cs/
2024-03-17 19:38:12,809 [INFO] ApplicationProperties:184 - Using Application install path: C:\ST\STM32CubeIDE_1.14.1\STM32CubeIDE\plugins\com.st.stm32cube.common.mx_6.10.0.202311202037
2024-03-17 19:38:12,810 [INFO] PluginManage:196 - Search for loadable plugins [exclusion list=, ]
2024-03-17 19:38:12,811 [INFO] PluginManage:310 - Check plugin analytics
2024-03-17 19:38:12,949 [INFO] AnalyticsPlugin:253 - Accepted Software Licenses: 
2024-03-17 19:38:12,949 [INFO] AnalyticsPlugin:255 - Accepted CMSIS Pack Licenses: 
2024-03-17 19:38:12,949 [INFO] AnalyticsPlugin:257 - Accepted Firmware Licenses: FW.F4.1.28.0
2024-03-17 19:38:12,951 [INFO] PluginManage:359 - Loaded plugin analytics (category:tool,tabindex:-1)
2024-03-17 19:38:12,952 [INFO] PluginManage:310 - Check plugin cadmodel
2024-03-17 19:38:12,962 [INFO] CADModel:105 - Init CAD model plugin
2024-03-17 19:38:12,962 [INFO] PluginManage:359 - Loaded plugin cadmodel (category:power,tabindex:5)
2024-03-17 19:38:12,962 [INFO] PluginManage:310 - Check plugin clock
2024-03-17 19:38:12,976 [INFO] PluginManage:359 - Loaded plugin clock (category:base,tabindex:2)
2024-03-17 19:38:12,976 [INFO] PluginManage:310 - Check plugin ddr
2024-03-17 19:38:12,979 [INFO] PluginManage:359 - Loaded plugin ddr (category:tool,tabindex:6)
2024-03-17 19:38:12,979 [INFO] PluginManage:310 - Check plugin filemanager
2024-03-17 19:38:13,109 [INFO] PluginManage:359 - Loaded plugin filemanager (category:base,tabindex:10)
2024-03-17 19:38:13,109 [INFO] PluginManage:310 - Check plugin ipmanager
2024-03-17 19:38:13,115 [INFO] PluginManage:359 - Loaded plugin ipmanager (category:base,tabindex:5)
2024-03-17 19:38:13,115 [INFO] PluginManage:310 - Check plugin lpbam
2024-03-17 19:38:13,129 [INFO] PluginManage:359 - Loaded plugin lpbam (category:base,tabindex:0)
2024-03-17 19:38:13,129 [INFO] PluginManage:310 - Check plugin memorymap
2024-03-17 19:38:13,146 [INFO] PluginManage:359 - Loaded plugin memorymap (category:base,tabindex:4)
2024-03-17 19:38:13,146 [INFO] PluginManage:310 - Check plugin pinoutandconfiguration
2024-03-17 19:38:13,162 [INFO] PluginManage:359 - Loaded plugin pinoutandconfiguration (category:base,tabindex:1)
2024-03-17 19:38:13,162 [INFO] PluginManage:310 - Check plugin pinoutconfig
2024-03-17 19:38:13,242 [WARN] SupportedApi:132 - Cannot load RTOS API schema: s4s-elt-must-match.1: The content of 'definitions' must match (annotation?, (simpleType | complexType)?, (unique | key | keyref)*)). A problem was found starting at: attribute.
2024-03-17 19:38:13,342 [INFO] PluginManage:359 - Loaded plugin pinoutconfig (category:base,tabindex:0)
2024-03-17 19:38:13,342 [INFO] PluginManage:310 - Check plugin power
2024-03-17 19:38:13,355 [INFO] PluginManage:359 - Loaded plugin power (category:power,tabindex:4)
2024-03-17 19:38:13,355 [INFO] PluginManage:310 - Check plugin projectmanager
2024-03-17 19:38:13,370 [INFO] PluginManage:359 - Loaded plugin projectmanager (category:projectmanager,tabindex:3)
2024-03-17 19:38:13,370 [INFO] PluginManage:310 - Check plugin thirdparty
2024-03-17 19:38:13,600 [INFO] PluginManage:359 - Loaded plugin thirdparty (category:base,tabindex:-1)
2024-03-17 19:38:13,600 [INFO] PluginManage:310 - Check plugin tools
2024-03-17 19:38:13,600 [WARN] IntegrityCheckThread:84 - waiting for thirdparty lock release [integrity check]
2024-03-17 19:38:13,600 [INFO] IntegrityCheckThread:86 - entering critical section [integrity check]
2024-03-17 19:38:13,600 [INFO] ThirdPartyUpdaterWithRetryManager:70 - Updater plugin not ready yet. [1/15]
2024-03-17 19:38:13,622 [INFO] PluginManage:359 - Loaded plugin tools (category:base,tabindex:7)
2024-03-17 19:38:13,623 [INFO] PluginManage:310 - Check plugin tutovideos
2024-03-17 19:38:13,756 [INFO] PluginManage:359 - Loaded plugin tutovideos (category:base,tabindex:-1)
2024-03-17 19:38:13,756 [INFO] PluginManage:310 - Check plugin updater
2024-03-17 19:38:13,763 [INFO] PluginManage:359 - Loaded plugin updater (category:base,tabindex:12)
2024-03-17 19:38:13,763 [INFO] PluginManage:310 - Check plugin userauth
2024-03-17 19:38:13,767 [INFO] UserAuth:114 - Init User Auth plugin
2024-03-17 19:38:13,767 [INFO] PluginManage:359 - Loaded plugin userauth (category:base,tabindex:14)
2024-03-17 19:38:13,767 [INFO] PluginManage:283 - PluginManage : Loaded plugins [17]
2024-03-17 19:38:13,927 [INFO] PinOutPanel:1499 - setPackage(No Configuration,No Configuration)
2024-03-17 19:38:14,000 [INFO] CADModel:165 - CPN selected for project level
2024-03-17 19:38:14,001 [INFO] CADModel:114 - Register for checkConnection events
2024-03-17 19:38:14,027 [INFO] IPUIPlugin:80 - create IPUIPlugin
2024-03-17 19:38:14,027 [INFO] PluginManager:220 - loadIPPluginJar : add adc
2024-03-17 19:38:14,057 [INFO] IPUIPlugin:80 - create IPUIPlugin
2024-03-17 19:38:14,057 [INFO] PluginManager:220 - loadIPPluginJar : add aes
2024-03-17 19:38:14,086 [INFO] IPUIPlugin:80 - create IPUIPlugin
2024-03-17 19:38:14,087 [INFO] PluginManager:220 - loadIPPluginJar : add can
2024-03-17 19:38:14,101 [INFO] IPUIPlugin:80 - create IPUIPlugin
2024-03-17 19:38:14,101 [INFO] PluginManager:220 - loadIPPluginJar : add comp
2024-03-17 19:38:14,124 [INFO] IPUIPlugin:80 - create IPUIPlugin
2024-03-17 19:38:14,124 [INFO] PluginManager:220 - loadIPPluginJar : add cryp
2024-03-17 19:38:14,143 [INFO] IPUIPlugin:80 - create IPUIPlugin
2024-03-17 19:38:14,144 [INFO] PluginManager:220 - loadIPPluginJar : add dfsdm
2024-03-17 19:38:14,153 [INFO] IPUIPlugin:80 - create IPUIPlugin
2024-03-17 19:38:14,154 [INFO] PluginManager:220 - loadIPPluginJar : add dma
2024-03-17 19:38:14,238 [INFO] IPUIPlugin:80 - create IPUIPlugin
2024-03-17 19:38:14,238 [INFO] PluginManager:220 - loadIPPluginJar : add dma3
2024-03-17 19:38:14,258 [INFO] IPUIPlugin:80 - create IPUIPlugin
2024-03-17 19:38:14,258 [INFO] PluginManager:220 - loadIPPluginJar : add fatfs
2024-03-17 19:38:14,292 [INFO] IPUIPlugin:80 - create IPUIPlugin
2024-03-17 19:38:14,292 [INFO] PluginManager:220 - loadIPPluginJar : add fmc
2024-03-17 19:38:14,306 [INFO] IPUIPlugin:80 - create IPUIPlugin
2024-03-17 19:38:14,307 [INFO] PluginManager:220 - loadIPPluginJar : add freertos
2024-03-17 19:38:14,322 [INFO] IPUIPlugin:80 - create IPUIPlugin
2024-03-17 19:38:14,322 [INFO] PluginManager:220 - loadIPPluginJar : add genericplugin
2024-03-17 19:38:14,398 [INFO] IPUIPlugin:80 - create IPUIPlugin
2024-03-17 19:38:14,398 [INFO] PluginManager:220 - loadIPPluginJar : add gfxmmu
2024-03-17 19:38:14,503 [INFO] IPUIPlugin:80 - create IPUIPlugin
2024-03-17 19:38:14,504 [INFO] PluginManager:220 - loadIPPluginJar : add gic
2024-03-17 19:38:14,513 [INFO] IPUIPlugin:80 - create IPUIPlugin
2024-03-17 19:38:14,513 [INFO] PluginManager:220 - loadIPPluginJar : add gpio
2024-03-17 19:38:14,582 [INFO] IPUIPlugin:80 - create IPUIPlugin
2024-03-17 19:38:14,582 [INFO] PluginManager:220 - loadIPPluginJar : add gtzc
2024-03-17 19:38:14,609 [INFO] IPUIPlugin:80 - create IPUIPlugin
2024-03-17 19:38:14,609 [INFO] PluginManager:220 - loadIPPluginJar : add hash
2024-03-17 19:38:14,652 [INFO] IPUIPlugin:80 - create IPUIPlugin
2024-03-17 19:38:14,652 [INFO] PluginManager:220 - loadIPPluginJar : add i2c
2024-03-17 19:38:14,682 [INFO] IPUIPlugin:80 - create IPUIPlugin
2024-03-17 19:38:14,682 [INFO] PluginManager:220 - loadIPPluginJar : add i2s
2024-03-17 19:38:14,710 [INFO] IPUIPlugin:80 - create IPUIPlugin
2024-03-17 19:38:14,710 [INFO] PluginManager:220 - loadIPPluginJar : add i3c
2024-03-17 19:38:14,779 [INFO] IPUIPlugin:80 - create IPUIPlugin
2024-03-17 19:38:14,779 [INFO] PluginManager:220 - loadIPPluginJar : add ipddr
2024-03-17 19:38:14,845 [INFO] IPUIPlugin:80 - create IPUIPlugin
2024-03-17 19:38:14,845 [INFO] PluginManager:220 - loadIPPluginJar : add linkedlist
2024-03-17 19:38:14,868 [INFO] IPUIPlugin:80 - create IPUIPlugin
2024-03-17 19:38:14,868 [INFO] PluginManager:220 - loadIPPluginJar : add lorawan
2024-03-17 19:38:14,893 [INFO] IPUIPlugin:80 - create IPUIPlugin
2024-03-17 19:38:14,893 [INFO] PluginManager:220 - loadIPPluginJar : add ltdc
2024-03-17 19:38:14,903 [INFO] IPUIPlugin:80 - create IPUIPlugin
2024-03-17 19:38:14,903 [INFO] PluginManager:220 - loadIPPluginJar : add mdma
2024-03-17 19:38:14,912 [INFO] IPUIPlugin:80 - create IPUIPlugin
2024-03-17 19:38:14,912 [INFO] PluginManager:220 - loadIPPluginJar : add nvic
2024-03-17 19:38:14,935 [INFO] IPUIPlugin:80 - create IPUIPlugin
2024-03-17 19:38:14,935 [INFO] PluginManager:220 - loadIPPluginJar : add opamp
2024-03-17 19:38:14,973 [INFO] IPUIPlugin:80 - create IPUIPlugin
2024-03-17 19:38:14,973 [INFO] PluginManager:220 - loadIPPluginJar : add openamp
2024-03-17 19:38:15,001 [INFO] IPUIPlugin:80 - create IPUIPlugin
2024-03-17 19:38:15,001 [INFO] PluginManager:220 - loadIPPluginJar : add pdm2pcm
2024-03-17 19:38:15,011 [INFO] IPUIPlugin:80 - create IPUIPlugin
2024-03-17 19:38:15,013 [INFO] PluginManager:220 - loadIPPluginJar : add plateformsettings
2024-03-17 19:38:15,030 [INFO] IPUIPlugin:80 - create IPUIPlugin
2024-03-17 19:38:15,030 [INFO] PluginManager:220 - loadIPPluginJar : add quadspi
2024-03-17 19:38:15,039 [INFO] IPUIPlugin:80 - create IPUIPlugin
2024-03-17 19:38:15,039 [INFO] PluginManager:220 - loadIPPluginJar : add resmgrutility
2024-03-17 19:38:15,076 [INFO] IPUIPlugin:80 - create IPUIPlugin
2024-03-17 19:38:15,076 [INFO] PluginManager:220 - loadIPPluginJar : add sai
2024-03-17 19:38:15,101 [INFO] IPUIPlugin:80 - create IPUIPlugin
2024-03-17 19:38:15,101 [INFO] PluginManager:220 - loadIPPluginJar : add spi
2024-03-17 19:38:15,151 [INFO] IPUIPlugin:80 - create IPUIPlugin
2024-03-17 19:38:15,151 [INFO] PluginManager:220 - loadIPPluginJar : add stm32_wpan
2024-03-17 19:38:15,172 [INFO] IPUIPlugin:80 - create IPUIPlugin
2024-03-17 19:38:15,172 [INFO] PluginManager:220 - loadIPPluginJar : add tim
2024-03-17 19:38:15,231 [INFO] IPUIPlugin:80 - create IPUIPlugin
2024-03-17 19:38:15,231 [INFO] PluginManager:220 - loadIPPluginJar : add touchsensing
2024-03-17 19:38:15,247 [INFO] IPUIPlugin:80 - create IPUIPlugin
2024-03-17 19:38:15,247 [INFO] PluginManager:220 - loadIPPluginJar : add tracer_emb
2024-03-17 19:38:15,262 [INFO] IPUIPlugin:80 - create IPUIPlugin
2024-03-17 19:38:15,263 [INFO] PluginManager:220 - loadIPPluginJar : add ts
2024-03-17 19:38:15,277 [INFO] IPUIPlugin:80 - create IPUIPlugin
2024-03-17 19:38:15,277 [INFO] PluginManager:220 - loadIPPluginJar : add tsc
2024-03-17 19:38:15,293 [INFO] IPUIPlugin:80 - create IPUIPlugin
2024-03-17 19:38:15,293 [INFO] PluginManager:220 - loadIPPluginJar : add ucpd
2024-03-17 19:38:15,324 [INFO] IPUIPlugin:80 - create IPUIPlugin
2024-03-17 19:38:15,324 [INFO] PluginManager:220 - loadIPPluginJar : add usart
2024-03-17 19:38:15,354 [INFO] IPUIPlugin:80 - create IPUIPlugin
2024-03-17 19:38:15,354 [INFO] PluginManager:220 - loadIPPluginJar : add usbx
2024-03-17 19:38:15,486 [INFO] CADModel:165 - CPN selected for project level
2024-03-17 19:38:15,486 [INFO] CADModel:114 - Register for checkConnection events
2024-03-17 19:38:15,487 [FATAL] Updater:308 - Updater called before beeing initialized
2024-03-17 19:38:15,487 [ERROR] CADModel:125 - Updater not yet initialized, retry later 
2024-03-17 19:38:15,592 [INFO] CADModel:165 - CPN selected for project level
2024-03-17 19:38:15,592 [INFO] CADModel:114 - Register for checkConnection events
2024-03-17 19:38:15,592 [FATAL] Updater:308 - Updater called before beeing initialized
2024-03-17 19:38:15,592 [ERROR] CADModel:125 - Updater not yet initialized, retry later 
2024-03-17 19:38:15,595 [FATAL] Updater:308 - Updater called before beeing initialized
2024-03-17 19:38:15,677 [FATAL] Updater:308 - Updater called before beeing initialized
2024-03-17 19:38:15,685 [INFO] DbMcusAds:53 - JSON generation date=Wed Nov 29 05:52:27 COT 2023 (1701255147349)
2024-03-17 19:38:15,685 [FATAL] Updater:308 - Updater called before beeing initialized
2024-03-17 19:38:15,739 [WARN] DetailPanel:346 - Failed to get advertising image, set to default
2024-03-17 19:38:15,806 [FATAL] Updater:308 - Updater called before beeing initialized
2024-03-17 19:38:15,807 [FATAL] Updater:308 - Updater called before beeing initialized
2024-03-17 19:38:15,807 [FATAL] Updater:308 - Updater called before beeing initialized
2024-03-17 19:38:15,807 [WARN] DetailPanel:346 - Failed to get advertising image, set to default
2024-03-17 19:38:15,808 [FATAL] Updater:308 - Updater called before beeing initialized
2024-03-17 19:38:15,866 [ERROR] Updater:1120 - MainUpdater not yet initialized. External WinMGr cannot be set.
2024-03-17 19:38:15,877 [INFO] Updater:1056 - Updater Version found : 6.10.0
2024-03-17 19:38:15,892 [INFO] ApplicationProperties:184 - Using Application install path: C:\ST\STM32CubeIDE_1.14.1\STM32CubeIDE\plugins\com.st.stm32cube.common.mx_6.10.0.202311202037
2024-03-17 19:38:16,601 [INFO] ThirdPartyUpdaterWithRetryManager:70 - Updater plugin not ready yet. [2/15]
2024-03-17 19:38:17,467 [ERROR] LogOutputStream:75 - [STDERR_REDIRECT] Mar 17, 2024 7:38:17 PM java.util.prefs.WindowsPreferences <init>
2024-03-17 19:38:17,468 [ERROR] LogOutputStream:75 - [STDERR_REDIRECT] WARNING: Could not open/create prefs root node Software\JavaSoft\Prefs at root 0xffffffff80000002. Windows RegCreateKeyEx(...) returned error code 5.
2024-03-17 19:38:17,468 [ERROR] LogOutputStream:75 - [STDERR_REDIRECT] 
2024-03-17 19:38:17,925 [INFO] MainUpdater:2873 - connection check result : 10
2024-03-17 19:38:17,925 [INFO] MainUpdater:290 - Updater Check For Update Now.
2024-03-17 19:38:17,925 [INFO] MicroXplorer:498 - Change Database Version : DB.6.0.100
2024-03-17 19:38:17,940 [INFO] McuFinderGlobals:63 - Set McuFinder mode to 2 (CubeIDE integrated)
2024-03-17 19:38:18,128 [INFO] CheckServerUpdateThread:120 - End of CheckServer Thread
2024-03-17 19:38:18,582 [INFO] UserAuth:404 - Internet connection configuration mode: 1
2024-03-17 19:38:18,596 [INFO] JxBrowserEngine:152 - Initiate JxBrowser Engine with user profile folder
2024-03-17 19:38:19,729 [WARN] PackLoader:240 - Cannot read IP mode file for STMicroelectronics.X-CUBE-SMBUS.2.1.0
2024-03-17 19:38:19,742 [WARN] PackLoader:240 - Cannot read IP mode file for STMicroelectronics.X-CUBE-TOUCHGFX.4.23.0
2024-03-17 19:38:19,793 [WARN] PackLoader:240 - Cannot read IP mode file for STMicroelectronics.X-CUBE-AZRTOS-F7.1.1.0
2024-03-17 19:38:19,813 [WARN] PackLoader:240 - Cannot read IP mode file for STMicroelectronics.FP-SNS-MOTENV1.4.3.2
2024-03-17 19:38:19,828 [WARN] PackLoader:240 - Cannot read IP mode file for STMicroelectronics.FP-SNS-FLIGHT1.5.0.2
2024-03-17 19:38:19,843 [WARN] PackLoader:240 - Cannot read IP mode file for STMicroelectronics.X-CUBE-DISPLAY.3.0.0
2024-03-17 19:38:19,861 [WARN] PackLoader:240 - Cannot read IP mode file for STMicroelectronics.X-CUBE-BLE1.7.0.0
2024-03-17 19:38:19,874 [WARN] PackLoader:240 - Cannot read IP mode file for emotas.I-CUBE-CANOPEN.1.3.0
2024-03-17 19:38:19,892 [WARN] PackLoader:240 - Cannot read IP mode file for STMicroelectronics.X-CUBE-BLEMGR.3.1.0
2024-03-17 19:38:19,906 [WARN] PackLoader:240 - Cannot read IP mode file for STMicroelectronics.FP-SNS-SMARTAG2.1.2.0
2024-03-17 19:38:19,928 [INFO] LogOutputStream:77 - [STDOUT_REDIRECT] 1 : Invalid condition id : UX_CORESTACK_Condition cause : null
2024-03-17 19:38:19,929 [INFO] LogOutputStream:77 - [STDOUT_REDIRECT] 1 : Invalid condition id : UX_CORESTACK_Condition cause : null
2024-03-17 19:38:19,930 [INFO] LogOutputStream:77 - [STDOUT_REDIRECT] 1 : Invalid condition id : UX_CORESTACK_Condition cause : null
2024-03-17 19:38:19,931 [INFO] LogOutputStream:77 - [STDOUT_REDIRECT] 1 : Invalid condition id : UX_CORESTACK_Condition cause : null
2024-03-17 19:38:19,932 [INFO] LogOutputStream:77 - [STDOUT_REDIRECT] 1 : Invalid condition id : UX_CORESTACK_Condition cause : null
2024-03-17 19:38:19,936 [WARN] PackLoader:240 - Cannot read IP mode file for STMicroelectronics.X-CUBE-AZRTOS-WL.2.0.0
2024-03-17 19:38:19,950 [WARN] PackLoader:240 - Cannot read IP mode file for WES.I-CUBE-Cesium.1.3.0
2024-03-17 19:38:19,961 [WARN] PackLoader:240 - Cannot read IP mode file for STMicroelectronics.X-CUBE-BLE2.3.3.0
2024-03-17 19:38:19,972 [WARN] PackLoader:240 - Cannot read IP mode file for STMicroelectronics.X-CUBE-ALGOBUILD.1.3.0
2024-03-17 19:38:19,994 [WARN] PackLoader:240 - Cannot read IP mode file for STMicroelectronics.X-CUBE-AZRTOS-G0.1.1.0
2024-03-17 19:38:20,011 [WARN] PackLoader:240 - Cannot read IP mode file for STMicroelectronics.X-CUBE-NFC4.3.0.0
2024-03-17 19:38:20,027 [WARN] PackLoader:240 - Cannot read IP mode file for STMicroelectronics.X-CUBE-BLEMGR.3.0.0
2024-03-17 19:38:20,043 [WARN] PackLoader:240 - Cannot read IP mode file for STMicroelectronics.FP-ATR-SIGFOX1.3.2.0
2024-03-17 19:38:20,056 [WARN] PackLoader:240 - Cannot read IP mode file for STMicroelectronics.X-CUBE-EEPRMA1.5.1.0
2024-03-17 19:38:20,088 [WARN] PackLoader:240 - Cannot read IP mode file for SEGGER.I-CUBE-embOS.1.3.1
2024-03-17 19:38:20,159 [WARN] PackLoader:240 - Cannot read IP mode file for STMicroelectronics.X-CUBE-GNSS1.6.0.0
2024-03-17 19:38:20,185 [WARN] PackLoader:240 - Cannot read IP mode file for STMicroelectronics.X-CUBE-AZRTOS-F4.1.1.0
2024-03-17 19:38:20,199 [WARN] PackLoader:240 - Cannot read IP mode file for wolfSSL.I-CUBE-wolfSSL.5.6.6
2024-03-17 19:38:20,233 [WARN] PackLoader:240 - Cannot read IP mode file for STMicroelectronics.X-CUBE-AZRTOS-L5.2.0.0
2024-03-17 19:38:20,251 [WARN] PackLoader:240 - Cannot read IP mode file for ITTIA_DB.I-CUBE-ITTIADB.8.8.0
2024-03-17 19:38:20,263 [WARN] PackLoader:240 - Cannot read IP mode file for STMicroelectronics.X-CUBE-NFC7.1.0.1
2024-03-17 19:38:20,280 [WARN] PackLoader:240 - Cannot read IP mode file for STMicroelectronics.X-CUBE-NFC6.3.0.0
2024-03-17 19:38:20,294 [WARN] PackLoader:240 - Cannot read IP mode file for STMicroelectronics.X-CUBE-AI.8.1.0
2024-03-17 19:38:20,322 [WARN] ConditionMgr:438 - getConditionDescription Invalid condition id : LAN8742 Phy interface Condition cause : null
2024-03-17 19:38:20,322 [WARN] PackLoader:240 - Cannot read IP mode file for STMicroelectronics.X-CUBE-AZRTOS-L4.2.0.0
2024-03-17 19:38:20,324 [WARN] ConditionMgr:1039 - genDependencies : Invalid condition id : LAN8742 Phy interface Condition cause : null
2024-03-17 19:38:20,324 [WARN] ConditionMgr:1039 - genDependencies : Invalid condition id : LAN8742 Phy interface Condition cause : null
2024-03-17 19:38:20,325 [WARN] ConditionMgr:1039 - genDependencies : Invalid condition id : LAN8742 Phy interface Condition cause : null
2024-03-17 19:38:20,341 [WARN] PackLoader:240 - Cannot read IP mode file for STMicroelectronics.X-CUBE-SFXS2LP1.4.0.0
2024-03-17 19:38:20,363 [WARN] ConditionMgr:438 - getConditionDescription Invalid condition id : UX DEVICE CLASS RTOS Condition cause : null
2024-03-17 19:38:20,364 [WARN] ConditionMgr:438 - getConditionDescription Invalid condition id : UX DEVICE CLASS RTOS Condition cause : null
2024-03-17 19:38:20,367 [WARN] PackLoader:240 - Cannot read IP mode file for STMicroelectronics.X-CUBE-AZRTOS-WB.2.0.0
2024-03-17 19:38:20,367 [WARN] ConditionMgr:1039 - genDependencies : Invalid condition id : UX DEVICE CLASS RTOS Condition cause : null
2024-03-17 19:38:20,367 [WARN] ConditionMgr:1039 - genDependencies : Invalid condition id : UX DEVICE CLASS RTOS Condition cause : null
2024-03-17 19:38:20,368 [WARN] ConditionMgr:1039 - genDependencies : Invalid condition id : UX DEVICE CLASS RTOS Condition cause : null
2024-03-17 19:38:20,368 [WARN] ConditionMgr:1039 - genDependencies : Invalid condition id : UX DEVICE CLASS RTOS Condition cause : null
2024-03-17 19:38:20,368 [WARN] ConditionMgr:1039 - genDependencies : Invalid condition id : UX DEVICE CLASS RTOS Condition cause : null
2024-03-17 19:38:20,385 [WARN] PackLoader:240 - Cannot read IP mode file for STMicroelectronics.X-CUBE-SUBG2.5.0.0
2024-03-17 19:38:20,414 [WARN] PackLoader:240 - Cannot read IP mode file for STMicroelectronics.X-CUBE-AZRTOS-G4.2.0.0
2024-03-17 19:38:20,436 [WARN] PackLoader:240 - Cannot read IP mode file for Infineon.AIROC-Wi-Fi-Bluetooth-STM32.1.5.1
2024-03-17 19:38:20,454 [WARN] PackLoader:240 - Cannot read IP mode file for STMicroelectronics.FP-SNS-MOTENVWB1.1.3.1
2024-03-17 19:38:20,468 [WARN] PackLoader:240 - Cannot read IP mode file for STMicroelectronics.X-CUBE-ISPU.2.0.0
2024-03-17 19:38:20,524 [WARN] PackLoader:240 - Cannot read IP mode file for STMicroelectronics.X-CUBE-MEMS1.10.0.0
2024-03-17 19:38:20,705 [WARN] PackLoader:240 - Cannot read IP mode file for STMicroelectronics.X-CUBE-FREERTOS.1.1.0
2024-03-17 19:38:20,752 [WARN] PackLoader:240 - Cannot read IP mode file for portGmbH.I-Cube-SoM-uGOAL.1.1.0
2024-03-17 19:38:20,770 [WARN] PackLoader:240 - Cannot read IP mode file for STMicroelectronics.X-CUBE-ALS.1.0.1
2024-03-17 19:38:20,785 [WARN] PackLoader:240 - Cannot read IP mode file for STMicroelectronics.FP-ATR-ASTRA1.2.0.0
2024-03-17 19:38:20,810 [WARN] PackLoader:240 - Cannot read IP mode file for STMicroelectronics.X-CUBE-TOF1.3.4.0
2024-03-17 19:38:20,845 [WARN] PackLoader:240 - Cannot read IP mode file for STMicroelectronics.X-CUBE-TOF1.3.4.1
2024-03-17 19:38:20,869 [INFO] WebApp:161 - Instantiating new browser for Auth
2024-03-17 19:38:20,887 [WARN] PackLoader:240 - Cannot read IP mode file for STMicroelectronics.X-CUBE-AZRTOS-H7.3.2.0
2024-03-17 19:38:20,891 [INFO] ThirdParty:978 - Integrity check success = true
2024-03-17 19:38:20,891 [INFO] IntegrityCheckThread:100 - exiting critical section [integrity check]
2024-03-17 19:38:20,891 [INFO] IntegrityCheckThread:103 - End integrity checks thread
2024-03-17 19:38:21,414 [INFO] WebApp:780 - Register for checkConnection events
2024-03-17 19:38:21,414 [INFO] WebApp:414 - Apply proxy settings
2024-03-17 19:38:21,414 [INFO] WebApp:499 - Chromium requires no authentication
2024-03-17 19:38:21,418 [INFO] WebApp:442 - Direct internet connection detected
2024-03-17 19:38:21,532 [INFO] WebApp:192 - Starting web application
2024-03-17 19:38:21,532 [INFO] WebApp:544 - Web application path used C:\ST\STM32CubeIDE_1.14.1\STM32CubeIDE\plugins\com.st.stm32cube.common.mx_6.10.0.202311202037\db\plugins\mcufinder\reactClient1\index.html
2024-03-17 20:27:52,292 [INFO] Activator:176 - 


2024-03-17 20:27:52,294 [INFO] Activator:177 - !SESSION log4j initialized
2024-03-17 20:27:56,328 [INFO] LogOutputStream:77 - [STDOUT_REDIRECT] 
2024-03-17 20:27:57,840 [INFO] ApplicationProperties:184 - Using Application install path: C:\ST\STM32CubeIDE_1.14.1\STM32CubeIDE\plugins\com.st.stm32cube.common.mx_6.10.0.202311202037
2024-03-17 20:27:57,863 [INFO] DbMcusXml:78 - Set database path to: C:\ST\STM32CubeIDE_1.14.1\STM32CubeIDE\plugins\com.st.stm32cube.common.mx_6.10.0.202311202037\\db\/mcu/
2024-03-17 20:27:57,863 [INFO] ApiDb:274 - Set plugin database path to: C:\ST\STM32CubeIDE_1.14.1\STM32CubeIDE\plugins\com.st.stm32cube.common.mx_6.10.0.202311202037\\db\/plugins/boardmanager/
2024-03-17 20:27:57,863 [WARN] ApiDb:259 - Overriding images path with different value:  => C:\ST\STM32CubeIDE_1.14.1\STM32CubeIDE\plugins\com.st.stm32cube.common.mx_6.10.0.202311202037\\db\/plugins/mcufinder/images/
2024-03-17 20:27:57,870 [INFO] ApiDb:250 - Set database path to: C:\Users\ASUS\.stmcufinder\plugins\mcufinder//mcu/
2024-03-17 20:27:57,871 [INFO] DbMcusAds:125 - Set database path to: C:\Users\ASUS\.stmcufinder\plugins\mcufinder//mcu/
2024-03-17 20:27:57,874 [INFO] CrossReferenceDbSqlite:203 - Set database path to: C:\Users\ASUS\.stmcufinder\plugins\mcufinder//mcu/cs/
2024-03-17 20:27:57,997 [INFO] RulesReader:64 - Compatibility file has been processed (297 Rules)
2024-03-17 20:27:58,076 [INFO] DbMcusXml:78 - Set database path to: C:\ST\STM32CubeIDE_1.14.1\STM32CubeIDE\plugins\com.st.stm32cube.common.mx_6.10.0.202311202037\\db\/mcu/
2024-03-17 20:27:58,077 [INFO] ApiDb:274 - Set plugin database path to: C:\ST\STM32CubeIDE_1.14.1\STM32CubeIDE\plugins\com.st.stm32cube.common.mx_6.10.0.202311202037\\db\/plugins/boardmanager/
2024-03-17 20:27:58,077 [INFO] ApiDb:261 - Set plugin images path to: C:\ST\STM32CubeIDE_1.14.1\STM32CubeIDE\plugins\com.st.stm32cube.common.mx_6.10.0.202311202037\\db\/plugins/mcufinder/images/
2024-03-17 20:27:58,077 [WARN] DbFile:41 - Overriding database path with different value: C:\Users\ASUS\.stmcufinder\plugins\mcufinder/ => C:\Users\ASUS\.stmcufinder\plugins\mcufinder
2024-03-17 20:27:58,077 [INFO] ApiDb:250 - Set database path to: C:\Users\ASUS\.stmcufinder\plugins\mcufinder//mcu/
2024-03-17 20:27:58,077 [WARN] DbFile:41 - Overriding database path with different value: C:\Users\ASUS\.stmcufinder\plugins\mcufinder/ => C:\Users\ASUS\.stmcufinder\plugins\mcufinder
2024-03-17 20:27:58,078 [INFO] DbMcusAds:125 - Set database path to: C:\Users\ASUS\.stmcufinder\plugins\mcufinder//mcu/
2024-03-17 20:27:58,078 [WARN] DbFile:41 - Overriding database path with different value: C:\Users\ASUS\.stmcufinder\plugins\mcufinder/ => C:\Users\ASUS\.stmcufinder\plugins\mcufinder
2024-03-17 20:27:58,078 [WARN] DbFile:41 - Overriding database path with different value: C:\Users\ASUS\.stmcufinder\plugins\mcufinder/ => C:\Users\ASUS\.stmcufinder\plugins\mcufinder
2024-03-17 20:27:58,078 [INFO] CrossReferenceDbSqlite:203 - Set database path to: C:\Users\ASUS\.stmcufinder\plugins\mcufinder//mcu/cs/
2024-03-17 20:27:58,155 [INFO] MainPanel:264 - HeapMemory: 268435456
2024-03-17 20:27:58,217 [INFO] DbMcusXml:78 - Set database path to: C:\ST\STM32CubeIDE_1.14.1\STM32CubeIDE\plugins\com.st.stm32cube.common.mx_6.10.0.202311202037\\db\/mcu/
2024-03-17 20:27:58,217 [INFO] ApiDb:274 - Set plugin database path to: C:\ST\STM32CubeIDE_1.14.1\STM32CubeIDE\plugins\com.st.stm32cube.common.mx_6.10.0.202311202037\\db\/plugins/boardmanager/
2024-03-17 20:27:58,217 [INFO] ApiDb:261 - Set plugin images path to: C:\ST\STM32CubeIDE_1.14.1\STM32CubeIDE\plugins\com.st.stm32cube.common.mx_6.10.0.202311202037\\db\/plugins/mcufinder/images/
2024-03-17 20:27:58,217 [WARN] DbFile:41 - Overriding database path with different value: C:\Users\ASUS\.stmcufinder\plugins\mcufinder/ => C:\Users\ASUS\.stmcufinder\plugins\mcufinder
2024-03-17 20:27:58,217 [INFO] ApiDb:250 - Set database path to: C:\Users\ASUS\.stmcufinder\plugins\mcufinder//mcu/
2024-03-17 20:27:58,217 [WARN] DbFile:41 - Overriding database path with different value: C:\Users\ASUS\.stmcufinder\plugins\mcufinder/ => C:\Users\ASUS\.stmcufinder\plugins\mcufinder
2024-03-17 20:27:58,217 [INFO] DbMcusAds:125 - Set database path to: C:\Users\ASUS\.stmcufinder\plugins\mcufinder//mcu/
2024-03-17 20:27:58,217 [WARN] DbFile:41 - Overriding database path with different value: C:\Users\ASUS\.stmcufinder\plugins\mcufinder/ => C:\Users\ASUS\.stmcufinder\plugins\mcufinder
2024-03-17 20:27:58,217 [WARN] DbFile:41 - Overriding database path with different value: C:\Users\ASUS\.stmcufinder\plugins\mcufinder/ => C:\Users\ASUS\.stmcufinder\plugins\mcufinder
2024-03-17 20:27:58,217 [INFO] CrossReferenceDbSqlite:203 - Set database path to: C:\Users\ASUS\.stmcufinder\plugins\mcufinder//mcu/cs/
2024-03-17 20:27:58,243 [INFO] ApplicationProperties:184 - Using Application install path: C:\ST\STM32CubeIDE_1.14.1\STM32CubeIDE\plugins\com.st.stm32cube.common.mx_6.10.0.202311202037
2024-03-17 20:27:58,244 [INFO] PluginManage:196 - Search for loadable plugins [exclusion list=, ]
2024-03-17 20:27:58,245 [INFO] PluginManage:310 - Check plugin analytics
2024-03-17 20:27:58,438 [INFO] AnalyticsPlugin:253 - Accepted Software Licenses: 
2024-03-17 20:27:58,438 [INFO] AnalyticsPlugin:255 - Accepted CMSIS Pack Licenses: 
2024-03-17 20:27:58,438 [INFO] AnalyticsPlugin:257 - Accepted Firmware Licenses: FW.F4.1.28.0
2024-03-17 20:27:58,442 [INFO] PluginManage:359 - Loaded plugin analytics (category:tool,tabindex:-1)
2024-03-17 20:27:58,442 [INFO] PluginManage:310 - Check plugin cadmodel
2024-03-17 20:27:58,447 [INFO] CADModel:105 - Init CAD model plugin
2024-03-17 20:27:58,447 [INFO] PluginManage:359 - Loaded plugin cadmodel (category:power,tabindex:5)
2024-03-17 20:27:58,447 [INFO] PluginManage:310 - Check plugin clock
2024-03-17 20:27:58,458 [INFO] PluginManage:359 - Loaded plugin clock (category:base,tabindex:2)
2024-03-17 20:27:58,459 [INFO] PluginManage:310 - Check plugin ddr
2024-03-17 20:27:58,462 [INFO] PluginManage:359 - Loaded plugin ddr (category:tool,tabindex:6)
2024-03-17 20:27:58,462 [INFO] PluginManage:310 - Check plugin filemanager
2024-03-17 20:27:58,630 [INFO] PluginManage:359 - Loaded plugin filemanager (category:base,tabindex:10)
2024-03-17 20:27:58,630 [INFO] PluginManage:310 - Check plugin ipmanager
2024-03-17 20:27:58,638 [INFO] PluginManage:359 - Loaded plugin ipmanager (category:base,tabindex:5)
2024-03-17 20:27:58,638 [INFO] PluginManage:310 - Check plugin lpbam
2024-03-17 20:27:58,647 [INFO] PluginManage:359 - Loaded plugin lpbam (category:base,tabindex:0)
2024-03-17 20:27:58,647 [INFO] PluginManage:310 - Check plugin memorymap
2024-03-17 20:27:58,658 [INFO] PluginManage:359 - Loaded plugin memorymap (category:base,tabindex:4)
2024-03-17 20:27:58,658 [INFO] PluginManage:310 - Check plugin pinoutandconfiguration
2024-03-17 20:27:58,664 [INFO] PluginManage:359 - Loaded plugin pinoutandconfiguration (category:base,tabindex:1)
2024-03-17 20:27:58,665 [INFO] PluginManage:310 - Check plugin pinoutconfig
2024-03-17 20:27:58,738 [WARN] SupportedApi:132 - Cannot load RTOS API schema: s4s-elt-must-match.1: The content of 'definitions' must match (annotation?, (simpleType | complexType)?, (unique | key | keyref)*)). A problem was found starting at: attribute.
2024-03-17 20:27:58,848 [INFO] PluginManage:359 - Loaded plugin pinoutconfig (category:base,tabindex:0)
2024-03-17 20:27:58,848 [INFO] PluginManage:310 - Check plugin power
2024-03-17 20:27:58,859 [INFO] PluginManage:359 - Loaded plugin power (category:power,tabindex:4)
2024-03-17 20:27:58,859 [INFO] PluginManage:310 - Check plugin projectmanager
2024-03-17 20:27:58,879 [INFO] PluginManage:359 - Loaded plugin projectmanager (category:projectmanager,tabindex:3)
2024-03-17 20:27:58,879 [INFO] PluginManage:310 - Check plugin thirdparty
2024-03-17 20:27:59,004 [INFO] PluginManage:359 - Loaded plugin thirdparty (category:base,tabindex:-1)
2024-03-17 20:27:59,004 [INFO] PluginManage:310 - Check plugin tools
2024-03-17 20:27:59,004 [WARN] IntegrityCheckThread:84 - waiting for thirdparty lock release [integrity check]
2024-03-17 20:27:59,004 [INFO] IntegrityCheckThread:86 - entering critical section [integrity check]
2024-03-17 20:27:59,005 [INFO] ThirdPartyUpdaterWithRetryManager:70 - Updater plugin not ready yet. [1/15]
2024-03-17 20:27:59,007 [INFO] PluginManage:359 - Loaded plugin tools (category:base,tabindex:7)
2024-03-17 20:27:59,007 [INFO] PluginManage:310 - Check plugin tutovideos
2024-03-17 20:27:59,155 [INFO] PluginManage:359 - Loaded plugin tutovideos (category:base,tabindex:-1)
2024-03-17 20:27:59,156 [INFO] PluginManage:310 - Check plugin updater
2024-03-17 20:27:59,190 [INFO] PluginManage:359 - Loaded plugin updater (category:base,tabindex:12)
2024-03-17 20:27:59,190 [INFO] PluginManage:310 - Check plugin userauth
2024-03-17 20:27:59,199 [INFO] UserAuth:114 - Init User Auth plugin
2024-03-17 20:27:59,199 [INFO] PluginManage:359 - Loaded plugin userauth (category:base,tabindex:14)
2024-03-17 20:27:59,201 [INFO] PluginManage:283 - PluginManage : Loaded plugins [17]
2024-03-17 20:27:59,488 [INFO] PinOutPanel:1499 - setPackage(No Configuration,No Configuration)
2024-03-17 20:27:59,577 [INFO] CADModel:165 - CPN selected for project level
2024-03-17 20:27:59,577 [INFO] CADModel:114 - Register for checkConnection events
2024-03-17 20:27:59,593 [INFO] IPUIPlugin:80 - create IPUIPlugin
2024-03-17 20:27:59,593 [INFO] PluginManager:220 - loadIPPluginJar : add adc
2024-03-17 20:27:59,596 [INFO] IPUIPlugin:80 - create IPUIPlugin
2024-03-17 20:27:59,596 [INFO] PluginManager:220 - loadIPPluginJar : add aes
2024-03-17 20:27:59,598 [INFO] IPUIPlugin:80 - create IPUIPlugin
2024-03-17 20:27:59,599 [INFO] PluginManager:220 - loadIPPluginJar : add can
2024-03-17 20:27:59,600 [INFO] IPUIPlugin:80 - create IPUIPlugin
2024-03-17 20:27:59,600 [INFO] PluginManager:220 - loadIPPluginJar : add comp
2024-03-17 20:27:59,602 [INFO] IPUIPlugin:80 - create IPUIPlugin
2024-03-17 20:27:59,602 [INFO] PluginManager:220 - loadIPPluginJar : add cryp
2024-03-17 20:27:59,604 [INFO] IPUIPlugin:80 - create IPUIPlugin
2024-03-17 20:27:59,604 [INFO] PluginManager:220 - loadIPPluginJar : add dfsdm
2024-03-17 20:27:59,608 [INFO] IPUIPlugin:80 - create IPUIPlugin
2024-03-17 20:27:59,609 [INFO] PluginManager:220 - loadIPPluginJar : add dma
2024-03-17 20:27:59,611 [INFO] IPUIPlugin:80 - create IPUIPlugin
2024-03-17 20:27:59,611 [INFO] PluginManager:220 - loadIPPluginJar : add dma3
2024-03-17 20:27:59,612 [INFO] IPUIPlugin:80 - create IPUIPlugin
2024-03-17 20:27:59,612 [INFO] PluginManager:220 - loadIPPluginJar : add fatfs
2024-03-17 20:27:59,615 [INFO] IPUIPlugin:80 - create IPUIPlugin
2024-03-17 20:27:59,615 [INFO] PluginManager:220 - loadIPPluginJar : add fmc
2024-03-17 20:27:59,619 [INFO] IPUIPlugin:80 - create IPUIPlugin
2024-03-17 20:27:59,619 [INFO] PluginManager:220 - loadIPPluginJar : add freertos
2024-03-17 20:27:59,620 [INFO] IPUIPlugin:80 - create IPUIPlugin
2024-03-17 20:27:59,620 [INFO] PluginManager:220 - loadIPPluginJar : add genericplugin
2024-03-17 20:27:59,621 [INFO] IPUIPlugin:80 - create IPUIPlugin
2024-03-17 20:27:59,621 [INFO] PluginManager:220 - loadIPPluginJar : add gfxmmu
2024-03-17 20:27:59,625 [INFO] IPUIPlugin:80 - create IPUIPlugin
2024-03-17 20:27:59,625 [INFO] PluginManager:220 - loadIPPluginJar : add gic
2024-03-17 20:27:59,629 [INFO] IPUIPlugin:80 - create IPUIPlugin
2024-03-17 20:27:59,629 [INFO] PluginManager:220 - loadIPPluginJar : add gpio
2024-03-17 20:27:59,630 [INFO] IPUIPlugin:80 - create IPUIPlugin
2024-03-17 20:27:59,631 [INFO] PluginManager:220 - loadIPPluginJar : add gtzc
2024-03-17 20:27:59,633 [INFO] IPUIPlugin:80 - create IPUIPlugin
2024-03-17 20:27:59,633 [INFO] PluginManager:220 - loadIPPluginJar : add hash
2024-03-17 20:27:59,635 [INFO] IPUIPlugin:80 - create IPUIPlugin
2024-03-17 20:27:59,635 [INFO] PluginManager:220 - loadIPPluginJar : add i2c
2024-03-17 20:27:59,638 [INFO] IPUIPlugin:80 - create IPUIPlugin
2024-03-17 20:27:59,638 [INFO] PluginManager:220 - loadIPPluginJar : add i2s
2024-03-17 20:27:59,641 [INFO] IPUIPlugin:80 - create IPUIPlugin
2024-03-17 20:27:59,641 [INFO] PluginManager:220 - loadIPPluginJar : add i3c
2024-03-17 20:27:59,645 [INFO] IPUIPlugin:80 - create IPUIPlugin
2024-03-17 20:27:59,645 [INFO] PluginManager:220 - loadIPPluginJar : add ipddr
2024-03-17 20:27:59,651 [INFO] IPUIPlugin:80 - create IPUIPlugin
2024-03-17 20:27:59,652 [INFO] PluginManager:220 - loadIPPluginJar : add linkedlist
2024-03-17 20:27:59,655 [INFO] IPUIPlugin:80 - create IPUIPlugin
2024-03-17 20:27:59,655 [INFO] PluginManager:220 - loadIPPluginJar : add lorawan
2024-03-17 20:27:59,659 [INFO] IPUIPlugin:80 - create IPUIPlugin
2024-03-17 20:27:59,660 [INFO] PluginManager:220 - loadIPPluginJar : add ltdc
2024-03-17 20:27:59,666 [INFO] IPUIPlugin:80 - create IPUIPlugin
2024-03-17 20:27:59,667 [INFO] PluginManager:220 - loadIPPluginJar : add mdma
2024-03-17 20:27:59,670 [INFO] IPUIPlugin:80 - create IPUIPlugin
2024-03-17 20:27:59,670 [INFO] PluginManager:220 - loadIPPluginJar : add nvic
2024-03-17 20:27:59,673 [INFO] IPUIPlugin:80 - create IPUIPlugin
2024-03-17 20:27:59,673 [INFO] PluginManager:220 - loadIPPluginJar : add opamp
2024-03-17 20:27:59,678 [INFO] IPUIPlugin:80 - create IPUIPlugin
2024-03-17 20:27:59,678 [INFO] PluginManager:220 - loadIPPluginJar : add openamp
2024-03-17 20:27:59,680 [INFO] IPUIPlugin:80 - create IPUIPlugin
2024-03-17 20:27:59,681 [INFO] PluginManager:220 - loadIPPluginJar : add pdm2pcm
2024-03-17 20:27:59,685 [INFO] IPUIPlugin:80 - create IPUIPlugin
2024-03-17 20:27:59,688 [INFO] PluginManager:220 - loadIPPluginJar : add plateformsettings
2024-03-17 20:27:59,690 [INFO] IPUIPlugin:80 - create IPUIPlugin
2024-03-17 20:27:59,690 [INFO] PluginManager:220 - loadIPPluginJar : add quadspi
2024-03-17 20:27:59,694 [INFO] IPUIPlugin:80 - create IPUIPlugin
2024-03-17 20:27:59,694 [INFO] PluginManager:220 - loadIPPluginJar : add resmgrutility
2024-03-17 20:27:59,696 [INFO] IPUIPlugin:80 - create IPUIPlugin
2024-03-17 20:27:59,697 [INFO] PluginManager:220 - loadIPPluginJar : add sai
2024-03-17 20:27:59,699 [INFO] IPUIPlugin:80 - create IPUIPlugin
2024-03-17 20:27:59,700 [INFO] PluginManager:220 - loadIPPluginJar : add spi
2024-03-17 20:27:59,705 [INFO] IPUIPlugin:80 - create IPUIPlugin
2024-03-17 20:27:59,705 [INFO] PluginManager:220 - loadIPPluginJar : add stm32_wpan
2024-03-17 20:27:59,706 [INFO] IPUIPlugin:80 - create IPUIPlugin
2024-03-17 20:27:59,706 [INFO] PluginManager:220 - loadIPPluginJar : add tim
2024-03-17 20:27:59,710 [INFO] IPUIPlugin:80 - create IPUIPlugin
2024-03-17 20:27:59,710 [INFO] PluginManager:220 - loadIPPluginJar : add touchsensing
2024-03-17 20:27:59,712 [INFO] IPUIPlugin:80 - create IPUIPlugin
2024-03-17 20:27:59,713 [INFO] PluginManager:220 - loadIPPluginJar : add tracer_emb
2024-03-17 20:27:59,715 [INFO] IPUIPlugin:80 - create IPUIPlugin
2024-03-17 20:27:59,715 [INFO] PluginManager:220 - loadIPPluginJar : add ts
2024-03-17 20:27:59,716 [INFO] IPUIPlugin:80 - create IPUIPlugin
2024-03-17 20:27:59,716 [INFO] PluginManager:220 - loadIPPluginJar : add tsc
2024-03-17 20:27:59,717 [INFO] IPUIPlugin:80 - create IPUIPlugin
2024-03-17 20:27:59,718 [INFO] PluginManager:220 - loadIPPluginJar : add ucpd
2024-03-17 20:27:59,720 [INFO] IPUIPlugin:80 - create IPUIPlugin
2024-03-17 20:27:59,720 [INFO] PluginManager:220 - loadIPPluginJar : add usart
2024-03-17 20:27:59,722 [INFO] IPUIPlugin:80 - create IPUIPlugin
2024-03-17 20:27:59,722 [INFO] PluginManager:220 - loadIPPluginJar : add usbx
2024-03-17 20:27:59,876 [INFO] CADModel:165 - CPN selected for project level
2024-03-17 20:27:59,876 [INFO] CADModel:114 - Register for checkConnection events
2024-03-17 20:27:59,877 [FATAL] Updater:308 - Updater called before beeing initialized
2024-03-17 20:27:59,877 [ERROR] CADModel:125 - Updater not yet initialized, retry later 
2024-03-17 20:28:00,092 [INFO] CADModel:165 - CPN selected for project level
2024-03-17 20:28:00,093 [INFO] CADModel:114 - Register for checkConnection events
2024-03-17 20:28:00,093 [FATAL] Updater:308 - Updater called before beeing initialized
2024-03-17 20:28:00,093 [ERROR] CADModel:125 - Updater not yet initialized, retry later 
2024-03-17 20:28:00,104 [FATAL] Updater:308 - Updater called before beeing initialized
2024-03-17 20:28:00,243 [FATAL] Updater:308 - Updater called before beeing initialized
2024-03-17 20:28:00,248 [INFO] DbMcusAds:53 - JSON generation date=Wed Nov 29 05:52:27 COT 2023 (1701255147349)
2024-03-17 20:28:00,248 [FATAL] Updater:308 - Updater called before beeing initialized
2024-03-17 20:28:00,285 [WARN] DetailPanel:346 - Failed to get advertising image, set to default
2024-03-17 20:28:00,369 [FATAL] Updater:308 - Updater called before beeing initialized
2024-03-17 20:28:00,370 [FATAL] Updater:308 - Updater called before beeing initialized
2024-03-17 20:28:00,370 [FATAL] Updater:308 - Updater called before beeing initialized
2024-03-17 20:28:00,370 [WARN] DetailPanel:346 - Failed to get advertising image, set to default
2024-03-17 20:28:00,371 [FATAL] Updater:308 - Updater called before beeing initialized
2024-03-17 20:28:00,417 [ERROR] Updater:1120 - MainUpdater not yet initialized. External WinMGr cannot be set.
2024-03-17 20:28:00,418 [INFO] Updater:1056 - Updater Version found : 6.10.0
2024-03-17 20:28:00,435 [INFO] ApplicationProperties:184 - Using Application install path: C:\ST\STM32CubeIDE_1.14.1\STM32CubeIDE\plugins\com.st.stm32cube.common.mx_6.10.0.202311202037
2024-03-17 20:28:02,005 [ERROR] LogOutputStream:75 - [STDERR_REDIRECT] Mar 17, 2024 8:28:02 PM java.util.prefs.WindowsPreferences <init>
2024-03-17 20:28:02,006 [INFO] ThirdPartyUpdaterWithRetryManager:70 - Updater plugin not ready yet. [2/15]
2024-03-17 20:28:02,006 [ERROR] LogOutputStream:75 - [STDERR_REDIRECT] WARNING: Could not open/create prefs root node Software\JavaSoft\Prefs at root 0xffffffff80000002. Windows RegCreateKeyEx(...) returned error code 5.
2024-03-17 20:28:02,006 [ERROR] LogOutputStream:75 - [STDERR_REDIRECT] 
2024-03-17 20:28:02,551 [INFO] MainUpdater:2873 - connection check result : 10
2024-03-17 20:28:02,552 [INFO] MainUpdater:290 - Updater Check For Update Now.
2024-03-17 20:28:02,552 [INFO] MicroXplorer:498 - Change Database Version : DB.6.0.100
2024-03-17 20:28:02,559 [INFO] McuFinderGlobals:63 - Set McuFinder mode to 2 (CubeIDE integrated)
2024-03-17 20:28:02,751 [INFO] CheckServerUpdateThread:120 - End of CheckServer Thread
2024-03-17 20:28:03,184 [INFO] UserAuth:404 - Internet connection configuration mode: 1
2024-03-17 20:28:03,193 [INFO] JxBrowserEngine:152 - Initiate JxBrowser Engine with user profile folder
2024-03-17 20:28:03,718 [INFO] WebApp:161 - Instantiating new browser for Auth
2024-03-17 20:28:04,221 [INFO] WebApp:780 - Register for checkConnection events
2024-03-17 20:28:04,221 [INFO] WebApp:414 - Apply proxy settings
2024-03-17 20:28:04,221 [INFO] WebApp:499 - Chromium requires no authentication
2024-03-17 20:28:04,230 [INFO] WebApp:442 - Direct internet connection detected
2024-03-17 20:28:04,373 [INFO] WebApp:192 - Starting web application
2024-03-17 20:28:04,373 [INFO] WebApp:544 - Web application path used C:\ST\STM32CubeIDE_1.14.1\STM32CubeIDE\plugins\com.st.stm32cube.common.mx_6.10.0.202311202037\db\plugins\mcufinder\reactClient1\index.html
2024-03-17 20:28:05,169 [WARN] PackLoader:240 - Cannot read IP mode file for STMicroelectronics.X-CUBE-SMBUS.2.1.0
2024-03-17 20:28:05,179 [WARN] PackLoader:240 - Cannot read IP mode file for STMicroelectronics.X-CUBE-TOUCHGFX.4.23.0
2024-03-17 20:28:05,229 [WARN] PackLoader:240 - Cannot read IP mode file for STMicroelectronics.X-CUBE-AZRTOS-F7.1.1.0
2024-03-17 20:28:05,245 [WARN] PackLoader:240 - Cannot read IP mode file for STMicroelectronics.FP-SNS-MOTENV1.4.3.2
2024-03-17 20:28:05,252 [WARN] PackLoader:240 - Cannot read IP mode file for STMicroelectronics.FP-SNS-FLIGHT1.5.0.2
2024-03-17 20:28:05,262 [WARN] PackLoader:240 - Cannot read IP mode file for STMicroelectronics.X-CUBE-DISPLAY.3.0.0
2024-03-17 20:28:05,275 [WARN] PackLoader:240 - Cannot read IP mode file for STMicroelectronics.X-CUBE-BLE1.7.0.0
2024-03-17 20:28:05,281 [WARN] PackLoader:240 - Cannot read IP mode file for emotas.I-CUBE-CANOPEN.1.3.0
2024-03-17 20:28:05,296 [WARN] PackLoader:240 - Cannot read IP mode file for STMicroelectronics.X-CUBE-BLEMGR.3.1.0
2024-03-17 20:28:05,303 [WARN] PackLoader:240 - Cannot read IP mode file for STMicroelectronics.FP-SNS-SMARTAG2.1.2.0
2024-03-17 20:28:05,317 [INFO] LogOutputStream:77 - [STDOUT_REDIRECT] 1 : Invalid condition id : UX_CORESTACK_Condition cause : null
2024-03-17 20:28:05,317 [INFO] LogOutputStream:77 - [STDOUT_REDIRECT] 1 : Invalid condition id : UX_CORESTACK_Condition cause : null
2024-03-17 20:28:05,319 [INFO] LogOutputStream:77 - [STDOUT_REDIRECT] 1 : Invalid condition id : UX_CORESTACK_Condition cause : null
2024-03-17 20:28:05,320 [INFO] LogOutputStream:77 - [STDOUT_REDIRECT] 1 : Invalid condition id : UX_CORESTACK_Condition cause : null
2024-03-17 20:28:05,321 [INFO] LogOutputStream:77 - [STDOUT_REDIRECT] 1 : Invalid condition id : UX_CORESTACK_Condition cause : null
2024-03-17 20:28:05,326 [WARN] PackLoader:240 - Cannot read IP mode file for STMicroelectronics.X-CUBE-AZRTOS-WL.2.0.0
2024-03-17 20:28:05,339 [WARN] PackLoader:240 - Cannot read IP mode file for WES.I-CUBE-Cesium.1.3.0
2024-03-17 20:28:05,347 [WARN] PackLoader:240 - Cannot read IP mode file for STMicroelectronics.X-CUBE-BLE2.3.3.0
2024-03-17 20:28:05,363 [WARN] PackLoader:240 - Cannot read IP mode file for STMicroelectronics.X-CUBE-ALGOBUILD.1.3.0
2024-03-17 20:28:05,386 [WARN] PackLoader:240 - Cannot read IP mode file for STMicroelectronics.X-CUBE-AZRTOS-G0.1.1.0
2024-03-17 20:28:05,395 [WARN] PackLoader:240 - Cannot read IP mode file for STMicroelectronics.X-CUBE-NFC4.3.0.0
2024-03-17 20:28:05,404 [WARN] PackLoader:240 - Cannot read IP mode file for STMicroelectronics.X-CUBE-BLEMGR.3.0.0
2024-03-17 20:28:05,413 [WARN] PackLoader:240 - Cannot read IP mode file for STMicroelectronics.FP-ATR-SIGFOX1.3.2.0
2024-03-17 20:28:05,420 [WARN] PackLoader:240 - Cannot read IP mode file for STMicroelectronics.X-CUBE-EEPRMA1.5.1.0
2024-03-17 20:28:05,454 [WARN] PackLoader:240 - Cannot read IP mode file for SEGGER.I-CUBE-embOS.1.3.1
2024-03-17 20:28:05,499 [WARN] PackLoader:240 - Cannot read IP mode file for STMicroelectronics.X-CUBE-GNSS1.6.0.0
2024-03-17 20:28:05,517 [WARN] PackLoader:240 - Cannot read IP mode file for STMicroelectronics.X-CUBE-AZRTOS-F4.1.1.0
2024-03-17 20:28:05,527 [WARN] PackLoader:240 - Cannot read IP mode file for wolfSSL.I-CUBE-wolfSSL.5.6.6
2024-03-17 20:28:05,563 [WARN] PackLoader:240 - Cannot read IP mode file for STMicroelectronics.X-CUBE-AZRTOS-L5.2.0.0
2024-03-17 20:28:05,570 [WARN] PackLoader:240 - Cannot read IP mode file for ITTIA_DB.I-CUBE-ITTIADB.8.8.0
2024-03-17 20:28:05,575 [WARN] PackLoader:240 - Cannot read IP mode file for STMicroelectronics.X-CUBE-NFC7.1.0.1
2024-03-17 20:28:05,586 [WARN] PackLoader:240 - Cannot read IP mode file for STMicroelectronics.X-CUBE-NFC6.3.0.0
2024-03-17 20:28:05,593 [WARN] PackLoader:240 - Cannot read IP mode file for STMicroelectronics.X-CUBE-AI.8.1.0
2024-03-17 20:28:05,617 [WARN] ConditionMgr:438 - getConditionDescription Invalid condition id : LAN8742 Phy interface Condition cause : null
2024-03-17 20:28:05,618 [WARN] PackLoader:240 - Cannot read IP mode file for STMicroelectronics.X-CUBE-AZRTOS-L4.2.0.0
2024-03-17 20:28:05,619 [WARN] ConditionMgr:1039 - genDependencies : Invalid condition id : LAN8742 Phy interface Condition cause : null
2024-03-17 20:28:05,619 [WARN] ConditionMgr:1039 - genDependencies : Invalid condition id : LAN8742 Phy interface Condition cause : null
2024-03-17 20:28:05,619 [WARN] ConditionMgr:1039 - genDependencies : Invalid condition id : LAN8742 Phy interface Condition cause : null
2024-03-17 20:28:05,627 [WARN] PackLoader:240 - Cannot read IP mode file for STMicroelectronics.X-CUBE-SFXS2LP1.4.0.0
2024-03-17 20:28:05,646 [WARN] ConditionMgr:438 - getConditionDescription Invalid condition id : UX DEVICE CLASS RTOS Condition cause : null
2024-03-17 20:28:05,647 [WARN] ConditionMgr:438 - getConditionDescription Invalid condition id : UX DEVICE CLASS RTOS Condition cause : null
2024-03-17 20:28:05,649 [WARN] PackLoader:240 - Cannot read IP mode file for STMicroelectronics.X-CUBE-AZRTOS-WB.2.0.0
2024-03-17 20:28:05,650 [WARN] ConditionMgr:1039 - genDependencies : Invalid condition id : UX DEVICE CLASS RTOS Condition cause : null
2024-03-17 20:28:05,650 [WARN] ConditionMgr:1039 - genDependencies : Invalid condition id : UX DEVICE CLASS RTOS Condition cause : null
2024-03-17 20:28:05,651 [WARN] ConditionMgr:1039 - genDependencies : Invalid condition id : UX DEVICE CLASS RTOS Condition cause : null
2024-03-17 20:28:05,651 [WARN] ConditionMgr:1039 - genDependencies : Invalid condition id : UX DEVICE CLASS RTOS Condition cause : null
2024-03-17 20:28:05,651 [WARN] ConditionMgr:1039 - genDependencies : Invalid condition id : UX DEVICE CLASS RTOS Condition cause : null
2024-03-17 20:28:05,664 [WARN] PackLoader:240 - Cannot read IP mode file for STMicroelectronics.X-CUBE-SUBG2.5.0.0
2024-03-17 20:28:05,688 [WARN] PackLoader:240 - Cannot read IP mode file for STMicroelectronics.X-CUBE-AZRTOS-G4.2.0.0
2024-03-17 20:28:05,701 [WARN] PackLoader:240 - Cannot read IP mode file for Infineon.AIROC-Wi-Fi-Bluetooth-STM32.1.5.1
2024-03-17 20:28:05,708 [WARN] PackLoader:240 - Cannot read IP mode file for STMicroelectronics.FP-SNS-MOTENVWB1.1.3.1
2024-03-17 20:28:05,714 [WARN] PackLoader:240 - Cannot read IP mode file for STMicroelectronics.X-CUBE-ISPU.2.0.0
2024-03-17 20:28:05,752 [WARN] PackLoader:240 - Cannot read IP mode file for STMicroelectronics.X-CUBE-MEMS1.10.0.0
2024-03-17 20:28:05,997 [WARN] PackLoader:240 - Cannot read IP mode file for STMicroelectronics.X-CUBE-FREERTOS.1.1.0
2024-03-17 20:28:06,002 [WARN] PackLoader:240 - Cannot read IP mode file for portGmbH.I-Cube-SoM-uGOAL.1.1.0
2024-03-17 20:28:06,006 [WARN] PackLoader:240 - Cannot read IP mode file for STMicroelectronics.X-CUBE-ALS.1.0.1
2024-03-17 20:28:06,013 [WARN] PackLoader:240 - Cannot read IP mode file for STMicroelectronics.FP-ATR-ASTRA1.2.0.0
2024-03-17 20:28:06,020 [WARN] PackLoader:240 - Cannot read IP mode file for STMicroelectronics.X-CUBE-TOF1.3.4.0
2024-03-17 20:28:06,041 [WARN] PackLoader:240 - Cannot read IP mode file for STMicroelectronics.X-CUBE-TOF1.3.4.1
2024-03-17 20:28:06,066 [WARN] PackLoader:240 - Cannot read IP mode file for STMicroelectronics.X-CUBE-AZRTOS-H7.3.2.0
2024-03-17 20:28:06,068 [INFO] ThirdParty:978 - Integrity check success = true
2024-03-17 20:28:06,069 [INFO] IntegrityCheckThread:100 - exiting critical section [integrity check]
2024-03-17 20:28:06,069 [INFO] IntegrityCheckThread:103 - End integrity checks thread
