2024-04-08 07:26:00,614 [INFO] Activator:176 - 


2024-04-08 07:26:00,621 [INFO] Activator:177 - !SESSION log4j initialized
2024-04-08 07:26:07,319 [INFO] LogOutputStream:77 - [STDOUT_REDIRECT] 
2024-04-08 07:26:11,578 [INFO] ApplicationProperties:184 - Using Application install path: C:\ST\STM32CubeIDE_1.14.1\STM32CubeIDE\plugins\com.st.stm32cube.common.mx_6.11.0.202403141607
2024-04-08 07:26:11,597 [INFO] DbMcusXml:78 - Set database path to: C:\ST\STM32CubeIDE_1.14.1\STM32CubeIDE\plugins\com.st.stm32cube.common.mx_6.11.0.202403141607\\db\/mcu/
2024-04-08 07:26:11,597 [INFO] ApiDb:274 - Set plugin database path to: C:\ST\STM32CubeIDE_1.14.1\STM32CubeIDE\plugins\com.st.stm32cube.common.mx_6.11.0.202403141607\\db\/plugins/boardmanager/
2024-04-08 07:26:11,598 [WARN] ApiDb:259 - Overriding images path with different value:  => C:\ST\STM32CubeIDE_1.14.1\STM32CubeIDE\plugins\com.st.stm32cube.common.mx_6.11.0.202403141607\\db\/plugins/mcufinder/images/
2024-04-08 07:26:11,610 [INFO] ApiDb:250 - Set database path to: C:\Users\ASUS\.stmcufinder\plugins\mcufinder//mcu/
2024-04-08 07:26:11,612 [INFO] DbMcusAds:125 - Set database path to: C:\Users\ASUS\.stmcufinder\plugins\mcufinder//mcu/
2024-04-08 07:26:11,614 [INFO] CrossReferenceDbSqlite:203 - Set database path to: C:\Users\ASUS\.stmcufinder\plugins\mcufinder//mcu/cs/
2024-04-08 07:26:11,751 [INFO] RulesReader:64 - Compatibility file has been processed (297 Rules)
2024-04-08 07:26:11,863 [INFO] DbMcusXml:78 - Set database path to: C:\ST\STM32CubeIDE_1.14.1\STM32CubeIDE\plugins\com.st.stm32cube.common.mx_6.11.0.202403141607\\db\/mcu/
2024-04-08 07:26:11,863 [INFO] ApiDb:274 - Set plugin database path to: C:\ST\STM32CubeIDE_1.14.1\STM32CubeIDE\plugins\com.st.stm32cube.common.mx_6.11.0.202403141607\\db\/plugins/boardmanager/
2024-04-08 07:26:11,863 [INFO] ApiDb:261 - Set plugin images path to: C:\ST\STM32CubeIDE_1.14.1\STM32CubeIDE\plugins\com.st.stm32cube.common.mx_6.11.0.202403141607\\db\/plugins/mcufinder/images/
2024-04-08 07:26:11,863 [WARN] DbFile:41 - Overriding database path with different value: C:\Users\ASUS\.stmcufinder\plugins\mcufinder/ => C:\Users\ASUS\.stmcufinder\plugins\mcufinder
2024-04-08 07:26:11,863 [INFO] ApiDb:250 - Set database path to: C:\Users\ASUS\.stmcufinder\plugins\mcufinder//mcu/
2024-04-08 07:26:11,864 [WARN] DbFile:41 - Overriding database path with different value: C:\Users\ASUS\.stmcufinder\plugins\mcufinder/ => C:\Users\ASUS\.stmcufinder\plugins\mcufinder
2024-04-08 07:26:11,864 [INFO] DbMcusAds:125 - Set database path to: C:\Users\ASUS\.stmcufinder\plugins\mcufinder//mcu/
2024-04-08 07:26:11,864 [WARN] DbFile:41 - Overriding database path with different value: C:\Users\ASUS\.stmcufinder\plugins\mcufinder/ => C:\Users\ASUS\.stmcufinder\plugins\mcufinder
2024-04-08 07:26:11,864 [WARN] DbFile:41 - Overriding database path with different value: C:\Users\ASUS\.stmcufinder\plugins\mcufinder/ => C:\Users\ASUS\.stmcufinder\plugins\mcufinder
2024-04-08 07:26:11,864 [INFO] CrossReferenceDbSqlite:203 - Set database path to: C:\Users\ASUS\.stmcufinder\plugins\mcufinder//mcu/cs/
2024-04-08 07:26:11,950 [INFO] MainPanel:264 - HeapMemory: 268435456
2024-04-08 07:26:12,051 [INFO] DbMcusXml:78 - Set database path to: C:\ST\STM32CubeIDE_1.14.1\STM32CubeIDE\plugins\com.st.stm32cube.common.mx_6.11.0.202403141607\\db\/mcu/
2024-04-08 07:26:12,051 [INFO] ApiDb:274 - Set plugin database path to: C:\ST\STM32CubeIDE_1.14.1\STM32CubeIDE\plugins\com.st.stm32cube.common.mx_6.11.0.202403141607\\db\/plugins/boardmanager/
2024-04-08 07:26:12,051 [INFO] ApiDb:261 - Set plugin images path to: C:\ST\STM32CubeIDE_1.14.1\STM32CubeIDE\plugins\com.st.stm32cube.common.mx_6.11.0.202403141607\\db\/plugins/mcufinder/images/
2024-04-08 07:26:12,053 [WARN] DbFile:41 - Overriding database path with different value: C:\Users\ASUS\.stmcufinder\plugins\mcufinder/ => C:\Users\ASUS\.stmcufinder\plugins\mcufinder
2024-04-08 07:26:12,053 [INFO] ApiDb:250 - Set database path to: C:\Users\ASUS\.stmcufinder\plugins\mcufinder//mcu/
2024-04-08 07:26:12,054 [WARN] DbFile:41 - Overriding database path with different value: C:\Users\ASUS\.stmcufinder\plugins\mcufinder/ => C:\Users\ASUS\.stmcufinder\plugins\mcufinder
2024-04-08 07:26:12,054 [INFO] DbMcusAds:125 - Set database path to: C:\Users\ASUS\.stmcufinder\plugins\mcufinder//mcu/
2024-04-08 07:26:12,054 [WARN] DbFile:41 - Overriding database path with different value: C:\Users\ASUS\.stmcufinder\plugins\mcufinder/ => C:\Users\ASUS\.stmcufinder\plugins\mcufinder
2024-04-08 07:26:12,054 [WARN] DbFile:41 - Overriding database path with different value: C:\Users\ASUS\.stmcufinder\plugins\mcufinder/ => C:\Users\ASUS\.stmcufinder\plugins\mcufinder
2024-04-08 07:26:12,054 [INFO] CrossReferenceDbSqlite:203 - Set database path to: C:\Users\ASUS\.stmcufinder\plugins\mcufinder//mcu/cs/
2024-04-08 07:26:12,080 [INFO] ApplicationProperties:184 - Using Application install path: C:\ST\STM32CubeIDE_1.14.1\STM32CubeIDE\plugins\com.st.stm32cube.common.mx_6.11.0.202403141607
2024-04-08 07:26:12,083 [INFO] PluginManage:196 - Search for loadable plugins [exclusion list=, ]
2024-04-08 07:26:12,086 [INFO] PluginManage:310 - Check plugin analytics
2024-04-08 07:26:12,323 [INFO] AnalyticsPlugin:253 - Accepted Software Licenses: 
2024-04-08 07:26:12,323 [INFO] AnalyticsPlugin:255 - Accepted CMSIS Pack Licenses: 
2024-04-08 07:26:12,324 [INFO] AnalyticsPlugin:257 - Accepted Firmware Licenses: FW.F4.1.28.0
2024-04-08 07:26:12,326 [INFO] PluginManage:359 - Loaded plugin analytics (category:tool,tabindex:-1)
2024-04-08 07:26:12,326 [INFO] PluginManage:310 - Check plugin cadmodel
2024-04-08 07:26:12,341 [INFO] CADModel:105 - Init CAD model plugin
2024-04-08 07:26:12,341 [INFO] PluginManage:359 - Loaded plugin cadmodel (category:power,tabindex:5)
2024-04-08 07:26:12,342 [INFO] PluginManage:310 - Check plugin clock
2024-04-08 07:26:12,365 [INFO] PluginManage:359 - Loaded plugin clock (category:base,tabindex:2)
2024-04-08 07:26:12,365 [INFO] PluginManage:310 - Check plugin ddr
2024-04-08 07:26:12,368 [INFO] PluginManage:359 - Loaded plugin ddr (category:tool,tabindex:6)
2024-04-08 07:26:12,368 [INFO] PluginManage:310 - Check plugin filemanager
2024-04-08 07:26:12,531 [INFO] PluginManage:359 - Loaded plugin filemanager (category:base,tabindex:10)
2024-04-08 07:26:12,531 [INFO] PluginManage:310 - Check plugin ipmanager
2024-04-08 07:26:12,538 [INFO] PluginManage:359 - Loaded plugin ipmanager (category:base,tabindex:5)
2024-04-08 07:26:12,538 [INFO] PluginManage:310 - Check plugin lpbam
2024-04-08 07:26:12,558 [INFO] PluginManage:359 - Loaded plugin lpbam (category:base,tabindex:0)
2024-04-08 07:26:12,559 [INFO] PluginManage:310 - Check plugin memorymap
2024-04-08 07:26:12,582 [INFO] PluginManage:359 - Loaded plugin memorymap (category:base,tabindex:4)
2024-04-08 07:26:12,582 [INFO] PluginManage:310 - Check plugin pinoutandconfiguration
2024-04-08 07:26:12,598 [INFO] PluginManage:359 - Loaded plugin pinoutandconfiguration (category:base,tabindex:1)
2024-04-08 07:26:12,598 [INFO] PluginManage:310 - Check plugin pinoutconfig
2024-04-08 07:26:12,696 [WARN] SupportedApi:132 - Cannot load RTOS API schema: s4s-elt-must-match.1: The content of 'definitions' must match (annotation?, (simpleType | complexType)?, (unique | key | keyref)*)). A problem was found starting at: attribute.
2024-04-08 07:26:12,864 [INFO] PluginManage:359 - Loaded plugin pinoutconfig (category:base,tabindex:0)
2024-04-08 07:26:12,864 [INFO] PluginManage:310 - Check plugin power
2024-04-08 07:26:12,887 [INFO] PluginManage:359 - Loaded plugin power (category:power,tabindex:4)
2024-04-08 07:26:12,887 [INFO] PluginManage:310 - Check plugin projectmanager
2024-04-08 07:26:12,903 [INFO] PluginManage:359 - Loaded plugin projectmanager (category:projectmanager,tabindex:3)
2024-04-08 07:26:12,903 [INFO] PluginManage:310 - Check plugin thirdparty
2024-04-08 07:26:13,231 [INFO] PluginManage:359 - Loaded plugin thirdparty (category:base,tabindex:-1)
2024-04-08 07:26:13,231 [WARN] IntegrityCheckThread:84 - waiting for thirdparty lock release [integrity check]
2024-04-08 07:26:13,231 [INFO] PluginManage:310 - Check plugin tools
2024-04-08 07:26:13,231 [INFO] IntegrityCheckThread:86 - entering critical section [integrity check]
2024-04-08 07:26:13,232 [INFO] ThirdPartyUpdaterWithRetryManager:70 - Updater plugin not ready yet. [1/15]
2024-04-08 07:26:13,258 [INFO] PluginManage:359 - Loaded plugin tools (category:base,tabindex:7)
2024-04-08 07:26:13,259 [INFO] PluginManage:310 - Check plugin tutovideos
2024-04-08 07:26:13,442 [INFO] PluginManage:359 - Loaded plugin tutovideos (category:base,tabindex:-1)
2024-04-08 07:26:13,442 [INFO] PluginManage:310 - Check plugin updater
2024-04-08 07:26:13,453 [INFO] PluginManage:359 - Loaded plugin updater (category:base,tabindex:12)
2024-04-08 07:26:13,453 [INFO] PluginManage:310 - Check plugin userauth
2024-04-08 07:26:13,458 [INFO] UserAuth:114 - Init User Auth plugin
2024-04-08 07:26:13,459 [INFO] PluginManage:359 - Loaded plugin userauth (category:base,tabindex:14)
2024-04-08 07:26:13,459 [INFO] PluginManage:283 - PluginManage : Loaded plugins [17]
2024-04-08 07:26:13,737 [INFO] PinOutPanel:1561 - setPackage(No Configuration,No Configuration)
2024-04-08 07:26:13,851 [INFO] CADModel:165 - CPN selected for project level
2024-04-08 07:26:13,851 [INFO] CADModel:114 - Register for checkConnection events
2024-04-08 07:26:13,892 [INFO] IPUIPlugin:80 - create IPUIPlugin
2024-04-08 07:26:13,892 [INFO] PluginManager:220 - loadIPPluginJar : add adc
2024-04-08 07:26:13,929 [INFO] IPUIPlugin:80 - create IPUIPlugin
2024-04-08 07:26:13,929 [INFO] PluginManager:220 - loadIPPluginJar : add aes
2024-04-08 07:26:13,972 [INFO] IPUIPlugin:80 - create IPUIPlugin
2024-04-08 07:26:13,973 [INFO] PluginManager:220 - loadIPPluginJar : add can
2024-04-08 07:26:13,997 [INFO] IPUIPlugin:80 - create IPUIPlugin
2024-04-08 07:26:13,997 [INFO] PluginManager:220 - loadIPPluginJar : add comp
2024-04-08 07:26:14,023 [INFO] IPUIPlugin:80 - create IPUIPlugin
2024-04-08 07:26:14,023 [INFO] PluginManager:220 - loadIPPluginJar : add cryp
2024-04-08 07:26:14,053 [INFO] IPUIPlugin:80 - create IPUIPlugin
2024-04-08 07:26:14,054 [INFO] PluginManager:220 - loadIPPluginJar : add dfsdm
2024-04-08 07:26:14,072 [INFO] IPUIPlugin:80 - create IPUIPlugin
2024-04-08 07:26:14,072 [INFO] PluginManager:220 - loadIPPluginJar : add dma
2024-04-08 07:26:14,111 [INFO] IPUIPlugin:80 - create IPUIPlugin
2024-04-08 07:26:14,111 [INFO] PluginManager:220 - loadIPPluginJar : add dma3
2024-04-08 07:26:14,147 [INFO] IPUIPlugin:80 - create IPUIPlugin
2024-04-08 07:26:14,147 [INFO] PluginManager:220 - loadIPPluginJar : add extmemmanager
2024-04-08 07:26:14,163 [INFO] IPUIPlugin:80 - create IPUIPlugin
2024-04-08 07:26:14,163 [INFO] PluginManager:220 - loadIPPluginJar : add fatfs
2024-04-08 07:26:14,199 [INFO] IPUIPlugin:80 - create IPUIPlugin
2024-04-08 07:26:14,199 [INFO] PluginManager:220 - loadIPPluginJar : add fmc
2024-04-08 07:26:14,212 [INFO] IPUIPlugin:80 - create IPUIPlugin
2024-04-08 07:26:14,212 [INFO] PluginManager:220 - loadIPPluginJar : add freertos
2024-04-08 07:26:14,236 [INFO] IPUIPlugin:80 - create IPUIPlugin
2024-04-08 07:26:14,236 [INFO] PluginManager:220 - loadIPPluginJar : add genericplugin
2024-04-08 07:26:14,305 [INFO] IPUIPlugin:80 - create IPUIPlugin
2024-04-08 07:26:14,305 [INFO] PluginManager:220 - loadIPPluginJar : add gfxmmu
2024-04-08 07:26:14,403 [INFO] IPUIPlugin:80 - create IPUIPlugin
2024-04-08 07:26:14,403 [INFO] PluginManager:220 - loadIPPluginJar : add gic
2024-04-08 07:26:14,424 [INFO] IPUIPlugin:80 - create IPUIPlugin
2024-04-08 07:26:14,425 [INFO] PluginManager:220 - loadIPPluginJar : add gpio
2024-04-08 07:26:14,488 [INFO] IPUIPlugin:80 - create IPUIPlugin
2024-04-08 07:26:14,488 [INFO] PluginManager:220 - loadIPPluginJar : add gtzc
2024-04-08 07:26:14,515 [INFO] IPUIPlugin:80 - create IPUIPlugin
2024-04-08 07:26:14,516 [INFO] PluginManager:220 - loadIPPluginJar : add hash
2024-04-08 07:26:14,554 [INFO] IPUIPlugin:80 - create IPUIPlugin
2024-04-08 07:26:14,554 [INFO] PluginManager:220 - loadIPPluginJar : add i2c
2024-04-08 07:26:14,603 [INFO] IPUIPlugin:80 - create IPUIPlugin
2024-04-08 07:26:14,603 [INFO] PluginManager:220 - loadIPPluginJar : add i2s
2024-04-08 07:26:14,635 [INFO] IPUIPlugin:80 - create IPUIPlugin
2024-04-08 07:26:14,635 [INFO] PluginManager:220 - loadIPPluginJar : add i3c
2024-04-08 07:26:14,722 [INFO] IPUIPlugin:80 - create IPUIPlugin
2024-04-08 07:26:14,722 [INFO] PluginManager:220 - loadIPPluginJar : add ipddr
2024-04-08 07:26:14,790 [INFO] IPUIPlugin:80 - create IPUIPlugin
2024-04-08 07:26:14,790 [INFO] PluginManager:220 - loadIPPluginJar : add linkedlist
2024-04-08 07:26:14,816 [INFO] IPUIPlugin:80 - create IPUIPlugin
2024-04-08 07:26:14,817 [INFO] PluginManager:220 - loadIPPluginJar : add lorawan
2024-04-08 07:26:14,885 [INFO] IPUIPlugin:80 - create IPUIPlugin
2024-04-08 07:26:14,886 [INFO] PluginManager:220 - loadIPPluginJar : add ltdc
2024-04-08 07:26:14,914 [INFO] IPUIPlugin:80 - create IPUIPlugin
2024-04-08 07:26:14,914 [INFO] PluginManager:220 - loadIPPluginJar : add mdma
2024-04-08 07:26:14,927 [INFO] IPUIPlugin:80 - create IPUIPlugin
2024-04-08 07:26:14,927 [INFO] PluginManager:220 - loadIPPluginJar : add nvic
2024-04-08 07:26:14,954 [INFO] IPUIPlugin:80 - create IPUIPlugin
2024-04-08 07:26:14,954 [INFO] PluginManager:220 - loadIPPluginJar : add opamp
2024-04-08 07:26:15,000 [INFO] IPUIPlugin:80 - create IPUIPlugin
2024-04-08 07:26:15,000 [INFO] PluginManager:220 - loadIPPluginJar : add openamp
2024-04-08 07:26:15,033 [INFO] IPUIPlugin:80 - create IPUIPlugin
2024-04-08 07:26:15,033 [INFO] PluginManager:220 - loadIPPluginJar : add pdm2pcm
2024-04-08 07:26:15,047 [INFO] IPUIPlugin:80 - create IPUIPlugin
2024-04-08 07:26:15,049 [INFO] PluginManager:220 - loadIPPluginJar : add plateformsettings
2024-04-08 07:26:15,070 [INFO] IPUIPlugin:80 - create IPUIPlugin
2024-04-08 07:26:15,070 [INFO] PluginManager:220 - loadIPPluginJar : add quadspi
2024-04-08 07:26:15,081 [INFO] IPUIPlugin:80 - create IPUIPlugin
2024-04-08 07:26:15,082 [INFO] PluginManager:220 - loadIPPluginJar : add resmgrutility
2024-04-08 07:26:15,126 [INFO] IPUIPlugin:80 - create IPUIPlugin
2024-04-08 07:26:15,126 [INFO] PluginManager:220 - loadIPPluginJar : add sai
2024-04-08 07:26:15,164 [INFO] IPUIPlugin:80 - create IPUIPlugin
2024-04-08 07:26:15,164 [INFO] PluginManager:220 - loadIPPluginJar : add spi
2024-04-08 07:26:15,216 [INFO] IPUIPlugin:80 - create IPUIPlugin
2024-04-08 07:26:15,217 [INFO] PluginManager:220 - loadIPPluginJar : add stm32_wpan
2024-04-08 07:26:15,234 [INFO] IPUIPlugin:80 - create IPUIPlugin
2024-04-08 07:26:15,234 [INFO] PluginManager:220 - loadIPPluginJar : add tim
2024-04-08 07:26:15,281 [INFO] IPUIPlugin:80 - create IPUIPlugin
2024-04-08 07:26:15,282 [INFO] PluginManager:220 - loadIPPluginJar : add touchsensing
2024-04-08 07:26:15,299 [INFO] IPUIPlugin:80 - create IPUIPlugin
2024-04-08 07:26:15,299 [INFO] PluginManager:220 - loadIPPluginJar : add tracer_emb
2024-04-08 07:26:15,318 [INFO] IPUIPlugin:80 - create IPUIPlugin
2024-04-08 07:26:15,318 [INFO] PluginManager:220 - loadIPPluginJar : add ts
2024-04-08 07:26:15,335 [INFO] IPUIPlugin:80 - create IPUIPlugin
2024-04-08 07:26:15,335 [INFO] PluginManager:220 - loadIPPluginJar : add tsc
2024-04-08 07:26:15,352 [INFO] IPUIPlugin:80 - create IPUIPlugin
2024-04-08 07:26:15,352 [INFO] PluginManager:220 - loadIPPluginJar : add ucpd
2024-04-08 07:26:15,387 [INFO] IPUIPlugin:80 - create IPUIPlugin
2024-04-08 07:26:15,387 [INFO] PluginManager:220 - loadIPPluginJar : add usart
2024-04-08 07:26:15,426 [INFO] IPUIPlugin:80 - create IPUIPlugin
2024-04-08 07:26:15,426 [INFO] PluginManager:220 - loadIPPluginJar : add usbx
2024-04-08 07:26:15,587 [INFO] CADModel:165 - CPN selected for project level
2024-04-08 07:26:15,587 [INFO] CADModel:114 - Register for checkConnection events
2024-04-08 07:26:15,587 [FATAL] Updater:308 - Updater called before beeing initialized
2024-04-08 07:26:15,587 [ERROR] CADModel:125 - Updater not yet initialized, retry later 
2024-04-08 07:26:15,774 [INFO] CADModel:165 - CPN selected for project level
2024-04-08 07:26:15,774 [INFO] CADModel:114 - Register for checkConnection events
2024-04-08 07:26:15,774 [FATAL] Updater:308 - Updater called before beeing initialized
2024-04-08 07:26:15,774 [ERROR] CADModel:125 - Updater not yet initialized, retry later 
2024-04-08 07:26:15,777 [FATAL] Updater:308 - Updater called before beeing initialized
2024-04-08 07:26:15,905 [FATAL] Updater:308 - Updater called before beeing initialized
2024-04-08 07:26:15,914 [INFO] DbMcusAds:53 - JSON generation date=Wed Nov 29 05:52:27 COT 2023 (1701255147349)
2024-04-08 07:26:15,914 [FATAL] Updater:308 - Updater called before beeing initialized
2024-04-08 07:26:15,976 [WARN] DetailPanel:346 - Failed to get advertising image, set to default
2024-04-08 07:26:16,052 [FATAL] Updater:308 - Updater called before beeing initialized
2024-04-08 07:26:16,055 [FATAL] Updater:308 - Updater called before beeing initialized
2024-04-08 07:26:16,055 [FATAL] Updater:308 - Updater called before beeing initialized
2024-04-08 07:26:16,055 [WARN] DetailPanel:346 - Failed to get advertising image, set to default
2024-04-08 07:26:16,056 [FATAL] Updater:308 - Updater called before beeing initialized
2024-04-08 07:26:16,126 [ERROR] Updater:1120 - MainUpdater not yet initialized. External WinMGr cannot be set.
2024-04-08 07:26:16,137 [INFO] Updater:1056 - Updater Version found : 6.11.0
2024-04-08 07:26:16,160 [INFO] ApplicationProperties:184 - Using Application install path: C:\ST\STM32CubeIDE_1.14.1\STM32CubeIDE\plugins\com.st.stm32cube.common.mx_6.11.0.202403141607
2024-04-08 07:26:16,233 [INFO] ThirdPartyUpdaterWithRetryManager:70 - Updater plugin not ready yet. [2/15]
2024-04-08 07:26:17,758 [ERROR] LogOutputStream:75 - [STDERR_REDIRECT] Apr 08, 2024 7:26:17 AM java.util.prefs.WindowsPreferences <init>
2024-04-08 07:26:17,760 [ERROR] LogOutputStream:75 - [STDERR_REDIRECT] WARNING: Could not open/create prefs root node Software\JavaSoft\Prefs at root 0xffffffff80000002. Windows RegCreateKeyEx(...) returned error code 5.
2024-04-08 07:26:17,760 [ERROR] LogOutputStream:75 - [STDERR_REDIRECT] 
2024-04-08 07:26:19,166 [INFO] MainUpdater:2873 - connection check result : 10
2024-04-08 07:26:19,167 [INFO] MainUpdater:3567 - Updater definition file requires update
2024-04-08 07:26:19,167 [INFO] MainUpdater:290 - Updater Check For Update Now.
2024-04-08 07:26:19,168 [INFO] MicroXplorer:498 - Change Database Version : DB.6.0.110
2024-04-08 07:26:19,196 [INFO] McuFinderGlobals:63 - Set McuFinder mode to 2 (CubeIDE integrated)
2024-04-08 07:26:19,207 [INFO] UserAuth:415 - Internet connection configuration mode: 1
2024-04-08 07:26:19,230 [INFO] JxBrowserEngine:152 - Initiate JxBrowser Engine with user profile folder
2024-04-08 07:26:19,234 [WARN] MainUpdater:1194 - Updater busy. Cannot search thirdparties
2024-04-08 07:26:19,234 [INFO] ThirdPartyUpdaterWithRetryManager:96 - Updater plugin is busy. [1/15]
2024-04-08 07:26:19,765 [INFO] ServerAccessManage:473 - Download File updaters.zip
2024-04-08 07:26:19,923 [INFO] FileExtend:240 - Unzip File : updaters.zip
2024-04-08 07:26:19,923 [INFO] FileExtend:255 - Standard Zip Deflate
2024-04-08 07:26:20,496 [INFO] ServerAccessManage:473 - Download File PacksControlFlags.xml
2024-04-08 07:26:20,882 [INFO] ServerAccessManage:473 - Download File cubemx.pidx
2024-04-08 07:26:22,235 [WARN] MainUpdater:1194 - Updater busy. Cannot search thirdparties
2024-04-08 07:26:22,236 [INFO] ThirdPartyUpdaterWithRetryManager:96 - Updater plugin is busy. [2/15]
2024-04-08 07:26:22,726 [INFO] ServerAccessManage:473 - Download File STMicroelectronics.X-CUBE-TOUCHGFX.pdsc
2024-04-08 07:26:25,237 [WARN] MainUpdater:1194 - Updater busy. Cannot search thirdparties
2024-04-08 07:26:25,237 [INFO] ThirdPartyUpdaterWithRetryManager:96 - Updater plugin is busy. [3/15]
2024-04-08 07:26:27,682 [INFO] WebApp:161 - Instantiating new browser for Auth
2024-04-08 07:26:28,238 [WARN] MainUpdater:1194 - Updater busy. Cannot search thirdparties
2024-04-08 07:26:28,238 [INFO] ThirdPartyUpdaterWithRetryManager:96 - Updater plugin is busy. [4/15]
2024-04-08 07:26:28,880 [INFO] WebApp:779 - Register for checkConnection events
2024-04-08 07:26:28,881 [INFO] WebApp:414 - Apply proxy settings
2024-04-08 07:26:28,881 [INFO] WebApp:499 - Chromium requires no authentication
2024-04-08 07:26:28,898 [INFO] WebApp:442 - Direct internet connection detected
2024-04-08 07:26:29,354 [WARN] PackLoader:240 - Cannot read IP mode file for STMicroelectronics.X-CUBE-TOUCHGFX.4.23.2
2024-04-08 07:26:29,356 [INFO] PopulateThirdPartyThread:66 - Ending populate Thread
2024-04-08 07:26:29,358 [INFO] ThirdParty:1030 - CMSIS Pack Vendor :STMicroelectronics X-CUBE-TOUCHGFX 4.23.2
2024-04-08 07:26:29,359 [INFO] LoadServerUpdatesThread:375 - End of LoadServerUpdate Thread
2024-04-08 07:26:29,514 [INFO] CheckServerUpdateThread:120 - End of CheckServer Thread
2024-04-08 07:26:29,584 [INFO] WebApp:192 - Starting web application
2024-04-08 07:26:29,584 [INFO] WebApp:544 - Web application path used C:\ST\STM32CubeIDE_1.14.1\STM32CubeIDE\plugins\com.st.stm32cube.common.mx_6.11.0.202403141607\db\plugins\mcufinder\reactClient1\index.html
2024-04-08 07:26:31,654 [WARN] PackLoader:240 - Cannot read IP mode file for STMicroelectronics.X-CUBE-SMBUS.2.1.0
2024-04-08 07:26:31,670 [WARN] PackLoader:240 - Cannot read IP mode file for STMicroelectronics.X-CUBE-TOUCHGFX.4.23.1
2024-04-08 07:26:31,685 [WARN] PackLoader:240 - Cannot read IP mode file for STMicroelectronics.X-CUBE-TOUCHGFX.4.23.0
2024-04-08 07:26:31,691 [WARN] PackLoader:240 - Cannot read IP mode file for STMicroelectronics.X-CUBE-TOUCHGFX.4.23.2
2024-04-08 07:26:31,766 [WARN] PackLoader:240 - Cannot read IP mode file for STMicroelectronics.X-CUBE-AZRTOS-F7.1.1.0
2024-04-08 07:26:31,814 [WARN] PackLoader:240 - Cannot read IP mode file for STMicroelectronics.FP-SNS-MOTENV1.4.3.2
2024-04-08 07:26:31,831 [WARN] PackLoader:240 - Cannot read IP mode file for STMicroelectronics.FP-SNS-FLIGHT1.5.0.2
2024-04-08 07:26:31,860 [WARN] PackLoader:240 - Cannot read IP mode file for STMicroelectronics.X-CUBE-DISPLAY.3.0.0
2024-04-08 07:26:31,898 [WARN] PackLoader:240 - Cannot read IP mode file for STMicroelectronics.X-CUBE-BLE1.7.0.0
2024-04-08 07:26:31,926 [WARN] PackLoader:240 - Cannot read IP mode file for emotas.I-CUBE-CANOPEN.1.3.0
2024-04-08 07:26:31,966 [WARN] PackLoader:240 - Cannot read IP mode file for STMicroelectronics.X-CUBE-BLEMGR.3.1.0
2024-04-08 07:26:32,001 [WARN] PackLoader:240 - Cannot read IP mode file for STMicroelectronics.FP-SNS-SMARTAG2.1.2.0
2024-04-08 07:26:32,033 [INFO] LogOutputStream:77 - [STDOUT_REDIRECT] 1 : Invalid condition id : UX_CORESTACK_Condition cause : null
2024-04-08 07:26:32,034 [INFO] LogOutputStream:77 - [STDOUT_REDIRECT] 1 : Invalid condition id : UX_CORESTACK_Condition cause : null
2024-04-08 07:26:32,036 [INFO] LogOutputStream:77 - [STDOUT_REDIRECT] 1 : Invalid condition id : UX_CORESTACK_Condition cause : null
2024-04-08 07:26:32,039 [INFO] LogOutputStream:77 - [STDOUT_REDIRECT] 1 : Invalid condition id : UX_CORESTACK_Condition cause : null
2024-04-08 07:26:32,041 [INFO] LogOutputStream:77 - [STDOUT_REDIRECT] 1 : Invalid condition id : UX_CORESTACK_Condition cause : null
2024-04-08 07:26:32,053 [WARN] PackLoader:240 - Cannot read IP mode file for STMicroelectronics.X-CUBE-AZRTOS-WL.2.0.0
2024-04-08 07:26:32,091 [WARN] PackLoader:240 - Cannot read IP mode file for STMicroelectronics.FP-SNS-MOTENV1.5.0.0
2024-04-08 07:26:32,126 [WARN] PackLoader:240 - Cannot read IP mode file for WES.I-CUBE-Cesium.1.3.0
2024-04-08 07:26:32,148 [WARN] PackLoader:240 - Cannot read IP mode file for STMicroelectronics.X-CUBE-BLE2.3.3.0
2024-04-08 07:26:32,171 [WARN] PackLoader:240 - Cannot read IP mode file for STMicroelectronics.X-CUBE-ALGOBUILD.1.3.0
2024-04-08 07:26:32,246 [WARN] PackLoader:240 - Cannot read IP mode file for STMicroelectronics.X-CUBE-AZRTOS-G0.1.1.0
2024-04-08 07:26:32,286 [WARN] PackLoader:240 - Cannot read IP mode file for STMicroelectronics.X-CUBE-SAFEA1.1.2.2
2024-04-08 07:26:32,311 [WARN] PackLoader:240 - Cannot read IP mode file for STMicroelectronics.X-CUBE-NFC4.3.0.0
2024-04-08 07:26:32,347 [WARN] PackLoader:240 - Cannot read IP mode file for STMicroelectronics.X-CUBE-BLEMGR.3.0.0
2024-04-08 07:26:32,363 [WARN] PackLoader:240 - Cannot read IP mode file for STMicroelectronics.FP-ATR-SIGFOX1.3.2.0
2024-04-08 07:26:32,384 [WARN] PackLoader:240 - Cannot read IP mode file for STMicroelectronics.X-CUBE-EEPRMA1.5.1.0
2024-04-08 07:26:32,474 [WARN] PackLoader:240 - Cannot read IP mode file for SEGGER.I-CUBE-embOS.1.3.1
2024-04-08 07:26:32,601 [WARN] PackLoader:240 - Cannot read IP mode file for STMicroelectronics.X-CUBE-GNSS1.6.0.0
2024-04-08 07:26:32,669 [WARN] PackLoader:240 - Cannot read IP mode file for STMicroelectronics.X-CUBE-AZRTOS-F4.1.1.0
2024-04-08 07:26:32,703 [WARN] PackLoader:240 - Cannot read IP mode file for wolfSSL.I-CUBE-wolfSSL.5.6.6
2024-04-08 07:26:32,754 [WARN] PackLoader:240 - Cannot read IP mode file for STMicroelectronics.X-CUBE-AZRTOS-L5.2.0.0
2024-04-08 07:26:32,795 [WARN] PackLoader:240 - Cannot read IP mode file for STMicroelectronics.X-CUBE-NFC6.3.1.0
2024-04-08 07:26:32,829 [WARN] PackLoader:240 - Cannot read IP mode file for ITTIA_DB.I-CUBE-ITTIADB.8.8.0
2024-04-08 07:26:32,849 [WARN] PackLoader:240 - Cannot read IP mode file for STMicroelectronics.X-CUBE-NFC7.1.0.1
2024-04-08 07:26:32,885 [WARN] PackLoader:240 - Cannot read IP mode file for STMicroelectronics.X-CUBE-NFC6.3.0.0
2024-04-08 07:26:32,905 [WARN] PackLoader:240 - Cannot read IP mode file for STMicroelectronics.X-CUBE-AI.8.1.0
2024-04-08 07:26:32,955 [WARN] ConditionMgr:438 - getConditionDescription Invalid condition id : LAN8742 Phy interface Condition cause : null
2024-04-08 07:26:32,957 [WARN] PackLoader:240 - Cannot read IP mode file for STMicroelectronics.X-CUBE-AZRTOS-L4.2.0.0
2024-04-08 07:26:32,959 [WARN] ConditionMgr:1039 - genDependencies : Invalid condition id : LAN8742 Phy interface Condition cause : null
2024-04-08 07:26:32,961 [WARN] ConditionMgr:1039 - genDependencies : Invalid condition id : LAN8742 Phy interface Condition cause : null
2024-04-08 07:26:32,962 [WARN] ConditionMgr:1039 - genDependencies : Invalid condition id : LAN8742 Phy interface Condition cause : null
2024-04-08 07:26:32,995 [WARN] PackLoader:240 - Cannot read IP mode file for STMicroelectronics.X-CUBE-SFXS2LP1.4.0.0
2024-04-08 07:26:33,056 [WARN] ConditionMgr:438 - getConditionDescription Invalid condition id : UX DEVICE CLASS RTOS Condition cause : null
2024-04-08 07:26:33,056 [WARN] ConditionMgr:438 - getConditionDescription Invalid condition id : UX DEVICE CLASS RTOS Condition cause : null
2024-04-08 07:26:33,061 [WARN] PackLoader:240 - Cannot read IP mode file for STMicroelectronics.X-CUBE-AZRTOS-WB.2.0.0
2024-04-08 07:26:33,062 [WARN] ConditionMgr:1039 - genDependencies : Invalid condition id : UX DEVICE CLASS RTOS Condition cause : null
2024-04-08 07:26:33,062 [WARN] ConditionMgr:1039 - genDependencies : Invalid condition id : UX DEVICE CLASS RTOS Condition cause : null
2024-04-08 07:26:33,063 [WARN] ConditionMgr:1039 - genDependencies : Invalid condition id : UX DEVICE CLASS RTOS Condition cause : null
2024-04-08 07:26:33,064 [WARN] ConditionMgr:1039 - genDependencies : Invalid condition id : UX DEVICE CLASS RTOS Condition cause : null
2024-04-08 07:26:33,064 [WARN] ConditionMgr:1039 - genDependencies : Invalid condition id : UX DEVICE CLASS RTOS Condition cause : null
2024-04-08 07:26:33,110 [WARN] PackLoader:240 - Cannot read IP mode file for STMicroelectronics.X-CUBE-SUBG2.5.0.0
2024-04-08 07:26:33,184 [WARN] PackLoader:240 - Cannot read IP mode file for STMicroelectronics.X-CUBE-AZRTOS-G4.2.0.0
2024-04-08 07:26:33,222 [WARN] PackLoader:240 - Cannot read IP mode file for Infineon.AIROC-Wi-Fi-Bluetooth-STM32.1.5.1
2024-04-08 07:26:33,240 [WARN] PackLoader:240 - Cannot read IP mode file for STMicroelectronics.FP-SNS-MOTENVWB1.1.3.1
2024-04-08 07:26:33,258 [WARN] PackLoader:240 - Cannot read IP mode file for STMicroelectronics.X-CUBE-ISPU.2.0.0
2024-04-08 07:26:33,375 [WARN] PackLoader:240 - Cannot read IP mode file for STMicroelectronics.X-CUBE-MEMS1.10.0.0
2024-04-08 07:26:33,689 [WARN] PackLoader:240 - Cannot read IP mode file for STMicroelectronics.X-CUBE-FREERTOS.1.1.0
2024-04-08 07:26:33,722 [WARN] PackLoader:240 - Cannot read IP mode file for portGmbH.I-Cube-SoM-uGOAL.1.1.0
2024-04-08 07:26:33,739 [WARN] PackLoader:240 - Cannot read IP mode file for STMicroelectronics.X-CUBE-ALS.1.0.1
2024-04-08 07:26:33,750 [WARN] PackLoader:240 - Cannot read IP mode file for STMicroelectronics.FP-ATR-ASTRA1.2.0.0
2024-04-08 07:26:33,784 [WARN] PackLoader:240 - Cannot read IP mode file for STMicroelectronics.X-CUBE-TOF1.3.4.0
2024-04-08 07:26:33,854 [WARN] PackLoader:240 - Cannot read IP mode file for STMicroelectronics.X-CUBE-TOF1.3.4.1
2024-04-08 07:26:33,937 [WARN] PackLoader:240 - Cannot read IP mode file for STMicroelectronics.X-CUBE-AZRTOS-H7.3.2.0
2024-04-08 07:26:33,945 [INFO] ThirdParty:978 - Integrity check success = true
2024-04-08 07:26:33,946 [INFO] IntegrityCheckThread:100 - exiting critical section [integrity check]
2024-04-08 07:26:33,946 [INFO] IntegrityCheckThread:103 - End integrity checks thread
2024-04-08 08:26:05,093 [ERROR] LogOutputStream:75 - [STDERR_REDIRECT] 
2024-04-08 08:26:05,095 [ERROR] LogOutputStream:75 - [STDERR_REDIRECT] 
