2024-04-04 17:55:00,950 [INFO] Activator:176 - 


2024-04-04 17:55:00,959 [INFO] Activator:177 - !SESSION log4j initialized
2024-04-04 17:55:05,371 [INFO] LogOutputStream:77 - [STDOUT_REDIRECT] 
2024-04-04 17:55:07,166 [INFO] ApplicationProperties:184 - Using Application install path: C:\ST\STM32CubeIDE_1.14.1\STM32CubeIDE\plugins\com.st.stm32cube.common.mx_6.11.0.202403141607
2024-04-04 17:55:07,187 [INFO] DbMcusXml:78 - Set database path to: C:\ST\STM32CubeIDE_1.14.1\STM32CubeIDE\plugins\com.st.stm32cube.common.mx_6.11.0.202403141607\\db\/mcu/
2024-04-04 17:55:07,188 [INFO] ApiDb:274 - Set plugin database path to: C:\ST\STM32CubeIDE_1.14.1\STM32CubeIDE\plugins\com.st.stm32cube.common.mx_6.11.0.202403141607\\db\/plugins/boardmanager/
2024-04-04 17:55:07,198 [WARN] ApiDb:259 - Overriding images path with different value:  => C:\ST\STM32CubeIDE_1.14.1\STM32CubeIDE\plugins\com.st.stm32cube.common.mx_6.11.0.202403141607\\db\/plugins/mcufinder/images/
2024-04-04 17:55:07,206 [INFO] ApiDb:250 - Set database path to: C:\Users\ASUS\.stmcufinder\plugins\mcufinder//mcu/
2024-04-04 17:55:07,207 [INFO] DbMcusAds:125 - Set database path to: C:\Users\ASUS\.stmcufinder\plugins\mcufinder//mcu/
2024-04-04 17:55:07,209 [INFO] CrossReferenceDbSqlite:203 - Set database path to: C:\Users\ASUS\.stmcufinder\plugins\mcufinder//mcu/cs/
2024-04-04 17:55:07,338 [INFO] RulesReader:64 - Compatibility file has been processed (297 Rules)
2024-04-04 17:55:07,424 [INFO] DbMcusXml:78 - Set database path to: C:\ST\STM32CubeIDE_1.14.1\STM32CubeIDE\plugins\com.st.stm32cube.common.mx_6.11.0.202403141607\\db\/mcu/
2024-04-04 17:55:07,425 [INFO] ApiDb:274 - Set plugin database path to: C:\ST\STM32CubeIDE_1.14.1\STM32CubeIDE\plugins\com.st.stm32cube.common.mx_6.11.0.202403141607\\db\/plugins/boardmanager/
2024-04-04 17:55:07,425 [INFO] ApiDb:261 - Set plugin images path to: C:\ST\STM32CubeIDE_1.14.1\STM32CubeIDE\plugins\com.st.stm32cube.common.mx_6.11.0.202403141607\\db\/plugins/mcufinder/images/
2024-04-04 17:55:07,425 [WARN] DbFile:41 - Overriding database path with different value: C:\Users\ASUS\.stmcufinder\plugins\mcufinder/ => C:\Users\ASUS\.stmcufinder\plugins\mcufinder
2024-04-04 17:55:07,425 [INFO] ApiDb:250 - Set database path to: C:\Users\ASUS\.stmcufinder\plugins\mcufinder//mcu/
2024-04-04 17:55:07,425 [WARN] DbFile:41 - Overriding database path with different value: C:\Users\ASUS\.stmcufinder\plugins\mcufinder/ => C:\Users\ASUS\.stmcufinder\plugins\mcufinder
2024-04-04 17:55:07,425 [INFO] DbMcusAds:125 - Set database path to: C:\Users\ASUS\.stmcufinder\plugins\mcufinder//mcu/
2024-04-04 17:55:07,426 [WARN] DbFile:41 - Overriding database path with different value: C:\Users\ASUS\.stmcufinder\plugins\mcufinder/ => C:\Users\ASUS\.stmcufinder\plugins\mcufinder
2024-04-04 17:55:07,426 [WARN] DbFile:41 - Overriding database path with different value: C:\Users\ASUS\.stmcufinder\plugins\mcufinder/ => C:\Users\ASUS\.stmcufinder\plugins\mcufinder
2024-04-04 17:55:07,426 [INFO] CrossReferenceDbSqlite:203 - Set database path to: C:\Users\ASUS\.stmcufinder\plugins\mcufinder//mcu/cs/
2024-04-04 17:55:07,507 [INFO] MainPanel:264 - HeapMemory: 268435456
2024-04-04 17:55:07,628 [INFO] DbMcusXml:78 - Set database path to: C:\ST\STM32CubeIDE_1.14.1\STM32CubeIDE\plugins\com.st.stm32cube.common.mx_6.11.0.202403141607\\db\/mcu/
2024-04-04 17:55:07,628 [INFO] ApiDb:274 - Set plugin database path to: C:\ST\STM32CubeIDE_1.14.1\STM32CubeIDE\plugins\com.st.stm32cube.common.mx_6.11.0.202403141607\\db\/plugins/boardmanager/
2024-04-04 17:55:07,628 [INFO] ApiDb:261 - Set plugin images path to: C:\ST\STM32CubeIDE_1.14.1\STM32CubeIDE\plugins\com.st.stm32cube.common.mx_6.11.0.202403141607\\db\/plugins/mcufinder/images/
2024-04-04 17:55:07,628 [WARN] DbFile:41 - Overriding database path with different value: C:\Users\ASUS\.stmcufinder\plugins\mcufinder/ => C:\Users\ASUS\.stmcufinder\plugins\mcufinder
2024-04-04 17:55:07,628 [INFO] ApiDb:250 - Set database path to: C:\Users\ASUS\.stmcufinder\plugins\mcufinder//mcu/
2024-04-04 17:55:07,628 [WARN] DbFile:41 - Overriding database path with different value: C:\Users\ASUS\.stmcufinder\plugins\mcufinder/ => C:\Users\ASUS\.stmcufinder\plugins\mcufinder
2024-04-04 17:55:07,628 [INFO] DbMcusAds:125 - Set database path to: C:\Users\ASUS\.stmcufinder\plugins\mcufinder//mcu/
2024-04-04 17:55:07,628 [WARN] DbFile:41 - Overriding database path with different value: C:\Users\ASUS\.stmcufinder\plugins\mcufinder/ => C:\Users\ASUS\.stmcufinder\plugins\mcufinder
2024-04-04 17:55:07,628 [WARN] DbFile:41 - Overriding database path with different value: C:\Users\ASUS\.stmcufinder\plugins\mcufinder/ => C:\Users\ASUS\.stmcufinder\plugins\mcufinder
2024-04-04 17:55:07,629 [INFO] CrossReferenceDbSqlite:203 - Set database path to: C:\Users\ASUS\.stmcufinder\plugins\mcufinder//mcu/cs/
2024-04-04 17:55:07,652 [INFO] ApplicationProperties:184 - Using Application install path: C:\ST\STM32CubeIDE_1.14.1\STM32CubeIDE\plugins\com.st.stm32cube.common.mx_6.11.0.202403141607
2024-04-04 17:55:07,656 [INFO] PluginManage:196 - Search for loadable plugins [exclusion list=, ]
2024-04-04 17:55:07,658 [INFO] PluginManage:310 - Check plugin analytics
2024-04-04 17:55:07,870 [INFO] AnalyticsPlugin:253 - Accepted Software Licenses: 
2024-04-04 17:55:07,870 [INFO] AnalyticsPlugin:255 - Accepted CMSIS Pack Licenses: 
2024-04-04 17:55:07,870 [INFO] AnalyticsPlugin:257 - Accepted Firmware Licenses: FW.F4.1.28.0
2024-04-04 17:55:07,873 [INFO] PluginManage:359 - Loaded plugin analytics (category:tool,tabindex:-1)
2024-04-04 17:55:07,873 [INFO] PluginManage:310 - Check plugin cadmodel
2024-04-04 17:55:07,877 [INFO] CADModel:105 - Init CAD model plugin
2024-04-04 17:55:07,877 [INFO] PluginManage:359 - Loaded plugin cadmodel (category:power,tabindex:5)
2024-04-04 17:55:07,877 [INFO] PluginManage:310 - Check plugin clock
2024-04-04 17:55:07,885 [INFO] PluginManage:359 - Loaded plugin clock (category:base,tabindex:2)
2024-04-04 17:55:07,885 [INFO] PluginManage:310 - Check plugin ddr
2024-04-04 17:55:07,887 [INFO] PluginManage:359 - Loaded plugin ddr (category:tool,tabindex:6)
2024-04-04 17:55:07,888 [INFO] PluginManage:310 - Check plugin filemanager
2024-04-04 17:55:08,098 [INFO] PluginManage:359 - Loaded plugin filemanager (category:base,tabindex:10)
2024-04-04 17:55:08,098 [INFO] PluginManage:310 - Check plugin ipmanager
2024-04-04 17:55:08,105 [INFO] PluginManage:359 - Loaded plugin ipmanager (category:base,tabindex:5)
2024-04-04 17:55:08,106 [INFO] PluginManage:310 - Check plugin lpbam
2024-04-04 17:55:08,115 [INFO] PluginManage:359 - Loaded plugin lpbam (category:base,tabindex:0)
2024-04-04 17:55:08,115 [INFO] PluginManage:310 - Check plugin memorymap
2024-04-04 17:55:08,130 [INFO] PluginManage:359 - Loaded plugin memorymap (category:base,tabindex:4)
2024-04-04 17:55:08,131 [INFO] PluginManage:310 - Check plugin pinoutandconfiguration
2024-04-04 17:55:08,139 [INFO] PluginManage:359 - Loaded plugin pinoutandconfiguration (category:base,tabindex:1)
2024-04-04 17:55:08,139 [INFO] PluginManage:310 - Check plugin pinoutconfig
2024-04-04 17:55:08,246 [WARN] SupportedApi:132 - Cannot load RTOS API schema: s4s-elt-must-match.1: The content of 'definitions' must match (annotation?, (simpleType | complexType)?, (unique | key | keyref)*)). A problem was found starting at: attribute.
2024-04-04 17:55:08,379 [INFO] PluginManage:359 - Loaded plugin pinoutconfig (category:base,tabindex:0)
2024-04-04 17:55:08,379 [INFO] PluginManage:310 - Check plugin power
2024-04-04 17:55:08,385 [INFO] PluginManage:359 - Loaded plugin power (category:power,tabindex:4)
2024-04-04 17:55:08,385 [INFO] PluginManage:310 - Check plugin projectmanager
2024-04-04 17:55:08,399 [INFO] PluginManage:359 - Loaded plugin projectmanager (category:projectmanager,tabindex:3)
2024-04-04 17:55:08,399 [INFO] PluginManage:310 - Check plugin thirdparty
2024-04-04 17:55:08,503 [INFO] PluginManage:359 - Loaded plugin thirdparty (category:base,tabindex:-1)
2024-04-04 17:55:08,503 [INFO] PluginManage:310 - Check plugin tools
2024-04-04 17:55:08,503 [WARN] IntegrityCheckThread:84 - waiting for thirdparty lock release [integrity check]
2024-04-04 17:55:08,503 [INFO] IntegrityCheckThread:86 - entering critical section [integrity check]
2024-04-04 17:55:08,503 [INFO] ThirdPartyUpdaterWithRetryManager:70 - Updater plugin not ready yet. [1/15]
2024-04-04 17:55:08,505 [INFO] PluginManage:359 - Loaded plugin tools (category:base,tabindex:7)
2024-04-04 17:55:08,506 [INFO] PluginManage:310 - Check plugin tutovideos
2024-04-04 17:55:08,667 [INFO] PluginManage:359 - Loaded plugin tutovideos (category:base,tabindex:-1)
2024-04-04 17:55:08,667 [INFO] PluginManage:310 - Check plugin updater
2024-04-04 17:55:08,677 [INFO] PluginManage:359 - Loaded plugin updater (category:base,tabindex:12)
2024-04-04 17:55:08,677 [INFO] PluginManage:310 - Check plugin userauth
2024-04-04 17:55:08,682 [INFO] UserAuth:114 - Init User Auth plugin
2024-04-04 17:55:08,682 [INFO] PluginManage:359 - Loaded plugin userauth (category:base,tabindex:14)
2024-04-04 17:55:08,683 [INFO] PluginManage:283 - PluginManage : Loaded plugins [17]
2024-04-04 17:55:08,861 [INFO] PinOutPanel:1561 - setPackage(No Configuration,No Configuration)
2024-04-04 17:55:08,930 [INFO] CADModel:165 - CPN selected for project level
2024-04-04 17:55:08,930 [INFO] CADModel:114 - Register for checkConnection events
2024-04-04 17:55:08,944 [INFO] IPUIPlugin:80 - create IPUIPlugin
2024-04-04 17:55:08,944 [INFO] PluginManager:220 - loadIPPluginJar : add adc
2024-04-04 17:55:08,945 [INFO] IPUIPlugin:80 - create IPUIPlugin
2024-04-04 17:55:08,946 [INFO] PluginManager:220 - loadIPPluginJar : add aes
2024-04-04 17:55:08,947 [INFO] IPUIPlugin:80 - create IPUIPlugin
2024-04-04 17:55:08,947 [INFO] PluginManager:220 - loadIPPluginJar : add can
2024-04-04 17:55:08,948 [INFO] IPUIPlugin:80 - create IPUIPlugin
2024-04-04 17:55:08,949 [INFO] PluginManager:220 - loadIPPluginJar : add comp
2024-04-04 17:55:08,951 [INFO] IPUIPlugin:80 - create IPUIPlugin
2024-04-04 17:55:08,951 [INFO] PluginManager:220 - loadIPPluginJar : add cryp
2024-04-04 17:55:08,953 [INFO] IPUIPlugin:80 - create IPUIPlugin
2024-04-04 17:55:08,954 [INFO] PluginManager:220 - loadIPPluginJar : add dfsdm
2024-04-04 17:55:08,959 [INFO] IPUIPlugin:80 - create IPUIPlugin
2024-04-04 17:55:08,960 [INFO] PluginManager:220 - loadIPPluginJar : add dma
2024-04-04 17:55:08,962 [INFO] IPUIPlugin:80 - create IPUIPlugin
2024-04-04 17:55:08,962 [INFO] PluginManager:220 - loadIPPluginJar : add dma3
2024-04-04 17:55:08,964 [INFO] IPUIPlugin:80 - create IPUIPlugin
2024-04-04 17:55:08,964 [INFO] PluginManager:220 - loadIPPluginJar : add extmemmanager
2024-04-04 17:55:08,965 [INFO] IPUIPlugin:80 - create IPUIPlugin
2024-04-04 17:55:08,966 [INFO] PluginManager:220 - loadIPPluginJar : add fatfs
2024-04-04 17:55:08,969 [INFO] IPUIPlugin:80 - create IPUIPlugin
2024-04-04 17:55:08,969 [INFO] PluginManager:220 - loadIPPluginJar : add fmc
2024-04-04 17:55:08,973 [INFO] IPUIPlugin:80 - create IPUIPlugin
2024-04-04 17:55:08,973 [INFO] PluginManager:220 - loadIPPluginJar : add freertos
2024-04-04 17:55:08,974 [INFO] IPUIPlugin:80 - create IPUIPlugin
2024-04-04 17:55:08,974 [INFO] PluginManager:220 - loadIPPluginJar : add genericplugin
2024-04-04 17:55:08,976 [INFO] IPUIPlugin:80 - create IPUIPlugin
2024-04-04 17:55:08,976 [INFO] PluginManager:220 - loadIPPluginJar : add gfxmmu
2024-04-04 17:55:08,980 [INFO] IPUIPlugin:80 - create IPUIPlugin
2024-04-04 17:55:08,980 [INFO] PluginManager:220 - loadIPPluginJar : add gic
2024-04-04 17:55:08,983 [INFO] IPUIPlugin:80 - create IPUIPlugin
2024-04-04 17:55:08,983 [INFO] PluginManager:220 - loadIPPluginJar : add gpio
2024-04-04 17:55:08,985 [INFO] IPUIPlugin:80 - create IPUIPlugin
2024-04-04 17:55:08,985 [INFO] PluginManager:220 - loadIPPluginJar : add gtzc
2024-04-04 17:55:08,988 [INFO] IPUIPlugin:80 - create IPUIPlugin
2024-04-04 17:55:08,990 [INFO] PluginManager:220 - loadIPPluginJar : add hash
2024-04-04 17:55:08,992 [INFO] IPUIPlugin:80 - create IPUIPlugin
2024-04-04 17:55:08,992 [INFO] PluginManager:220 - loadIPPluginJar : add i2c
2024-04-04 17:55:08,994 [INFO] IPUIPlugin:80 - create IPUIPlugin
2024-04-04 17:55:08,994 [INFO] PluginManager:220 - loadIPPluginJar : add i2s
2024-04-04 17:55:08,997 [INFO] IPUIPlugin:80 - create IPUIPlugin
2024-04-04 17:55:08,997 [INFO] PluginManager:220 - loadIPPluginJar : add i3c
2024-04-04 17:55:08,999 [INFO] IPUIPlugin:80 - create IPUIPlugin
2024-04-04 17:55:08,999 [INFO] PluginManager:220 - loadIPPluginJar : add ipddr
2024-04-04 17:55:09,007 [INFO] IPUIPlugin:80 - create IPUIPlugin
2024-04-04 17:55:09,007 [INFO] PluginManager:220 - loadIPPluginJar : add linkedlist
2024-04-04 17:55:09,009 [INFO] IPUIPlugin:80 - create IPUIPlugin
2024-04-04 17:55:09,009 [INFO] PluginManager:220 - loadIPPluginJar : add lorawan
2024-04-04 17:55:09,010 [INFO] IPUIPlugin:80 - create IPUIPlugin
2024-04-04 17:55:09,010 [INFO] PluginManager:220 - loadIPPluginJar : add ltdc
2024-04-04 17:55:09,036 [INFO] IPUIPlugin:80 - create IPUIPlugin
2024-04-04 17:55:09,036 [INFO] PluginManager:220 - loadIPPluginJar : add mdma
2024-04-04 17:55:09,039 [INFO] IPUIPlugin:80 - create IPUIPlugin
2024-04-04 17:55:09,040 [INFO] PluginManager:220 - loadIPPluginJar : add nvic
2024-04-04 17:55:09,043 [INFO] IPUIPlugin:80 - create IPUIPlugin
2024-04-04 17:55:09,043 [INFO] PluginManager:220 - loadIPPluginJar : add opamp
2024-04-04 17:55:09,045 [INFO] IPUIPlugin:80 - create IPUIPlugin
2024-04-04 17:55:09,046 [INFO] PluginManager:220 - loadIPPluginJar : add openamp
2024-04-04 17:55:09,049 [INFO] IPUIPlugin:80 - create IPUIPlugin
2024-04-04 17:55:09,049 [INFO] PluginManager:220 - loadIPPluginJar : add pdm2pcm
2024-04-04 17:55:09,058 [INFO] IPUIPlugin:80 - create IPUIPlugin
2024-04-04 17:55:09,061 [INFO] PluginManager:220 - loadIPPluginJar : add plateformsettings
2024-04-04 17:55:09,064 [INFO] IPUIPlugin:80 - create IPUIPlugin
2024-04-04 17:55:09,064 [INFO] PluginManager:220 - loadIPPluginJar : add quadspi
2024-04-04 17:55:09,067 [INFO] IPUIPlugin:80 - create IPUIPlugin
2024-04-04 17:55:09,067 [INFO] PluginManager:220 - loadIPPluginJar : add resmgrutility
2024-04-04 17:55:09,071 [INFO] IPUIPlugin:80 - create IPUIPlugin
2024-04-04 17:55:09,071 [INFO] PluginManager:220 - loadIPPluginJar : add sai
2024-04-04 17:55:09,073 [INFO] IPUIPlugin:80 - create IPUIPlugin
2024-04-04 17:55:09,073 [INFO] PluginManager:220 - loadIPPluginJar : add spi
2024-04-04 17:55:09,080 [INFO] IPUIPlugin:80 - create IPUIPlugin
2024-04-04 17:55:09,080 [INFO] PluginManager:220 - loadIPPluginJar : add stm32_wpan
2024-04-04 17:55:09,082 [INFO] IPUIPlugin:80 - create IPUIPlugin
2024-04-04 17:55:09,082 [INFO] PluginManager:220 - loadIPPluginJar : add tim
2024-04-04 17:55:09,087 [INFO] IPUIPlugin:80 - create IPUIPlugin
2024-04-04 17:55:09,087 [INFO] PluginManager:220 - loadIPPluginJar : add touchsensing
2024-04-04 17:55:09,089 [INFO] IPUIPlugin:80 - create IPUIPlugin
2024-04-04 17:55:09,090 [INFO] PluginManager:220 - loadIPPluginJar : add tracer_emb
2024-04-04 17:55:09,106 [INFO] IPUIPlugin:80 - create IPUIPlugin
2024-04-04 17:55:09,106 [INFO] PluginManager:220 - loadIPPluginJar : add ts
2024-04-04 17:55:09,108 [INFO] IPUIPlugin:80 - create IPUIPlugin
2024-04-04 17:55:09,108 [INFO] PluginManager:220 - loadIPPluginJar : add tsc
2024-04-04 17:55:09,111 [INFO] IPUIPlugin:80 - create IPUIPlugin
2024-04-04 17:55:09,111 [INFO] PluginManager:220 - loadIPPluginJar : add ucpd
2024-04-04 17:55:09,114 [INFO] IPUIPlugin:80 - create IPUIPlugin
2024-04-04 17:55:09,114 [INFO] PluginManager:220 - loadIPPluginJar : add usart
2024-04-04 17:55:09,119 [INFO] IPUIPlugin:80 - create IPUIPlugin
2024-04-04 17:55:09,119 [INFO] PluginManager:220 - loadIPPluginJar : add usbx
2024-04-04 17:55:09,264 [INFO] CADModel:165 - CPN selected for project level
2024-04-04 17:55:09,264 [INFO] CADModel:114 - Register for checkConnection events
2024-04-04 17:55:09,265 [FATAL] Updater:308 - Updater called before beeing initialized
2024-04-04 17:55:09,265 [ERROR] CADModel:125 - Updater not yet initialized, retry later 
2024-04-04 17:55:09,366 [INFO] CADModel:165 - CPN selected for project level
2024-04-04 17:55:09,366 [INFO] CADModel:114 - Register for checkConnection events
2024-04-04 17:55:09,366 [FATAL] Updater:308 - Updater called before beeing initialized
2024-04-04 17:55:09,367 [ERROR] CADModel:125 - Updater not yet initialized, retry later 
2024-04-04 17:55:09,369 [FATAL] Updater:308 - Updater called before beeing initialized
2024-04-04 17:55:09,459 [FATAL] Updater:308 - Updater called before beeing initialized
2024-04-04 17:55:09,463 [INFO] DbMcusAds:53 - JSON generation date=Wed Nov 29 05:52:27 COT 2023 (1701255147349)
2024-04-04 17:55:09,463 [FATAL] Updater:308 - Updater called before beeing initialized
2024-04-04 17:55:09,490 [WARN] DetailPanel:346 - Failed to get advertising image, set to default
2024-04-04 17:55:09,562 [FATAL] Updater:308 - Updater called before beeing initialized
2024-04-04 17:55:09,564 [FATAL] Updater:308 - Updater called before beeing initialized
2024-04-04 17:55:09,564 [FATAL] Updater:308 - Updater called before beeing initialized
2024-04-04 17:55:09,564 [WARN] DetailPanel:346 - Failed to get advertising image, set to default
2024-04-04 17:55:09,564 [FATAL] Updater:308 - Updater called before beeing initialized
2024-04-04 17:55:09,602 [ERROR] Updater:1120 - MainUpdater not yet initialized. External WinMGr cannot be set.
2024-04-04 17:55:09,604 [INFO] Updater:1056 - Updater Version found : 6.11.0
2024-04-04 17:55:09,615 [INFO] ApplicationProperties:184 - Using Application install path: C:\ST\STM32CubeIDE_1.14.1\STM32CubeIDE\plugins\com.st.stm32cube.common.mx_6.11.0.202403141607
2024-04-04 17:55:11,189 [ERROR] LogOutputStream:75 - [STDERR_REDIRECT] Apr 04, 2024 5:55:11 PM java.util.prefs.WindowsPreferences <init>
2024-04-04 17:55:11,190 [ERROR] LogOutputStream:75 - [STDERR_REDIRECT] WARNING: Could not open/create prefs root node Software\JavaSoft\Prefs at root 0xffffffff80000002. Windows RegCreateKeyEx(...) returned error code 5.
2024-04-04 17:55:11,190 [ERROR] LogOutputStream:75 - [STDERR_REDIRECT] 
2024-04-04 17:55:11,438 [INFO] MainUpdater:2873 - connection check result : 10
2024-04-04 17:55:11,438 [INFO] MainUpdater:290 - Updater Check For Update Now.
2024-04-04 17:55:11,439 [INFO] MicroXplorer:498 - Change Database Version : DB.6.0.110
2024-04-04 17:55:11,444 [INFO] McuFinderGlobals:63 - Set McuFinder mode to 2 (CubeIDE integrated)
2024-04-04 17:55:11,451 [INFO] UserAuth:415 - Internet connection configuration mode: 1
2024-04-04 17:55:11,469 [INFO] JxBrowserEngine:152 - Initiate JxBrowser Engine with user profile folder
2024-04-04 17:55:11,507 [WARN] MainUpdater:1194 - Updater busy. Cannot search thirdparties
2024-04-04 17:55:11,507 [INFO] ThirdPartyUpdaterWithRetryManager:96 - Updater plugin is busy. [1/15]
2024-04-04 17:55:11,609 [INFO] CheckServerUpdateThread:120 - End of CheckServer Thread
2024-04-04 17:55:12,041 [INFO] WebApp:161 - Instantiating new browser for Auth
2024-04-04 17:55:12,640 [INFO] WebApp:779 - Register for checkConnection events
2024-04-04 17:55:12,640 [INFO] WebApp:414 - Apply proxy settings
2024-04-04 17:55:12,640 [INFO] WebApp:499 - Chromium requires no authentication
2024-04-04 17:55:12,645 [INFO] WebApp:442 - Direct internet connection detected
2024-04-04 17:55:12,795 [INFO] WebApp:192 - Starting web application
2024-04-04 17:55:12,795 [INFO] WebApp:544 - Web application path used C:\ST\STM32CubeIDE_1.14.1\STM32CubeIDE\plugins\com.st.stm32cube.common.mx_6.11.0.202403141607\db\plugins\mcufinder\reactClient1\index.html
2024-04-04 17:55:14,641 [WARN] PackLoader:240 - Cannot read IP mode file for STMicroelectronics.X-CUBE-SMBUS.2.1.0
2024-04-04 17:55:14,652 [WARN] PackLoader:240 - Cannot read IP mode file for STMicroelectronics.X-CUBE-TOUCHGFX.4.23.1
2024-04-04 17:55:14,658 [WARN] PackLoader:240 - Cannot read IP mode file for STMicroelectronics.X-CUBE-TOUCHGFX.4.23.0
2024-04-04 17:55:14,696 [WARN] PackLoader:240 - Cannot read IP mode file for STMicroelectronics.X-CUBE-AZRTOS-F7.1.1.0
2024-04-04 17:55:14,709 [WARN] PackLoader:240 - Cannot read IP mode file for STMicroelectronics.FP-SNS-MOTENV1.4.3.2
2024-04-04 17:55:14,716 [WARN] PackLoader:240 - Cannot read IP mode file for STMicroelectronics.FP-SNS-FLIGHT1.5.0.2
2024-04-04 17:55:14,728 [WARN] PackLoader:240 - Cannot read IP mode file for STMicroelectronics.X-CUBE-DISPLAY.3.0.0
2024-04-04 17:55:14,744 [WARN] PackLoader:240 - Cannot read IP mode file for STMicroelectronics.X-CUBE-BLE1.7.0.0
2024-04-04 17:55:14,750 [WARN] PackLoader:240 - Cannot read IP mode file for emotas.I-CUBE-CANOPEN.1.3.0
2024-04-04 17:55:14,767 [WARN] PackLoader:240 - Cannot read IP mode file for STMicroelectronics.X-CUBE-BLEMGR.3.1.0
2024-04-04 17:55:14,779 [WARN] PackLoader:240 - Cannot read IP mode file for STMicroelectronics.FP-SNS-SMARTAG2.1.2.0
2024-04-04 17:55:14,791 [INFO] LogOutputStream:77 - [STDOUT_REDIRECT] 1 : Invalid condition id : UX_CORESTACK_Condition cause : null
2024-04-04 17:55:14,792 [INFO] LogOutputStream:77 - [STDOUT_REDIRECT] 1 : Invalid condition id : UX_CORESTACK_Condition cause : null
2024-04-04 17:55:14,793 [INFO] LogOutputStream:77 - [STDOUT_REDIRECT] 1 : Invalid condition id : UX_CORESTACK_Condition cause : null
2024-04-04 17:55:14,794 [INFO] LogOutputStream:77 - [STDOUT_REDIRECT] 1 : Invalid condition id : UX_CORESTACK_Condition cause : null
2024-04-04 17:55:14,795 [INFO] LogOutputStream:77 - [STDOUT_REDIRECT] 1 : Invalid condition id : UX_CORESTACK_Condition cause : null
2024-04-04 17:55:14,799 [WARN] PackLoader:240 - Cannot read IP mode file for STMicroelectronics.X-CUBE-AZRTOS-WL.2.0.0
2024-04-04 17:55:14,806 [WARN] PackLoader:240 - Cannot read IP mode file for STMicroelectronics.FP-SNS-MOTENV1.5.0.0
2024-04-04 17:55:14,818 [WARN] PackLoader:240 - Cannot read IP mode file for WES.I-CUBE-Cesium.1.3.0
2024-04-04 17:55:14,829 [WARN] PackLoader:240 - Cannot read IP mode file for STMicroelectronics.X-CUBE-BLE2.3.3.0
2024-04-04 17:55:14,838 [WARN] PackLoader:240 - Cannot read IP mode file for STMicroelectronics.X-CUBE-ALGOBUILD.1.3.0
2024-04-04 17:55:14,857 [WARN] PackLoader:240 - Cannot read IP mode file for STMicroelectronics.X-CUBE-AZRTOS-G0.1.1.0
2024-04-04 17:55:14,865 [WARN] PackLoader:240 - Cannot read IP mode file for STMicroelectronics.X-CUBE-SAFEA1.1.2.2
2024-04-04 17:55:14,875 [WARN] PackLoader:240 - Cannot read IP mode file for STMicroelectronics.X-CUBE-NFC4.3.0.0
2024-04-04 17:55:14,887 [WARN] PackLoader:240 - Cannot read IP mode file for STMicroelectronics.X-CUBE-BLEMGR.3.0.0
2024-04-04 17:55:14,895 [WARN] PackLoader:240 - Cannot read IP mode file for STMicroelectronics.FP-ATR-SIGFOX1.3.2.0
2024-04-04 17:55:14,902 [WARN] PackLoader:240 - Cannot read IP mode file for STMicroelectronics.X-CUBE-EEPRMA1.5.1.0
2024-04-04 17:55:14,948 [WARN] PackLoader:240 - Cannot read IP mode file for SEGGER.I-CUBE-embOS.1.3.1
2024-04-04 17:55:15,014 [WARN] PackLoader:240 - Cannot read IP mode file for STMicroelectronics.X-CUBE-GNSS1.6.0.0
2024-04-04 17:55:15,060 [WARN] PackLoader:240 - Cannot read IP mode file for STMicroelectronics.X-CUBE-AZRTOS-F4.1.1.0
2024-04-04 17:55:15,069 [WARN] PackLoader:240 - Cannot read IP mode file for wolfSSL.I-CUBE-wolfSSL.5.6.6
2024-04-04 17:55:15,091 [WARN] PackLoader:240 - Cannot read IP mode file for STMicroelectronics.X-CUBE-AZRTOS-L5.2.0.0
2024-04-04 17:55:15,106 [WARN] PackLoader:240 - Cannot read IP mode file for STMicroelectronics.X-CUBE-NFC6.3.1.0
2024-04-04 17:55:15,117 [WARN] PackLoader:240 - Cannot read IP mode file for ITTIA_DB.I-CUBE-ITTIADB.8.8.0
2024-04-04 17:55:15,124 [WARN] PackLoader:240 - Cannot read IP mode file for STMicroelectronics.X-CUBE-NFC7.1.0.1
2024-04-04 17:55:15,129 [WARN] PackLoader:240 - Cannot read IP mode file for STMicroelectronics.X-CUBE-NFC6.3.0.0
2024-04-04 17:55:15,135 [WARN] PackLoader:240 - Cannot read IP mode file for STMicroelectronics.X-CUBE-AI.8.1.0
2024-04-04 17:55:15,152 [WARN] ConditionMgr:438 - getConditionDescription Invalid condition id : LAN8742 Phy interface Condition cause : null
2024-04-04 17:55:15,154 [WARN] PackLoader:240 - Cannot read IP mode file for STMicroelectronics.X-CUBE-AZRTOS-L4.2.0.0
2024-04-04 17:55:15,157 [WARN] ConditionMgr:1039 - genDependencies : Invalid condition id : LAN8742 Phy interface Condition cause : null
2024-04-04 17:55:15,157 [WARN] ConditionMgr:1039 - genDependencies : Invalid condition id : LAN8742 Phy interface Condition cause : null
2024-04-04 17:55:15,158 [WARN] ConditionMgr:1039 - genDependencies : Invalid condition id : LAN8742 Phy interface Condition cause : null
2024-04-04 17:55:15,166 [WARN] PackLoader:240 - Cannot read IP mode file for STMicroelectronics.X-CUBE-SFXS2LP1.4.0.0
2024-04-04 17:55:15,179 [WARN] ConditionMgr:438 - getConditionDescription Invalid condition id : UX DEVICE CLASS RTOS Condition cause : null
2024-04-04 17:55:15,180 [WARN] ConditionMgr:438 - getConditionDescription Invalid condition id : UX DEVICE CLASS RTOS Condition cause : null
2024-04-04 17:55:15,181 [WARN] PackLoader:240 - Cannot read IP mode file for STMicroelectronics.X-CUBE-AZRTOS-WB.2.0.0
2024-04-04 17:55:15,182 [WARN] ConditionMgr:1039 - genDependencies : Invalid condition id : UX DEVICE CLASS RTOS Condition cause : null
2024-04-04 17:55:15,182 [WARN] ConditionMgr:1039 - genDependencies : Invalid condition id : UX DEVICE CLASS RTOS Condition cause : null
2024-04-04 17:55:15,182 [WARN] ConditionMgr:1039 - genDependencies : Invalid condition id : UX DEVICE CLASS RTOS Condition cause : null
2024-04-04 17:55:15,182 [WARN] ConditionMgr:1039 - genDependencies : Invalid condition id : UX DEVICE CLASS RTOS Condition cause : null
2024-04-04 17:55:15,182 [WARN] ConditionMgr:1039 - genDependencies : Invalid condition id : UX DEVICE CLASS RTOS Condition cause : null
2024-04-04 17:55:15,196 [WARN] PackLoader:240 - Cannot read IP mode file for STMicroelectronics.X-CUBE-SUBG2.5.0.0
2024-04-04 17:55:15,216 [WARN] PackLoader:240 - Cannot read IP mode file for STMicroelectronics.X-CUBE-AZRTOS-G4.2.0.0
2024-04-04 17:55:15,231 [WARN] PackLoader:240 - Cannot read IP mode file for Infineon.AIROC-Wi-Fi-Bluetooth-STM32.1.5.1
2024-04-04 17:55:15,241 [WARN] PackLoader:240 - Cannot read IP mode file for STMicroelectronics.FP-SNS-MOTENVWB1.1.3.1
2024-04-04 17:55:15,246 [WARN] PackLoader:240 - Cannot read IP mode file for STMicroelectronics.X-CUBE-ISPU.2.0.0
2024-04-04 17:55:15,292 [WARN] PackLoader:240 - Cannot read IP mode file for STMicroelectronics.X-CUBE-MEMS1.10.0.0
2024-04-04 17:55:15,452 [WARN] PackLoader:240 - Cannot read IP mode file for STMicroelectronics.X-CUBE-FREERTOS.1.1.0
2024-04-04 17:55:15,459 [WARN] PackLoader:240 - Cannot read IP mode file for portGmbH.I-Cube-SoM-uGOAL.1.1.0
2024-04-04 17:55:15,464 [WARN] PackLoader:240 - Cannot read IP mode file for STMicroelectronics.X-CUBE-ALS.1.0.1
2024-04-04 17:55:15,468 [WARN] PackLoader:240 - Cannot read IP mode file for STMicroelectronics.FP-ATR-ASTRA1.2.0.0
2024-04-04 17:55:15,479 [WARN] PackLoader:240 - Cannot read IP mode file for STMicroelectronics.X-CUBE-TOF1.3.4.0
2024-04-04 17:55:15,505 [WARN] PackLoader:240 - Cannot read IP mode file for STMicroelectronics.X-CUBE-TOF1.3.4.1
2024-04-04 17:55:15,538 [WARN] PackLoader:240 - Cannot read IP mode file for STMicroelectronics.X-CUBE-AZRTOS-H7.3.2.0
2024-04-04 17:55:15,542 [INFO] ThirdParty:978 - Integrity check success = true
2024-04-04 17:55:15,542 [INFO] IntegrityCheckThread:100 - exiting critical section [integrity check]
2024-04-04 17:55:15,542 [INFO] IntegrityCheckThread:103 - End integrity checks thread
2024-04-04 18:15:15,215 [ERROR] LogOutputStream:75 - [STDERR_REDIRECT] 
2024-04-04 18:15:15,216 [ERROR] LogOutputStream:75 - [STDERR_REDIRECT] 
