2024-03-28 17:08:52,036 [INFO] Activator:176 - 


2024-03-28 17:08:52,040 [INFO] Activator:177 - !SESSION log4j initialized
2024-03-28 17:08:56,860 [INFO] LogOutputStream:77 - [STDOUT_REDIRECT] 
2024-03-28 17:09:00,062 [INFO] ApplicationProperties:184 - Using Application install path: C:\ST\STM32CubeIDE_1.14.1\STM32CubeIDE\plugins\com.st.stm32cube.common.mx_6.11.0.202403141607
2024-03-28 17:09:00,084 [INFO] DbMcusXml:78 - Set database path to: C:\ST\STM32CubeIDE_1.14.1\STM32CubeIDE\plugins\com.st.stm32cube.common.mx_6.11.0.202403141607\\db\/mcu/
2024-03-28 17:09:00,084 [INFO] ApiDb:274 - Set plugin database path to: C:\ST\STM32CubeIDE_1.14.1\STM32CubeIDE\plugins\com.st.stm32cube.common.mx_6.11.0.202403141607\\db\/plugins/boardmanager/
2024-03-28 17:09:00,085 [WARN] ApiDb:259 - Overriding images path with different value:  => C:\ST\STM32CubeIDE_1.14.1\STM32CubeIDE\plugins\com.st.stm32cube.common.mx_6.11.0.202403141607\\db\/plugins/mcufinder/images/
2024-03-28 17:09:00,094 [INFO] ApiDb:250 - Set database path to: C:\Users\ASUS\.stmcufinder\plugins\mcufinder//mcu/
2024-03-28 17:09:00,095 [INFO] DbMcusAds:125 - Set database path to: C:\Users\ASUS\.stmcufinder\plugins\mcufinder//mcu/
2024-03-28 17:09:00,098 [INFO] CrossReferenceDbSqlite:203 - Set database path to: C:\Users\ASUS\.stmcufinder\plugins\mcufinder//mcu/cs/
2024-03-28 17:09:00,233 [INFO] RulesReader:64 - Compatibility file has been processed (297 Rules)
2024-03-28 17:09:00,331 [INFO] DbMcusXml:78 - Set database path to: C:\ST\STM32CubeIDE_1.14.1\STM32CubeIDE\plugins\com.st.stm32cube.common.mx_6.11.0.202403141607\\db\/mcu/
2024-03-28 17:09:00,331 [INFO] ApiDb:274 - Set plugin database path to: C:\ST\STM32CubeIDE_1.14.1\STM32CubeIDE\plugins\com.st.stm32cube.common.mx_6.11.0.202403141607\\db\/plugins/boardmanager/
2024-03-28 17:09:00,332 [INFO] ApiDb:261 - Set plugin images path to: C:\ST\STM32CubeIDE_1.14.1\STM32CubeIDE\plugins\com.st.stm32cube.common.mx_6.11.0.202403141607\\db\/plugins/mcufinder/images/
2024-03-28 17:09:00,332 [WARN] DbFile:41 - Overriding database path with different value: C:\Users\ASUS\.stmcufinder\plugins\mcufinder/ => C:\Users\ASUS\.stmcufinder\plugins\mcufinder
2024-03-28 17:09:00,333 [INFO] ApiDb:250 - Set database path to: C:\Users\ASUS\.stmcufinder\plugins\mcufinder//mcu/
2024-03-28 17:09:00,333 [WARN] DbFile:41 - Overriding database path with different value: C:\Users\ASUS\.stmcufinder\plugins\mcufinder/ => C:\Users\ASUS\.stmcufinder\plugins\mcufinder
2024-03-28 17:09:00,333 [INFO] DbMcusAds:125 - Set database path to: C:\Users\ASUS\.stmcufinder\plugins\mcufinder//mcu/
2024-03-28 17:09:00,333 [WARN] DbFile:41 - Overriding database path with different value: C:\Users\ASUS\.stmcufinder\plugins\mcufinder/ => C:\Users\ASUS\.stmcufinder\plugins\mcufinder
2024-03-28 17:09:00,333 [WARN] DbFile:41 - Overriding database path with different value: C:\Users\ASUS\.stmcufinder\plugins\mcufinder/ => C:\Users\ASUS\.stmcufinder\plugins\mcufinder
2024-03-28 17:09:00,333 [INFO] CrossReferenceDbSqlite:203 - Set database path to: C:\Users\ASUS\.stmcufinder\plugins\mcufinder//mcu/cs/
2024-03-28 17:09:00,431 [INFO] MainPanel:264 - HeapMemory: 268435456
2024-03-28 17:09:00,532 [INFO] DbMcusXml:78 - Set database path to: C:\ST\STM32CubeIDE_1.14.1\STM32CubeIDE\plugins\com.st.stm32cube.common.mx_6.11.0.202403141607\\db\/mcu/
2024-03-28 17:09:00,532 [INFO] ApiDb:274 - Set plugin database path to: C:\ST\STM32CubeIDE_1.14.1\STM32CubeIDE\plugins\com.st.stm32cube.common.mx_6.11.0.202403141607\\db\/plugins/boardmanager/
2024-03-28 17:09:00,532 [INFO] ApiDb:261 - Set plugin images path to: C:\ST\STM32CubeIDE_1.14.1\STM32CubeIDE\plugins\com.st.stm32cube.common.mx_6.11.0.202403141607\\db\/plugins/mcufinder/images/
2024-03-28 17:09:00,532 [WARN] DbFile:41 - Overriding database path with different value: C:\Users\ASUS\.stmcufinder\plugins\mcufinder/ => C:\Users\ASUS\.stmcufinder\plugins\mcufinder
2024-03-28 17:09:00,532 [INFO] ApiDb:250 - Set database path to: C:\Users\ASUS\.stmcufinder\plugins\mcufinder//mcu/
2024-03-28 17:09:00,532 [WARN] DbFile:41 - Overriding database path with different value: C:\Users\ASUS\.stmcufinder\plugins\mcufinder/ => C:\Users\ASUS\.stmcufinder\plugins\mcufinder
2024-03-28 17:09:00,532 [INFO] DbMcusAds:125 - Set database path to: C:\Users\ASUS\.stmcufinder\plugins\mcufinder//mcu/
2024-03-28 17:09:00,532 [WARN] DbFile:41 - Overriding database path with different value: C:\Users\ASUS\.stmcufinder\plugins\mcufinder/ => C:\Users\ASUS\.stmcufinder\plugins\mcufinder
2024-03-28 17:09:00,532 [WARN] DbFile:41 - Overriding database path with different value: C:\Users\ASUS\.stmcufinder\plugins\mcufinder/ => C:\Users\ASUS\.stmcufinder\plugins\mcufinder
2024-03-28 17:09:00,533 [INFO] CrossReferenceDbSqlite:203 - Set database path to: C:\Users\ASUS\.stmcufinder\plugins\mcufinder//mcu/cs/
2024-03-28 17:09:00,549 [INFO] ApplicationProperties:184 - Using Application install path: C:\ST\STM32CubeIDE_1.14.1\STM32CubeIDE\plugins\com.st.stm32cube.common.mx_6.11.0.202403141607
2024-03-28 17:09:00,550 [INFO] PluginManage:196 - Search for loadable plugins [exclusion list=, ]
2024-03-28 17:09:00,551 [INFO] PluginManage:310 - Check plugin analytics
2024-03-28 17:09:00,704 [INFO] AnalyticsPlugin:253 - Accepted Software Licenses: 
2024-03-28 17:09:00,704 [INFO] AnalyticsPlugin:255 - Accepted CMSIS Pack Licenses: 
2024-03-28 17:09:00,704 [INFO] AnalyticsPlugin:257 - Accepted Firmware Licenses: FW.F4.1.28.0
2024-03-28 17:09:00,707 [INFO] PluginManage:359 - Loaded plugin analytics (category:tool,tabindex:-1)
2024-03-28 17:09:00,707 [INFO] PluginManage:310 - Check plugin cadmodel
2024-03-28 17:09:00,720 [INFO] CADModel:105 - Init CAD model plugin
2024-03-28 17:09:00,720 [INFO] PluginManage:359 - Loaded plugin cadmodel (category:power,tabindex:5)
2024-03-28 17:09:00,721 [INFO] PluginManage:310 - Check plugin clock
2024-03-28 17:09:00,739 [INFO] PluginManage:359 - Loaded plugin clock (category:base,tabindex:2)
2024-03-28 17:09:00,739 [INFO] PluginManage:310 - Check plugin ddr
2024-03-28 17:09:00,741 [INFO] PluginManage:359 - Loaded plugin ddr (category:tool,tabindex:6)
2024-03-28 17:09:00,741 [INFO] PluginManage:310 - Check plugin filemanager
2024-03-28 17:09:00,877 [INFO] PluginManage:359 - Loaded plugin filemanager (category:base,tabindex:10)
2024-03-28 17:09:00,877 [INFO] PluginManage:310 - Check plugin ipmanager
2024-03-28 17:09:00,884 [INFO] PluginManage:359 - Loaded plugin ipmanager (category:base,tabindex:5)
2024-03-28 17:09:00,884 [INFO] PluginManage:310 - Check plugin lpbam
2024-03-28 17:09:00,899 [INFO] PluginManage:359 - Loaded plugin lpbam (category:base,tabindex:0)
2024-03-28 17:09:00,899 [INFO] PluginManage:310 - Check plugin memorymap
2024-03-28 17:09:00,918 [INFO] PluginManage:359 - Loaded plugin memorymap (category:base,tabindex:4)
2024-03-28 17:09:00,918 [INFO] PluginManage:310 - Check plugin pinoutandconfiguration
2024-03-28 17:09:00,934 [INFO] PluginManage:359 - Loaded plugin pinoutandconfiguration (category:base,tabindex:1)
2024-03-28 17:09:00,934 [INFO] PluginManage:310 - Check plugin pinoutconfig
2024-03-28 17:09:01,032 [WARN] SupportedApi:132 - Cannot load RTOS API schema: s4s-elt-must-match.1: The content of 'definitions' must match (annotation?, (simpleType | complexType)?, (unique | key | keyref)*)). A problem was found starting at: attribute.
2024-03-28 17:09:01,178 [INFO] PluginManage:359 - Loaded plugin pinoutconfig (category:base,tabindex:0)
2024-03-28 17:09:01,178 [INFO] PluginManage:310 - Check plugin power
2024-03-28 17:09:01,203 [INFO] PluginManage:359 - Loaded plugin power (category:power,tabindex:4)
2024-03-28 17:09:01,203 [INFO] PluginManage:310 - Check plugin projectmanager
2024-03-28 17:09:01,235 [INFO] PluginManage:359 - Loaded plugin projectmanager (category:projectmanager,tabindex:3)
2024-03-28 17:09:01,235 [INFO] PluginManage:310 - Check plugin thirdparty
2024-03-28 17:09:01,499 [INFO] PluginManage:359 - Loaded plugin thirdparty (category:base,tabindex:-1)
2024-03-28 17:09:01,499 [INFO] PluginManage:310 - Check plugin tools
2024-03-28 17:09:01,499 [WARN] IntegrityCheckThread:84 - waiting for thirdparty lock release [integrity check]
2024-03-28 17:09:01,500 [INFO] IntegrityCheckThread:86 - entering critical section [integrity check]
2024-03-28 17:09:01,500 [INFO] ThirdPartyUpdaterWithRetryManager:70 - Updater plugin not ready yet. [1/15]
2024-03-28 17:09:01,527 [INFO] PluginManage:359 - Loaded plugin tools (category:base,tabindex:7)
2024-03-28 17:09:01,527 [INFO] PluginManage:310 - Check plugin tutovideos
2024-03-28 17:09:01,703 [INFO] PluginManage:359 - Loaded plugin tutovideos (category:base,tabindex:-1)
2024-03-28 17:09:01,703 [INFO] PluginManage:310 - Check plugin updater
2024-03-28 17:09:01,715 [INFO] PluginManage:359 - Loaded plugin updater (category:base,tabindex:12)
2024-03-28 17:09:01,715 [INFO] PluginManage:310 - Check plugin userauth
2024-03-28 17:09:01,721 [INFO] UserAuth:114 - Init User Auth plugin
2024-03-28 17:09:01,721 [INFO] PluginManage:359 - Loaded plugin userauth (category:base,tabindex:14)
2024-03-28 17:09:01,721 [INFO] PluginManage:283 - PluginManage : Loaded plugins [17]
2024-03-28 17:09:01,952 [INFO] PinOutPanel:1561 - setPackage(No Configuration,No Configuration)
2024-03-28 17:09:02,017 [INFO] CADModel:165 - CPN selected for project level
2024-03-28 17:09:02,017 [INFO] CADModel:114 - Register for checkConnection events
2024-03-28 17:09:02,042 [INFO] IPUIPlugin:80 - create IPUIPlugin
2024-03-28 17:09:02,043 [INFO] PluginManager:220 - loadIPPluginJar : add adc
2024-03-28 17:09:02,072 [INFO] IPUIPlugin:80 - create IPUIPlugin
2024-03-28 17:09:02,072 [INFO] PluginManager:220 - loadIPPluginJar : add aes
2024-03-28 17:09:02,105 [INFO] IPUIPlugin:80 - create IPUIPlugin
2024-03-28 17:09:02,105 [INFO] PluginManager:220 - loadIPPluginJar : add can
2024-03-28 17:09:02,125 [INFO] IPUIPlugin:80 - create IPUIPlugin
2024-03-28 17:09:02,125 [INFO] PluginManager:220 - loadIPPluginJar : add comp
2024-03-28 17:09:02,154 [INFO] IPUIPlugin:80 - create IPUIPlugin
2024-03-28 17:09:02,154 [INFO] PluginManager:220 - loadIPPluginJar : add cryp
2024-03-28 17:09:02,178 [INFO] IPUIPlugin:80 - create IPUIPlugin
2024-03-28 17:09:02,179 [INFO] PluginManager:220 - loadIPPluginJar : add dfsdm
2024-03-28 17:09:02,192 [INFO] IPUIPlugin:80 - create IPUIPlugin
2024-03-28 17:09:02,192 [INFO] PluginManager:220 - loadIPPluginJar : add dma
2024-03-28 17:09:02,226 [INFO] IPUIPlugin:80 - create IPUIPlugin
2024-03-28 17:09:02,226 [INFO] PluginManager:220 - loadIPPluginJar : add dma3
2024-03-28 17:09:02,263 [INFO] IPUIPlugin:80 - create IPUIPlugin
2024-03-28 17:09:02,263 [INFO] PluginManager:220 - loadIPPluginJar : add extmemmanager
2024-03-28 17:09:02,282 [INFO] IPUIPlugin:80 - create IPUIPlugin
2024-03-28 17:09:02,282 [INFO] PluginManager:220 - loadIPPluginJar : add fatfs
2024-03-28 17:09:02,320 [INFO] IPUIPlugin:80 - create IPUIPlugin
2024-03-28 17:09:02,320 [INFO] PluginManager:220 - loadIPPluginJar : add fmc
2024-03-28 17:09:02,335 [INFO] IPUIPlugin:80 - create IPUIPlugin
2024-03-28 17:09:02,335 [INFO] PluginManager:220 - loadIPPluginJar : add freertos
2024-03-28 17:09:02,353 [INFO] IPUIPlugin:80 - create IPUIPlugin
2024-03-28 17:09:02,353 [INFO] PluginManager:220 - loadIPPluginJar : add genericplugin
2024-03-28 17:09:02,421 [INFO] IPUIPlugin:80 - create IPUIPlugin
2024-03-28 17:09:02,421 [INFO] PluginManager:220 - loadIPPluginJar : add gfxmmu
2024-03-28 17:09:02,522 [INFO] IPUIPlugin:80 - create IPUIPlugin
2024-03-28 17:09:02,522 [INFO] PluginManager:220 - loadIPPluginJar : add gic
2024-03-28 17:09:02,543 [INFO] IPUIPlugin:80 - create IPUIPlugin
2024-03-28 17:09:02,543 [INFO] PluginManager:220 - loadIPPluginJar : add gpio
2024-03-28 17:09:02,621 [INFO] IPUIPlugin:80 - create IPUIPlugin
2024-03-28 17:09:02,621 [INFO] PluginManager:220 - loadIPPluginJar : add gtzc
2024-03-28 17:09:02,657 [INFO] IPUIPlugin:80 - create IPUIPlugin
2024-03-28 17:09:02,658 [INFO] PluginManager:220 - loadIPPluginJar : add hash
2024-03-28 17:09:02,698 [INFO] IPUIPlugin:80 - create IPUIPlugin
2024-03-28 17:09:02,698 [INFO] PluginManager:220 - loadIPPluginJar : add i2c
2024-03-28 17:09:02,733 [INFO] IPUIPlugin:80 - create IPUIPlugin
2024-03-28 17:09:02,733 [INFO] PluginManager:220 - loadIPPluginJar : add i2s
2024-03-28 17:09:02,769 [INFO] IPUIPlugin:80 - create IPUIPlugin
2024-03-28 17:09:02,769 [INFO] PluginManager:220 - loadIPPluginJar : add i3c
2024-03-28 17:09:02,864 [INFO] IPUIPlugin:80 - create IPUIPlugin
2024-03-28 17:09:02,864 [INFO] PluginManager:220 - loadIPPluginJar : add ipddr
2024-03-28 17:09:02,936 [INFO] IPUIPlugin:80 - create IPUIPlugin
2024-03-28 17:09:02,936 [INFO] PluginManager:220 - loadIPPluginJar : add linkedlist
2024-03-28 17:09:02,967 [INFO] IPUIPlugin:80 - create IPUIPlugin
2024-03-28 17:09:02,967 [INFO] PluginManager:220 - loadIPPluginJar : add lorawan
2024-03-28 17:09:02,995 [INFO] IPUIPlugin:80 - create IPUIPlugin
2024-03-28 17:09:02,995 [INFO] PluginManager:220 - loadIPPluginJar : add ltdc
2024-03-28 17:09:03,007 [INFO] IPUIPlugin:80 - create IPUIPlugin
2024-03-28 17:09:03,007 [INFO] PluginManager:220 - loadIPPluginJar : add mdma
2024-03-28 17:09:03,017 [INFO] IPUIPlugin:80 - create IPUIPlugin
2024-03-28 17:09:03,018 [INFO] PluginManager:220 - loadIPPluginJar : add nvic
2024-03-28 17:09:03,047 [INFO] IPUIPlugin:80 - create IPUIPlugin
2024-03-28 17:09:03,047 [INFO] PluginManager:220 - loadIPPluginJar : add opamp
2024-03-28 17:09:03,091 [INFO] IPUIPlugin:80 - create IPUIPlugin
2024-03-28 17:09:03,091 [INFO] PluginManager:220 - loadIPPluginJar : add openamp
2024-03-28 17:09:03,125 [INFO] IPUIPlugin:80 - create IPUIPlugin
2024-03-28 17:09:03,125 [INFO] PluginManager:220 - loadIPPluginJar : add pdm2pcm
2024-03-28 17:09:03,137 [INFO] IPUIPlugin:80 - create IPUIPlugin
2024-03-28 17:09:03,139 [INFO] PluginManager:220 - loadIPPluginJar : add plateformsettings
2024-03-28 17:09:03,155 [INFO] IPUIPlugin:80 - create IPUIPlugin
2024-03-28 17:09:03,156 [INFO] PluginManager:220 - loadIPPluginJar : add quadspi
2024-03-28 17:09:03,170 [INFO] IPUIPlugin:80 - create IPUIPlugin
2024-03-28 17:09:03,171 [INFO] PluginManager:220 - loadIPPluginJar : add resmgrutility
2024-03-28 17:09:03,216 [INFO] IPUIPlugin:80 - create IPUIPlugin
2024-03-28 17:09:03,217 [INFO] PluginManager:220 - loadIPPluginJar : add sai
2024-03-28 17:09:03,250 [INFO] IPUIPlugin:80 - create IPUIPlugin
2024-03-28 17:09:03,251 [INFO] PluginManager:220 - loadIPPluginJar : add spi
2024-03-28 17:09:03,310 [INFO] IPUIPlugin:80 - create IPUIPlugin
2024-03-28 17:09:03,310 [INFO] PluginManager:220 - loadIPPluginJar : add stm32_wpan
2024-03-28 17:09:03,327 [INFO] IPUIPlugin:80 - create IPUIPlugin
2024-03-28 17:09:03,327 [INFO] PluginManager:220 - loadIPPluginJar : add tim
2024-03-28 17:09:03,375 [INFO] IPUIPlugin:80 - create IPUIPlugin
2024-03-28 17:09:03,375 [INFO] PluginManager:220 - loadIPPluginJar : add touchsensing
2024-03-28 17:09:03,396 [INFO] IPUIPlugin:80 - create IPUIPlugin
2024-03-28 17:09:03,396 [INFO] PluginManager:220 - loadIPPluginJar : add tracer_emb
2024-03-28 17:09:03,414 [INFO] IPUIPlugin:80 - create IPUIPlugin
2024-03-28 17:09:03,414 [INFO] PluginManager:220 - loadIPPluginJar : add ts
2024-03-28 17:09:03,431 [INFO] IPUIPlugin:80 - create IPUIPlugin
2024-03-28 17:09:03,431 [INFO] PluginManager:220 - loadIPPluginJar : add tsc
2024-03-28 17:09:03,450 [INFO] IPUIPlugin:80 - create IPUIPlugin
2024-03-28 17:09:03,450 [INFO] PluginManager:220 - loadIPPluginJar : add ucpd
2024-03-28 17:09:03,486 [INFO] IPUIPlugin:80 - create IPUIPlugin
2024-03-28 17:09:03,486 [INFO] PluginManager:220 - loadIPPluginJar : add usart
2024-03-28 17:09:03,519 [INFO] IPUIPlugin:80 - create IPUIPlugin
2024-03-28 17:09:03,519 [INFO] PluginManager:220 - loadIPPluginJar : add usbx
2024-03-28 17:09:03,656 [INFO] CADModel:165 - CPN selected for project level
2024-03-28 17:09:03,656 [INFO] CADModel:114 - Register for checkConnection events
2024-03-28 17:09:03,656 [FATAL] Updater:308 - Updater called before beeing initialized
2024-03-28 17:09:03,656 [ERROR] CADModel:125 - Updater not yet initialized, retry later 
2024-03-28 17:09:03,798 [INFO] CADModel:165 - CPN selected for project level
2024-03-28 17:09:03,798 [INFO] CADModel:114 - Register for checkConnection events
2024-03-28 17:09:03,798 [FATAL] Updater:308 - Updater called before beeing initialized
2024-03-28 17:09:03,798 [ERROR] CADModel:125 - Updater not yet initialized, retry later 
2024-03-28 17:09:03,802 [FATAL] Updater:308 - Updater called before beeing initialized
2024-03-28 17:09:03,919 [FATAL] Updater:308 - Updater called before beeing initialized
2024-03-28 17:09:03,927 [INFO] DbMcusAds:53 - JSON generation date=Wed Nov 29 05:52:27 COT 2023 (1701255147349)
2024-03-28 17:09:03,928 [FATAL] Updater:308 - Updater called before beeing initialized
2024-03-28 17:09:03,992 [WARN] DetailPanel:346 - Failed to get advertising image, set to default
2024-03-28 17:09:04,072 [FATAL] Updater:308 - Updater called before beeing initialized
2024-03-28 17:09:04,074 [FATAL] Updater:308 - Updater called before beeing initialized
2024-03-28 17:09:04,074 [FATAL] Updater:308 - Updater called before beeing initialized
2024-03-28 17:09:04,074 [WARN] DetailPanel:346 - Failed to get advertising image, set to default
2024-03-28 17:09:04,074 [FATAL] Updater:308 - Updater called before beeing initialized
2024-03-28 17:09:04,135 [ERROR] Updater:1120 - MainUpdater not yet initialized. External WinMGr cannot be set.
2024-03-28 17:09:04,144 [INFO] Updater:1056 - Updater Version found : 6.11.0
2024-03-28 17:09:04,161 [INFO] ApplicationProperties:184 - Using Application install path: C:\ST\STM32CubeIDE_1.14.1\STM32CubeIDE\plugins\com.st.stm32cube.common.mx_6.11.0.202403141607
2024-03-28 17:09:04,501 [INFO] ThirdPartyUpdaterWithRetryManager:70 - Updater plugin not ready yet. [2/15]
2024-03-28 17:09:05,735 [ERROR] LogOutputStream:75 - [STDERR_REDIRECT] Mar 28, 2024 5:09:05 PM java.util.prefs.WindowsPreferences <init>
2024-03-28 17:09:05,737 [ERROR] LogOutputStream:75 - [STDERR_REDIRECT] WARNING: Could not open/create prefs root node Software\JavaSoft\Prefs at root 0xffffffff80000002. Windows RegCreateKeyEx(...) returned error code 5.
2024-03-28 17:09:05,738 [ERROR] LogOutputStream:75 - [STDERR_REDIRECT] 
2024-03-28 17:09:06,805 [INFO] MainUpdater:2873 - connection check result : 10
2024-03-28 17:09:06,806 [INFO] MainUpdater:290 - Updater Check For Update Now.
2024-03-28 17:09:06,806 [INFO] MicroXplorer:498 - Change Database Version : DB.6.0.110
2024-03-28 17:09:06,830 [INFO] McuFinderGlobals:63 - Set McuFinder mode to 2 (CubeIDE integrated)
2024-03-28 17:09:06,845 [INFO] UserAuth:415 - Internet connection configuration mode: 1
2024-03-28 17:09:06,878 [INFO] JxBrowserEngine:152 - Initiate JxBrowser Engine with user profile folder
2024-03-28 17:09:07,009 [INFO] CheckServerUpdateThread:120 - End of CheckServer Thread
2024-03-28 17:09:07,658 [WARN] PackLoader:240 - Cannot read IP mode file for STMicroelectronics.X-CUBE-SMBUS.2.1.0
2024-03-28 17:09:07,672 [WARN] PackLoader:240 - Cannot read IP mode file for STMicroelectronics.X-CUBE-TOUCHGFX.4.23.0
2024-03-28 17:09:07,712 [WARN] PackLoader:240 - Cannot read IP mode file for STMicroelectronics.X-CUBE-AZRTOS-F7.1.1.0
2024-03-28 17:09:07,730 [WARN] PackLoader:240 - Cannot read IP mode file for STMicroelectronics.FP-SNS-MOTENV1.4.3.2
2024-03-28 17:09:07,743 [WARN] PackLoader:240 - Cannot read IP mode file for STMicroelectronics.FP-SNS-FLIGHT1.5.0.2
2024-03-28 17:09:07,760 [WARN] PackLoader:240 - Cannot read IP mode file for STMicroelectronics.X-CUBE-DISPLAY.3.0.0
2024-03-28 17:09:07,781 [WARN] PackLoader:240 - Cannot read IP mode file for STMicroelectronics.X-CUBE-BLE1.7.0.0
2024-03-28 17:09:07,797 [WARN] PackLoader:240 - Cannot read IP mode file for emotas.I-CUBE-CANOPEN.1.3.0
2024-03-28 17:09:07,817 [WARN] PackLoader:240 - Cannot read IP mode file for STMicroelectronics.X-CUBE-BLEMGR.3.1.0
2024-03-28 17:09:07,832 [WARN] PackLoader:240 - Cannot read IP mode file for STMicroelectronics.FP-SNS-SMARTAG2.1.2.0
2024-03-28 17:09:07,851 [INFO] LogOutputStream:77 - [STDOUT_REDIRECT] 1 : Invalid condition id : UX_CORESTACK_Condition cause : null
2024-03-28 17:09:07,851 [INFO] LogOutputStream:77 - [STDOUT_REDIRECT] 1 : Invalid condition id : UX_CORESTACK_Condition cause : null
2024-03-28 17:09:07,852 [INFO] LogOutputStream:77 - [STDOUT_REDIRECT] 1 : Invalid condition id : UX_CORESTACK_Condition cause : null
2024-03-28 17:09:07,853 [INFO] LogOutputStream:77 - [STDOUT_REDIRECT] 1 : Invalid condition id : UX_CORESTACK_Condition cause : null
2024-03-28 17:09:07,854 [INFO] LogOutputStream:77 - [STDOUT_REDIRECT] 1 : Invalid condition id : UX_CORESTACK_Condition cause : null
2024-03-28 17:09:07,858 [WARN] PackLoader:240 - Cannot read IP mode file for STMicroelectronics.X-CUBE-AZRTOS-WL.2.0.0
2024-03-28 17:09:07,876 [WARN] PackLoader:240 - Cannot read IP mode file for WES.I-CUBE-Cesium.1.3.0
2024-03-28 17:09:07,889 [WARN] PackLoader:240 - Cannot read IP mode file for STMicroelectronics.X-CUBE-BLE2.3.3.0
2024-03-28 17:09:07,903 [WARN] PackLoader:240 - Cannot read IP mode file for STMicroelectronics.X-CUBE-ALGOBUILD.1.3.0
2024-03-28 17:09:07,934 [WARN] PackLoader:240 - Cannot read IP mode file for STMicroelectronics.X-CUBE-AZRTOS-G0.1.1.0
2024-03-28 17:09:07,952 [WARN] PackLoader:240 - Cannot read IP mode file for STMicroelectronics.X-CUBE-NFC4.3.0.0
2024-03-28 17:09:07,968 [WARN] PackLoader:240 - Cannot read IP mode file for STMicroelectronics.X-CUBE-BLEMGR.3.0.0
2024-03-28 17:09:07,983 [WARN] PackLoader:240 - Cannot read IP mode file for STMicroelectronics.FP-ATR-SIGFOX1.3.2.0
2024-03-28 17:09:07,996 [WARN] PackLoader:240 - Cannot read IP mode file for STMicroelectronics.X-CUBE-EEPRMA1.5.1.0
2024-03-28 17:09:08,029 [WARN] PackLoader:240 - Cannot read IP mode file for SEGGER.I-CUBE-embOS.1.3.1
2024-03-28 17:09:08,072 [WARN] PackLoader:240 - Cannot read IP mode file for STMicroelectronics.X-CUBE-GNSS1.6.0.0
2024-03-28 17:09:08,094 [WARN] PackLoader:240 - Cannot read IP mode file for STMicroelectronics.X-CUBE-AZRTOS-F4.1.1.0
2024-03-28 17:09:08,108 [WARN] PackLoader:240 - Cannot read IP mode file for wolfSSL.I-CUBE-wolfSSL.5.6.6
2024-03-28 17:09:08,136 [WARN] PackLoader:240 - Cannot read IP mode file for STMicroelectronics.X-CUBE-AZRTOS-L5.2.0.0
2024-03-28 17:09:08,152 [WARN] PackLoader:240 - Cannot read IP mode file for STMicroelectronics.X-CUBE-NFC6.3.1.0
2024-03-28 17:09:08,172 [WARN] PackLoader:240 - Cannot read IP mode file for ITTIA_DB.I-CUBE-ITTIADB.8.8.0
2024-03-28 17:09:08,190 [WARN] PackLoader:240 - Cannot read IP mode file for STMicroelectronics.X-CUBE-NFC7.1.0.1
2024-03-28 17:09:08,208 [WARN] PackLoader:240 - Cannot read IP mode file for STMicroelectronics.X-CUBE-NFC6.3.0.0
2024-03-28 17:09:08,224 [WARN] PackLoader:240 - Cannot read IP mode file for STMicroelectronics.X-CUBE-AI.8.1.0
2024-03-28 17:09:08,270 [WARN] ConditionMgr:438 - getConditionDescription Invalid condition id : LAN8742 Phy interface Condition cause : null
2024-03-28 17:09:08,271 [WARN] PackLoader:240 - Cannot read IP mode file for STMicroelectronics.X-CUBE-AZRTOS-L4.2.0.0
2024-03-28 17:09:08,273 [WARN] ConditionMgr:1039 - genDependencies : Invalid condition id : LAN8742 Phy interface Condition cause : null
2024-03-28 17:09:08,273 [WARN] ConditionMgr:1039 - genDependencies : Invalid condition id : LAN8742 Phy interface Condition cause : null
2024-03-28 17:09:08,273 [WARN] ConditionMgr:1039 - genDependencies : Invalid condition id : LAN8742 Phy interface Condition cause : null
2024-03-28 17:09:08,292 [WARN] PackLoader:240 - Cannot read IP mode file for STMicroelectronics.X-CUBE-SFXS2LP1.4.0.0
2024-03-28 17:09:08,330 [WARN] ConditionMgr:438 - getConditionDescription Invalid condition id : UX DEVICE CLASS RTOS Condition cause : null
2024-03-28 17:09:08,330 [WARN] ConditionMgr:438 - getConditionDescription Invalid condition id : UX DEVICE CLASS RTOS Condition cause : null
2024-03-28 17:09:08,331 [WARN] PackLoader:240 - Cannot read IP mode file for STMicroelectronics.X-CUBE-AZRTOS-WB.2.0.0
2024-03-28 17:09:08,332 [WARN] ConditionMgr:1039 - genDependencies : Invalid condition id : UX DEVICE CLASS RTOS Condition cause : null
2024-03-28 17:09:08,332 [WARN] ConditionMgr:1039 - genDependencies : Invalid condition id : UX DEVICE CLASS RTOS Condition cause : null
2024-03-28 17:09:08,332 [WARN] ConditionMgr:1039 - genDependencies : Invalid condition id : UX DEVICE CLASS RTOS Condition cause : null
2024-03-28 17:09:08,333 [WARN] ConditionMgr:1039 - genDependencies : Invalid condition id : UX DEVICE CLASS RTOS Condition cause : null
2024-03-28 17:09:08,333 [WARN] ConditionMgr:1039 - genDependencies : Invalid condition id : UX DEVICE CLASS RTOS Condition cause : null
2024-03-28 17:09:08,350 [WARN] PackLoader:240 - Cannot read IP mode file for STMicroelectronics.X-CUBE-SUBG2.5.0.0
2024-03-28 17:09:08,381 [WARN] PackLoader:240 - Cannot read IP mode file for STMicroelectronics.X-CUBE-AZRTOS-G4.2.0.0
2024-03-28 17:09:08,401 [WARN] PackLoader:240 - Cannot read IP mode file for Infineon.AIROC-Wi-Fi-Bluetooth-STM32.1.5.1
2024-03-28 17:09:08,418 [WARN] PackLoader:240 - Cannot read IP mode file for STMicroelectronics.FP-SNS-MOTENVWB1.1.3.1
2024-03-28 17:09:08,429 [WARN] PackLoader:240 - Cannot read IP mode file for STMicroelectronics.X-CUBE-ISPU.2.0.0
2024-03-28 17:09:08,467 [WARN] PackLoader:240 - Cannot read IP mode file for STMicroelectronics.X-CUBE-MEMS1.10.0.0
2024-03-28 17:09:08,590 [WARN] PackLoader:240 - Cannot read IP mode file for STMicroelectronics.X-CUBE-FREERTOS.1.1.0
2024-03-28 17:09:08,605 [WARN] PackLoader:240 - Cannot read IP mode file for portGmbH.I-Cube-SoM-uGOAL.1.1.0
2024-03-28 17:09:08,618 [WARN] PackLoader:240 - Cannot read IP mode file for STMicroelectronics.X-CUBE-ALS.1.0.1
2024-03-28 17:09:08,630 [WARN] PackLoader:240 - Cannot read IP mode file for STMicroelectronics.FP-ATR-ASTRA1.2.0.0
2024-03-28 17:09:08,651 [WARN] PackLoader:240 - Cannot read IP mode file for STMicroelectronics.X-CUBE-TOF1.3.4.0
2024-03-28 17:09:08,676 [WARN] PackLoader:240 - Cannot read IP mode file for STMicroelectronics.X-CUBE-TOF1.3.4.1
2024-03-28 17:09:08,715 [WARN] PackLoader:240 - Cannot read IP mode file for STMicroelectronics.X-CUBE-AZRTOS-H7.3.2.0
2024-03-28 17:09:08,718 [INFO] ThirdParty:978 - Integrity check success = true
2024-03-28 17:09:08,718 [INFO] IntegrityCheckThread:100 - exiting critical section [integrity check]
2024-03-28 17:09:08,719 [INFO] IntegrityCheckThread:103 - End integrity checks thread
2024-03-28 17:09:11,569 [INFO] WebApp:161 - Instantiating new browser for Auth
2024-03-28 17:09:12,065 [INFO] WebApp:779 - Register for checkConnection events
2024-03-28 17:09:12,066 [INFO] WebApp:414 - Apply proxy settings
2024-03-28 17:09:12,066 [INFO] WebApp:499 - Chromium requires no authentication
2024-03-28 17:09:12,073 [INFO] WebApp:442 - Direct internet connection detected
2024-03-28 17:09:12,203 [INFO] WebApp:192 - Starting web application
2024-03-28 17:09:12,204 [INFO] WebApp:544 - Web application path used C:\ST\STM32CubeIDE_1.14.1\STM32CubeIDE\plugins\com.st.stm32cube.common.mx_6.11.0.202403141607\db\plugins\mcufinder\reactClient1\index.html
2024-03-28 20:19:56,651 [ERROR] LogOutputStream:75 - [STDERR_REDIRECT] 
