2024-04-02 05:23:08,233 [ERROR] LogOutputStream:75 - [STDERR_REDIRECT] 
2024-04-02 19:35:38,483 [INFO] Activator:176 - 


2024-04-02 19:35:38,485 [INFO] Activator:177 - !SESSION log4j initialized
2024-04-02 19:35:43,708 [INFO] LogOutputStream:77 - [STDOUT_REDIRECT] 
2024-04-02 19:35:48,413 [INFO] ApplicationProperties:184 - Using Application install path: C:\ST\STM32CubeIDE_1.14.1\STM32CubeIDE\plugins\com.st.stm32cube.common.mx_6.11.0.202403141607
2024-04-02 19:35:48,432 [INFO] DbMcusXml:78 - Set database path to: C:\ST\STM32CubeIDE_1.14.1\STM32CubeIDE\plugins\com.st.stm32cube.common.mx_6.11.0.202403141607\\db\/mcu/
2024-04-02 19:35:48,432 [INFO] ApiDb:274 - Set plugin database path to: C:\ST\STM32CubeIDE_1.14.1\STM32CubeIDE\plugins\com.st.stm32cube.common.mx_6.11.0.202403141607\\db\/plugins/boardmanager/
2024-04-02 19:35:48,433 [WARN] ApiDb:259 - Overriding images path with different value:  => C:\ST\STM32CubeIDE_1.14.1\STM32CubeIDE\plugins\com.st.stm32cube.common.mx_6.11.0.202403141607\\db\/plugins/mcufinder/images/
2024-04-02 19:35:48,444 [INFO] ApiDb:250 - Set database path to: C:\Users\ASUS\.stmcufinder\plugins\mcufinder//mcu/
2024-04-02 19:35:48,445 [INFO] DbMcusAds:125 - Set database path to: C:\Users\ASUS\.stmcufinder\plugins\mcufinder//mcu/
2024-04-02 19:35:48,452 [INFO] CrossReferenceDbSqlite:203 - Set database path to: C:\Users\ASUS\.stmcufinder\plugins\mcufinder//mcu/cs/
2024-04-02 19:35:48,590 [INFO] RulesReader:64 - Compatibility file has been processed (297 Rules)
2024-04-02 19:35:48,679 [INFO] DbMcusXml:78 - Set database path to: C:\ST\STM32CubeIDE_1.14.1\STM32CubeIDE\plugins\com.st.stm32cube.common.mx_6.11.0.202403141607\\db\/mcu/
2024-04-02 19:35:48,679 [INFO] ApiDb:274 - Set plugin database path to: C:\ST\STM32CubeIDE_1.14.1\STM32CubeIDE\plugins\com.st.stm32cube.common.mx_6.11.0.202403141607\\db\/plugins/boardmanager/
2024-04-02 19:35:48,679 [INFO] ApiDb:261 - Set plugin images path to: C:\ST\STM32CubeIDE_1.14.1\STM32CubeIDE\plugins\com.st.stm32cube.common.mx_6.11.0.202403141607\\db\/plugins/mcufinder/images/
2024-04-02 19:35:48,680 [WARN] DbFile:41 - Overriding database path with different value: C:\Users\ASUS\.stmcufinder\plugins\mcufinder/ => C:\Users\ASUS\.stmcufinder\plugins\mcufinder
2024-04-02 19:35:48,680 [INFO] ApiDb:250 - Set database path to: C:\Users\ASUS\.stmcufinder\plugins\mcufinder//mcu/
2024-04-02 19:35:48,680 [WARN] DbFile:41 - Overriding database path with different value: C:\Users\ASUS\.stmcufinder\plugins\mcufinder/ => C:\Users\ASUS\.stmcufinder\plugins\mcufinder
2024-04-02 19:35:48,680 [INFO] DbMcusAds:125 - Set database path to: C:\Users\ASUS\.stmcufinder\plugins\mcufinder//mcu/
2024-04-02 19:35:48,680 [WARN] DbFile:41 - Overriding database path with different value: C:\Users\ASUS\.stmcufinder\plugins\mcufinder/ => C:\Users\ASUS\.stmcufinder\plugins\mcufinder
2024-04-02 19:35:48,680 [WARN] DbFile:41 - Overriding database path with different value: C:\Users\ASUS\.stmcufinder\plugins\mcufinder/ => C:\Users\ASUS\.stmcufinder\plugins\mcufinder
2024-04-02 19:35:48,680 [INFO] CrossReferenceDbSqlite:203 - Set database path to: C:\Users\ASUS\.stmcufinder\plugins\mcufinder//mcu/cs/
2024-04-02 19:35:48,763 [INFO] MainPanel:264 - HeapMemory: 268435456
2024-04-02 19:35:48,848 [INFO] DbMcusXml:78 - Set database path to: C:\ST\STM32CubeIDE_1.14.1\STM32CubeIDE\plugins\com.st.stm32cube.common.mx_6.11.0.202403141607\\db\/mcu/
2024-04-02 19:35:48,848 [INFO] ApiDb:274 - Set plugin database path to: C:\ST\STM32CubeIDE_1.14.1\STM32CubeIDE\plugins\com.st.stm32cube.common.mx_6.11.0.202403141607\\db\/plugins/boardmanager/
2024-04-02 19:35:48,849 [INFO] ApiDb:261 - Set plugin images path to: C:\ST\STM32CubeIDE_1.14.1\STM32CubeIDE\plugins\com.st.stm32cube.common.mx_6.11.0.202403141607\\db\/plugins/mcufinder/images/
2024-04-02 19:35:48,849 [WARN] DbFile:41 - Overriding database path with different value: C:\Users\ASUS\.stmcufinder\plugins\mcufinder/ => C:\Users\ASUS\.stmcufinder\plugins\mcufinder
2024-04-02 19:35:48,849 [INFO] ApiDb:250 - Set database path to: C:\Users\ASUS\.stmcufinder\plugins\mcufinder//mcu/
2024-04-02 19:35:48,849 [WARN] DbFile:41 - Overriding database path with different value: C:\Users\ASUS\.stmcufinder\plugins\mcufinder/ => C:\Users\ASUS\.stmcufinder\plugins\mcufinder
2024-04-02 19:35:48,849 [INFO] DbMcusAds:125 - Set database path to: C:\Users\ASUS\.stmcufinder\plugins\mcufinder//mcu/
2024-04-02 19:35:48,849 [WARN] DbFile:41 - Overriding database path with different value: C:\Users\ASUS\.stmcufinder\plugins\mcufinder/ => C:\Users\ASUS\.stmcufinder\plugins\mcufinder
2024-04-02 19:35:48,849 [WARN] DbFile:41 - Overriding database path with different value: C:\Users\ASUS\.stmcufinder\plugins\mcufinder/ => C:\Users\ASUS\.stmcufinder\plugins\mcufinder
2024-04-02 19:35:48,849 [INFO] CrossReferenceDbSqlite:203 - Set database path to: C:\Users\ASUS\.stmcufinder\plugins\mcufinder//mcu/cs/
2024-04-02 19:35:48,867 [INFO] ApplicationProperties:184 - Using Application install path: C:\ST\STM32CubeIDE_1.14.1\STM32CubeIDE\plugins\com.st.stm32cube.common.mx_6.11.0.202403141607
2024-04-02 19:35:48,868 [INFO] PluginManage:196 - Search for loadable plugins [exclusion list=, ]
2024-04-02 19:35:48,869 [INFO] PluginManage:310 - Check plugin analytics
2024-04-02 19:35:49,082 [INFO] AnalyticsPlugin:253 - Accepted Software Licenses: 
2024-04-02 19:35:49,082 [INFO] AnalyticsPlugin:255 - Accepted CMSIS Pack Licenses: 
2024-04-02 19:35:49,082 [INFO] AnalyticsPlugin:257 - Accepted Firmware Licenses: FW.F4.1.28.0
2024-04-02 19:35:49,086 [INFO] PluginManage:359 - Loaded plugin analytics (category:tool,tabindex:-1)
2024-04-02 19:35:49,087 [INFO] PluginManage:310 - Check plugin cadmodel
2024-04-02 19:35:49,102 [INFO] CADModel:105 - Init CAD model plugin
2024-04-02 19:35:49,102 [INFO] PluginManage:359 - Loaded plugin cadmodel (category:power,tabindex:5)
2024-04-02 19:35:49,103 [INFO] PluginManage:310 - Check plugin clock
2024-04-02 19:35:49,123 [INFO] PluginManage:359 - Loaded plugin clock (category:base,tabindex:2)
2024-04-02 19:35:49,123 [INFO] PluginManage:310 - Check plugin ddr
2024-04-02 19:35:49,125 [INFO] PluginManage:359 - Loaded plugin ddr (category:tool,tabindex:6)
2024-04-02 19:35:49,126 [INFO] PluginManage:310 - Check plugin filemanager
2024-04-02 19:35:49,260 [INFO] PluginManage:359 - Loaded plugin filemanager (category:base,tabindex:10)
2024-04-02 19:35:49,260 [INFO] PluginManage:310 - Check plugin ipmanager
2024-04-02 19:35:49,266 [INFO] PluginManage:359 - Loaded plugin ipmanager (category:base,tabindex:5)
2024-04-02 19:35:49,266 [INFO] PluginManage:310 - Check plugin lpbam
2024-04-02 19:35:49,280 [INFO] PluginManage:359 - Loaded plugin lpbam (category:base,tabindex:0)
2024-04-02 19:35:49,280 [INFO] PluginManage:310 - Check plugin memorymap
2024-04-02 19:35:49,301 [INFO] PluginManage:359 - Loaded plugin memorymap (category:base,tabindex:4)
2024-04-02 19:35:49,301 [INFO] PluginManage:310 - Check plugin pinoutandconfiguration
2024-04-02 19:35:49,318 [INFO] PluginManage:359 - Loaded plugin pinoutandconfiguration (category:base,tabindex:1)
2024-04-02 19:35:49,319 [INFO] PluginManage:310 - Check plugin pinoutconfig
2024-04-02 19:35:49,419 [WARN] SupportedApi:132 - Cannot load RTOS API schema: s4s-elt-must-match.1: The content of 'definitions' must match (annotation?, (simpleType | complexType)?, (unique | key | keyref)*)). A problem was found starting at: attribute.
2024-04-02 19:35:49,582 [INFO] PluginManage:359 - Loaded plugin pinoutconfig (category:base,tabindex:0)
2024-04-02 19:35:49,582 [INFO] PluginManage:310 - Check plugin power
2024-04-02 19:35:49,605 [INFO] PluginManage:359 - Loaded plugin power (category:power,tabindex:4)
2024-04-02 19:35:49,605 [INFO] PluginManage:310 - Check plugin projectmanager
2024-04-02 19:35:49,623 [INFO] PluginManage:359 - Loaded plugin projectmanager (category:projectmanager,tabindex:3)
2024-04-02 19:35:49,624 [INFO] PluginManage:310 - Check plugin thirdparty
2024-04-02 19:35:49,883 [INFO] PluginManage:359 - Loaded plugin thirdparty (category:base,tabindex:-1)
2024-04-02 19:35:49,883 [WARN] IntegrityCheckThread:84 - waiting for thirdparty lock release [integrity check]
2024-04-02 19:35:49,883 [INFO] PluginManage:310 - Check plugin tools
2024-04-02 19:35:49,883 [INFO] IntegrityCheckThread:86 - entering critical section [integrity check]
2024-04-02 19:35:49,883 [INFO] ThirdPartyUpdaterWithRetryManager:70 - Updater plugin not ready yet. [1/15]
2024-04-02 19:35:49,906 [INFO] PluginManage:359 - Loaded plugin tools (category:base,tabindex:7)
2024-04-02 19:35:49,906 [INFO] PluginManage:310 - Check plugin tutovideos
2024-04-02 19:35:50,078 [INFO] PluginManage:359 - Loaded plugin tutovideos (category:base,tabindex:-1)
2024-04-02 19:35:50,079 [INFO] PluginManage:310 - Check plugin updater
2024-04-02 19:35:50,090 [INFO] PluginManage:359 - Loaded plugin updater (category:base,tabindex:12)
2024-04-02 19:35:50,090 [INFO] PluginManage:310 - Check plugin userauth
2024-04-02 19:35:50,095 [INFO] UserAuth:114 - Init User Auth plugin
2024-04-02 19:35:50,095 [INFO] PluginManage:359 - Loaded plugin userauth (category:base,tabindex:14)
2024-04-02 19:35:50,096 [INFO] PluginManage:283 - PluginManage : Loaded plugins [17]
2024-04-02 19:35:50,294 [INFO] PinOutPanel:1561 - setPackage(No Configuration,No Configuration)
2024-04-02 19:35:50,397 [INFO] CADModel:165 - CPN selected for project level
2024-04-02 19:35:50,397 [INFO] CADModel:114 - Register for checkConnection events
2024-04-02 19:35:50,421 [INFO] IPUIPlugin:80 - create IPUIPlugin
2024-04-02 19:35:50,421 [INFO] PluginManager:220 - loadIPPluginJar : add adc
2024-04-02 19:35:50,449 [INFO] IPUIPlugin:80 - create IPUIPlugin
2024-04-02 19:35:50,449 [INFO] PluginManager:220 - loadIPPluginJar : add aes
2024-04-02 19:35:50,480 [INFO] IPUIPlugin:80 - create IPUIPlugin
2024-04-02 19:35:50,481 [INFO] PluginManager:220 - loadIPPluginJar : add can
2024-04-02 19:35:50,498 [INFO] IPUIPlugin:80 - create IPUIPlugin
2024-04-02 19:35:50,498 [INFO] PluginManager:220 - loadIPPluginJar : add comp
2024-04-02 19:35:50,524 [INFO] IPUIPlugin:80 - create IPUIPlugin
2024-04-02 19:35:50,524 [INFO] PluginManager:220 - loadIPPluginJar : add cryp
2024-04-02 19:35:50,546 [INFO] IPUIPlugin:80 - create IPUIPlugin
2024-04-02 19:35:50,546 [INFO] PluginManager:220 - loadIPPluginJar : add dfsdm
2024-04-02 19:35:50,559 [INFO] IPUIPlugin:80 - create IPUIPlugin
2024-04-02 19:35:50,560 [INFO] PluginManager:220 - loadIPPluginJar : add dma
2024-04-02 19:35:50,590 [INFO] IPUIPlugin:80 - create IPUIPlugin
2024-04-02 19:35:50,590 [INFO] PluginManager:220 - loadIPPluginJar : add dma3
2024-04-02 19:35:50,620 [INFO] IPUIPlugin:80 - create IPUIPlugin
2024-04-02 19:35:50,620 [INFO] PluginManager:220 - loadIPPluginJar : add extmemmanager
2024-04-02 19:35:50,634 [INFO] IPUIPlugin:80 - create IPUIPlugin
2024-04-02 19:35:50,634 [INFO] PluginManager:220 - loadIPPluginJar : add fatfs
2024-04-02 19:35:50,664 [INFO] IPUIPlugin:80 - create IPUIPlugin
2024-04-02 19:35:50,664 [INFO] PluginManager:220 - loadIPPluginJar : add fmc
2024-04-02 19:35:50,677 [INFO] IPUIPlugin:80 - create IPUIPlugin
2024-04-02 19:35:50,677 [INFO] PluginManager:220 - loadIPPluginJar : add freertos
2024-04-02 19:35:50,691 [INFO] IPUIPlugin:80 - create IPUIPlugin
2024-04-02 19:35:50,691 [INFO] PluginManager:220 - loadIPPluginJar : add genericplugin
2024-04-02 19:35:50,748 [INFO] IPUIPlugin:80 - create IPUIPlugin
2024-04-02 19:35:50,748 [INFO] PluginManager:220 - loadIPPluginJar : add gfxmmu
2024-04-02 19:35:50,831 [INFO] IPUIPlugin:80 - create IPUIPlugin
2024-04-02 19:35:50,831 [INFO] PluginManager:220 - loadIPPluginJar : add gic
2024-04-02 19:35:50,850 [INFO] IPUIPlugin:80 - create IPUIPlugin
2024-04-02 19:35:50,850 [INFO] PluginManager:220 - loadIPPluginJar : add gpio
2024-04-02 19:35:50,908 [INFO] IPUIPlugin:80 - create IPUIPlugin
2024-04-02 19:35:50,908 [INFO] PluginManager:220 - loadIPPluginJar : add gtzc
2024-04-02 19:35:50,931 [INFO] IPUIPlugin:80 - create IPUIPlugin
2024-04-02 19:35:50,931 [INFO] PluginManager:220 - loadIPPluginJar : add hash
2024-04-02 19:35:50,966 [INFO] IPUIPlugin:80 - create IPUIPlugin
2024-04-02 19:35:50,966 [INFO] PluginManager:220 - loadIPPluginJar : add i2c
2024-04-02 19:35:50,992 [INFO] IPUIPlugin:80 - create IPUIPlugin
2024-04-02 19:35:50,992 [INFO] PluginManager:220 - loadIPPluginJar : add i2s
2024-04-02 19:35:51,021 [INFO] IPUIPlugin:80 - create IPUIPlugin
2024-04-02 19:35:51,021 [INFO] PluginManager:220 - loadIPPluginJar : add i3c
2024-04-02 19:35:51,088 [INFO] IPUIPlugin:80 - create IPUIPlugin
2024-04-02 19:35:51,088 [INFO] PluginManager:220 - loadIPPluginJar : add ipddr
2024-04-02 19:35:51,146 [INFO] IPUIPlugin:80 - create IPUIPlugin
2024-04-02 19:35:51,146 [INFO] PluginManager:220 - loadIPPluginJar : add linkedlist
2024-04-02 19:35:51,170 [INFO] IPUIPlugin:80 - create IPUIPlugin
2024-04-02 19:35:51,170 [INFO] PluginManager:220 - loadIPPluginJar : add lorawan
2024-04-02 19:35:51,193 [INFO] IPUIPlugin:80 - create IPUIPlugin
2024-04-02 19:35:51,193 [INFO] PluginManager:220 - loadIPPluginJar : add ltdc
2024-04-02 19:35:51,206 [INFO] IPUIPlugin:80 - create IPUIPlugin
2024-04-02 19:35:51,206 [INFO] PluginManager:220 - loadIPPluginJar : add mdma
2024-04-02 19:35:51,215 [INFO] IPUIPlugin:80 - create IPUIPlugin
2024-04-02 19:35:51,215 [INFO] PluginManager:220 - loadIPPluginJar : add nvic
2024-04-02 19:35:51,239 [INFO] IPUIPlugin:80 - create IPUIPlugin
2024-04-02 19:35:51,240 [INFO] PluginManager:220 - loadIPPluginJar : add opamp
2024-04-02 19:35:51,282 [INFO] IPUIPlugin:80 - create IPUIPlugin
2024-04-02 19:35:51,282 [INFO] PluginManager:220 - loadIPPluginJar : add openamp
2024-04-02 19:35:51,310 [INFO] IPUIPlugin:80 - create IPUIPlugin
2024-04-02 19:35:51,310 [INFO] PluginManager:220 - loadIPPluginJar : add pdm2pcm
2024-04-02 19:35:51,328 [INFO] IPUIPlugin:80 - create IPUIPlugin
2024-04-02 19:35:51,330 [INFO] PluginManager:220 - loadIPPluginJar : add plateformsettings
2024-04-02 19:35:51,370 [INFO] IPUIPlugin:80 - create IPUIPlugin
2024-04-02 19:35:51,370 [INFO] PluginManager:220 - loadIPPluginJar : add quadspi
2024-04-02 19:35:51,381 [INFO] IPUIPlugin:80 - create IPUIPlugin
2024-04-02 19:35:51,381 [INFO] PluginManager:220 - loadIPPluginJar : add resmgrutility
2024-04-02 19:35:51,413 [INFO] IPUIPlugin:80 - create IPUIPlugin
2024-04-02 19:35:51,413 [INFO] PluginManager:220 - loadIPPluginJar : add sai
2024-04-02 19:35:51,439 [INFO] IPUIPlugin:80 - create IPUIPlugin
2024-04-02 19:35:51,439 [INFO] PluginManager:220 - loadIPPluginJar : add spi
2024-04-02 19:35:51,485 [INFO] IPUIPlugin:80 - create IPUIPlugin
2024-04-02 19:35:51,485 [INFO] PluginManager:220 - loadIPPluginJar : add stm32_wpan
2024-04-02 19:35:51,500 [INFO] IPUIPlugin:80 - create IPUIPlugin
2024-04-02 19:35:51,500 [INFO] PluginManager:220 - loadIPPluginJar : add tim
2024-04-02 19:35:51,538 [INFO] IPUIPlugin:80 - create IPUIPlugin
2024-04-02 19:35:51,539 [INFO] PluginManager:220 - loadIPPluginJar : add touchsensing
2024-04-02 19:35:51,554 [INFO] IPUIPlugin:80 - create IPUIPlugin
2024-04-02 19:35:51,555 [INFO] PluginManager:220 - loadIPPluginJar : add tracer_emb
2024-04-02 19:35:51,571 [INFO] IPUIPlugin:80 - create IPUIPlugin
2024-04-02 19:35:51,571 [INFO] PluginManager:220 - loadIPPluginJar : add ts
2024-04-02 19:35:51,588 [INFO] IPUIPlugin:80 - create IPUIPlugin
2024-04-02 19:35:51,588 [INFO] PluginManager:220 - loadIPPluginJar : add tsc
2024-04-02 19:35:51,605 [INFO] IPUIPlugin:80 - create IPUIPlugin
2024-04-02 19:35:51,605 [INFO] PluginManager:220 - loadIPPluginJar : add ucpd
2024-04-02 19:35:51,638 [INFO] IPUIPlugin:80 - create IPUIPlugin
2024-04-02 19:35:51,638 [INFO] PluginManager:220 - loadIPPluginJar : add usart
2024-04-02 19:35:51,668 [INFO] IPUIPlugin:80 - create IPUIPlugin
2024-04-02 19:35:51,668 [INFO] PluginManager:220 - loadIPPluginJar : add usbx
2024-04-02 19:35:51,802 [INFO] CADModel:165 - CPN selected for project level
2024-04-02 19:35:51,802 [INFO] CADModel:114 - Register for checkConnection events
2024-04-02 19:35:51,802 [FATAL] Updater:308 - Updater called before beeing initialized
2024-04-02 19:35:51,803 [ERROR] CADModel:125 - Updater not yet initialized, retry later 
2024-04-02 19:35:51,941 [INFO] CADModel:165 - CPN selected for project level
2024-04-02 19:35:51,941 [INFO] CADModel:114 - Register for checkConnection events
2024-04-02 19:35:51,941 [FATAL] Updater:308 - Updater called before beeing initialized
2024-04-02 19:35:51,941 [ERROR] CADModel:125 - Updater not yet initialized, retry later 
2024-04-02 19:35:51,944 [FATAL] Updater:308 - Updater called before beeing initialized
2024-04-02 19:35:52,067 [FATAL] Updater:308 - Updater called before beeing initialized
2024-04-02 19:35:52,076 [INFO] DbMcusAds:53 - JSON generation date=Wed Nov 29 05:52:27 COT 2023 (1701255147349)
2024-04-02 19:35:52,076 [FATAL] Updater:308 - Updater called before beeing initialized
2024-04-02 19:35:52,139 [WARN] DetailPanel:346 - Failed to get advertising image, set to default
2024-04-02 19:35:52,219 [FATAL] Updater:308 - Updater called before beeing initialized
2024-04-02 19:35:52,221 [FATAL] Updater:308 - Updater called before beeing initialized
2024-04-02 19:35:52,221 [FATAL] Updater:308 - Updater called before beeing initialized
2024-04-02 19:35:52,221 [WARN] DetailPanel:346 - Failed to get advertising image, set to default
2024-04-02 19:35:52,222 [FATAL] Updater:308 - Updater called before beeing initialized
2024-04-02 19:35:52,320 [ERROR] Updater:1120 - MainUpdater not yet initialized. External WinMGr cannot be set.
2024-04-02 19:35:52,334 [INFO] Updater:1056 - Updater Version found : 6.11.0
2024-04-02 19:35:52,366 [INFO] ApplicationProperties:184 - Using Application install path: C:\ST\STM32CubeIDE_1.14.1\STM32CubeIDE\plugins\com.st.stm32cube.common.mx_6.11.0.202403141607
2024-04-02 19:35:52,884 [INFO] ThirdPartyUpdaterWithRetryManager:70 - Updater plugin not ready yet. [2/15]
2024-04-02 19:35:53,956 [ERROR] LogOutputStream:75 - [STDERR_REDIRECT] Apr 02, 2024 7:35:53 PM java.util.prefs.WindowsPreferences <init>
2024-04-02 19:35:53,957 [ERROR] LogOutputStream:75 - [STDERR_REDIRECT] WARNING: Could not open/create prefs root node Software\JavaSoft\Prefs at root 0xffffffff80000002. Windows RegCreateKeyEx(...) returned error code 5.
2024-04-02 19:35:53,957 [ERROR] LogOutputStream:75 - [STDERR_REDIRECT] 
2024-04-02 19:35:55,276 [INFO] MainUpdater:2873 - connection check result : 10
2024-04-02 19:35:55,277 [INFO] MainUpdater:290 - Updater Check For Update Now.
2024-04-02 19:35:55,277 [INFO] MicroXplorer:498 - Change Database Version : DB.6.0.110
2024-04-02 19:35:55,306 [INFO] McuFinderGlobals:63 - Set McuFinder mode to 2 (CubeIDE integrated)
2024-04-02 19:35:55,321 [INFO] UserAuth:415 - Internet connection configuration mode: 1
2024-04-02 19:35:55,363 [INFO] JxBrowserEngine:152 - Initiate JxBrowser Engine with user profile folder
2024-04-02 19:35:55,499 [INFO] CheckServerUpdateThread:120 - End of CheckServer Thread
2024-04-02 19:35:56,076 [WARN] PackLoader:240 - Cannot read IP mode file for STMicroelectronics.X-CUBE-SMBUS.2.1.0
2024-04-02 19:35:56,092 [WARN] PackLoader:240 - Cannot read IP mode file for STMicroelectronics.X-CUBE-TOUCHGFX.4.23.1
2024-04-02 19:35:56,105 [WARN] PackLoader:240 - Cannot read IP mode file for STMicroelectronics.X-CUBE-TOUCHGFX.4.23.0
2024-04-02 19:35:56,147 [WARN] PackLoader:240 - Cannot read IP mode file for STMicroelectronics.X-CUBE-AZRTOS-F7.1.1.0
2024-04-02 19:35:56,167 [WARN] PackLoader:240 - Cannot read IP mode file for STMicroelectronics.FP-SNS-MOTENV1.4.3.2
2024-04-02 19:35:56,182 [WARN] PackLoader:240 - Cannot read IP mode file for STMicroelectronics.FP-SNS-FLIGHT1.5.0.2
2024-04-02 19:35:56,202 [WARN] PackLoader:240 - Cannot read IP mode file for STMicroelectronics.X-CUBE-DISPLAY.3.0.0
2024-04-02 19:35:56,224 [WARN] PackLoader:240 - Cannot read IP mode file for STMicroelectronics.X-CUBE-BLE1.7.0.0
2024-04-02 19:35:56,237 [WARN] PackLoader:240 - Cannot read IP mode file for emotas.I-CUBE-CANOPEN.1.3.0
2024-04-02 19:35:56,261 [WARN] PackLoader:240 - Cannot read IP mode file for STMicroelectronics.X-CUBE-BLEMGR.3.1.0
2024-04-02 19:35:56,280 [WARN] PackLoader:240 - Cannot read IP mode file for STMicroelectronics.FP-SNS-SMARTAG2.1.2.0
2024-04-02 19:35:56,306 [INFO] LogOutputStream:77 - [STDOUT_REDIRECT] 1 : Invalid condition id : UX_CORESTACK_Condition cause : null
2024-04-02 19:35:56,306 [INFO] LogOutputStream:77 - [STDOUT_REDIRECT] 1 : Invalid condition id : UX_CORESTACK_Condition cause : null
2024-04-02 19:35:56,308 [INFO] LogOutputStream:77 - [STDOUT_REDIRECT] 1 : Invalid condition id : UX_CORESTACK_Condition cause : null
2024-04-02 19:35:56,309 [INFO] LogOutputStream:77 - [STDOUT_REDIRECT] 1 : Invalid condition id : UX_CORESTACK_Condition cause : null
2024-04-02 19:35:56,310 [INFO] LogOutputStream:77 - [STDOUT_REDIRECT] 1 : Invalid condition id : UX_CORESTACK_Condition cause : null
2024-04-02 19:35:56,315 [WARN] PackLoader:240 - Cannot read IP mode file for STMicroelectronics.X-CUBE-AZRTOS-WL.2.0.0
2024-04-02 19:35:56,332 [WARN] PackLoader:240 - Cannot read IP mode file for STMicroelectronics.FP-SNS-MOTENV1.5.0.0
2024-04-02 19:35:56,348 [WARN] PackLoader:240 - Cannot read IP mode file for WES.I-CUBE-Cesium.1.3.0
2024-04-02 19:35:56,360 [WARN] PackLoader:240 - Cannot read IP mode file for STMicroelectronics.X-CUBE-BLE2.3.3.0
2024-04-02 19:35:56,371 [WARN] PackLoader:240 - Cannot read IP mode file for STMicroelectronics.X-CUBE-ALGOBUILD.1.3.0
2024-04-02 19:35:56,399 [WARN] PackLoader:240 - Cannot read IP mode file for STMicroelectronics.X-CUBE-AZRTOS-G0.1.1.0
2024-04-02 19:35:56,444 [WARN] PackLoader:240 - Cannot read IP mode file for STMicroelectronics.X-CUBE-SAFEA1.1.2.2
2024-04-02 19:35:56,458 [WARN] PackLoader:240 - Cannot read IP mode file for STMicroelectronics.X-CUBE-NFC4.3.0.0
2024-04-02 19:35:56,484 [WARN] PackLoader:240 - Cannot read IP mode file for STMicroelectronics.X-CUBE-BLEMGR.3.0.0
2024-04-02 19:35:56,498 [WARN] PackLoader:240 - Cannot read IP mode file for STMicroelectronics.FP-ATR-SIGFOX1.3.2.0
2024-04-02 19:35:56,515 [WARN] PackLoader:240 - Cannot read IP mode file for STMicroelectronics.X-CUBE-EEPRMA1.5.1.0
2024-04-02 19:35:56,561 [WARN] PackLoader:240 - Cannot read IP mode file for SEGGER.I-CUBE-embOS.1.3.1
2024-04-02 19:35:56,611 [WARN] PackLoader:240 - Cannot read IP mode file for STMicroelectronics.X-CUBE-GNSS1.6.0.0
2024-04-02 19:35:56,648 [WARN] PackLoader:240 - Cannot read IP mode file for STMicroelectronics.X-CUBE-AZRTOS-F4.1.1.0
2024-04-02 19:35:56,668 [WARN] PackLoader:240 - Cannot read IP mode file for wolfSSL.I-CUBE-wolfSSL.5.6.6
2024-04-02 19:35:56,697 [WARN] PackLoader:240 - Cannot read IP mode file for STMicroelectronics.X-CUBE-AZRTOS-L5.2.0.0
2024-04-02 19:35:56,717 [WARN] PackLoader:240 - Cannot read IP mode file for STMicroelectronics.X-CUBE-NFC6.3.1.0
2024-04-02 19:35:56,735 [WARN] PackLoader:240 - Cannot read IP mode file for ITTIA_DB.I-CUBE-ITTIADB.8.8.0
2024-04-02 19:35:56,748 [WARN] PackLoader:240 - Cannot read IP mode file for STMicroelectronics.X-CUBE-NFC7.1.0.1
2024-04-02 19:35:56,764 [WARN] PackLoader:240 - Cannot read IP mode file for STMicroelectronics.X-CUBE-NFC6.3.0.0
2024-04-02 19:35:56,779 [WARN] PackLoader:240 - Cannot read IP mode file for STMicroelectronics.X-CUBE-AI.8.1.0
2024-04-02 19:35:56,814 [WARN] ConditionMgr:438 - getConditionDescription Invalid condition id : LAN8742 Phy interface Condition cause : null
2024-04-02 19:35:56,816 [WARN] PackLoader:240 - Cannot read IP mode file for STMicroelectronics.X-CUBE-AZRTOS-L4.2.0.0
2024-04-02 19:35:56,818 [WARN] ConditionMgr:1039 - genDependencies : Invalid condition id : LAN8742 Phy interface Condition cause : null
2024-04-02 19:35:56,819 [WARN] ConditionMgr:1039 - genDependencies : Invalid condition id : LAN8742 Phy interface Condition cause : null
2024-04-02 19:35:56,819 [WARN] ConditionMgr:1039 - genDependencies : Invalid condition id : LAN8742 Phy interface Condition cause : null
2024-04-02 19:35:56,840 [WARN] PackLoader:240 - Cannot read IP mode file for STMicroelectronics.X-CUBE-SFXS2LP1.4.0.0
2024-04-02 19:35:56,872 [WARN] ConditionMgr:438 - getConditionDescription Invalid condition id : UX DEVICE CLASS RTOS Condition cause : null
2024-04-02 19:35:56,872 [WARN] ConditionMgr:438 - getConditionDescription Invalid condition id : UX DEVICE CLASS RTOS Condition cause : null
2024-04-02 19:35:56,875 [WARN] PackLoader:240 - Cannot read IP mode file for STMicroelectronics.X-CUBE-AZRTOS-WB.2.0.0
2024-04-02 19:35:56,876 [WARN] ConditionMgr:1039 - genDependencies : Invalid condition id : UX DEVICE CLASS RTOS Condition cause : null
2024-04-02 19:35:56,876 [WARN] ConditionMgr:1039 - genDependencies : Invalid condition id : UX DEVICE CLASS RTOS Condition cause : null
2024-04-02 19:35:56,877 [WARN] ConditionMgr:1039 - genDependencies : Invalid condition id : UX DEVICE CLASS RTOS Condition cause : null
2024-04-02 19:35:56,877 [WARN] ConditionMgr:1039 - genDependencies : Invalid condition id : UX DEVICE CLASS RTOS Condition cause : null
2024-04-02 19:35:56,877 [WARN] ConditionMgr:1039 - genDependencies : Invalid condition id : UX DEVICE CLASS RTOS Condition cause : null
2024-04-02 19:35:56,905 [WARN] PackLoader:240 - Cannot read IP mode file for STMicroelectronics.X-CUBE-SUBG2.5.0.0
2024-04-02 19:35:56,946 [WARN] PackLoader:240 - Cannot read IP mode file for STMicroelectronics.X-CUBE-AZRTOS-G4.2.0.0
2024-04-02 19:35:56,975 [WARN] PackLoader:240 - Cannot read IP mode file for Infineon.AIROC-Wi-Fi-Bluetooth-STM32.1.5.1
2024-04-02 19:35:56,995 [WARN] PackLoader:240 - Cannot read IP mode file for STMicroelectronics.FP-SNS-MOTENVWB1.1.3.1
2024-04-02 19:35:57,022 [WARN] PackLoader:240 - Cannot read IP mode file for STMicroelectronics.X-CUBE-ISPU.2.0.0
2024-04-02 19:35:57,080 [WARN] PackLoader:240 - Cannot read IP mode file for STMicroelectronics.X-CUBE-MEMS1.10.0.0
2024-04-02 19:35:57,226 [WARN] PackLoader:240 - Cannot read IP mode file for STMicroelectronics.X-CUBE-FREERTOS.1.1.0
2024-04-02 19:35:57,240 [WARN] PackLoader:240 - Cannot read IP mode file for portGmbH.I-Cube-SoM-uGOAL.1.1.0
2024-04-02 19:35:57,254 [WARN] PackLoader:240 - Cannot read IP mode file for STMicroelectronics.X-CUBE-ALS.1.0.1
2024-04-02 19:35:57,267 [WARN] PackLoader:240 - Cannot read IP mode file for STMicroelectronics.FP-ATR-ASTRA1.2.0.0
2024-04-02 19:35:57,284 [WARN] PackLoader:240 - Cannot read IP mode file for STMicroelectronics.X-CUBE-TOF1.3.4.0
2024-04-02 19:35:57,317 [WARN] PackLoader:240 - Cannot read IP mode file for STMicroelectronics.X-CUBE-TOF1.3.4.1
2024-04-02 19:35:57,351 [WARN] PackLoader:240 - Cannot read IP mode file for STMicroelectronics.X-CUBE-AZRTOS-H7.3.2.0
2024-04-02 19:35:57,354 [INFO] ThirdParty:978 - Integrity check success = true
2024-04-02 19:35:57,354 [INFO] IntegrityCheckThread:100 - exiting critical section [integrity check]
2024-04-02 19:35:57,355 [INFO] IntegrityCheckThread:103 - End integrity checks thread
2024-04-02 19:36:00,205 [INFO] WebApp:161 - Instantiating new browser for Auth
2024-04-02 19:36:00,776 [INFO] WebApp:779 - Register for checkConnection events
2024-04-02 19:36:00,776 [INFO] WebApp:414 - Apply proxy settings
2024-04-02 19:36:00,776 [INFO] WebApp:499 - Chromium requires no authentication
2024-04-02 19:36:00,783 [INFO] WebApp:442 - Direct internet connection detected
2024-04-02 19:36:00,922 [INFO] WebApp:192 - Starting web application
2024-04-02 19:36:00,922 [INFO] WebApp:544 - Web application path used C:\ST\STM32CubeIDE_1.14.1\STM32CubeIDE\plugins\com.st.stm32cube.common.mx_6.11.0.202403141607\db\plugins\mcufinder\reactClient1\index.html
