2024-03-13 08:14:06,477 [INFO] Activator:176 - 


2024-03-13 08:14:06,478 [INFO] Activator:177 - !SESSION log4j initialized
2024-03-13 08:14:09,174 [INFO] LogOutputStream:77 - [STDOUT_REDIRECT] 
2024-03-13 08:14:11,513 [INFO] ApplicationProperties:184 - Using Application install path: C:\ST\STM32CubeIDE_1.14.1\STM32CubeIDE\plugins\com.st.stm32cube.common.mx_6.10.0.202311202037
2024-03-13 08:14:11,526 [INFO] DbMcusXml:78 - Set database path to: C:\ST\STM32CubeIDE_1.14.1\STM32CubeIDE\plugins\com.st.stm32cube.common.mx_6.10.0.202311202037\\db\/mcu/
2024-03-13 08:14:11,527 [INFO] ApiDb:274 - Set plugin database path to: C:\ST\STM32CubeIDE_1.14.1\STM32CubeIDE\plugins\com.st.stm32cube.common.mx_6.10.0.202311202037\\db\/plugins/boardmanager/
2024-03-13 08:14:11,527 [WARN] ApiDb:259 - Overriding images path with different value:  => C:\ST\STM32CubeIDE_1.14.1\STM32CubeIDE\plugins\com.st.stm32cube.common.mx_6.10.0.202311202037\\db\/plugins/mcufinder/images/
2024-03-13 08:14:11,533 [INFO] ApiDb:250 - Set database path to: C:\Users\ASUS\.stmcufinder\plugins\mcufinder//mcu/
2024-03-13 08:14:11,534 [INFO] DbMcusAds:125 - Set database path to: C:\Users\ASUS\.stmcufinder\plugins\mcufinder//mcu/
2024-03-13 08:14:11,536 [INFO] CrossReferenceDbSqlite:203 - Set database path to: C:\Users\ASUS\.stmcufinder\plugins\mcufinder//mcu/cs/
2024-03-13 08:14:11,637 [INFO] RulesReader:64 - Compatibility file has been processed (297 Rules)
2024-03-13 08:14:11,699 [INFO] DbMcusXml:78 - Set database path to: C:\ST\STM32CubeIDE_1.14.1\STM32CubeIDE\plugins\com.st.stm32cube.common.mx_6.10.0.202311202037\\db\/mcu/
2024-03-13 08:14:11,699 [INFO] ApiDb:274 - Set plugin database path to: C:\ST\STM32CubeIDE_1.14.1\STM32CubeIDE\plugins\com.st.stm32cube.common.mx_6.10.0.202311202037\\db\/plugins/boardmanager/
2024-03-13 08:14:11,699 [INFO] ApiDb:261 - Set plugin images path to: C:\ST\STM32CubeIDE_1.14.1\STM32CubeIDE\plugins\com.st.stm32cube.common.mx_6.10.0.202311202037\\db\/plugins/mcufinder/images/
2024-03-13 08:14:11,700 [WARN] DbFile:41 - Overriding database path with different value: C:\Users\ASUS\.stmcufinder\plugins\mcufinder/ => C:\Users\ASUS\.stmcufinder\plugins\mcufinder
2024-03-13 08:14:11,700 [INFO] ApiDb:250 - Set database path to: C:\Users\ASUS\.stmcufinder\plugins\mcufinder//mcu/
2024-03-13 08:14:11,700 [WARN] DbFile:41 - Overriding database path with different value: C:\Users\ASUS\.stmcufinder\plugins\mcufinder/ => C:\Users\ASUS\.stmcufinder\plugins\mcufinder
2024-03-13 08:14:11,700 [INFO] DbMcusAds:125 - Set database path to: C:\Users\ASUS\.stmcufinder\plugins\mcufinder//mcu/
2024-03-13 08:14:11,700 [WARN] DbFile:41 - Overriding database path with different value: C:\Users\ASUS\.stmcufinder\plugins\mcufinder/ => C:\Users\ASUS\.stmcufinder\plugins\mcufinder
2024-03-13 08:14:11,700 [WARN] DbFile:41 - Overriding database path with different value: C:\Users\ASUS\.stmcufinder\plugins\mcufinder/ => C:\Users\ASUS\.stmcufinder\plugins\mcufinder
2024-03-13 08:14:11,700 [INFO] CrossReferenceDbSqlite:203 - Set database path to: C:\Users\ASUS\.stmcufinder\plugins\mcufinder//mcu/cs/
2024-03-13 08:14:11,770 [INFO] MainPanel:264 - HeapMemory: 268435456
2024-03-13 08:14:11,840 [INFO] DbMcusXml:78 - Set database path to: C:\ST\STM32CubeIDE_1.14.1\STM32CubeIDE\plugins\com.st.stm32cube.common.mx_6.10.0.202311202037\\db\/mcu/
2024-03-13 08:14:11,840 [INFO] ApiDb:274 - Set plugin database path to: C:\ST\STM32CubeIDE_1.14.1\STM32CubeIDE\plugins\com.st.stm32cube.common.mx_6.10.0.202311202037\\db\/plugins/boardmanager/
2024-03-13 08:14:11,840 [INFO] ApiDb:261 - Set plugin images path to: C:\ST\STM32CubeIDE_1.14.1\STM32CubeIDE\plugins\com.st.stm32cube.common.mx_6.10.0.202311202037\\db\/plugins/mcufinder/images/
2024-03-13 08:14:11,840 [WARN] DbFile:41 - Overriding database path with different value: C:\Users\ASUS\.stmcufinder\plugins\mcufinder/ => C:\Users\ASUS\.stmcufinder\plugins\mcufinder
2024-03-13 08:14:11,840 [INFO] ApiDb:250 - Set database path to: C:\Users\ASUS\.stmcufinder\plugins\mcufinder//mcu/
2024-03-13 08:14:11,840 [WARN] DbFile:41 - Overriding database path with different value: C:\Users\ASUS\.stmcufinder\plugins\mcufinder/ => C:\Users\ASUS\.stmcufinder\plugins\mcufinder
2024-03-13 08:14:11,840 [INFO] DbMcusAds:125 - Set database path to: C:\Users\ASUS\.stmcufinder\plugins\mcufinder//mcu/
2024-03-13 08:14:11,840 [WARN] DbFile:41 - Overriding database path with different value: C:\Users\ASUS\.stmcufinder\plugins\mcufinder/ => C:\Users\ASUS\.stmcufinder\plugins\mcufinder
2024-03-13 08:14:11,840 [WARN] DbFile:41 - Overriding database path with different value: C:\Users\ASUS\.stmcufinder\plugins\mcufinder/ => C:\Users\ASUS\.stmcufinder\plugins\mcufinder
2024-03-13 08:14:11,841 [INFO] CrossReferenceDbSqlite:203 - Set database path to: C:\Users\ASUS\.stmcufinder\plugins\mcufinder//mcu/cs/
2024-03-13 08:14:11,854 [INFO] ApplicationProperties:184 - Using Application install path: C:\ST\STM32CubeIDE_1.14.1\STM32CubeIDE\plugins\com.st.stm32cube.common.mx_6.10.0.202311202037
2024-03-13 08:14:11,856 [INFO] PluginManage:196 - Search for loadable plugins [exclusion list=, ]
2024-03-13 08:14:11,857 [INFO] PluginManage:310 - Check plugin analytics
2024-03-13 08:14:12,008 [INFO] AnalyticsPlugin:253 - Accepted Software Licenses: 
2024-03-13 08:14:12,009 [INFO] AnalyticsPlugin:255 - Accepted CMSIS Pack Licenses: 
2024-03-13 08:14:12,009 [INFO] AnalyticsPlugin:257 - Accepted Firmware Licenses: FW.F4.1.28.0
2024-03-13 08:14:12,011 [INFO] PluginManage:359 - Loaded plugin analytics (category:tool,tabindex:-1)
2024-03-13 08:14:12,011 [INFO] PluginManage:310 - Check plugin cadmodel
2024-03-13 08:14:12,023 [INFO] CADModel:105 - Init CAD model plugin
2024-03-13 08:14:12,023 [INFO] PluginManage:359 - Loaded plugin cadmodel (category:power,tabindex:5)
2024-03-13 08:14:12,023 [INFO] PluginManage:310 - Check plugin clock
2024-03-13 08:14:12,043 [INFO] PluginManage:359 - Loaded plugin clock (category:base,tabindex:2)
2024-03-13 08:14:12,043 [INFO] PluginManage:310 - Check plugin ddr
2024-03-13 08:14:12,045 [INFO] PluginManage:359 - Loaded plugin ddr (category:tool,tabindex:6)
2024-03-13 08:14:12,046 [INFO] PluginManage:310 - Check plugin filemanager
2024-03-13 08:14:12,167 [INFO] PluginManage:359 - Loaded plugin filemanager (category:base,tabindex:10)
2024-03-13 08:14:12,167 [INFO] PluginManage:310 - Check plugin ipmanager
2024-03-13 08:14:12,174 [INFO] PluginManage:359 - Loaded plugin ipmanager (category:base,tabindex:5)
2024-03-13 08:14:12,174 [INFO] PluginManage:310 - Check plugin lpbam
2024-03-13 08:14:12,188 [INFO] PluginManage:359 - Loaded plugin lpbam (category:base,tabindex:0)
2024-03-13 08:14:12,188 [INFO] PluginManage:310 - Check plugin memorymap
2024-03-13 08:14:12,209 [INFO] PluginManage:359 - Loaded plugin memorymap (category:base,tabindex:4)
2024-03-13 08:14:12,209 [INFO] PluginManage:310 - Check plugin pinoutandconfiguration
2024-03-13 08:14:12,223 [INFO] PluginManage:359 - Loaded plugin pinoutandconfiguration (category:base,tabindex:1)
2024-03-13 08:14:12,223 [INFO] PluginManage:310 - Check plugin pinoutconfig
2024-03-13 08:14:12,297 [WARN] SupportedApi:132 - Cannot load RTOS API schema: s4s-elt-must-match.1: The content of 'definitions' must match (annotation?, (simpleType | complexType)?, (unique | key | keyref)*)). A problem was found starting at: attribute.
2024-03-13 08:14:12,443 [INFO] PluginManage:359 - Loaded plugin pinoutconfig (category:base,tabindex:0)
2024-03-13 08:14:12,444 [INFO] PluginManage:310 - Check plugin power
2024-03-13 08:14:12,462 [INFO] PluginManage:359 - Loaded plugin power (category:power,tabindex:4)
2024-03-13 08:14:12,463 [INFO] PluginManage:310 - Check plugin projectmanager
2024-03-13 08:14:12,478 [INFO] PluginManage:359 - Loaded plugin projectmanager (category:projectmanager,tabindex:3)
2024-03-13 08:14:12,478 [INFO] PluginManage:310 - Check plugin thirdparty
2024-03-13 08:14:12,720 [INFO] PluginManage:359 - Loaded plugin thirdparty (category:base,tabindex:-1)
2024-03-13 08:14:12,720 [INFO] PluginManage:310 - Check plugin tools
2024-03-13 08:14:12,720 [WARN] IntegrityCheckThread:84 - waiting for thirdparty lock release [integrity check]
2024-03-13 08:14:12,720 [INFO] IntegrityCheckThread:86 - entering critical section [integrity check]
2024-03-13 08:14:12,720 [INFO] ThirdPartyUpdaterWithRetryManager:70 - Updater plugin not ready yet. [1/15]
2024-03-13 08:14:12,746 [INFO] PluginManage:359 - Loaded plugin tools (category:base,tabindex:7)
2024-03-13 08:14:12,746 [INFO] PluginManage:310 - Check plugin tutovideos
2024-03-13 08:14:12,906 [INFO] PluginManage:359 - Loaded plugin tutovideos (category:base,tabindex:-1)
2024-03-13 08:14:12,906 [INFO] PluginManage:310 - Check plugin updater
2024-03-13 08:14:12,917 [INFO] PluginManage:359 - Loaded plugin updater (category:base,tabindex:12)
2024-03-13 08:14:12,917 [INFO] PluginManage:310 - Check plugin userauth
2024-03-13 08:14:12,921 [INFO] UserAuth:114 - Init User Auth plugin
2024-03-13 08:14:12,921 [INFO] PluginManage:359 - Loaded plugin userauth (category:base,tabindex:14)
2024-03-13 08:14:12,922 [INFO] PluginManage:283 - PluginManage : Loaded plugins [17]
2024-03-13 08:14:13,099 [INFO] PinOutPanel:1499 - setPackage(No Configuration,No Configuration)
2024-03-13 08:14:13,160 [INFO] CADModel:165 - CPN selected for project level
2024-03-13 08:14:13,161 [INFO] CADModel:114 - Register for checkConnection events
2024-03-13 08:14:13,184 [INFO] IPUIPlugin:80 - create IPUIPlugin
2024-03-13 08:14:13,184 [INFO] PluginManager:220 - loadIPPluginJar : add adc
2024-03-13 08:14:13,211 [INFO] IPUIPlugin:80 - create IPUIPlugin
2024-03-13 08:14:13,211 [INFO] PluginManager:220 - loadIPPluginJar : add aes
2024-03-13 08:14:13,241 [INFO] IPUIPlugin:80 - create IPUIPlugin
2024-03-13 08:14:13,241 [INFO] PluginManager:220 - loadIPPluginJar : add can
2024-03-13 08:14:13,257 [INFO] IPUIPlugin:80 - create IPUIPlugin
2024-03-13 08:14:13,258 [INFO] PluginManager:220 - loadIPPluginJar : add comp
2024-03-13 08:14:13,283 [INFO] IPUIPlugin:80 - create IPUIPlugin
2024-03-13 08:14:13,283 [INFO] PluginManager:220 - loadIPPluginJar : add cryp
2024-03-13 08:14:13,304 [INFO] IPUIPlugin:80 - create IPUIPlugin
2024-03-13 08:14:13,304 [INFO] PluginManager:220 - loadIPPluginJar : add dfsdm
2024-03-13 08:14:13,316 [INFO] IPUIPlugin:80 - create IPUIPlugin
2024-03-13 08:14:13,316 [INFO] PluginManager:220 - loadIPPluginJar : add dma
2024-03-13 08:14:13,347 [INFO] IPUIPlugin:80 - create IPUIPlugin
2024-03-13 08:14:13,348 [INFO] PluginManager:220 - loadIPPluginJar : add dma3
2024-03-13 08:14:13,361 [INFO] IPUIPlugin:80 - create IPUIPlugin
2024-03-13 08:14:13,362 [INFO] PluginManager:220 - loadIPPluginJar : add fatfs
2024-03-13 08:14:13,398 [INFO] IPUIPlugin:80 - create IPUIPlugin
2024-03-13 08:14:13,398 [INFO] PluginManager:220 - loadIPPluginJar : add fmc
2024-03-13 08:14:13,410 [INFO] IPUIPlugin:80 - create IPUIPlugin
2024-03-13 08:14:13,411 [INFO] PluginManager:220 - loadIPPluginJar : add freertos
2024-03-13 08:14:13,425 [INFO] IPUIPlugin:80 - create IPUIPlugin
2024-03-13 08:14:13,425 [INFO] PluginManager:220 - loadIPPluginJar : add genericplugin
2024-03-13 08:14:13,496 [INFO] IPUIPlugin:80 - create IPUIPlugin
2024-03-13 08:14:13,497 [INFO] PluginManager:220 - loadIPPluginJar : add gfxmmu
2024-03-13 08:14:13,590 [INFO] IPUIPlugin:80 - create IPUIPlugin
2024-03-13 08:14:13,590 [INFO] PluginManager:220 - loadIPPluginJar : add gic
2024-03-13 08:14:13,612 [INFO] IPUIPlugin:80 - create IPUIPlugin
2024-03-13 08:14:13,612 [INFO] PluginManager:220 - loadIPPluginJar : add gpio
2024-03-13 08:14:13,677 [INFO] IPUIPlugin:80 - create IPUIPlugin
2024-03-13 08:14:13,677 [INFO] PluginManager:220 - loadIPPluginJar : add gtzc
2024-03-13 08:14:13,701 [INFO] IPUIPlugin:80 - create IPUIPlugin
2024-03-13 08:14:13,701 [INFO] PluginManager:220 - loadIPPluginJar : add hash
2024-03-13 08:14:13,739 [INFO] IPUIPlugin:80 - create IPUIPlugin
2024-03-13 08:14:13,739 [INFO] PluginManager:220 - loadIPPluginJar : add i2c
2024-03-13 08:14:13,768 [INFO] IPUIPlugin:80 - create IPUIPlugin
2024-03-13 08:14:13,768 [INFO] PluginManager:220 - loadIPPluginJar : add i2s
2024-03-13 08:14:13,799 [INFO] IPUIPlugin:80 - create IPUIPlugin
2024-03-13 08:14:13,799 [INFO] PluginManager:220 - loadIPPluginJar : add i3c
2024-03-13 08:14:13,892 [INFO] IPUIPlugin:80 - create IPUIPlugin
2024-03-13 08:14:13,893 [INFO] PluginManager:220 - loadIPPluginJar : add ipddr
2024-03-13 08:14:13,967 [INFO] IPUIPlugin:80 - create IPUIPlugin
2024-03-13 08:14:13,967 [INFO] PluginManager:220 - loadIPPluginJar : add linkedlist
2024-03-13 08:14:14,008 [INFO] IPUIPlugin:80 - create IPUIPlugin
2024-03-13 08:14:14,008 [INFO] PluginManager:220 - loadIPPluginJar : add lorawan
2024-03-13 08:14:14,037 [INFO] IPUIPlugin:80 - create IPUIPlugin
2024-03-13 08:14:14,037 [INFO] PluginManager:220 - loadIPPluginJar : add ltdc
2024-03-13 08:14:14,048 [INFO] IPUIPlugin:80 - create IPUIPlugin
2024-03-13 08:14:14,048 [INFO] PluginManager:220 - loadIPPluginJar : add mdma
2024-03-13 08:14:14,057 [INFO] IPUIPlugin:80 - create IPUIPlugin
2024-03-13 08:14:14,057 [INFO] PluginManager:220 - loadIPPluginJar : add nvic
2024-03-13 08:14:14,081 [INFO] IPUIPlugin:80 - create IPUIPlugin
2024-03-13 08:14:14,081 [INFO] PluginManager:220 - loadIPPluginJar : add opamp
2024-03-13 08:14:14,119 [INFO] IPUIPlugin:80 - create IPUIPlugin
2024-03-13 08:14:14,119 [INFO] PluginManager:220 - loadIPPluginJar : add openamp
2024-03-13 08:14:14,147 [INFO] IPUIPlugin:80 - create IPUIPlugin
2024-03-13 08:14:14,147 [INFO] PluginManager:220 - loadIPPluginJar : add pdm2pcm
2024-03-13 08:14:14,158 [INFO] IPUIPlugin:80 - create IPUIPlugin
2024-03-13 08:14:14,159 [INFO] PluginManager:220 - loadIPPluginJar : add plateformsettings
2024-03-13 08:14:14,174 [INFO] IPUIPlugin:80 - create IPUIPlugin
2024-03-13 08:14:14,175 [INFO] PluginManager:220 - loadIPPluginJar : add quadspi
2024-03-13 08:14:14,183 [INFO] IPUIPlugin:80 - create IPUIPlugin
2024-03-13 08:14:14,183 [INFO] PluginManager:220 - loadIPPluginJar : add resmgrutility
2024-03-13 08:14:14,215 [INFO] IPUIPlugin:80 - create IPUIPlugin
2024-03-13 08:14:14,216 [INFO] PluginManager:220 - loadIPPluginJar : add sai
2024-03-13 08:14:14,243 [INFO] IPUIPlugin:80 - create IPUIPlugin
2024-03-13 08:14:14,243 [INFO] PluginManager:220 - loadIPPluginJar : add spi
2024-03-13 08:14:14,292 [INFO] IPUIPlugin:80 - create IPUIPlugin
2024-03-13 08:14:14,292 [INFO] PluginManager:220 - loadIPPluginJar : add stm32_wpan
2024-03-13 08:14:14,310 [INFO] IPUIPlugin:80 - create IPUIPlugin
2024-03-13 08:14:14,310 [INFO] PluginManager:220 - loadIPPluginJar : add tim
2024-03-13 08:14:14,349 [INFO] IPUIPlugin:80 - create IPUIPlugin
2024-03-13 08:14:14,349 [INFO] PluginManager:220 - loadIPPluginJar : add touchsensing
2024-03-13 08:14:14,366 [INFO] IPUIPlugin:80 - create IPUIPlugin
2024-03-13 08:14:14,366 [INFO] PluginManager:220 - loadIPPluginJar : add tracer_emb
2024-03-13 08:14:14,384 [INFO] IPUIPlugin:80 - create IPUIPlugin
2024-03-13 08:14:14,384 [INFO] PluginManager:220 - loadIPPluginJar : add ts
2024-03-13 08:14:14,400 [INFO] IPUIPlugin:80 - create IPUIPlugin
2024-03-13 08:14:14,400 [INFO] PluginManager:220 - loadIPPluginJar : add tsc
2024-03-13 08:14:14,415 [INFO] IPUIPlugin:80 - create IPUIPlugin
2024-03-13 08:14:14,415 [INFO] PluginManager:220 - loadIPPluginJar : add ucpd
2024-03-13 08:14:14,443 [INFO] IPUIPlugin:80 - create IPUIPlugin
2024-03-13 08:14:14,443 [INFO] PluginManager:220 - loadIPPluginJar : add usart
2024-03-13 08:14:14,474 [INFO] IPUIPlugin:80 - create IPUIPlugin
2024-03-13 08:14:14,474 [INFO] PluginManager:220 - loadIPPluginJar : add usbx
2024-03-13 08:14:14,598 [INFO] CADModel:165 - CPN selected for project level
2024-03-13 08:14:14,598 [INFO] CADModel:114 - Register for checkConnection events
2024-03-13 08:14:14,599 [FATAL] Updater:308 - Updater called before beeing initialized
2024-03-13 08:14:14,599 [ERROR] CADModel:125 - Updater not yet initialized, retry later 
2024-03-13 08:14:14,718 [INFO] CADModel:165 - CPN selected for project level
2024-03-13 08:14:14,719 [INFO] CADModel:114 - Register for checkConnection events
2024-03-13 08:14:14,719 [FATAL] Updater:308 - Updater called before beeing initialized
2024-03-13 08:14:14,719 [ERROR] CADModel:125 - Updater not yet initialized, retry later 
2024-03-13 08:14:14,721 [FATAL] Updater:308 - Updater called before beeing initialized
2024-03-13 08:14:14,826 [FATAL] Updater:308 - Updater called before beeing initialized
2024-03-13 08:14:14,834 [INFO] DbMcusAds:53 - JSON generation date=Wed Nov 29 05:52:27 COT 2023 (1701255147349)
2024-03-13 08:14:14,834 [FATAL] Updater:308 - Updater called before beeing initialized
2024-03-13 08:14:14,913 [WARN] DetailPanel:346 - Failed to get advertising image, set to default
2024-03-13 08:14:14,990 [FATAL] Updater:308 - Updater called before beeing initialized
2024-03-13 08:14:14,992 [FATAL] Updater:308 - Updater called before beeing initialized
2024-03-13 08:14:14,992 [FATAL] Updater:308 - Updater called before beeing initialized
2024-03-13 08:14:14,992 [WARN] DetailPanel:346 - Failed to get advertising image, set to default
2024-03-13 08:14:14,993 [FATAL] Updater:308 - Updater called before beeing initialized
2024-03-13 08:14:15,051 [ERROR] Updater:1120 - MainUpdater not yet initialized. External WinMGr cannot be set.
2024-03-13 08:14:15,060 [INFO] Updater:1056 - Updater Version found : 6.10.0
2024-03-13 08:14:15,086 [INFO] ApplicationProperties:184 - Using Application install path: C:\ST\STM32CubeIDE_1.14.1\STM32CubeIDE\plugins\com.st.stm32cube.common.mx_6.10.0.202311202037
2024-03-13 08:14:15,722 [INFO] ThirdPartyUpdaterWithRetryManager:70 - Updater plugin not ready yet. [2/15]
2024-03-13 08:14:16,661 [ERROR] LogOutputStream:75 - [STDERR_REDIRECT] Mar 13, 2024 8:14:16 AM java.util.prefs.WindowsPreferences <init>
2024-03-13 08:14:16,664 [ERROR] LogOutputStream:75 - [STDERR_REDIRECT] WARNING: Could not open/create prefs root node Software\JavaSoft\Prefs at root 0xffffffff80000002. Windows RegCreateKeyEx(...) returned error code 5.
2024-03-13 08:14:16,664 [ERROR] LogOutputStream:75 - [STDERR_REDIRECT] 
2024-03-13 08:14:17,100 [INFO] MainUpdater:2873 - connection check result : 10
2024-03-13 08:14:17,100 [INFO] MainUpdater:3567 - Updater definition file requires update
2024-03-13 08:14:17,101 [INFO] MainUpdater:290 - Updater Check For Update Now.
2024-03-13 08:14:17,101 [INFO] MicroXplorer:498 - Change Database Version : DB.6.0.100
2024-03-13 08:14:17,130 [INFO] McuFinderGlobals:63 - Set McuFinder mode to 2 (CubeIDE integrated)
2024-03-13 08:14:17,300 [INFO] ServerAccessManage:473 - Download File updaters.zip
2024-03-13 08:14:17,514 [INFO] FileExtend:240 - Unzip File : updaters.zip
2024-03-13 08:14:17,514 [INFO] FileExtend:255 - Standard Zip Deflate
2024-03-13 08:14:17,684 [INFO] UserAuth:404 - Internet connection configuration mode: 1
2024-03-13 08:14:17,711 [INFO] JxBrowserEngine:152 - Initiate JxBrowser Engine with user profile folder
2024-03-13 08:14:18,064 [INFO] ServerAccessManage:473 - Download File PacksControlFlags.xml
2024-03-13 08:14:18,413 [INFO] ServerAccessManage:473 - Download File cubemx.pidx
2024-03-13 08:14:18,502 [INFO] LoadServerUpdatesThread:375 - End of LoadServerUpdate Thread
2024-03-13 08:14:18,671 [INFO] CheckServerUpdateThread:120 - End of CheckServer Thread
2024-03-13 08:14:18,878 [WARN] PackLoader:240 - Cannot read IP mode file for STMicroelectronics.X-CUBE-SMBUS.2.1.0
2024-03-13 08:14:18,896 [WARN] PackLoader:240 - Cannot read IP mode file for STMicroelectronics.X-CUBE-TOUCHGFX.4.23.0
2024-03-13 08:14:18,948 [WARN] PackLoader:240 - Cannot read IP mode file for STMicroelectronics.X-CUBE-AZRTOS-F7.1.1.0
2024-03-13 08:14:18,969 [WARN] PackLoader:240 - Cannot read IP mode file for STMicroelectronics.FP-SNS-MOTENV1.4.3.2
2024-03-13 08:14:18,986 [WARN] PackLoader:240 - Cannot read IP mode file for STMicroelectronics.FP-SNS-FLIGHT1.5.0.2
2024-03-13 08:14:19,002 [WARN] PackLoader:240 - Cannot read IP mode file for STMicroelectronics.X-CUBE-DISPLAY.3.0.0
2024-03-13 08:14:19,024 [WARN] PackLoader:240 - Cannot read IP mode file for STMicroelectronics.X-CUBE-BLE1.7.0.0
2024-03-13 08:14:19,039 [WARN] PackLoader:240 - Cannot read IP mode file for emotas.I-CUBE-CANOPEN.1.3.0
2024-03-13 08:14:19,064 [WARN] PackLoader:240 - Cannot read IP mode file for STMicroelectronics.X-CUBE-BLEMGR.3.1.0
2024-03-13 08:14:19,083 [WARN] PackLoader:240 - Cannot read IP mode file for STMicroelectronics.FP-SNS-SMARTAG2.1.2.0
2024-03-13 08:14:19,104 [INFO] LogOutputStream:77 - [STDOUT_REDIRECT] 1 : Invalid condition id : UX_CORESTACK_Condition cause : null
2024-03-13 08:14:19,105 [INFO] LogOutputStream:77 - [STDOUT_REDIRECT] 1 : Invalid condition id : UX_CORESTACK_Condition cause : null
2024-03-13 08:14:19,106 [INFO] LogOutputStream:77 - [STDOUT_REDIRECT] 1 : Invalid condition id : UX_CORESTACK_Condition cause : null
2024-03-13 08:14:19,108 [INFO] LogOutputStream:77 - [STDOUT_REDIRECT] 1 : Invalid condition id : UX_CORESTACK_Condition cause : null
2024-03-13 08:14:19,108 [INFO] LogOutputStream:77 - [STDOUT_REDIRECT] 1 : Invalid condition id : UX_CORESTACK_Condition cause : null
2024-03-13 08:14:19,111 [WARN] PackLoader:240 - Cannot read IP mode file for STMicroelectronics.X-CUBE-AZRTOS-WL.2.0.0
2024-03-13 08:14:19,129 [WARN] PackLoader:240 - Cannot read IP mode file for WES.I-CUBE-Cesium.1.3.0
2024-03-13 08:14:19,140 [WARN] PackLoader:240 - Cannot read IP mode file for STMicroelectronics.X-CUBE-BLE2.3.3.0
2024-03-13 08:14:19,153 [WARN] PackLoader:240 - Cannot read IP mode file for STMicroelectronics.X-CUBE-ALGOBUILD.1.3.0
2024-03-13 08:14:19,185 [WARN] PackLoader:240 - Cannot read IP mode file for STMicroelectronics.X-CUBE-AZRTOS-G0.1.1.0
2024-03-13 08:14:19,199 [WARN] PackLoader:240 - Cannot read IP mode file for STMicroelectronics.X-CUBE-NFC4.3.0.0
2024-03-13 08:14:19,213 [WARN] PackLoader:240 - Cannot read IP mode file for STMicroelectronics.X-CUBE-BLEMGR.3.0.0
2024-03-13 08:14:19,227 [WARN] PackLoader:240 - Cannot read IP mode file for STMicroelectronics.FP-ATR-SIGFOX1.3.2.0
2024-03-13 08:14:19,240 [WARN] PackLoader:240 - Cannot read IP mode file for STMicroelectronics.X-CUBE-EEPRMA1.5.1.0
2024-03-13 08:14:19,281 [WARN] PackLoader:240 - Cannot read IP mode file for SEGGER.I-CUBE-embOS.1.3.1
2024-03-13 08:14:19,333 [WARN] PackLoader:240 - Cannot read IP mode file for STMicroelectronics.X-CUBE-GNSS1.6.0.0
2024-03-13 08:14:19,367 [WARN] PackLoader:240 - Cannot read IP mode file for STMicroelectronics.X-CUBE-AZRTOS-F4.1.1.0
2024-03-13 08:14:19,383 [WARN] PackLoader:240 - Cannot read IP mode file for wolfSSL.I-CUBE-wolfSSL.5.6.6
2024-03-13 08:14:19,409 [WARN] PackLoader:240 - Cannot read IP mode file for STMicroelectronics.X-CUBE-AZRTOS-L5.2.0.0
2024-03-13 08:14:19,426 [WARN] PackLoader:240 - Cannot read IP mode file for ITTIA_DB.I-CUBE-ITTIADB.8.8.0
2024-03-13 08:14:19,441 [WARN] PackLoader:240 - Cannot read IP mode file for STMicroelectronics.X-CUBE-NFC7.1.0.1
2024-03-13 08:14:19,459 [WARN] PackLoader:240 - Cannot read IP mode file for STMicroelectronics.X-CUBE-NFC6.3.0.0
2024-03-13 08:14:19,473 [WARN] PackLoader:240 - Cannot read IP mode file for STMicroelectronics.X-CUBE-AI.8.1.0
2024-03-13 08:14:19,503 [WARN] ConditionMgr:438 - getConditionDescription Invalid condition id : LAN8742 Phy interface Condition cause : null
2024-03-13 08:14:19,503 [WARN] PackLoader:240 - Cannot read IP mode file for STMicroelectronics.X-CUBE-AZRTOS-L4.2.0.0
2024-03-13 08:14:19,504 [WARN] ConditionMgr:1039 - genDependencies : Invalid condition id : LAN8742 Phy interface Condition cause : null
2024-03-13 08:14:19,505 [WARN] ConditionMgr:1039 - genDependencies : Invalid condition id : LAN8742 Phy interface Condition cause : null
2024-03-13 08:14:19,505 [WARN] ConditionMgr:1039 - genDependencies : Invalid condition id : LAN8742 Phy interface Condition cause : null
2024-03-13 08:14:19,520 [WARN] PackLoader:240 - Cannot read IP mode file for STMicroelectronics.X-CUBE-SFXS2LP1.4.0.0
2024-03-13 08:14:19,547 [WARN] ConditionMgr:438 - getConditionDescription Invalid condition id : UX DEVICE CLASS RTOS Condition cause : null
2024-03-13 08:14:19,547 [WARN] ConditionMgr:438 - getConditionDescription Invalid condition id : UX DEVICE CLASS RTOS Condition cause : null
2024-03-13 08:14:19,549 [WARN] PackLoader:240 - Cannot read IP mode file for STMicroelectronics.X-CUBE-AZRTOS-WB.2.0.0
2024-03-13 08:14:19,549 [WARN] ConditionMgr:1039 - genDependencies : Invalid condition id : UX DEVICE CLASS RTOS Condition cause : null
2024-03-13 08:14:19,549 [WARN] ConditionMgr:1039 - genDependencies : Invalid condition id : UX DEVICE CLASS RTOS Condition cause : null
2024-03-13 08:14:19,550 [WARN] ConditionMgr:1039 - genDependencies : Invalid condition id : UX DEVICE CLASS RTOS Condition cause : null
2024-03-13 08:14:19,550 [WARN] ConditionMgr:1039 - genDependencies : Invalid condition id : UX DEVICE CLASS RTOS Condition cause : null
2024-03-13 08:14:19,550 [WARN] ConditionMgr:1039 - genDependencies : Invalid condition id : UX DEVICE CLASS RTOS Condition cause : null
2024-03-13 08:14:19,573 [WARN] PackLoader:240 - Cannot read IP mode file for STMicroelectronics.X-CUBE-SUBG2.5.0.0
2024-03-13 08:14:19,606 [WARN] PackLoader:240 - Cannot read IP mode file for STMicroelectronics.X-CUBE-AZRTOS-G4.2.0.0
2024-03-13 08:14:19,635 [WARN] PackLoader:240 - Cannot read IP mode file for Infineon.AIROC-Wi-Fi-Bluetooth-STM32.1.5.1
2024-03-13 08:14:19,653 [WARN] PackLoader:240 - Cannot read IP mode file for STMicroelectronics.FP-SNS-MOTENVWB1.1.3.1
2024-03-13 08:14:19,667 [WARN] PackLoader:240 - Cannot read IP mode file for STMicroelectronics.X-CUBE-ISPU.2.0.0
2024-03-13 08:14:19,713 [WARN] PackLoader:240 - Cannot read IP mode file for STMicroelectronics.X-CUBE-MEMS1.10.0.0
2024-03-13 08:14:19,814 [WARN] PackLoader:240 - Cannot read IP mode file for STMicroelectronics.X-CUBE-FREERTOS.1.1.0
2024-03-13 08:14:19,829 [WARN] PackLoader:240 - Cannot read IP mode file for portGmbH.I-Cube-SoM-uGOAL.1.1.0
2024-03-13 08:14:19,843 [WARN] PackLoader:240 - Cannot read IP mode file for STMicroelectronics.X-CUBE-ALS.1.0.1
2024-03-13 08:14:19,856 [WARN] PackLoader:240 - Cannot read IP mode file for STMicroelectronics.FP-ATR-ASTRA1.2.0.0
2024-03-13 08:14:19,876 [WARN] PackLoader:240 - Cannot read IP mode file for STMicroelectronics.X-CUBE-TOF1.3.4.0
2024-03-13 08:14:19,910 [WARN] PackLoader:240 - Cannot read IP mode file for STMicroelectronics.X-CUBE-TOF1.3.4.1
2024-03-13 08:14:19,952 [WARN] PackLoader:240 - Cannot read IP mode file for STMicroelectronics.X-CUBE-AZRTOS-H7.3.2.0
2024-03-13 08:14:19,955 [INFO] ThirdParty:978 - Integrity check success = true
2024-03-13 08:14:19,955 [INFO] IntegrityCheckThread:100 - exiting critical section [integrity check]
2024-03-13 08:14:19,955 [INFO] IntegrityCheckThread:103 - End integrity checks thread
2024-03-13 08:14:20,903 [INFO] WebApp:161 - Instantiating new browser for Auth
2024-03-13 08:14:21,371 [INFO] WebApp:780 - Register for checkConnection events
2024-03-13 08:14:21,371 [INFO] WebApp:414 - Apply proxy settings
2024-03-13 08:14:21,371 [INFO] WebApp:499 - Chromium requires no authentication
2024-03-13 08:14:21,377 [INFO] WebApp:442 - Direct internet connection detected
2024-03-13 08:14:21,497 [INFO] WebApp:192 - Starting web application
2024-03-13 08:14:21,497 [INFO] WebApp:544 - Web application path used C:\ST\STM32CubeIDE_1.14.1\STM32CubeIDE\plugins\com.st.stm32cube.common.mx_6.10.0.202311202037\db\plugins\mcufinder\reactClient1\index.html
2024-03-13 08:14:42,304 [ERROR] LogOutputStream:75 - [STDERR_REDIRECT] SLF4J: Failed to load class "org.slf4j.impl.StaticLoggerBinder".
2024-03-13 08:14:42,304 [ERROR] LogOutputStream:75 - [STDERR_REDIRECT] SLF4J: Defaulting to no-operation (NOP) logger implementation
2024-03-13 08:14:42,305 [ERROR] LogOutputStream:75 - [STDERR_REDIRECT] SLF4J: See http://www.slf4j.org/codes.html#StaticLoggerBinder for further details.
2024-03-13 08:27:16,623 [ERROR] LogOutputStream:75 - [STDERR_REDIRECT] 
2024-03-13 08:27:16,623 [ERROR] LogOutputStream:75 - [STDERR_REDIRECT] 
