2024-04-03 05:07:32,627 [ERROR] LogOutputStream:75 - [STDERR_REDIRECT] 
2024-04-03 19:10:20,065 [INFO] Activator:176 - 


2024-04-03 19:10:20,067 [INFO] Activator:177 - !SESSION log4j initialized
2024-04-03 19:10:28,051 [INFO] LogOutputStream:77 - [STDOUT_REDIRECT] 
2024-04-03 19:10:32,317 [INFO] ApplicationProperties:184 - Using Application install path: C:\ST\STM32CubeIDE_1.14.1\STM32CubeIDE\plugins\com.st.stm32cube.common.mx_6.11.0.202403141607
2024-04-03 19:10:32,348 [INFO] DbMcusXml:78 - Set database path to: C:\ST\STM32CubeIDE_1.14.1\STM32CubeIDE\plugins\com.st.stm32cube.common.mx_6.11.0.202403141607\\db\/mcu/
2024-04-03 19:10:32,349 [INFO] ApiDb:274 - Set plugin database path to: C:\ST\STM32CubeIDE_1.14.1\STM32CubeIDE\plugins\com.st.stm32cube.common.mx_6.11.0.202403141607\\db\/plugins/boardmanager/
2024-04-03 19:10:32,349 [WARN] ApiDb:259 - Overriding images path with different value:  => C:\ST\STM32CubeIDE_1.14.1\STM32CubeIDE\plugins\com.st.stm32cube.common.mx_6.11.0.202403141607\\db\/plugins/mcufinder/images/
2024-04-03 19:10:32,364 [INFO] ApiDb:250 - Set database path to: C:\Users\ASUS\.stmcufinder\plugins\mcufinder//mcu/
2024-04-03 19:10:32,366 [INFO] DbMcusAds:125 - Set database path to: C:\Users\ASUS\.stmcufinder\plugins\mcufinder//mcu/
2024-04-03 19:10:32,369 [INFO] CrossReferenceDbSqlite:203 - Set database path to: C:\Users\ASUS\.stmcufinder\plugins\mcufinder//mcu/cs/
2024-04-03 19:10:32,569 [INFO] RulesReader:64 - Compatibility file has been processed (297 Rules)
2024-04-03 19:10:32,681 [INFO] DbMcusXml:78 - Set database path to: C:\ST\STM32CubeIDE_1.14.1\STM32CubeIDE\plugins\com.st.stm32cube.common.mx_6.11.0.202403141607\\db\/mcu/
2024-04-03 19:10:32,682 [INFO] ApiDb:274 - Set plugin database path to: C:\ST\STM32CubeIDE_1.14.1\STM32CubeIDE\plugins\com.st.stm32cube.common.mx_6.11.0.202403141607\\db\/plugins/boardmanager/
2024-04-03 19:10:32,682 [INFO] ApiDb:261 - Set plugin images path to: C:\ST\STM32CubeIDE_1.14.1\STM32CubeIDE\plugins\com.st.stm32cube.common.mx_6.11.0.202403141607\\db\/plugins/mcufinder/images/
2024-04-03 19:10:32,682 [WARN] DbFile:41 - Overriding database path with different value: C:\Users\ASUS\.stmcufinder\plugins\mcufinder/ => C:\Users\ASUS\.stmcufinder\plugins\mcufinder
2024-04-03 19:10:32,682 [INFO] ApiDb:250 - Set database path to: C:\Users\ASUS\.stmcufinder\plugins\mcufinder//mcu/
2024-04-03 19:10:32,682 [WARN] DbFile:41 - Overriding database path with different value: C:\Users\ASUS\.stmcufinder\plugins\mcufinder/ => C:\Users\ASUS\.stmcufinder\plugins\mcufinder
2024-04-03 19:10:32,682 [INFO] DbMcusAds:125 - Set database path to: C:\Users\ASUS\.stmcufinder\plugins\mcufinder//mcu/
2024-04-03 19:10:32,682 [WARN] DbFile:41 - Overriding database path with different value: C:\Users\ASUS\.stmcufinder\plugins\mcufinder/ => C:\Users\ASUS\.stmcufinder\plugins\mcufinder
2024-04-03 19:10:32,683 [WARN] DbFile:41 - Overriding database path with different value: C:\Users\ASUS\.stmcufinder\plugins\mcufinder/ => C:\Users\ASUS\.stmcufinder\plugins\mcufinder
2024-04-03 19:10:32,683 [INFO] CrossReferenceDbSqlite:203 - Set database path to: C:\Users\ASUS\.stmcufinder\plugins\mcufinder//mcu/cs/
2024-04-03 19:10:32,795 [INFO] MainPanel:264 - HeapMemory: 268435456
2024-04-03 19:10:32,928 [INFO] DbMcusXml:78 - Set database path to: C:\ST\STM32CubeIDE_1.14.1\STM32CubeIDE\plugins\com.st.stm32cube.common.mx_6.11.0.202403141607\\db\/mcu/
2024-04-03 19:10:32,928 [INFO] ApiDb:274 - Set plugin database path to: C:\ST\STM32CubeIDE_1.14.1\STM32CubeIDE\plugins\com.st.stm32cube.common.mx_6.11.0.202403141607\\db\/plugins/boardmanager/
2024-04-03 19:10:32,928 [INFO] ApiDb:261 - Set plugin images path to: C:\ST\STM32CubeIDE_1.14.1\STM32CubeIDE\plugins\com.st.stm32cube.common.mx_6.11.0.202403141607\\db\/plugins/mcufinder/images/
2024-04-03 19:10:32,929 [WARN] DbFile:41 - Overriding database path with different value: C:\Users\ASUS\.stmcufinder\plugins\mcufinder/ => C:\Users\ASUS\.stmcufinder\plugins\mcufinder
2024-04-03 19:10:32,929 [INFO] ApiDb:250 - Set database path to: C:\Users\ASUS\.stmcufinder\plugins\mcufinder//mcu/
2024-04-03 19:10:32,929 [WARN] DbFile:41 - Overriding database path with different value: C:\Users\ASUS\.stmcufinder\plugins\mcufinder/ => C:\Users\ASUS\.stmcufinder\plugins\mcufinder
2024-04-03 19:10:32,929 [INFO] DbMcusAds:125 - Set database path to: C:\Users\ASUS\.stmcufinder\plugins\mcufinder//mcu/
2024-04-03 19:10:32,929 [WARN] DbFile:41 - Overriding database path with different value: C:\Users\ASUS\.stmcufinder\plugins\mcufinder/ => C:\Users\ASUS\.stmcufinder\plugins\mcufinder
2024-04-03 19:10:32,929 [WARN] DbFile:41 - Overriding database path with different value: C:\Users\ASUS\.stmcufinder\plugins\mcufinder/ => C:\Users\ASUS\.stmcufinder\plugins\mcufinder
2024-04-03 19:10:32,929 [INFO] CrossReferenceDbSqlite:203 - Set database path to: C:\Users\ASUS\.stmcufinder\plugins\mcufinder//mcu/cs/
2024-04-03 19:10:32,953 [INFO] ApplicationProperties:184 - Using Application install path: C:\ST\STM32CubeIDE_1.14.1\STM32CubeIDE\plugins\com.st.stm32cube.common.mx_6.11.0.202403141607
2024-04-03 19:10:32,955 [INFO] PluginManage:196 - Search for loadable plugins [exclusion list=, ]
2024-04-03 19:10:32,956 [INFO] PluginManage:310 - Check plugin analytics
2024-04-03 19:10:33,214 [INFO] AnalyticsPlugin:253 - Accepted Software Licenses: 
2024-04-03 19:10:33,214 [INFO] AnalyticsPlugin:255 - Accepted CMSIS Pack Licenses: 
2024-04-03 19:10:33,214 [INFO] AnalyticsPlugin:257 - Accepted Firmware Licenses: FW.F4.1.28.0
2024-04-03 19:10:33,217 [INFO] PluginManage:359 - Loaded plugin analytics (category:tool,tabindex:-1)
2024-04-03 19:10:33,218 [INFO] PluginManage:310 - Check plugin cadmodel
2024-04-03 19:10:33,237 [INFO] CADModel:105 - Init CAD model plugin
2024-04-03 19:10:33,237 [INFO] PluginManage:359 - Loaded plugin cadmodel (category:power,tabindex:5)
2024-04-03 19:10:33,238 [INFO] PluginManage:310 - Check plugin clock
2024-04-03 19:10:33,268 [INFO] PluginManage:359 - Loaded plugin clock (category:base,tabindex:2)
2024-04-03 19:10:33,269 [INFO] PluginManage:310 - Check plugin ddr
2024-04-03 19:10:33,272 [INFO] PluginManage:359 - Loaded plugin ddr (category:tool,tabindex:6)
2024-04-03 19:10:33,272 [INFO] PluginManage:310 - Check plugin filemanager
2024-04-03 19:10:33,481 [INFO] PluginManage:359 - Loaded plugin filemanager (category:base,tabindex:10)
2024-04-03 19:10:33,481 [INFO] PluginManage:310 - Check plugin ipmanager
2024-04-03 19:10:33,492 [INFO] PluginManage:359 - Loaded plugin ipmanager (category:base,tabindex:5)
2024-04-03 19:10:33,492 [INFO] PluginManage:310 - Check plugin lpbam
2024-04-03 19:10:33,517 [INFO] PluginManage:359 - Loaded plugin lpbam (category:base,tabindex:0)
2024-04-03 19:10:33,517 [INFO] PluginManage:310 - Check plugin memorymap
2024-04-03 19:10:33,558 [INFO] PluginManage:359 - Loaded plugin memorymap (category:base,tabindex:4)
2024-04-03 19:10:33,558 [INFO] PluginManage:310 - Check plugin pinoutandconfiguration
2024-04-03 19:10:33,577 [INFO] PluginManage:359 - Loaded plugin pinoutandconfiguration (category:base,tabindex:1)
2024-04-03 19:10:33,578 [INFO] PluginManage:310 - Check plugin pinoutconfig
2024-04-03 19:10:33,704 [WARN] SupportedApi:132 - Cannot load RTOS API schema: s4s-elt-must-match.1: The content of 'definitions' must match (annotation?, (simpleType | complexType)?, (unique | key | keyref)*)). A problem was found starting at: attribute.
2024-04-03 19:10:33,860 [INFO] PluginManage:359 - Loaded plugin pinoutconfig (category:base,tabindex:0)
2024-04-03 19:10:33,860 [INFO] PluginManage:310 - Check plugin power
2024-04-03 19:10:33,882 [INFO] PluginManage:359 - Loaded plugin power (category:power,tabindex:4)
2024-04-03 19:10:33,882 [INFO] PluginManage:310 - Check plugin projectmanager
2024-04-03 19:10:33,897 [INFO] PluginManage:359 - Loaded plugin projectmanager (category:projectmanager,tabindex:3)
2024-04-03 19:10:33,897 [INFO] PluginManage:310 - Check plugin thirdparty
2024-04-03 19:10:34,220 [INFO] PluginManage:359 - Loaded plugin thirdparty (category:base,tabindex:-1)
2024-04-03 19:10:34,220 [INFO] PluginManage:310 - Check plugin tools
2024-04-03 19:10:34,220 [WARN] IntegrityCheckThread:84 - waiting for thirdparty lock release [integrity check]
2024-04-03 19:10:34,220 [INFO] IntegrityCheckThread:86 - entering critical section [integrity check]
2024-04-03 19:10:34,221 [INFO] ThirdPartyUpdaterWithRetryManager:70 - Updater plugin not ready yet. [1/15]
2024-04-03 19:10:34,260 [INFO] PluginManage:359 - Loaded plugin tools (category:base,tabindex:7)
2024-04-03 19:10:34,261 [INFO] PluginManage:310 - Check plugin tutovideos
2024-04-03 19:10:34,500 [INFO] PluginManage:359 - Loaded plugin tutovideos (category:base,tabindex:-1)
2024-04-03 19:10:34,500 [INFO] PluginManage:310 - Check plugin updater
2024-04-03 19:10:34,510 [INFO] PluginManage:359 - Loaded plugin updater (category:base,tabindex:12)
2024-04-03 19:10:34,510 [INFO] PluginManage:310 - Check plugin userauth
2024-04-03 19:10:34,516 [INFO] UserAuth:114 - Init User Auth plugin
2024-04-03 19:10:34,516 [INFO] PluginManage:359 - Loaded plugin userauth (category:base,tabindex:14)
2024-04-03 19:10:34,516 [INFO] PluginManage:283 - PluginManage : Loaded plugins [17]
2024-04-03 19:10:35,095 [INFO] PinOutPanel:1561 - setPackage(No Configuration,No Configuration)
2024-04-03 19:10:35,191 [INFO] CADModel:165 - CPN selected for project level
2024-04-03 19:10:35,191 [INFO] CADModel:114 - Register for checkConnection events
2024-04-03 19:10:35,216 [INFO] IPUIPlugin:80 - create IPUIPlugin
2024-04-03 19:10:35,216 [INFO] PluginManager:220 - loadIPPluginJar : add adc
2024-04-03 19:10:35,247 [INFO] IPUIPlugin:80 - create IPUIPlugin
2024-04-03 19:10:35,247 [INFO] PluginManager:220 - loadIPPluginJar : add aes
2024-04-03 19:10:35,292 [INFO] IPUIPlugin:80 - create IPUIPlugin
2024-04-03 19:10:35,292 [INFO] PluginManager:220 - loadIPPluginJar : add can
2024-04-03 19:10:35,317 [INFO] IPUIPlugin:80 - create IPUIPlugin
2024-04-03 19:10:35,318 [INFO] PluginManager:220 - loadIPPluginJar : add comp
2024-04-03 19:10:35,356 [INFO] IPUIPlugin:80 - create IPUIPlugin
2024-04-03 19:10:35,357 [INFO] PluginManager:220 - loadIPPluginJar : add cryp
2024-04-03 19:10:35,393 [INFO] IPUIPlugin:80 - create IPUIPlugin
2024-04-03 19:10:35,393 [INFO] PluginManager:220 - loadIPPluginJar : add dfsdm
2024-04-03 19:10:35,405 [INFO] IPUIPlugin:80 - create IPUIPlugin
2024-04-03 19:10:35,406 [INFO] PluginManager:220 - loadIPPluginJar : add dma
2024-04-03 19:10:35,446 [INFO] IPUIPlugin:80 - create IPUIPlugin
2024-04-03 19:10:35,446 [INFO] PluginManager:220 - loadIPPluginJar : add dma3
2024-04-03 19:10:35,491 [INFO] IPUIPlugin:80 - create IPUIPlugin
2024-04-03 19:10:35,491 [INFO] PluginManager:220 - loadIPPluginJar : add extmemmanager
2024-04-03 19:10:35,508 [INFO] IPUIPlugin:80 - create IPUIPlugin
2024-04-03 19:10:35,508 [INFO] PluginManager:220 - loadIPPluginJar : add fatfs
2024-04-03 19:10:35,549 [INFO] IPUIPlugin:80 - create IPUIPlugin
2024-04-03 19:10:35,549 [INFO] PluginManager:220 - loadIPPluginJar : add fmc
2024-04-03 19:10:35,568 [INFO] IPUIPlugin:80 - create IPUIPlugin
2024-04-03 19:10:35,568 [INFO] PluginManager:220 - loadIPPluginJar : add freertos
2024-04-03 19:10:35,588 [INFO] IPUIPlugin:80 - create IPUIPlugin
2024-04-03 19:10:35,588 [INFO] PluginManager:220 - loadIPPluginJar : add genericplugin
2024-04-03 19:10:35,668 [INFO] IPUIPlugin:80 - create IPUIPlugin
2024-04-03 19:10:35,669 [INFO] PluginManager:220 - loadIPPluginJar : add gfxmmu
2024-04-03 19:10:35,783 [INFO] IPUIPlugin:80 - create IPUIPlugin
2024-04-03 19:10:35,783 [INFO] PluginManager:220 - loadIPPluginJar : add gic
2024-04-03 19:10:35,799 [INFO] IPUIPlugin:80 - create IPUIPlugin
2024-04-03 19:10:35,800 [INFO] PluginManager:220 - loadIPPluginJar : add gpio
2024-04-03 19:10:35,877 [INFO] IPUIPlugin:80 - create IPUIPlugin
2024-04-03 19:10:35,877 [INFO] PluginManager:220 - loadIPPluginJar : add gtzc
2024-04-03 19:10:35,945 [INFO] IPUIPlugin:80 - create IPUIPlugin
2024-04-03 19:10:35,945 [INFO] PluginManager:220 - loadIPPluginJar : add hash
2024-04-03 19:10:35,987 [INFO] IPUIPlugin:80 - create IPUIPlugin
2024-04-03 19:10:35,988 [INFO] PluginManager:220 - loadIPPluginJar : add i2c
2024-04-03 19:10:36,030 [INFO] IPUIPlugin:80 - create IPUIPlugin
2024-04-03 19:10:36,030 [INFO] PluginManager:220 - loadIPPluginJar : add i2s
2024-04-03 19:10:36,078 [INFO] IPUIPlugin:80 - create IPUIPlugin
2024-04-03 19:10:36,079 [INFO] PluginManager:220 - loadIPPluginJar : add i3c
2024-04-03 19:10:36,207 [INFO] IPUIPlugin:80 - create IPUIPlugin
2024-04-03 19:10:36,207 [INFO] PluginManager:220 - loadIPPluginJar : add ipddr
2024-04-03 19:10:36,300 [INFO] IPUIPlugin:80 - create IPUIPlugin
2024-04-03 19:10:36,300 [INFO] PluginManager:220 - loadIPPluginJar : add linkedlist
2024-04-03 19:10:36,345 [INFO] IPUIPlugin:80 - create IPUIPlugin
2024-04-03 19:10:36,346 [INFO] PluginManager:220 - loadIPPluginJar : add lorawan
2024-04-03 19:10:36,389 [INFO] IPUIPlugin:80 - create IPUIPlugin
2024-04-03 19:10:36,389 [INFO] PluginManager:220 - loadIPPluginJar : add ltdc
2024-04-03 19:10:36,407 [INFO] IPUIPlugin:80 - create IPUIPlugin
2024-04-03 19:10:36,408 [INFO] PluginManager:220 - loadIPPluginJar : add mdma
2024-04-03 19:10:36,422 [INFO] IPUIPlugin:80 - create IPUIPlugin
2024-04-03 19:10:36,422 [INFO] PluginManager:220 - loadIPPluginJar : add nvic
2024-04-03 19:10:36,457 [INFO] IPUIPlugin:80 - create IPUIPlugin
2024-04-03 19:10:36,457 [INFO] PluginManager:220 - loadIPPluginJar : add opamp
2024-04-03 19:10:36,509 [INFO] IPUIPlugin:80 - create IPUIPlugin
2024-04-03 19:10:36,509 [INFO] PluginManager:220 - loadIPPluginJar : add openamp
2024-04-03 19:10:36,539 [INFO] IPUIPlugin:80 - create IPUIPlugin
2024-04-03 19:10:36,539 [INFO] PluginManager:220 - loadIPPluginJar : add pdm2pcm
2024-04-03 19:10:36,550 [INFO] IPUIPlugin:80 - create IPUIPlugin
2024-04-03 19:10:36,552 [INFO] PluginManager:220 - loadIPPluginJar : add plateformsettings
2024-04-03 19:10:36,570 [INFO] IPUIPlugin:80 - create IPUIPlugin
2024-04-03 19:10:36,570 [INFO] PluginManager:220 - loadIPPluginJar : add quadspi
2024-04-03 19:10:36,580 [INFO] IPUIPlugin:80 - create IPUIPlugin
2024-04-03 19:10:36,580 [INFO] PluginManager:220 - loadIPPluginJar : add resmgrutility
2024-04-03 19:10:36,617 [INFO] IPUIPlugin:80 - create IPUIPlugin
2024-04-03 19:10:36,618 [INFO] PluginManager:220 - loadIPPluginJar : add sai
2024-04-03 19:10:36,643 [INFO] IPUIPlugin:80 - create IPUIPlugin
2024-04-03 19:10:36,644 [INFO] PluginManager:220 - loadIPPluginJar : add spi
2024-04-03 19:10:36,727 [INFO] IPUIPlugin:80 - create IPUIPlugin
2024-04-03 19:10:36,727 [INFO] PluginManager:220 - loadIPPluginJar : add stm32_wpan
2024-04-03 19:10:36,752 [INFO] IPUIPlugin:80 - create IPUIPlugin
2024-04-03 19:10:36,752 [INFO] PluginManager:220 - loadIPPluginJar : add tim
2024-04-03 19:10:36,819 [INFO] IPUIPlugin:80 - create IPUIPlugin
2024-04-03 19:10:36,820 [INFO] PluginManager:220 - loadIPPluginJar : add touchsensing
2024-04-03 19:10:36,849 [INFO] IPUIPlugin:80 - create IPUIPlugin
2024-04-03 19:10:36,849 [INFO] PluginManager:220 - loadIPPluginJar : add tracer_emb
2024-04-03 19:10:36,877 [INFO] IPUIPlugin:80 - create IPUIPlugin
2024-04-03 19:10:36,877 [INFO] PluginManager:220 - loadIPPluginJar : add ts
2024-04-03 19:10:36,906 [INFO] IPUIPlugin:80 - create IPUIPlugin
2024-04-03 19:10:36,906 [INFO] PluginManager:220 - loadIPPluginJar : add tsc
2024-04-03 19:10:36,930 [INFO] IPUIPlugin:80 - create IPUIPlugin
2024-04-03 19:10:36,930 [INFO] PluginManager:220 - loadIPPluginJar : add ucpd
2024-04-03 19:10:36,973 [INFO] IPUIPlugin:80 - create IPUIPlugin
2024-04-03 19:10:36,973 [INFO] PluginManager:220 - loadIPPluginJar : add usart
2024-04-03 19:10:37,022 [INFO] IPUIPlugin:80 - create IPUIPlugin
2024-04-03 19:10:37,022 [INFO] PluginManager:220 - loadIPPluginJar : add usbx
2024-04-03 19:10:37,171 [INFO] CADModel:165 - CPN selected for project level
2024-04-03 19:10:37,171 [INFO] CADModel:114 - Register for checkConnection events
2024-04-03 19:10:37,171 [FATAL] Updater:308 - Updater called before beeing initialized
2024-04-03 19:10:37,171 [ERROR] CADModel:125 - Updater not yet initialized, retry later 
2024-04-03 19:10:37,224 [INFO] ThirdPartyUpdaterWithRetryManager:70 - Updater plugin not ready yet. [2/15]
2024-04-03 19:10:37,364 [INFO] CADModel:165 - CPN selected for project level
2024-04-03 19:10:37,364 [INFO] CADModel:114 - Register for checkConnection events
2024-04-03 19:10:37,364 [FATAL] Updater:308 - Updater called before beeing initialized
2024-04-03 19:10:37,364 [ERROR] CADModel:125 - Updater not yet initialized, retry later 
2024-04-03 19:10:37,368 [FATAL] Updater:308 - Updater called before beeing initialized
2024-04-03 19:10:37,512 [FATAL] Updater:308 - Updater called before beeing initialized
2024-04-03 19:10:37,522 [INFO] DbMcusAds:53 - JSON generation date=Wed Nov 29 05:52:27 COT 2023 (1701255147349)
2024-04-03 19:10:37,523 [FATAL] Updater:308 - Updater called before beeing initialized
2024-04-03 19:10:37,589 [WARN] DetailPanel:346 - Failed to get advertising image, set to default
2024-04-03 19:10:37,680 [FATAL] Updater:308 - Updater called before beeing initialized
2024-04-03 19:10:37,685 [FATAL] Updater:308 - Updater called before beeing initialized
2024-04-03 19:10:37,685 [FATAL] Updater:308 - Updater called before beeing initialized
2024-04-03 19:10:37,685 [WARN] DetailPanel:346 - Failed to get advertising image, set to default
2024-04-03 19:10:37,686 [FATAL] Updater:308 - Updater called before beeing initialized
2024-04-03 19:10:37,786 [ERROR] Updater:1120 - MainUpdater not yet initialized. External WinMGr cannot be set.
2024-04-03 19:10:37,807 [INFO] Updater:1056 - Updater Version found : 6.11.0
2024-04-03 19:10:37,824 [INFO] ApplicationProperties:184 - Using Application install path: C:\ST\STM32CubeIDE_1.14.1\STM32CubeIDE\plugins\com.st.stm32cube.common.mx_6.11.0.202403141607
2024-04-03 19:10:39,402 [ERROR] LogOutputStream:75 - [STDERR_REDIRECT] Apr 03, 2024 7:10:39 PM java.util.prefs.WindowsPreferences <init>
2024-04-03 19:10:39,403 [ERROR] LogOutputStream:75 - [STDERR_REDIRECT] WARNING: Could not open/create prefs root node Software\JavaSoft\Prefs at root 0xffffffff80000002. Windows RegCreateKeyEx(...) returned error code 5.
2024-04-03 19:10:39,403 [ERROR] LogOutputStream:75 - [STDERR_REDIRECT] 
2024-04-03 19:10:40,226 [FATAL] Updater:308 - Updater called before beeing initialized
2024-04-03 19:10:40,226 [ERROR] IntegrityCheckThread:130 - Cannot retrieve database content from updater: error 21
2024-04-03 19:10:40,226 [INFO] ThirdParty:978 - Integrity check success = false
2024-04-03 19:10:40,226 [INFO] IntegrityCheckThread:100 - exiting critical section [integrity check]
2024-04-03 19:10:40,227 [INFO] IntegrityCheckThread:103 - End integrity checks thread
2024-04-03 19:10:40,670 [INFO] MainUpdater:2873 - connection check result : 10
2024-04-03 19:10:40,671 [INFO] MainUpdater:290 - Updater Check For Update Now.
2024-04-03 19:10:40,672 [INFO] MicroXplorer:498 - Change Database Version : DB.6.0.110
2024-04-03 19:10:40,699 [INFO] McuFinderGlobals:63 - Set McuFinder mode to 2 (CubeIDE integrated)
2024-04-03 19:10:40,718 [INFO] UserAuth:415 - Internet connection configuration mode: 1
2024-04-03 19:10:40,762 [INFO] JxBrowserEngine:152 - Initiate JxBrowser Engine with user profile folder
2024-04-03 19:10:40,908 [INFO] CheckServerUpdateThread:120 - End of CheckServer Thread
2024-04-03 19:10:45,079 [INFO] WebApp:161 - Instantiating new browser for Auth
2024-04-03 19:10:45,611 [INFO] WebApp:779 - Register for checkConnection events
2024-04-03 19:10:45,612 [INFO] WebApp:414 - Apply proxy settings
2024-04-03 19:10:45,612 [INFO] WebApp:499 - Chromium requires no authentication
2024-04-03 19:10:45,619 [INFO] WebApp:442 - Direct internet connection detected
2024-04-03 19:10:45,777 [INFO] WebApp:192 - Starting web application
2024-04-03 19:10:45,777 [INFO] WebApp:544 - Web application path used C:\ST\STM32CubeIDE_1.14.1\STM32CubeIDE\plugins\com.st.stm32cube.common.mx_6.11.0.202403141607\db\plugins\mcufinder\reactClient1\index.html
