2024-04-23 04:16:44,738 [INFO] Activator:176 - 


2024-04-23 04:16:44,745 [INFO] Activator:177 - !SESSION log4j initialized
2024-04-23 04:16:48,529 [INFO] LogOutputStream:77 - [STDOUT_REDIRECT] 
2024-04-23 04:16:49,765 [INFO] ApplicationProperties:184 - Using Application install path: C:\ST\STM32CubeIDE_1.14.1\STM32CubeIDE\plugins\com.st.stm32cube.common.mx_6.11.0.202403141607
2024-04-23 04:16:49,780 [INFO] DbMcusXml:78 - Set database path to: C:\ST\STM32CubeIDE_1.14.1\STM32CubeIDE\plugins\com.st.stm32cube.common.mx_6.11.0.202403141607\\db\/mcu/
2024-04-23 04:16:49,780 [INFO] ApiDb:274 - Set plugin database path to: C:\ST\STM32CubeIDE_1.14.1\STM32CubeIDE\plugins\com.st.stm32cube.common.mx_6.11.0.202403141607\\db\/plugins/boardmanager/
2024-04-23 04:16:49,780 [WARN] ApiDb:259 - Overriding images path with different value:  => C:\ST\STM32CubeIDE_1.14.1\STM32CubeIDE\plugins\com.st.stm32cube.common.mx_6.11.0.202403141607\\db\/plugins/mcufinder/images/
2024-04-23 04:16:49,786 [INFO] ApiDb:250 - Set database path to: C:\Users\ASUS\.stmcufinder\plugins\mcufinder//mcu/
2024-04-23 04:16:49,786 [INFO] DbMcusAds:125 - Set database path to: C:\Users\ASUS\.stmcufinder\plugins\mcufinder//mcu/
2024-04-23 04:16:49,789 [INFO] CrossReferenceDbSqlite:203 - Set database path to: C:\Users\ASUS\.stmcufinder\plugins\mcufinder//mcu/cs/
2024-04-23 04:16:49,868 [INFO] RulesReader:64 - Compatibility file has been processed (297 Rules)
2024-04-23 04:16:49,932 [INFO] DbMcusXml:78 - Set database path to: C:\ST\STM32CubeIDE_1.14.1\STM32CubeIDE\plugins\com.st.stm32cube.common.mx_6.11.0.202403141607\\db\/mcu/
2024-04-23 04:16:49,933 [INFO] ApiDb:274 - Set plugin database path to: C:\ST\STM32CubeIDE_1.14.1\STM32CubeIDE\plugins\com.st.stm32cube.common.mx_6.11.0.202403141607\\db\/plugins/boardmanager/
2024-04-23 04:16:49,933 [INFO] ApiDb:261 - Set plugin images path to: C:\ST\STM32CubeIDE_1.14.1\STM32CubeIDE\plugins\com.st.stm32cube.common.mx_6.11.0.202403141607\\db\/plugins/mcufinder/images/
2024-04-23 04:16:49,933 [WARN] DbFile:41 - Overriding database path with different value: C:\Users\ASUS\.stmcufinder\plugins\mcufinder/ => C:\Users\ASUS\.stmcufinder\plugins\mcufinder
2024-04-23 04:16:49,933 [INFO] ApiDb:250 - Set database path to: C:\Users\ASUS\.stmcufinder\plugins\mcufinder//mcu/
2024-04-23 04:16:49,933 [WARN] DbFile:41 - Overriding database path with different value: C:\Users\ASUS\.stmcufinder\plugins\mcufinder/ => C:\Users\ASUS\.stmcufinder\plugins\mcufinder
2024-04-23 04:16:49,933 [INFO] DbMcusAds:125 - Set database path to: C:\Users\ASUS\.stmcufinder\plugins\mcufinder//mcu/
2024-04-23 04:16:49,933 [WARN] DbFile:41 - Overriding database path with different value: C:\Users\ASUS\.stmcufinder\plugins\mcufinder/ => C:\Users\ASUS\.stmcufinder\plugins\mcufinder
2024-04-23 04:16:49,933 [WARN] DbFile:41 - Overriding database path with different value: C:\Users\ASUS\.stmcufinder\plugins\mcufinder/ => C:\Users\ASUS\.stmcufinder\plugins\mcufinder
2024-04-23 04:16:49,933 [INFO] CrossReferenceDbSqlite:203 - Set database path to: C:\Users\ASUS\.stmcufinder\plugins\mcufinder//mcu/cs/
2024-04-23 04:16:50,012 [INFO] MainPanel:264 - HeapMemory: 268435456
2024-04-23 04:16:50,093 [INFO] DbMcusXml:78 - Set database path to: C:\ST\STM32CubeIDE_1.14.1\STM32CubeIDE\plugins\com.st.stm32cube.common.mx_6.11.0.202403141607\\db\/mcu/
2024-04-23 04:16:50,093 [INFO] ApiDb:274 - Set plugin database path to: C:\ST\STM32CubeIDE_1.14.1\STM32CubeIDE\plugins\com.st.stm32cube.common.mx_6.11.0.202403141607\\db\/plugins/boardmanager/
2024-04-23 04:16:50,093 [INFO] ApiDb:261 - Set plugin images path to: C:\ST\STM32CubeIDE_1.14.1\STM32CubeIDE\plugins\com.st.stm32cube.common.mx_6.11.0.202403141607\\db\/plugins/mcufinder/images/
2024-04-23 04:16:50,093 [WARN] DbFile:41 - Overriding database path with different value: C:\Users\ASUS\.stmcufinder\plugins\mcufinder/ => C:\Users\ASUS\.stmcufinder\plugins\mcufinder
2024-04-23 04:16:50,094 [INFO] ApiDb:250 - Set database path to: C:\Users\ASUS\.stmcufinder\plugins\mcufinder//mcu/
2024-04-23 04:16:50,094 [WARN] DbFile:41 - Overriding database path with different value: C:\Users\ASUS\.stmcufinder\plugins\mcufinder/ => C:\Users\ASUS\.stmcufinder\plugins\mcufinder
2024-04-23 04:16:50,094 [INFO] DbMcusAds:125 - Set database path to: C:\Users\ASUS\.stmcufinder\plugins\mcufinder//mcu/
2024-04-23 04:16:50,094 [WARN] DbFile:41 - Overriding database path with different value: C:\Users\ASUS\.stmcufinder\plugins\mcufinder/ => C:\Users\ASUS\.stmcufinder\plugins\mcufinder
2024-04-23 04:16:50,094 [WARN] DbFile:41 - Overriding database path with different value: C:\Users\ASUS\.stmcufinder\plugins\mcufinder/ => C:\Users\ASUS\.stmcufinder\plugins\mcufinder
2024-04-23 04:16:50,094 [INFO] CrossReferenceDbSqlite:203 - Set database path to: C:\Users\ASUS\.stmcufinder\plugins\mcufinder//mcu/cs/
2024-04-23 04:16:50,111 [INFO] ApplicationProperties:184 - Using Application install path: C:\ST\STM32CubeIDE_1.14.1\STM32CubeIDE\plugins\com.st.stm32cube.common.mx_6.11.0.202403141607
2024-04-23 04:16:50,112 [INFO] PluginManage:196 - Search for loadable plugins [exclusion list=, ]
2024-04-23 04:16:50,114 [INFO] PluginManage:310 - Check plugin analytics
2024-04-23 04:16:50,319 [INFO] AnalyticsPlugin:253 - Accepted Software Licenses: 
2024-04-23 04:16:50,319 [INFO] AnalyticsPlugin:255 - Accepted CMSIS Pack Licenses: 
2024-04-23 04:16:50,319 [INFO] AnalyticsPlugin:257 - Accepted Firmware Licenses: FW.F4.1.28.0
2024-04-23 04:16:50,321 [INFO] PluginManage:359 - Loaded plugin analytics (category:tool,tabindex:-1)
2024-04-23 04:16:50,321 [INFO] PluginManage:310 - Check plugin cadmodel
2024-04-23 04:16:50,327 [INFO] CADModel:105 - Init CAD model plugin
2024-04-23 04:16:50,327 [INFO] PluginManage:359 - Loaded plugin cadmodel (category:power,tabindex:5)
2024-04-23 04:16:50,328 [INFO] PluginManage:310 - Check plugin clock
2024-04-23 04:16:50,337 [INFO] PluginManage:359 - Loaded plugin clock (category:base,tabindex:2)
2024-04-23 04:16:50,337 [INFO] PluginManage:310 - Check plugin ddr
2024-04-23 04:16:50,339 [INFO] PluginManage:359 - Loaded plugin ddr (category:tool,tabindex:6)
2024-04-23 04:16:50,339 [INFO] PluginManage:310 - Check plugin filemanager
2024-04-23 04:16:50,449 [INFO] PluginManage:359 - Loaded plugin filemanager (category:base,tabindex:10)
2024-04-23 04:16:50,449 [INFO] PluginManage:310 - Check plugin ipmanager
2024-04-23 04:16:50,455 [INFO] PluginManage:359 - Loaded plugin ipmanager (category:base,tabindex:5)
2024-04-23 04:16:50,455 [INFO] PluginManage:310 - Check plugin lpbam
2024-04-23 04:16:50,462 [INFO] PluginManage:359 - Loaded plugin lpbam (category:base,tabindex:0)
2024-04-23 04:16:50,462 [INFO] PluginManage:310 - Check plugin memorymap
2024-04-23 04:16:50,472 [INFO] PluginManage:359 - Loaded plugin memorymap (category:base,tabindex:4)
2024-04-23 04:16:50,472 [INFO] PluginManage:310 - Check plugin pinoutandconfiguration
2024-04-23 04:16:50,481 [INFO] PluginManage:359 - Loaded plugin pinoutandconfiguration (category:base,tabindex:1)
2024-04-23 04:16:50,482 [INFO] PluginManage:310 - Check plugin pinoutconfig
2024-04-23 04:16:50,559 [WARN] SupportedApi:132 - Cannot load RTOS API schema: s4s-elt-must-match.1: The content of 'definitions' must match (annotation?, (simpleType | complexType)?, (unique | key | keyref)*)). A problem was found starting at: attribute.
2024-04-23 04:16:50,666 [INFO] PluginManage:359 - Loaded plugin pinoutconfig (category:base,tabindex:0)
2024-04-23 04:16:50,667 [INFO] PluginManage:310 - Check plugin power
2024-04-23 04:16:50,675 [INFO] PluginManage:359 - Loaded plugin power (category:power,tabindex:4)
2024-04-23 04:16:50,675 [INFO] PluginManage:310 - Check plugin projectmanager
2024-04-23 04:16:50,688 [INFO] PluginManage:359 - Loaded plugin projectmanager (category:projectmanager,tabindex:3)
2024-04-23 04:16:50,689 [INFO] PluginManage:310 - Check plugin thirdparty
2024-04-23 04:16:50,792 [INFO] PluginManage:359 - Loaded plugin thirdparty (category:base,tabindex:-1)
2024-04-23 04:16:50,792 [INFO] PluginManage:310 - Check plugin tools
2024-04-23 04:16:50,792 [WARN] IntegrityCheckThread:84 - waiting for thirdparty lock release [integrity check]
2024-04-23 04:16:50,792 [INFO] IntegrityCheckThread:86 - entering critical section [integrity check]
2024-04-23 04:16:50,792 [INFO] ThirdPartyUpdaterWithRetryManager:70 - Updater plugin not ready yet. [1/15]
2024-04-23 04:16:50,794 [INFO] PluginManage:359 - Loaded plugin tools (category:base,tabindex:7)
2024-04-23 04:16:50,794 [INFO] PluginManage:310 - Check plugin tutovideos
2024-04-23 04:16:50,937 [INFO] PluginManage:359 - Loaded plugin tutovideos (category:base,tabindex:-1)
2024-04-23 04:16:50,937 [INFO] PluginManage:310 - Check plugin updater
2024-04-23 04:16:50,947 [INFO] PluginManage:359 - Loaded plugin updater (category:base,tabindex:12)
2024-04-23 04:16:50,947 [INFO] PluginManage:310 - Check plugin userauth
2024-04-23 04:16:50,952 [INFO] UserAuth:114 - Init User Auth plugin
2024-04-23 04:16:50,953 [INFO] PluginManage:359 - Loaded plugin userauth (category:base,tabindex:14)
2024-04-23 04:16:50,953 [INFO] PluginManage:283 - PluginManage : Loaded plugins [17]
2024-04-23 04:16:51,138 [INFO] PinOutPanel:1561 - setPackage(No Configuration,No Configuration)
2024-04-23 04:16:51,210 [INFO] CADModel:165 - CPN selected for project level
2024-04-23 04:16:51,210 [INFO] CADModel:114 - Register for checkConnection events
2024-04-23 04:16:51,224 [INFO] IPUIPlugin:80 - create IPUIPlugin
2024-04-23 04:16:51,225 [INFO] PluginManager:220 - loadIPPluginJar : add adc
2024-04-23 04:16:51,227 [INFO] IPUIPlugin:80 - create IPUIPlugin
2024-04-23 04:16:51,227 [INFO] PluginManager:220 - loadIPPluginJar : add aes
2024-04-23 04:16:51,229 [INFO] IPUIPlugin:80 - create IPUIPlugin
2024-04-23 04:16:51,229 [INFO] PluginManager:220 - loadIPPluginJar : add can
2024-04-23 04:16:51,231 [INFO] IPUIPlugin:80 - create IPUIPlugin
2024-04-23 04:16:51,231 [INFO] PluginManager:220 - loadIPPluginJar : add comp
2024-04-23 04:16:51,233 [INFO] IPUIPlugin:80 - create IPUIPlugin
2024-04-23 04:16:51,233 [INFO] PluginManager:220 - loadIPPluginJar : add cryp
2024-04-23 04:16:51,235 [INFO] IPUIPlugin:80 - create IPUIPlugin
2024-04-23 04:16:51,235 [INFO] PluginManager:220 - loadIPPluginJar : add dfsdm
2024-04-23 04:16:51,239 [INFO] IPUIPlugin:80 - create IPUIPlugin
2024-04-23 04:16:51,240 [INFO] PluginManager:220 - loadIPPluginJar : add dma
2024-04-23 04:16:51,241 [INFO] IPUIPlugin:80 - create IPUIPlugin
2024-04-23 04:16:51,242 [INFO] PluginManager:220 - loadIPPluginJar : add dma3
2024-04-23 04:16:51,244 [INFO] IPUIPlugin:80 - create IPUIPlugin
2024-04-23 04:16:51,244 [INFO] PluginManager:220 - loadIPPluginJar : add extmemmanager
2024-04-23 04:16:51,246 [INFO] IPUIPlugin:80 - create IPUIPlugin
2024-04-23 04:16:51,246 [INFO] PluginManager:220 - loadIPPluginJar : add fatfs
2024-04-23 04:16:51,249 [INFO] IPUIPlugin:80 - create IPUIPlugin
2024-04-23 04:16:51,249 [INFO] PluginManager:220 - loadIPPluginJar : add fmc
2024-04-23 04:16:51,254 [INFO] IPUIPlugin:80 - create IPUIPlugin
2024-04-23 04:16:51,255 [INFO] PluginManager:220 - loadIPPluginJar : add freertos
2024-04-23 04:16:51,256 [INFO] IPUIPlugin:80 - create IPUIPlugin
2024-04-23 04:16:51,256 [INFO] PluginManager:220 - loadIPPluginJar : add genericplugin
2024-04-23 04:16:51,258 [INFO] IPUIPlugin:80 - create IPUIPlugin
2024-04-23 04:16:51,258 [INFO] PluginManager:220 - loadIPPluginJar : add gfxmmu
2024-04-23 04:16:51,262 [INFO] IPUIPlugin:80 - create IPUIPlugin
2024-04-23 04:16:51,262 [INFO] PluginManager:220 - loadIPPluginJar : add gic
2024-04-23 04:16:51,265 [INFO] IPUIPlugin:80 - create IPUIPlugin
2024-04-23 04:16:51,266 [INFO] PluginManager:220 - loadIPPluginJar : add gpio
2024-04-23 04:16:51,268 [INFO] IPUIPlugin:80 - create IPUIPlugin
2024-04-23 04:16:51,268 [INFO] PluginManager:220 - loadIPPluginJar : add gtzc
2024-04-23 04:16:51,271 [INFO] IPUIPlugin:80 - create IPUIPlugin
2024-04-23 04:16:51,271 [INFO] PluginManager:220 - loadIPPluginJar : add hash
2024-04-23 04:16:51,273 [INFO] IPUIPlugin:80 - create IPUIPlugin
2024-04-23 04:16:51,274 [INFO] PluginManager:220 - loadIPPluginJar : add i2c
2024-04-23 04:16:51,275 [INFO] IPUIPlugin:80 - create IPUIPlugin
2024-04-23 04:16:51,275 [INFO] PluginManager:220 - loadIPPluginJar : add i2s
2024-04-23 04:16:51,277 [INFO] IPUIPlugin:80 - create IPUIPlugin
2024-04-23 04:16:51,277 [INFO] PluginManager:220 - loadIPPluginJar : add i3c
2024-04-23 04:16:51,280 [INFO] IPUIPlugin:80 - create IPUIPlugin
2024-04-23 04:16:51,280 [INFO] PluginManager:220 - loadIPPluginJar : add ipddr
2024-04-23 04:16:51,286 [INFO] IPUIPlugin:80 - create IPUIPlugin
2024-04-23 04:16:51,286 [INFO] PluginManager:220 - loadIPPluginJar : add linkedlist
2024-04-23 04:16:51,289 [INFO] IPUIPlugin:80 - create IPUIPlugin
2024-04-23 04:16:51,289 [INFO] PluginManager:220 - loadIPPluginJar : add lorawan
2024-04-23 04:16:51,290 [INFO] IPUIPlugin:80 - create IPUIPlugin
2024-04-23 04:16:51,290 [INFO] PluginManager:220 - loadIPPluginJar : add ltdc
2024-04-23 04:16:51,296 [INFO] IPUIPlugin:80 - create IPUIPlugin
2024-04-23 04:16:51,296 [INFO] PluginManager:220 - loadIPPluginJar : add mdma
2024-04-23 04:16:51,299 [INFO] IPUIPlugin:80 - create IPUIPlugin
2024-04-23 04:16:51,299 [INFO] PluginManager:220 - loadIPPluginJar : add nvic
2024-04-23 04:16:51,302 [INFO] IPUIPlugin:80 - create IPUIPlugin
2024-04-23 04:16:51,302 [INFO] PluginManager:220 - loadIPPluginJar : add opamp
2024-04-23 04:16:51,304 [INFO] IPUIPlugin:80 - create IPUIPlugin
2024-04-23 04:16:51,304 [INFO] PluginManager:220 - loadIPPluginJar : add openamp
2024-04-23 04:16:51,307 [INFO] IPUIPlugin:80 - create IPUIPlugin
2024-04-23 04:16:51,307 [INFO] PluginManager:220 - loadIPPluginJar : add pdm2pcm
2024-04-23 04:16:51,312 [INFO] IPUIPlugin:80 - create IPUIPlugin
2024-04-23 04:16:51,314 [INFO] PluginManager:220 - loadIPPluginJar : add plateformsettings
2024-04-23 04:16:51,315 [INFO] IPUIPlugin:80 - create IPUIPlugin
2024-04-23 04:16:51,315 [INFO] PluginManager:220 - loadIPPluginJar : add quadspi
2024-04-23 04:16:51,319 [INFO] IPUIPlugin:80 - create IPUIPlugin
2024-04-23 04:16:51,319 [INFO] PluginManager:220 - loadIPPluginJar : add resmgrutility
2024-04-23 04:16:51,321 [INFO] IPUIPlugin:80 - create IPUIPlugin
2024-04-23 04:16:51,321 [INFO] PluginManager:220 - loadIPPluginJar : add sai
2024-04-23 04:16:51,323 [INFO] IPUIPlugin:80 - create IPUIPlugin
2024-04-23 04:16:51,323 [INFO] PluginManager:220 - loadIPPluginJar : add spi
2024-04-23 04:16:51,326 [INFO] IPUIPlugin:80 - create IPUIPlugin
2024-04-23 04:16:51,326 [INFO] PluginManager:220 - loadIPPluginJar : add stm32_wpan
2024-04-23 04:16:51,328 [INFO] IPUIPlugin:80 - create IPUIPlugin
2024-04-23 04:16:51,328 [INFO] PluginManager:220 - loadIPPluginJar : add tim
2024-04-23 04:16:51,330 [INFO] IPUIPlugin:80 - create IPUIPlugin
2024-04-23 04:16:51,330 [INFO] PluginManager:220 - loadIPPluginJar : add touchsensing
2024-04-23 04:16:51,332 [INFO] IPUIPlugin:80 - create IPUIPlugin
2024-04-23 04:16:51,332 [INFO] PluginManager:220 - loadIPPluginJar : add tracer_emb
2024-04-23 04:16:51,333 [INFO] IPUIPlugin:80 - create IPUIPlugin
2024-04-23 04:16:51,333 [INFO] PluginManager:220 - loadIPPluginJar : add ts
2024-04-23 04:16:51,334 [INFO] IPUIPlugin:80 - create IPUIPlugin
2024-04-23 04:16:51,334 [INFO] PluginManager:220 - loadIPPluginJar : add tsc
2024-04-23 04:16:51,336 [INFO] IPUIPlugin:80 - create IPUIPlugin
2024-04-23 04:16:51,336 [INFO] PluginManager:220 - loadIPPluginJar : add ucpd
2024-04-23 04:16:51,338 [INFO] IPUIPlugin:80 - create IPUIPlugin
2024-04-23 04:16:51,338 [INFO] PluginManager:220 - loadIPPluginJar : add usart
2024-04-23 04:16:51,341 [INFO] IPUIPlugin:80 - create IPUIPlugin
2024-04-23 04:16:51,341 [INFO] PluginManager:220 - loadIPPluginJar : add usbx
2024-04-23 04:16:51,459 [INFO] CADModel:165 - CPN selected for project level
2024-04-23 04:16:51,459 [INFO] CADModel:114 - Register for checkConnection events
2024-04-23 04:16:51,459 [FATAL] Updater:308 - Updater called before beeing initialized
2024-04-23 04:16:51,459 [ERROR] CADModel:125 - Updater not yet initialized, retry later 
2024-04-23 04:16:51,570 [INFO] CADModel:165 - CPN selected for project level
2024-04-23 04:16:51,570 [INFO] CADModel:114 - Register for checkConnection events
2024-04-23 04:16:51,570 [FATAL] Updater:308 - Updater called before beeing initialized
2024-04-23 04:16:51,570 [ERROR] CADModel:125 - Updater not yet initialized, retry later 
2024-04-23 04:16:51,573 [FATAL] Updater:308 - Updater called before beeing initialized
2024-04-23 04:16:51,669 [FATAL] Updater:308 - Updater called before beeing initialized
2024-04-23 04:16:51,672 [INFO] DbMcusAds:53 - JSON generation date=Wed Nov 29 05:52:27 COT 2023 (1701255147349)
2024-04-23 04:16:51,672 [FATAL] Updater:308 - Updater called before beeing initialized
2024-04-23 04:16:51,703 [WARN] DetailPanel:346 - Failed to get advertising image, set to default
2024-04-23 04:16:51,772 [FATAL] Updater:308 - Updater called before beeing initialized
2024-04-23 04:16:51,773 [FATAL] Updater:308 - Updater called before beeing initialized
2024-04-23 04:16:51,774 [FATAL] Updater:308 - Updater called before beeing initialized
2024-04-23 04:16:51,774 [WARN] DetailPanel:346 - Failed to get advertising image, set to default
2024-04-23 04:16:51,774 [FATAL] Updater:308 - Updater called before beeing initialized
2024-04-23 04:16:51,811 [ERROR] Updater:1120 - MainUpdater not yet initialized. External WinMGr cannot be set.
2024-04-23 04:16:51,813 [INFO] Updater:1056 - Updater Version found : 6.11.0
2024-04-23 04:16:51,830 [INFO] ApplicationProperties:184 - Using Application install path: C:\ST\STM32CubeIDE_1.14.1\STM32CubeIDE\plugins\com.st.stm32cube.common.mx_6.11.0.202403141607
2024-04-23 04:16:53,415 [ERROR] LogOutputStream:75 - [STDERR_REDIRECT] Apr 23, 2024 4:16:53 AM java.util.prefs.WindowsPreferences <init>
2024-04-23 04:16:53,417 [ERROR] LogOutputStream:75 - [STDERR_REDIRECT] WARNING: Could not open/create prefs root node Software\JavaSoft\Prefs at root 0xffffffff80000002. Windows RegCreateKeyEx(...) returned error code 5.
2024-04-23 04:16:53,417 [ERROR] LogOutputStream:75 - [STDERR_REDIRECT] 
2024-04-23 04:16:53,794 [INFO] ThirdPartyUpdaterWithRetryManager:70 - Updater plugin not ready yet. [2/15]
2024-04-23 04:16:54,419 [INFO] MainUpdater:2873 - connection check result : 10
2024-04-23 04:16:54,420 [INFO] MainUpdater:290 - Updater Check For Update Now.
2024-04-23 04:16:54,420 [INFO] MicroXplorer:498 - Change Database Version : DB.6.0.110
2024-04-23 04:16:54,436 [INFO] McuFinderGlobals:63 - Set McuFinder mode to 2 (CubeIDE integrated)
2024-04-23 04:16:54,442 [INFO] UserAuth:415 - Internet connection configuration mode: 1
2024-04-23 04:16:54,463 [INFO] JxBrowserEngine:152 - Initiate JxBrowser Engine with user profile folder
2024-04-23 04:16:54,589 [INFO] CheckServerUpdateThread:120 - End of CheckServer Thread
2024-04-23 04:16:56,917 [WARN] PackLoader:240 - Cannot read IP mode file for STMicroelectronics.FP-SNS-MOTENVWB1.1.4.0
2024-04-23 04:16:56,938 [WARN] PackLoader:240 - Cannot read IP mode file for STMicroelectronics.X-CUBE-SMBUS.2.1.0
2024-04-23 04:16:56,944 [WARN] PackLoader:240 - Cannot read IP mode file for STMicroelectronics.X-CUBE-TOUCHGFX.4.23.1
2024-04-23 04:16:56,947 [WARN] PackLoader:240 - Cannot read IP mode file for STMicroelectronics.X-CUBE-TOUCHGFX.4.23.0
2024-04-23 04:16:56,950 [WARN] PackLoader:240 - Cannot read IP mode file for STMicroelectronics.X-CUBE-TOUCHGFX.4.23.2
2024-04-23 04:16:56,994 [WARN] PackLoader:240 - Cannot read IP mode file for STMicroelectronics.X-CUBE-AZRTOS-F7.1.1.0
2024-04-23 04:16:57,005 [WARN] PackLoader:240 - Cannot read IP mode file for STMicroelectronics.FP-SNS-MOTENV1.4.3.2
2024-04-23 04:16:57,021 [WARN] PackLoader:240 - Cannot read IP mode file for STMicroelectronics.FP-SNS-FLIGHT1.5.0.2
2024-04-23 04:16:57,031 [WARN] PackLoader:240 - Cannot read IP mode file for STMicroelectronics.X-CUBE-DISPLAY.3.0.0
2024-04-23 04:16:57,041 [WARN] PackLoader:240 - Cannot read IP mode file for STMicroelectronics.X-CUBE-BLE1.7.0.0
2024-04-23 04:16:57,045 [WARN] PackLoader:240 - Cannot read IP mode file for emotas.I-CUBE-CANOPEN.1.3.0
2024-04-23 04:16:57,056 [WARN] PackLoader:240 - Cannot read IP mode file for STMicroelectronics.X-CUBE-BLEMGR.3.1.0
2024-04-23 04:16:57,064 [WARN] PackLoader:240 - Cannot read IP mode file for STMicroelectronics.FP-SNS-SMARTAG2.1.2.0
2024-04-23 04:16:57,075 [INFO] LogOutputStream:77 - [STDOUT_REDIRECT] 1 : Invalid condition id : UX_CORESTACK_Condition cause : null
2024-04-23 04:16:57,076 [INFO] LogOutputStream:77 - [STDOUT_REDIRECT] 1 : Invalid condition id : UX_CORESTACK_Condition cause : null
2024-04-23 04:16:57,077 [INFO] LogOutputStream:77 - [STDOUT_REDIRECT] 1 : Invalid condition id : UX_CORESTACK_Condition cause : null
2024-04-23 04:16:57,079 [INFO] LogOutputStream:77 - [STDOUT_REDIRECT] 1 : Invalid condition id : UX_CORESTACK_Condition cause : null
2024-04-23 04:16:57,080 [INFO] LogOutputStream:77 - [STDOUT_REDIRECT] 1 : Invalid condition id : UX_CORESTACK_Condition cause : null
2024-04-23 04:16:57,084 [WARN] PackLoader:240 - Cannot read IP mode file for STMicroelectronics.X-CUBE-AZRTOS-WL.2.0.0
2024-04-23 04:16:57,091 [WARN] PackLoader:240 - Cannot read IP mode file for STMicroelectronics.FP-SNS-MOTENV1.5.0.0
2024-04-23 04:16:57,102 [WARN] PackLoader:240 - Cannot read IP mode file for WES.I-CUBE-Cesium.1.3.0
2024-04-23 04:16:57,106 [WARN] PackLoader:240 - Cannot read IP mode file for STMicroelectronics.X-CUBE-BLE2.3.3.0
2024-04-23 04:16:57,112 [WARN] PackLoader:240 - Cannot read IP mode file for STMicroelectronics.X-CUBE-TCPP.4.1.0
2024-04-23 04:16:57,119 [WARN] PackLoader:240 - Cannot read IP mode file for STMicroelectronics.X-CUBE-ALGOBUILD.1.3.0
2024-04-23 04:16:57,131 [WARN] PackLoader:240 - Cannot read IP mode file for STMicroelectronics.X-CUBE-AZRTOS-G0.1.1.0
2024-04-23 04:16:57,137 [WARN] PackLoader:240 - Cannot read IP mode file for STMicroelectronics.X-CUBE-SAFEA1.1.2.2
2024-04-23 04:16:57,142 [WARN] PackLoader:240 - Cannot read IP mode file for STMicroelectronics.X-CUBE-NFC4.3.0.0
2024-04-23 04:16:57,148 [WARN] PackLoader:240 - Cannot read IP mode file for STMicroelectronics.X-CUBE-BLEMGR.3.0.0
2024-04-23 04:16:57,154 [WARN] PackLoader:240 - Cannot read IP mode file for STMicroelectronics.FP-ATR-SIGFOX1.3.2.0
2024-04-23 04:16:57,159 [WARN] PackLoader:240 - Cannot read IP mode file for STMicroelectronics.X-CUBE-EEPRMA1.5.1.0
2024-04-23 04:16:57,187 [WARN] PackLoader:240 - Cannot read IP mode file for SEGGER.I-CUBE-embOS.1.3.1
2024-04-23 04:16:57,214 [WARN] PackLoader:240 - Cannot read IP mode file for STMicroelectronics.X-CUBE-GNSS1.6.0.0
2024-04-23 04:16:57,227 [WARN] PackLoader:240 - Cannot read IP mode file for STMicroelectronics.X-CUBE-AZRTOS-F4.1.1.0
2024-04-23 04:16:57,233 [WARN] PackLoader:240 - Cannot read IP mode file for wolfSSL.I-CUBE-wolfSSL.5.6.6
2024-04-23 04:16:57,252 [WARN] PackLoader:240 - Cannot read IP mode file for STMicroelectronics.X-CUBE-AZRTOS-L5.2.0.0
2024-04-23 04:16:57,276 [WARN] PackLoader:240 - Cannot read IP mode file for STMicroelectronics.X-CUBE-NFC6.3.1.0
2024-04-23 04:16:57,329 [WARN] PackLoader:240 - Cannot read IP mode file for ITTIA_DB.I-CUBE-ITTIADB.8.8.0
2024-04-23 04:16:57,333 [WARN] PackLoader:240 - Cannot read IP mode file for STMicroelectronics.X-CUBE-AI.9.0.0
2024-04-23 04:16:57,339 [WARN] PackLoader:240 - Cannot read IP mode file for STMicroelectronics.X-CUBE-NFC7.1.0.1
2024-04-23 04:16:57,345 [WARN] PackLoader:240 - Cannot read IP mode file for STMicroelectronics.X-CUBE-NFC6.3.0.0
2024-04-23 04:16:57,349 [WARN] PackLoader:240 - Cannot read IP mode file for STMicroelectronics.X-CUBE-AI.8.1.0
2024-04-23 04:16:57,364 [WARN] ConditionMgr:438 - getConditionDescription Invalid condition id : LAN8742 Phy interface Condition cause : null
2024-04-23 04:16:57,365 [WARN] PackLoader:240 - Cannot read IP mode file for STMicroelectronics.X-CUBE-AZRTOS-L4.2.0.0
2024-04-23 04:16:57,366 [WARN] ConditionMgr:1039 - genDependencies : Invalid condition id : LAN8742 Phy interface Condition cause : null
2024-04-23 04:16:57,367 [WARN] ConditionMgr:1039 - genDependencies : Invalid condition id : LAN8742 Phy interface Condition cause : null
2024-04-23 04:16:57,367 [WARN] ConditionMgr:1039 - genDependencies : Invalid condition id : LAN8742 Phy interface Condition cause : null
2024-04-23 04:16:57,374 [WARN] PackLoader:240 - Cannot read IP mode file for STMicroelectronics.X-CUBE-SFXS2LP1.4.0.0
2024-04-23 04:16:57,384 [WARN] ConditionMgr:438 - getConditionDescription Invalid condition id : UX DEVICE CLASS RTOS Condition cause : null
2024-04-23 04:16:57,385 [WARN] ConditionMgr:438 - getConditionDescription Invalid condition id : UX DEVICE CLASS RTOS Condition cause : null
2024-04-23 04:16:57,386 [WARN] PackLoader:240 - Cannot read IP mode file for STMicroelectronics.X-CUBE-AZRTOS-WB.2.0.0
2024-04-23 04:16:57,386 [WARN] ConditionMgr:1039 - genDependencies : Invalid condition id : UX DEVICE CLASS RTOS Condition cause : null
2024-04-23 04:16:57,386 [WARN] ConditionMgr:1039 - genDependencies : Invalid condition id : UX DEVICE CLASS RTOS Condition cause : null
2024-04-23 04:16:57,387 [WARN] ConditionMgr:1039 - genDependencies : Invalid condition id : UX DEVICE CLASS RTOS Condition cause : null
2024-04-23 04:16:57,387 [WARN] ConditionMgr:1039 - genDependencies : Invalid condition id : UX DEVICE CLASS RTOS Condition cause : null
2024-04-23 04:16:57,387 [WARN] ConditionMgr:1039 - genDependencies : Invalid condition id : UX DEVICE CLASS RTOS Condition cause : null
2024-04-23 04:16:57,570 [WARN] PackLoader:240 - Cannot read IP mode file for STMicroelectronics.X-CUBE-SUBG2.5.0.0
2024-04-23 04:16:57,584 [WARN] PackLoader:240 - Cannot read IP mode file for STMicroelectronics.X-CUBE-AZRTOS-G4.2.0.0
2024-04-23 04:16:57,593 [WARN] PackLoader:240 - Cannot read IP mode file for Infineon.AIROC-Wi-Fi-Bluetooth-STM32.1.5.1
2024-04-23 04:16:57,599 [WARN] PackLoader:240 - Cannot read IP mode file for STMicroelectronics.FP-SNS-MOTENVWB1.1.3.1
2024-04-23 04:16:57,602 [WARN] PackLoader:240 - Cannot read IP mode file for STMicroelectronics.X-CUBE-ISPU.2.0.0
2024-04-23 04:16:57,634 [WARN] PackLoader:240 - Cannot read IP mode file for STMicroelectronics.X-CUBE-MEMS1.10.0.0
2024-04-23 04:16:57,762 [WARN] PackLoader:240 - Cannot read IP mode file for STMicroelectronics.X-CUBE-FREERTOS.1.1.0
2024-04-23 04:16:57,768 [WARN] PackLoader:240 - Cannot read IP mode file for portGmbH.I-Cube-SoM-uGOAL.1.1.0
2024-04-23 04:16:57,774 [WARN] PackLoader:240 - Cannot read IP mode file for STMicroelectronics.X-CUBE-ALS.1.0.1
2024-04-23 04:16:57,792 [WARN] PackLoader:240 - Cannot read IP mode file for STMicroelectronics.X-CUBE-AZRTOS-H7RS.1.0.0
2024-04-23 04:16:57,798 [WARN] PackLoader:240 - Cannot read IP mode file for STMicroelectronics.FP-ATR-ASTRA1.2.0.0
2024-04-23 04:16:57,811 [WARN] PackLoader:240 - Cannot read IP mode file for STMicroelectronics.X-CUBE-TOF1.3.4.0
2024-04-23 04:16:57,828 [WARN] PackLoader:240 - Cannot read IP mode file for STMicroelectronics.X-CUBE-TOF1.3.4.1
2024-04-23 04:16:57,853 [WARN] PackLoader:240 - Cannot read IP mode file for STMicroelectronics.X-CUBE-AZRTOS-H7.3.2.0
2024-04-23 04:16:57,856 [INFO] ThirdParty:978 - Integrity check success = true
2024-04-23 04:16:57,856 [INFO] IntegrityCheckThread:100 - exiting critical section [integrity check]
2024-04-23 04:16:57,856 [INFO] IntegrityCheckThread:103 - End integrity checks thread
2024-04-23 04:16:57,953 [INFO] WebApp:161 - Instantiating new browser for Auth
2024-04-23 04:16:58,462 [INFO] WebApp:779 - Register for checkConnection events
2024-04-23 04:16:58,462 [INFO] WebApp:414 - Apply proxy settings
2024-04-23 04:16:58,462 [INFO] WebApp:499 - Chromium requires no authentication
2024-04-23 04:16:58,469 [INFO] WebApp:442 - Direct internet connection detected
2024-04-23 04:16:58,602 [INFO] WebApp:192 - Starting web application
2024-04-23 04:16:58,602 [INFO] WebApp:544 - Web application path used C:\ST\STM32CubeIDE_1.14.1\STM32CubeIDE\plugins\com.st.stm32cube.common.mx_6.11.0.202403141607\db\plugins\mcufinder\reactClient1\index.html
